VERTEX 12.699997 0.000000 12.699951
VERTEX 12.699997 0.000000 85.724976
VERTEX 6.349998 -10.998535 12.699951
VERTEX 6.349998 -10.998535 85.724976
VERTEX -6.349998 -10.998535 12.699951
VERTEX -6.349998 -10.998535 85.724976
VERTEX -12.699997 0.000000 12.699951
VERTEX -12.699997 0.000000 85.724976
VERTEX -6.349998 10.998535 12.699951
VERTEX -6.349998 10.998535 85.724976
VERTEX 6.349998 10.998535 12.699951
VERTEX 6.349998 10.998535 85.724976
POLYGON 4
2
0
1
3
POLYGON 4
4
2
3
5
POLYGON 4
6
4
5
7
POLYGON 4
8
6
7
9
POLYGON 4
10
8
9
11
POLYGON 4
0
10
11
1
NULL
