VERTEX 33.337502 0.000000 123.825073
VERTEX 33.337502 0.000000 174.625122
VERTEX 16.668747 -28.871094 123.825073
VERTEX 16.668747 -28.871094 174.625122
VERTEX -16.668747 -28.871094 123.825073
VERTEX -16.668747 -28.871094 174.625122
VERTEX -33.337502 0.000000 123.825073
VERTEX -33.337502 0.000000 174.625122
VERTEX -16.668755 28.871094 123.825073
VERTEX -16.668755 28.871094 174.625122
VERTEX 16.668755 28.871094 123.825073
VERTEX 16.668755 28.871094 174.625122
POLYGON 4
2
0
1
3
POLYGON 4
4
2
3
5
POLYGON 4
6
4
5
7
POLYGON 4
8
6
7
9
POLYGON 4
10
8
9
11
POLYGON 4
0
10
11
1
NULL
