VERTEX 0.000000 0.000000 0.000000
VERTEX 603.250000 0.000000 0.000000
VERTEX 603.250000 800.099976 0.000000
VERTEX 0.000000 800.099976 0.000000
VERTEX 0.000000 0.000000 1212.849976
VERTEX 0.000000 800.099976 1212.849976
VERTEX 603.250000 800.099976 1212.849976
VERTEX 603.250000 0.000000 1212.849976
VERTEX 107.949997 800.099976 225.425003
VERTEX 419.099976 800.099976 225.425003
VERTEX 419.099976 952.500000 225.425003
VERTEX 107.949997 952.500000 225.425003
VERTEX 107.949997 800.099976 1003.299988
VERTEX 107.949997 952.500000 1003.299988
VERTEX 419.099976 952.500000 1003.299988
VERTEX 419.099976 800.099976 1003.299988
POLYGON 4
0
3
2
1
POLYGON 4
4
7
6
5
POLYGON 4
3
0
4
5
POLYGON 4
2
3
5
6
POLYGON 4
1
2
6
7
POLYGON 4
0
1
7
4
POLYGON 4
8
11
10
9
POLYGON 4
12
15
14
13
POLYGON 4
11
8
12
13
POLYGON 4
10
11
13
14
POLYGON 4
9
10
14
15
POLYGON 4
8
9
15
12
NULL
