VERTEX 254.000000 -228.142776 95.438568
VERTEX 254.000000 -77.225937 74.228584
VERTEX 254.000000 -17.130993 501.826294
VERTEX 254.000000 -168.047836 523.036316
VERTEX -254.000000 -77.225937 74.228584
VERTEX -254.000000 -17.130993 501.826294
VERTEX -254.000000 -228.142776 95.438568
VERTEX -254.000000 -168.047836 523.036316
VERTEX -203.199997 -228.142776 95.438568
VERTEX -203.199982 -168.047836 523.036316
VERTEX -203.199997 -217.537796 170.896988
VERTEX 254.000000 -217.537796 170.896988
VERTEX -203.199982 -175.117828 472.730682
VERTEX 254.000000 -175.117828 472.730682
VERTEX 203.199997 -175.117828 472.730682
VERTEX 203.199997 -217.537796 170.896988
VERTEX 203.199997 -204.961395 169.129486
VERTEX -203.199997 -204.961395 169.129486
VERTEX -203.199997 -162.541428 470.963196
VERTEX 203.199997 -162.541428 470.963196
VERTEX 190.500000 47.722462 415.762939
VERTEX 190.500000 299.250549 380.412964
VERTEX -190.500000 299.250549 380.412964
VERTEX -190.500000 47.722462 415.762939
VERTEX -190.500000 253.295578 53.426430
VERTEX 190.500000 253.295578 53.426430
VERTEX 190.500000 1.767498 88.776398
VERTEX -190.500000 1.767498 88.776398
VERTEX -190.500000 47.722462 415.762939
VERTEX -254.000000 -17.130993 501.826294
VERTEX 254.000000 -17.130993 501.826294
VERTEX 190.500000 47.722462 415.762939
VERTEX -190.500000 1.767498 88.776398
VERTEX -254.000000 -77.225937 74.228584
VERTEX 190.500000 1.767498 88.776398
VERTEX 254.000000 -77.225937 74.228584
VERTEX 44.449993 -76.989662 38.099998
VERTEX 0.000000 -88.900002 38.099998
VERTEX 0.000000 -165.100006 12.700000
VERTEX 82.549988 -142.980804 12.700000
VERTEX 142.980789 -82.550034 12.700000
VERTEX 76.989655 -44.450016 38.099998
VERTEX 88.900002 0.000000 38.099998
VERTEX 165.100006 0.000000 12.700000
VERTEX 142.980804 82.550003 12.700000
VERTEX 76.989662 44.450001 38.099998
VERTEX 44.449997 76.989662 38.099998
VERTEX 82.549995 142.980804 12.700000
VERTEX 0.000000 165.100006 12.700000
VERTEX 0.000000 88.900002 38.099998
VERTEX -44.450005 76.989655 38.099998
VERTEX -82.550011 142.980789 12.700000
VERTEX -142.980789 82.550011 12.700000
VERTEX -76.989655 44.450005 38.099998
VERTEX -88.900002 0.000000 38.099998
VERTEX -165.100006 0.000000 12.700000
VERTEX -142.980804 -82.550003 12.700000
VERTEX -76.989662 -44.450001 38.099998
VERTEX -44.449993 -76.989662 38.099998
VERTEX -82.549988 -142.980804 12.700000
VERTEX 88.900002 0.000000 38.099998
VERTEX 88.900002 0.000000 139.699997
VERTEX 76.989655 -44.450016 38.099998
VERTEX 76.989655 -44.450016 139.699997
VERTEX 44.449993 -76.989662 38.099998
VERTEX 44.449993 -76.989662 139.699997
VERTEX 0.000000 -88.900002 38.099998
VERTEX 0.000000 -88.900002 139.699997
VERTEX -44.449993 -76.989662 38.099998
VERTEX -44.449993 -76.989662 139.699997
VERTEX -76.989662 -44.450001 38.099998
VERTEX -76.989662 -44.450001 139.699997
VERTEX -88.900002 0.000000 38.099998
VERTEX -88.900002 0.000000 139.699997
VERTEX -76.989655 44.450005 38.099998
VERTEX -76.989655 44.450005 139.699997
VERTEX -44.450005 76.989655 38.099998
VERTEX -44.450005 76.989655 139.699997
VERTEX 0.000000 88.900002 38.099998
VERTEX 0.000000 88.900002 139.699997
VERTEX 44.449997 76.989662 38.099998
VERTEX 44.449997 76.989662 139.699997
VERTEX 76.989662 44.450001 38.099998
VERTEX 76.989662 44.450001 139.699997
VERTEX 165.100006 0.000000 0.000000
VERTEX 165.100006 0.000000 12.700000
VERTEX 142.980789 -82.550034 0.000000
VERTEX 142.980789 -82.550034 12.700000
VERTEX 82.549988 -142.980804 0.000000
VERTEX 82.549988 -142.980804 12.700000
VERTEX 0.000000 -165.100006 0.000000
VERTEX 0.000000 -165.100006 12.700000
VERTEX -82.549988 -142.980804 0.000000
VERTEX -82.549988 -142.980804 12.700000
VERTEX -142.980804 -82.550003 0.000000
VERTEX -142.980804 -82.550003 12.700000
VERTEX -165.100006 0.000000 0.000000
VERTEX -165.100006 0.000000 12.700000
VERTEX -142.980789 82.550011 0.000000
VERTEX -142.980789 82.550011 12.700000
VERTEX -82.550011 142.980789 0.000000
VERTEX -82.550011 142.980789 12.700000
VERTEX 0.000000 165.100006 0.000000
VERTEX 0.000000 165.100006 12.700000
VERTEX 82.549995 142.980804 0.000000
VERTEX 82.549995 142.980804 12.700000
VERTEX 142.980804 82.550003 0.000000
VERTEX 142.980804 82.550003 12.700000
POLYGON 4
15
14
19
16
POLYGON 4
18
19
14
12
POLYGON 4
10
15
16
17
POLYGON 4
17
18
12
10
POLYGON 4
14
15
11
13
POLYGON 4
12
13
3
9
POLYGON 4
10
8
0
11
POLYGON 4
6
8
9
7
POLYGON 4
6
4
1
0
POLYGON 4
7
3
2
5
POLYGON 4
4
6
7
5
POLYGON 4
1
4
5
2
POLYGON 4
0
1
2
3
POLYGON 4
27
24
25
26
POLYGON 4
23
20
21
22
POLYGON 4
24
27
23
22
POLYGON 4
25
24
22
21
POLYGON 4
26
25
21
20
POLYGON 4
27
26
20
23
POLYGON 4
31
30
35
34
POLYGON 4
33
32
34
35
POLYGON 4
32
33
29
28
POLYGON 4
28
29
30
31
POLYGON 4
36
37
38
39
POLYGON 4
40
41
36
39
POLYGON 4
42
41
40
43
POLYGON 4
43
44
45
42
POLYGON 4
46
45
44
47
POLYGON 4
47
48
49
46
POLYGON 4
50
49
48
51
POLYGON 4
51
52
53
50
POLYGON 4
54
53
52
55
POLYGON 4
55
56
57
54
POLYGON 4
58
57
56
59
POLYGON 4
59
38
37
58
POLYGON 4
60
82
83
61
POLYGON 4
82
80
81
83
POLYGON 4
80
78
79
81
POLYGON 4
78
76
77
79
POLYGON 4
76
74
75
77
POLYGON 4
74
72
73
75
POLYGON 4
72
70
71
73
POLYGON 4
70
68
69
71
POLYGON 4
68
66
67
69
POLYGON 4
66
64
65
67
POLYGON 4
64
62
63
65
POLYGON 4
62
60
61
63
POLYGON 4
84
106
107
85
POLYGON 4
106
104
105
107
POLYGON 4
104
102
103
105
POLYGON 4
102
100
101
103
POLYGON 4
100
98
99
101
POLYGON 4
98
96
97
99
POLYGON 4
96
94
95
97
POLYGON 4
94
92
93
95
POLYGON 4
92
90
91
93
POLYGON 4
90
88
89
91
POLYGON 4
88
86
87
89
POLYGON 4
86
84
85
87
POLYGON 12
84
86
88
90
92
94
96
98
100
102
104
106
NULL
