VERTEX 41.066444 17.010279 142.875000
VERTEX 41.066444 17.010279 0.000000
VERTEX 31.430897 31.430897 142.875000
VERTEX 31.430897 31.430897 0.000000
VERTEX 17.010279 41.066444 142.875000
VERTEX 17.010279 41.066444 0.000000
VERTEX 0.000000 44.450001 142.875000
VERTEX 0.000000 44.450001 0.000000
VERTEX -17.010277 41.066448 142.875000
VERTEX -17.010277 41.066448 0.000000
VERTEX -31.430897 31.430897 142.875000
VERTEX -31.430897 31.430897 0.000000
VERTEX -41.066444 17.010283 142.875000
VERTEX -41.066444 17.010283 0.000000
VERTEX -44.450001 0.000000 142.875000
VERTEX -44.450001 0.000000 0.000000
VERTEX -41.066444 -17.010279 142.875000
VERTEX -41.066444 -17.010279 0.000000
VERTEX -31.430899 -31.430895 142.875000
VERTEX -31.430899 -31.430895 0.000000
VERTEX -17.010284 -41.066444 142.875000
VERTEX -17.010284 -41.066444 0.000000
VERTEX 0.000000 -44.450001 142.875000
VERTEX 0.000000 -44.450001 0.000000
VERTEX 17.010286 -41.066444 142.875000
VERTEX 17.010286 -41.066444 0.000000
VERTEX 31.430893 -31.430901 142.875000
VERTEX 31.430893 -31.430901 0.000000
VERTEX 41.066444 -17.010279 142.875000
VERTEX 41.066444 -17.010279 0.000000
VERTEX 44.450001 0.000000 142.875000
VERTEX 44.450001 0.000000 0.000000
POLYGON 4
31
1
0
30
POLYGON 4
1
3
2
0
POLYGON 4
3
5
4
2
POLYGON 4
5
7
6
4
POLYGON 4
7
9
8
6
POLYGON 4
9
11
10
8
POLYGON 4
11
13
12
10
POLYGON 4
13
15
14
12
POLYGON 4
15
17
16
14
POLYGON 4
17
19
18
16
POLYGON 4
19
21
20
18
POLYGON 4
21
23
22
20
POLYGON 4
23
25
24
22
POLYGON 4
25
27
26
24
POLYGON 4
27
29
28
26
POLYGON 4
29
31
30
28
POLYGON 16
31
29
27
25
23
21
19
17
15
13
11
9
7
5
3
1
POLYGON 16
30
0
2
4
6
8
10
12
14
16
18
20
22
24
26
28
NULL
