VERTEX 43.266434 17.921543 30.162500
VERTEX 43.266434 17.921543 0.000000
VERTEX 33.114693 33.114697 30.162500
VERTEX 33.114693 33.114697 0.000000
VERTEX 17.921543 43.266434 30.162500
VERTEX 17.921543 43.266434 0.000000
VERTEX 0.000000 46.831249 30.162500
VERTEX 0.000000 46.831249 0.000000
VERTEX -17.921541 43.266434 30.162500
VERTEX -17.921541 43.266434 0.000000
VERTEX -33.114693 33.114693 30.162500
VERTEX -33.114693 33.114693 0.000000
VERTEX -43.266430 17.921547 30.162500
VERTEX -43.266430 17.921547 0.000000
VERTEX -46.831249 0.000000 30.162500
VERTEX -46.831249 0.000000 0.000000
VERTEX -43.266434 -17.921543 30.162500
VERTEX -43.266434 -17.921543 0.000000
VERTEX -33.114697 -33.114693 30.162500
VERTEX -33.114697 -33.114693 0.000000
VERTEX -17.921549 -43.266430 30.162500
VERTEX -17.921549 -43.266430 0.000000
VERTEX 0.000000 -46.831249 30.162500
VERTEX 0.000000 -46.831249 0.000000
VERTEX 17.921551 -43.266430 30.162500
VERTEX 17.921551 -43.266430 0.000000
VERTEX 33.114689 -33.114700 30.162500
VERTEX 33.114689 -33.114700 0.000000
VERTEX 43.266434 -17.921543 30.162500
VERTEX 43.266434 -17.921543 0.000000
VERTEX 46.831249 0.000000 30.162500
VERTEX 46.831249 0.000000 0.000000
POLYGON 4
31
1
0
30
POLYGON 4
1
3
2
0
POLYGON 4
3
5
4
2
POLYGON 4
5
7
6
4
POLYGON 4
7
9
8
6
POLYGON 4
9
11
10
8
POLYGON 4
11
13
12
10
POLYGON 4
13
15
14
12
POLYGON 4
15
17
16
14
POLYGON 4
17
19
18
16
POLYGON 4
19
21
20
18
POLYGON 4
21
23
22
20
POLYGON 4
23
25
24
22
POLYGON 4
25
27
26
24
POLYGON 4
27
29
28
26
POLYGON 4
29
31
30
28
POLYGON 16
31
29
27
25
23
21
19
17
15
13
11
9
7
5
3
1
POLYGON 16
30
0
2
4
6
8
10
12
14
16
18
20
22
24
26
28
NULL
