VERTEX 6121.399902 7747.000000 4165.600098
VERTEX 0.000000 7747.000000 4165.600098
VERTEX 6273.800293 7747.000000 2178.050049
VERTEX 4679.950195 7899.399902 2813.050049
VERTEX 3333.750244 7747.000000 2178.050049
VERTEX 6273.800293 7747.000000 1543.050049
VERTEX 6273.800293 7899.399902 2178.050049
VERTEX 6026.149902 7899.399902 908.050049
VERTEX 4679.950195 7747.000000 908.050049
VERTEX 6273.800293 7747.000000 908.050049
VERTEX 3333.750244 7747.000000 0.000000
VERTEX 3333.750244 7747.000000 908.050049
VERTEX 6273.800293 7899.399902 908.050049
VERTEX -152.399994 7899.399902 908.050049
VERTEX 3333.750244 7747.000000 1543.050049
VERTEX 3333.750244 7747.000000 4165.600098
VERTEX 3333.750244 7899.399902 1543.050049
VERTEX 6273.800293 7899.399902 2813.050049
VERTEX 3333.750244 7899.399902 4165.600098
VERTEX 3333.750244 7899.399902 2813.050049
VERTEX 1409.699951 7747.000000 4165.600098
VERTEX 1409.699951 7899.399902 4165.600098
VERTEX 63.499859 7747.000000 4165.600098
VERTEX -152.399994 7747.000000 1543.050049
VERTEX 63.500004 7899.399902 4165.600098
VERTEX -152.399994 7899.399902 1543.050049
VERTEX 6026.149902 7747.000000 2178.050049
VERTEX 6026.149902 7899.399902 2178.050049
VERTEX 6026.149902 7747.000000 1543.050049
VERTEX 6026.149902 7899.399902 1543.050049
VERTEX 4679.950195 7899.399902 2178.050049
VERTEX 4679.950195 7747.000000 2178.050049
VERTEX 4679.950195 7747.000000 1543.050049
VERTEX 4679.950195 7899.399902 1543.050049
VERTEX 1409.699951 7899.399902 1543.050049
VERTEX 1409.699951 7899.399902 2178.050049
VERTEX 1409.699951 7747.000000 2178.050049
VERTEX 1409.699951 7747.000000 1543.050049
VERTEX 63.500004 7747.000000 1543.050049
VERTEX 63.499969 7747.000000 2178.050049
VERTEX 63.499893 7899.399902 2178.050049
VERTEX 63.499859 7899.399902 1543.050049
VERTEX -152.399994 7899.399902 4165.600098
VERTEX 6273.800293 7899.399902 4165.600098
VERTEX 6273.800293 7747.000000 4165.600098
VERTEX -152.399994 7747.000000 4165.600098
VERTEX 6273.800293 7747.000000 0.000000
VERTEX 6273.800293 7899.399902 0.000000
VERTEX -152.399994 7899.399902 0.000000
VERTEX -152.399994 7747.000000 0.000000
POLYGON 4
41
40
39
38
POLYGON 4
37
36
35
34
POLYGON 4
33
30
31
32
POLYGON 4
29
33
32
28
POLYGON 4
28
26
27
29
POLYGON 4
26
31
30
27
POLYGON 4
41
25
42
24
POLYGON 4
23
38
22
45
POLYGON 4
35
40
24
21
POLYGON 4
39
36
20
22
POLYGON 4
38
37
34
41
POLYGON 4
40
35
36
39
POLYGON 4
17
19
18
43
POLYGON 4
11
10
46
9
POLYGON 4
26
28
5
2
POLYGON 4
21
18
16
34
POLYGON 4
15
20
37
14
POLYGON 4
48
13
12
47
POLYGON 4
14
23
49
10
POLYGON 4
11
8
31
4
POLYGON 4
12
7
27
6
POLYGON 4
17
6
30
3
POLYGON 4
29
7
13
25
POLYGON 4
9
5
32
8
POLYGON 4
19
3
33
16
POLYGON 4
44
15
4
2
POLYGON 4
42
45
44
43
POLYGON 4
45
42
48
49
POLYGON 4
43
44
46
47
NULL
