VERTEX 6121.399902 0.000000 4165.600098
VERTEX 6121.399902 7747.000000 4165.600098
VERTEX 6273.799805 -152.399994 4165.600098
VERTEX 6273.799805 7899.399902 4165.600098
VERTEX 6121.399902 7899.399902 4165.600098
VERTEX 6121.399902 -152.399994 4165.600098
VERTEX 6121.399902 7899.399902 0.000000
VERTEX 6273.799805 7899.399902 0.000000
VERTEX 6273.799805 -152.399994 0.000000
VERTEX 6121.399902 -152.399994 0.000000
POLYGON 4
6
9
5
4
POLYGON 4
8
7
3
2
POLYGON 4
3
4
5
2
POLYGON 4
4
3
7
6
POLYGON 4
2
5
9
8
NULL
