VERTEX 0.000000 7747.000000 4165.600098
VERTEX 0.000000 0.000000 4165.600098
VERTEX 0.000000 -152.399994 4165.600098
VERTEX 0.000000 7899.399902 4165.600098
VERTEX -152.399994 7899.399902 4165.600098
VERTEX -152.399994 -152.399994 4165.600098
VERTEX -152.399994 7899.399902 0.000000
VERTEX 0.000000 7899.399902 0.000000
VERTEX 0.000000 -152.399994 0.000000
VERTEX -152.399994 -152.399994 0.000000
POLYGON 4
6
9
5
4
POLYGON 4
8
7
3
2
POLYGON 4
5
2
3
4
POLYGON 4
4
3
7
6
POLYGON 4
2
5
9
8
NULL
