VERTEX -178.5 -28.4 0.0
VERTEX 178.5 -28.4 0.0
VERTEX 178.5 -28.4 12.7
VERTEX -178.5 -28.4 12.7 
VERTEX -178.5 28.4 0.0
VERTEX 178.5 28.4 0.0
VERTEX 178.5 28.4 12.7 
VERTEX -178.5 28.4 12.7 
VERTEX -178.5 15.7 12.7
VERTEX 178.5 15.7 12.7
VERTEX 178.5 15.7 31.7
VERTEX -178.5 15.7 31.7
VERTEX -178.5 28.4 12.7
VERTEX 178.5 28.4 12.7
VERTEX 178.5 28.4 31.7
VERTEX -178.5 28.4 31.7
POLYGON 4
0
1
2
3
POLYGON 4
7
6
5
4
POLYGON 4
0
3
7
4
POLYGON 4
1
5
6
2
POLYGON 4
0
4
5
1
POLYGON 4
3
2
6
7
POLYGON 4
8
9
10
11
POLYGON 4
15
14
13
12
POLYGON 4
8
11
15
12
POLYGON 4
9
13
14
10
POLYGON 4
8
12
13
9
POLYGON 4
11
10
14
15
NULL
