VERTEX 4.10496 2.37000 0.50000
VERTEX 4.10496 2.37000 0.00000
VERTEX 2.37000 4.10496 0.50000
VERTEX 2.37000 4.10496 0.00000
VERTEX 0.00000 4.74000 0.50000
VERTEX 0.00000 4.74000 0.00000
VERTEX -2.37000 4.10496 0.50000
VERTEX -2.37000 4.10496 0.00000
VERTEX -4.10496 2.37000 0.50000
VERTEX -4.10496 2.37000 0.00000
VERTEX -4.74000 0.00000 0.50000
VERTEX -4.74000 0.00000 0.00000
VERTEX -4.10496 -2.37000 0.50000
VERTEX -4.10496 -2.37000 0.00000
VERTEX -2.37000 -4.10496 0.50000
VERTEX -2.37000 -4.10496 0.00000
VERTEX -0.00000 -4.74000 0.50000
VERTEX -0.00000 -4.74000 0.00000
VERTEX 2.37000 -4.10496 0.50000
VERTEX 2.37000 -4.10496 0.00000
VERTEX 4.10496 -2.37000 0.50000
VERTEX 4.10496 -2.37000 0.00000
VERTEX 4.74000 -0.00000 0.50000
VERTEX 4.74000 -0.00000 0.00000
POLYGON 4
23
1
0
22
POLYGON 4
1
3
2
0
POLYGON 4
3
5
4
2
POLYGON 4
5
7
6
4
POLYGON 4
7
9
8
6
POLYGON 4
9
11
10
8
POLYGON 4
11
13
12
10
POLYGON 4
13
15
14
12
POLYGON 4
15
17
16
14
POLYGON 4
17
19
18
16
POLYGON 4
19
21
20
18
POLYGON 4
21
23
22
20
POLYGON 12
23
21
19
17
15
13
11
9
7
5
3
1
POLYGON 12
22
0
2
4
6
8
10
12
14
16
18
20
NULL