VERTEX 19.69552 20.53073 47.00000
VERTEX 19.69552 20.53073 0.00000
VERTEX 18.82843 21.82843 47.00000
VERTEX 18.82843 21.82843 0.00000
VERTEX 17.53073 22.69552 47.00000
VERTEX 17.53073 22.69552 0.00000
VERTEX 16.00000 23.00000 47.00000
VERTEX 16.00000 23.00000 0.00000
VERTEX -16.00000 23.00000 47.00000
VERTEX -16.00000 23.00000 0.00000
VERTEX -17.53073 22.69552 47.00000
VERTEX -17.53073 22.69552 0.00000
VERTEX -18.82843 21.82843 47.00000
VERTEX -18.82843 21.82843 0.00000
VERTEX -19.69552 20.53073 47.00000
VERTEX -19.69552 20.53073 0.00000
VERTEX -20.00000 19.00000 47.00000
VERTEX -20.00000 19.00000 0.00000
VERTEX -20.00000 -19.00000 47.00000
VERTEX -20.00000 -19.00000 0.00000
VERTEX -19.69552 -20.53073 47.00000
VERTEX -19.69552 -20.53073 0.00000
VERTEX -18.82843 -21.82843 47.00000
VERTEX -18.82843 -21.82843 0.00000
VERTEX -17.53073 -22.69552 47.00000
VERTEX -17.53073 -22.69552 0.00000
VERTEX -16.00000 -23.00000 47.00000
VERTEX -16.00000 -23.00000 0.00000
VERTEX 16.00000 -23.00000 47.00000
VERTEX 16.00000 -23.00000 0.00000
VERTEX 17.53073 -22.69552 47.00000
VERTEX 17.53073 -22.69552 0.00000
VERTEX 18.82843 -21.82843 47.00000
VERTEX 18.82843 -21.82843 0.00000
VERTEX 19.69552 -20.53073 47.00000
VERTEX 19.69552 -20.53073 0.00000
VERTEX 20.00000 -19.00000 47.00000
VERTEX 20.00000 -19.00000 0.00000
VERTEX 20.00000 19.00000 47.00000
VERTEX 20.00000 19.00000 0.00000
POLYGON 4
39
1
0
38
POLYGON 4
1
3
2
0
POLYGON 4
3
5
4
2
POLYGON 4
5
7
6
4
POLYGON 4
7
9
8
6
POLYGON 4
9
11
10
8
POLYGON 4
11
13
12
10
POLYGON 4
13
15
14
12
POLYGON 4
15
17
16
14
POLYGON 4
17
19
18
16
POLYGON 4
19
21
20
18
POLYGON 4
21
23
22
20
POLYGON 4
23
25
24
22
POLYGON 4
25
27
26
24
POLYGON 4
27
29
28
26
POLYGON 4
29
31
30
28
POLYGON 4
31
33
32
30
POLYGON 4
33
35
34
32
POLYGON 4
35
37
36
34
POLYGON 4
37
39
38
36
POLYGON 20
39
37
35
33
31
29
27
25
23
21
19
17
15
13
11
9
7
5
3
1
POLYGON 20
38
0
2
4
6
8
10
12
14
16
18
20
22
24
26
28
30
32
34
36
NULL