VERTEX 19.57128 6.40000 25.00000
VERTEX 19.57128 6.40000 0.00000
VERTEX 18.40000 7.57128 25.00000
VERTEX 18.40000 7.57128 0.00000
VERTEX 16.80000 8.00000 25.00000
VERTEX 16.80000 8.00000 0.00000
VERTEX -16.80000 8.00000 25.00000
VERTEX -16.80000 8.00000 0.00000
VERTEX -18.40000 7.57128 25.00000
VERTEX -18.40000 7.57128 0.00000
VERTEX -19.57128 6.40000 25.00000
VERTEX -19.57128 6.40000 0.00000
VERTEX -20.00000 4.80000 25.00000
VERTEX -20.00000 4.80000 0.00000
VERTEX -20.00000 -4.80000 25.00000
VERTEX -20.00000 -4.80000 0.00000
VERTEX -19.57128 -6.40000 25.00000
VERTEX -19.57128 -6.40000 0.00000
VERTEX -18.40000 -7.57128 25.00000
VERTEX -18.40000 -7.57128 0.00000
VERTEX -16.80000 -8.00000 25.00000
VERTEX -16.80000 -8.00000 0.00000
VERTEX 16.80000 -8.00000 25.00000
VERTEX 16.80000 -8.00000 0.00000
VERTEX 18.40000 -7.57128 25.00000
VERTEX 18.40000 -7.57128 0.00000
VERTEX 19.57128 -6.40000 25.00000
VERTEX 19.57128 -6.40000 0.00000
VERTEX 20.00000 -4.80000 25.00000
VERTEX 20.00000 -4.80000 0.00000
VERTEX 20.00000 4.80000 25.00000
VERTEX 20.00000 4.80000 0.00000
POLYGON 4
31
1
0
30
POLYGON 4
1
3
2
0
POLYGON 4
3
5
4
2
POLYGON 4
5
7
6
4
POLYGON 4
7
9
8
6
POLYGON 4
9
11
10
8
POLYGON 4
11
13
12
10
POLYGON 4
13
15
14
12
POLYGON 4
15
17
16
14
POLYGON 4
17
19
18
16
POLYGON 4
19
21
20
18
POLYGON 4
21
23
22
20
POLYGON 4
23
25
24
22
POLYGON 4
25
27
26
24
POLYGON 4
27
29
28
26
POLYGON 4
29
31
30
28
POLYGON 16
31
29
27
25
23
21
19
17
15
13
11
9
7
5
3
1
POLYGON 16
30
0
2
4
6
8
10
12
14
16
18
20
22
24
26
28
NULL