VERTEX -133.349976 0.000000 63.499996
VERTEX 76.199997 0.000000 63.499996
VERTEX 76.199997 31.749983 54.992619
VERTEX -133.349991 31.749983 54.992619
VERTEX -133.349976 -31.749998 54.992607
VERTEX 76.199997 -31.749998 54.992607
VERTEX -133.349976 -54.992611 31.749996
VERTEX 76.199997 -54.992611 31.749996
VERTEX -133.349976 -63.499996 0.000000
VERTEX 76.199997 -63.499996 0.000000
VERTEX -133.349976 -54.992607 -31.749998
VERTEX 76.199997 -54.992607 -31.749998
VERTEX -133.349976 -31.749987 -54.992619
VERTEX 76.199997 -31.749987 -54.992619
VERTEX -133.349976 0.000000 -63.499996
VERTEX 76.199997 0.000000 -63.499996
VERTEX -133.349976 31.750010 -54.992603
VERTEX 76.199997 31.750010 -54.992603
VERTEX -133.349976 54.992615 -31.749989
VERTEX 76.199997 54.992615 -31.749989
VERTEX -133.349976 63.499996 0.000000
VERTEX 76.199997 63.499996 0.000000
VERTEX -133.349976 54.992596 31.750017
VERTEX 76.199997 54.992596 31.750017
VERTEX 54.992596 -31.750017 -54.992584
VERTEX 54.992596 -31.750017 -63.500000
VERTEX 63.499992 0.000000 -63.500000
VERTEX 31.749994 -54.992607 -31.749998
VERTEX 31.749983 -54.992619 -63.500000
VERTEX 0.000000 -63.499996 0.000000
VERTEX 0.000000 -63.499996 -63.500000
VERTEX -31.749994 -54.992607 -31.749998
VERTEX -31.749983 -54.992619 -63.500000
VERTEX -54.992596 -31.750017 -54.992584
VERTEX -54.992596 -31.750017 -63.500000
VERTEX -63.499992 0.000000 -63.500000
VERTEX -54.992596 31.750017 -54.992584
VERTEX -54.992596 31.750017 -63.500000
VERTEX -31.749994 54.992607 -31.749998
VERTEX -31.749983 54.992619 -63.500000
VERTEX 31.749994 54.992607 -31.749998
VERTEX 31.749983 54.992619 -63.500000
VERTEX 0.000000 63.499996 -63.500000
VERTEX 0.000000 63.499996 0.000000
VERTEX 54.992596 31.750017 -54.992584
VERTEX 54.992596 31.750017 -63.500000
POLYGON 3
26
45
44
POLYGON 3
36
37
35
POLYGON 3
35
34
33
POLYGON 3
24
25
26
POLYGON 4
44
45
41
40
POLYGON 4
43
42
39
38
POLYGON 4
40
41
42
43
POLYGON 4
38
39
37
36
POLYGON 4
33
34
32
31
POLYGON 4
31
32
30
29
POLYGON 4
29
30
28
27
POLYGON 4
27
28
25
24
POLYGON 4
3
2
23
22
POLYGON 4
22
23
21
20
POLYGON 4
20
21
19
18
POLYGON 4
18
19
17
16
POLYGON 4
16
17
15
14
POLYGON 4
14
15
13
12
POLYGON 4
12
13
11
10
POLYGON 4
10
11
9
8
POLYGON 4
8
9
7
6
POLYGON 4
6
7
5
4
POLYGON 4
4
5
1
0
POLYGON 4
0
1
2
3
POLYGON 12
2
1
5
7
9
11
13
15
17
19
21
23
NULL
