VERTEX -101.599998 0.000000 -38.099998
VERTEX -87.988197 50.799976 -38.099998
VERTEX -50.800030 87.988159 -38.099998
VERTEX 0.000000 101.599998 -38.099998
VERTEX 50.799984 87.988190 -38.099998
VERTEX 87.988174 50.800018 -38.099998
VERTEX 101.599998 0.000000 -38.099998
VERTEX 87.988197 -50.799980 -38.099998
VERTEX 50.799999 -87.988174 -38.099998
VERTEX 0.000000 -101.599998 -38.099998
VERTEX -50.799995 -87.988182 -38.099998
VERTEX -87.988174 -50.799999 -38.099998
VERTEX -87.988174 -50.799999 0.000000
VERTEX -101.599998 0.000000 0.000000
VERTEX -50.799995 -87.988182 0.000000
VERTEX 0.000000 -101.599998 0.000000
VERTEX 50.799999 -87.988174 0.000000
VERTEX 87.988197 -50.799980 0.000000
VERTEX 101.599998 0.000000 0.000000
VERTEX 87.988174 50.800018 0.000000
VERTEX 50.799984 87.988190 0.000000
VERTEX 0.000000 101.599998 0.000000
VERTEX -50.800030 87.988159 0.000000
VERTEX -87.988197 50.799976 0.000000
VERTEX -101.599991 -114.299995 101.599998
VERTEX -101.599998 114.299995 101.599998
VERTEX -180.083191 114.299995 101.599998
VERTEX -190.500031 109.985191 101.599998
VERTEX -216.802582 89.802528 101.599998
VERTEX -236.985229 63.499966 101.599998
VERTEX -249.672577 32.869991 101.599998
VERTEX -254.000000 0.000000 101.599998
VERTEX -249.672577 -32.870018 101.599998
VERTEX -236.985214 -63.499996 101.599998
VERTEX -216.802551 -89.802559 101.599998
VERTEX -190.500000 -109.985222 101.599998
VERTEX -180.083221 -114.299995 101.599998
VERTEX -101.599991 -114.299995 0.000000
VERTEX -180.083221 -114.299995 0.000000
VERTEX -190.500000 -109.985222 0.000000
VERTEX -216.802551 -89.802559 0.000000
VERTEX -236.985214 -63.499996 0.000000
VERTEX -249.672577 -32.870018 0.000000
VERTEX -254.000000 0.000000 0.000000
VERTEX -249.672577 32.869991 0.000000
VERTEX -236.985229 63.499966 0.000000
VERTEX -216.802582 89.802528 0.000000
VERTEX -190.500031 109.985191 0.000000
VERTEX -180.083191 114.299995 0.000000
VERTEX -101.599998 114.299995 0.000000
VERTEX -101.600006 -114.299995 0.000000
VERTEX 0.000000 -114.299995 0.000000
VERTEX 0.000000 -114.299995 101.599998
VERTEX -101.599991 -114.299995 101.599998
VERTEX 101.600021 -105.335289 101.599998
VERTEX 101.600006 -105.335289 0.000000
VERTEX 0.000000 114.299995 101.599998
VERTEX 101.600006 105.335289 101.599998
VERTEX 101.600021 105.335289 0.000000
VERTEX 0.000000 114.299995 0.000000
VERTEX -101.599991 114.299995 0.000000
VERTEX -101.599998 114.299995 101.599998
VERTEX 355.600006 -82.923523 101.599998
VERTEX 101.600021 -105.335289 101.599998
VERTEX 101.600006 -105.335289 0.000000
VERTEX 355.600006 -82.923523 0.000000
VERTEX 101.600006 105.335289 0.000000
VERTEX 355.600006 82.923523 0.000000
VERTEX 355.600006 82.923523 101.599998
VERTEX 101.600021 105.335289 101.599998
VERTEX 355.600006 -82.923523 101.599998
VERTEX 431.799988 -76.199997 101.599998
VERTEX 451.522003 -73.603546 101.599998
VERTEX 469.899994 -65.991135 101.599998
VERTEX 485.681519 -53.881538 101.599998
VERTEX 497.791138 -38.099983 101.599998
VERTEX 505.403534 -19.722002 101.599998
VERTEX 508.000000 0.000000 101.599998
VERTEX 505.403534 19.722029 101.599998
VERTEX 497.791107 38.100014 101.599998
VERTEX 485.681519 53.881531 101.599998
VERTEX 469.899963 65.991142 101.599998
VERTEX 451.522003 73.603554 101.599998
VERTEX 431.799988 76.199997 101.599998
VERTEX 355.600006 82.923523 101.599998
VERTEX 355.600006 -82.923523 0.000000
VERTEX 355.600006 82.923523 0.000000
VERTEX 431.799988 76.199997 0.000000
VERTEX 451.522003 73.603554 0.000000
VERTEX 469.899963 65.991142 0.000000
VERTEX 485.681519 53.881531 0.000000
VERTEX 497.791107 38.100014 0.000000
VERTEX 505.403534 19.722029 0.000000
VERTEX 508.000000 0.000000 0.000000
VERTEX 505.403534 -19.722002 0.000000
VERTEX 497.791138 -38.099983 0.000000
VERTEX 485.681519 -53.881538 0.000000
VERTEX 469.899994 -65.991135 0.000000
VERTEX 451.522003 -73.603546 0.000000
VERTEX 431.799988 -76.199997 0.000000
POLYGON 4
13
23
1
0
POLYGON 4
23
22
2
1
POLYGON 4
22
21
3
2
POLYGON 4
21
20
4
3
POLYGON 4
20
19
5
4
POLYGON 4
19
18
6
5
POLYGON 4
18
17
7
6
POLYGON 4
17
16
8
7
POLYGON 4
16
15
9
8
POLYGON 4
15
14
10
9
POLYGON 4
14
12
11
10
POLYGON 4
12
13
0
11
POLYGON 12
0
1
2
3
4
5
6
7
8
9
10
11
POLYGON 4
24
36
38
37
POLYGON 4
36
35
39
38
POLYGON 4
35
34
40
39
POLYGON 4
34
33
41
40
POLYGON 4
33
32
42
41
POLYGON 4
32
31
43
42
POLYGON 4
31
30
44
43
POLYGON 4
30
29
45
44
POLYGON 4
29
28
46
45
POLYGON 4
28
27
47
46
POLYGON 4
27
26
48
47
POLYGON 4
26
25
49
48
POLYGON 13
37
38
39
40
41
42
43
44
45
46
47
48
49
POLYGON 13
24
25
26
27
28
29
30
31
32
33
34
35
36
POLYGON 4
59
60
61
56
POLYGON 4
56
57
58
59
POLYGON 4
54
52
51
55
POLYGON 4
50
51
52
53
POLYGON 6
60
59
58
55
51
50
POLYGON 6
57
56
61
53
52
54
POLYGON 4
69
68
67
66
POLYGON 4
63
62
68
69
POLYGON 4
65
64
66
67
POLYGON 4
62
63
64
65
POLYGON 4
84
83
87
86
POLYGON 4
83
82
88
87
POLYGON 4
82
81
89
88
POLYGON 4
81
80
90
89
POLYGON 4
80
79
91
90
POLYGON 4
79
78
92
91
POLYGON 4
78
77
93
92
POLYGON 4
77
76
94
93
POLYGON 4
76
75
95
94
POLYGON 4
75
74
96
95
POLYGON 4
74
73
97
96
POLYGON 4
73
72
98
97
POLYGON 4
72
71
99
98
POLYGON 4
71
70
85
99
POLYGON 15
85
86
87
88
89
90
91
92
93
94
95
96
97
98
99
POLYGON 15
70
71
72
73
74
75
76
77
78
79
80
81
82
83
84
NULL
