VERTEX -95.935287 81.810226 50.799999
VERTEX 127.000000 68.773087 50.799999
VERTEX 126.999985 68.773094 -50.799999
VERTEX -95.935272 81.810242 -50.799999
VERTEX -95.935272 -81.810234 -50.799999
VERTEX 127.000000 -68.773087 -50.799999
VERTEX 126.999985 -68.773094 50.799999
VERTEX -95.935272 -81.810242 50.799999
VERTEX -109.985214 -63.499996 -50.799999
VERTEX -109.985214 -63.499996 50.799999
VERTEX -122.672577 -32.870018 -50.799999
VERTEX -122.672577 -32.870018 50.799999
VERTEX -126.999992 0.000000 -50.799999
VERTEX -126.999992 0.000000 50.799999
VERTEX -122.672585 32.869991 -50.799999
VERTEX -122.672585 32.869991 50.799999
VERTEX -109.985237 63.499966 -50.799999
VERTEX -109.985237 63.499966 50.799999
VERTEX 127.000000 68.773087 50.799999
VERTEX 355.600037 55.404675 50.799999
VERTEX 355.600006 55.404678 -50.799999
VERTEX 126.999985 68.773094 -50.799999
VERTEX 127.000000 -68.773087 -50.799999
VERTEX 355.599976 -55.404678 -50.799999
VERTEX 355.600006 -55.404678 50.799999
VERTEX 126.999985 -68.773094 50.799999
POLYGON 4
3
16
17
0
POLYGON 4
16
14
15
17
POLYGON 4
14
12
13
15
POLYGON 4
12
10
11
13
POLYGON 4
10
8
9
11
POLYGON 4
8
4
7
9
POLYGON 4
4
5
6
7
POLYGON 4
0
1
2
3
POLYGON 9
5
4
8
10
12
14
16
3
2
POLYGON 9
7
6
1
0
17
15
13
11
9
POLYGON 4
23
20
19
24
POLYGON 4
23
22
21
20
POLYGON 4
25
24
19
18
POLYGON 4
22
23
24
25
POLYGON 4
18
19
20
21
NULL
