VERTEX -43.994080 19.050001 408.940002
VERTEX -43.994080 50.799999 408.940002
VERTEX -43.994080 50.799999 381.000000
VERTEX -43.994080 19.049999 381.000000
VERTEX 43.994091 50.799999 381.000000
VERTEX 43.994091 50.799999 408.940033
VERTEX 43.994091 19.049999 408.940033
VERTEX 43.994091 19.050001 381.000000
VERTEX -50.799999 50.799999 434.340027
VERTEX -50.799999 19.050001 434.340027
VERTEX -43.994095 50.799999 459.740021
VERTEX -43.994095 19.050001 459.740021
VERTEX -25.400009 50.799999 478.334106
VERTEX -25.400009 19.050001 478.334106
VERTEX 0.000000 50.799999 485.140015
VERTEX 0.000000 19.050001 485.140015
VERTEX 25.399990 50.799999 478.334137
VERTEX 25.399990 19.050001 478.334137
VERTEX 43.994087 50.799999 459.740021
VERTEX 43.994087 19.050001 459.740021
VERTEX 50.799999 50.799999 434.340027
VERTEX 50.799999 19.050001 434.340027
VERTEX -43.994080 -19.049999 381.000000
VERTEX -43.994080 -50.799999 381.000000
VERTEX -43.994080 -50.799999 408.940002
VERTEX -43.994080 -19.050001 408.940002
VERTEX 43.994091 -19.050001 381.000000
VERTEX 43.994091 -19.049999 408.940033
VERTEX 43.994091 -50.799999 408.940033
VERTEX 43.994091 -50.799999 381.000000
VERTEX -50.799999 -19.050001 434.340027
VERTEX -50.799999 -50.799999 434.340027
VERTEX -43.994095 -19.050001 459.740021
VERTEX -43.994095 -50.799999 459.740021
VERTEX -25.400009 -19.050001 478.334106
VERTEX -25.400009 -50.799999 478.334106
VERTEX 0.000000 -19.050001 485.140015
VERTEX 0.000000 -50.799999 485.140015
VERTEX 25.399990 -19.050001 478.334137
VERTEX 25.399990 -50.799999 478.334137
VERTEX 43.994087 -19.050001 459.740021
VERTEX 43.994087 -50.799999 459.740021
VERTEX 50.799999 -19.050001 434.340027
VERTEX 50.799999 -50.799999 434.340027
VERTEX 55.404678 -50.799999 355.600006
VERTEX -55.404675 -50.799999 355.600037
VERTEX -55.404678 50.799999 355.600006
VERTEX 55.404678 50.799999 355.599976
VERTEX 53.919300 -50.799999 381.000000
VERTEX -53.919296 -50.799999 381.000000
VERTEX 53.919296 50.799999 381.000000
VERTEX -53.919300 50.799999 381.000000
POLYGON 4
6
0
3
7
POLYGON 4
5
20
21
6
POLYGON 4
20
18
19
21
POLYGON 4
18
16
17
19
POLYGON 4
16
14
15
17
POLYGON 4
14
12
13
15
POLYGON 4
12
10
11
13
POLYGON 4
10
8
9
11
POLYGON 4
8
1
0
9
POLYGON 4
2
1
5
4
POLYGON 4
4
5
6
7
POLYGON 4
0
1
2
3
POLYGON 9
21
19
17
15
13
11
9
0
6
POLYGON 9
1
8
10
12
14
16
18
20
5
POLYGON 4
26
22
25
27
POLYGON 4
27
42
43
28
POLYGON 4
42
40
41
43
POLYGON 4
40
38
39
41
POLYGON 4
38
36
37
39
POLYGON 4
36
34
35
37
POLYGON 4
34
32
33
35
POLYGON 4
32
30
31
33
POLYGON 4
30
25
24
31
POLYGON 4
29
28
24
23
POLYGON 4
26
27
28
29
POLYGON 4
22
23
24
25
POLYGON 9
27
25
30
32
34
36
38
40
42
POLYGON 9
28
43
41
39
37
35
33
31
24
POLYGON 4
50
51
49
48
POLYGON 4
49
51
46
45
POLYGON 4
51
50
47
46
POLYGON 4
50
48
44
47
POLYGON 4
48
49
45
44
POLYGON 4
44
45
46
47
NULL
