VERTEX -25.399988 -43.994099 -19.049999
VERTEX -43.994080 -25.400015 -19.049999
VERTEX -50.799999 0.000000 -19.049999
VERTEX -43.994095 25.399992 -19.049999
VERTEX -25.400009 43.994087 -19.049999
VERTEX 0.000000 50.799999 -19.049999
VERTEX 25.399990 43.994099 -19.049999
VERTEX 43.994087 25.400000 -19.049999
VERTEX 50.799999 0.000000 -19.049999
VERTEX 43.994091 -25.399998 -19.049999
VERTEX 25.400000 -43.994087 -19.049999
VERTEX 0.000000 -50.799999 -19.049999
VERTEX -25.399988 -43.994099 19.049999
VERTEX 0.000000 -50.799999 19.049999
VERTEX 25.400000 -43.994087 19.049999
VERTEX 43.994091 -25.399998 19.049999
VERTEX 50.799999 0.000000 19.049999
VERTEX 43.994087 25.400000 19.049999
VERTEX 25.399990 43.994099 19.049999
VERTEX 0.000000 50.799999 19.049999
VERTEX -25.400009 43.994087 19.049999
VERTEX -43.994095 25.399992 19.049999
VERTEX -50.799999 0.000000 19.049999
VERTEX -43.994080 -25.400015 19.049999
VERTEX -9.524997 -48.247784 -16.497786
VERTEX 0.000000 -50.799995 -19.049999
VERTEX -9.524997 -50.799999 -16.497786
VERTEX -16.497782 -46.379433 -9.525003
VERTEX -16.497782 -50.799999 -9.525003
VERTEX -19.049999 -45.695564 0.000000
VERTEX -19.049999 -50.799999 0.000000
VERTEX -16.497786 -46.379429 9.524996
VERTEX -16.497786 -50.799999 9.524996
VERTEX -9.525000 -48.247784 16.497784
VERTEX -9.525000 -50.799999 16.497784
VERTEX 0.000000 -50.799995 19.049999
VERTEX 9.525005 -48.247780 -16.497780
VERTEX 16.497786 -46.379425 -9.524995
VERTEX 16.497786 -50.799999 -9.524995
VERTEX 9.525005 -50.799999 -16.497780
VERTEX 9.524999 -48.247784 16.497784
VERTEX 9.524999 -50.799999 16.497784
VERTEX 16.497784 -46.379429 9.525000
VERTEX 16.497784 -50.799999 9.525000
VERTEX 19.049999 -45.695564 0.000000
VERTEX 19.049999 -50.799999 0.000000
POLYGON 4
0
11
13
12
POLYGON 4
11
10
14
13
POLYGON 4
10
9
15
14
POLYGON 4
9
8
16
15
POLYGON 4
8
7
17
16
POLYGON 4
7
6
18
17
POLYGON 4
6
5
19
18
POLYGON 4
5
4
20
19
POLYGON 4
4
3
21
20
POLYGON 4
3
2
22
21
POLYGON 4
2
1
23
22
POLYGON 4
1
0
12
23
POLYGON 12
12
13
14
15
16
17
18
19
20
21
22
23
POLYGON 12
0
1
2
3
4
5
6
7
8
9
10
11
POLYGON 3
40
35
41
POLYGON 3
25
36
39
POLYGON 3
35
33
34
POLYGON 3
24
25
26
POLYGON 4
37
44
45
38
POLYGON 4
44
42
43
45
POLYGON 4
42
40
41
43
POLYGON 4
36
37
38
39
POLYGON 4
33
31
32
34
POLYGON 4
31
29
30
32
POLYGON 4
29
27
28
30
POLYGON 4
27
24
26
28
NULL
