VERTEX 21.997049 -12.699994 50.799999
VERTEX 12.700007 -21.997040 50.799999
VERTEX 0.000000 -25.400000 50.799999
VERTEX -12.699996 -21.997047 50.799999
VERTEX -21.997044 -12.700005 50.799999
VERTEX -25.400000 0.000000 50.799999
VERTEX -21.997049 12.699995 50.799999
VERTEX -12.700000 21.997044 50.799999
VERTEX 0.000000 25.400000 50.799999
VERTEX 12.699999 21.997046 50.799999
VERTEX 21.997044 12.700000 50.799999
VERTEX 25.400000 0.000000 50.799999
VERTEX 21.997049 -12.699994 55.879997
VERTEX 25.400000 0.000000 55.879997
VERTEX 21.997044 12.700000 55.879997
VERTEX 12.699999 21.997046 55.879997
VERTEX 0.000000 25.400000 55.879997
VERTEX -12.700000 21.997044 55.879997
VERTEX -21.997049 12.699995 55.879997
VERTEX -25.400000 0.000000 55.879997
VERTEX -21.997044 -12.700005 55.879997
VERTEX -12.699996 -21.997047 55.879997
VERTEX 0.000000 -25.400000 55.879997
VERTEX 12.700007 -21.997040 55.879997
POLYGON 4
0
11
13
12
POLYGON 4
11
10
14
13
POLYGON 4
10
9
15
14
POLYGON 4
9
8
16
15
POLYGON 4
8
7
17
16
POLYGON 4
7
6
18
17
POLYGON 4
6
5
19
18
POLYGON 4
5
4
20
19
POLYGON 4
4
3
21
20
POLYGON 4
3
2
22
21
POLYGON 4
2
1
23
22
POLYGON 4
1
0
12
23
POLYGON 12
12
13
14
15
16
17
18
19
20
21
22
23
POLYGON 12
0
1
2
3
4
5
6
7
8
9
10
11
NULL
