VERTEX 109.985237 -63.499966 -622.299988
VERTEX 126.999992 0.000000 -622.299988
VERTEX 63.499996 0.000000 -571.500000
VERTEX 54.992619 -31.749983 -571.500000
VERTEX 63.500034 -109.985191 -622.299988
VERTEX 31.750017 -54.992596 -571.500000
VERTEX 0.000000 -126.999992 -622.299988
VERTEX 0.000000 -63.499996 -571.500000
VERTEX -63.499977 -109.985229 -622.299988
VERTEX -31.749989 -54.992615 -571.500000
VERTEX -109.985207 -63.500019 -622.299988
VERTEX -54.992603 -31.750010 -571.500000
VERTEX -126.999992 0.000000 -622.299988
VERTEX -63.499996 0.000000 -571.500000
VERTEX -109.985237 63.499973 -622.299988
VERTEX -54.992619 31.749987 -571.500000
VERTEX -63.499996 109.985214 -622.299988
VERTEX -31.749998 54.992607 -571.500000
VERTEX 0.000000 126.999992 -622.299988
VERTEX 0.000000 63.499996 -571.500000
VERTEX 63.499992 109.985222 -622.299988
VERTEX 31.749996 54.992611 -571.500000
VERTEX 109.985214 63.499996 -622.299988
VERTEX 54.992607 31.749998 -571.500000
VERTEX 131.982285 -76.199959 -673.099976
VERTEX 76.200043 -131.982239 -673.099976
VERTEX 0.000000 -152.399994 -673.099976
VERTEX -76.199974 -131.982285 -673.099976
VERTEX -131.982254 -76.200027 -673.099976
VERTEX -152.399994 0.000000 -673.099976
VERTEX -131.982285 76.199966 -673.099976
VERTEX -76.199997 131.982269 -673.099976
VERTEX 0.000000 152.399994 -673.099976
VERTEX 76.199989 131.982269 -673.099976
VERTEX 131.982269 76.199997 -673.099976
VERTEX 152.399994 0.000000 -673.099976
VERTEX 131.982285 -76.199959 -622.299988
VERTEX 152.399994 0.000000 -622.299988
VERTEX 131.982269 76.199997 -622.299988
VERTEX 76.199989 131.982269 -622.299988
VERTEX 0.000000 152.399994 -622.299988
VERTEX -76.199997 131.982269 -622.299988
VERTEX -131.982285 76.199966 -622.299988
VERTEX -152.399994 0.000000 -622.299988
VERTEX -131.982254 -76.200027 -622.299988
VERTEX -76.199974 -131.982285 -622.299988
VERTEX 0.000000 -152.399994 -622.299988
VERTEX 76.200043 -131.982239 -622.299988
VERTEX 38.099998 -203.199997 -673.099976
VERTEX 38.099998 -142.191132 -673.099976
VERTEX 38.099998 -142.191132 -622.299988
VERTEX 38.099998 -203.199997 -571.500000
VERTEX -38.099998 -203.199997 -571.500000
VERTEX -38.099998 -142.191132 -622.299988
VERTEX -38.099998 -142.191132 -673.099976
VERTEX -38.099998 -203.199997 -673.099976
VERTEX 38.099998 -48.642609 -571.500000
VERTEX -38.099998 -48.642609 -571.500000
VERTEX -38.099998 -116.791130 -622.299988
VERTEX 38.099998 -116.791130 -622.299988
VERTEX 32.995571 -171.449982 -419.099976
VERTEX 38.099998 -152.399994 -419.099976
VERTEX 32.995567 -133.349991 -419.099976
VERTEX 19.049997 -119.404427 -419.099976
VERTEX 0.000000 -114.299995 -419.099976
VERTEX -19.049999 -119.404427 -419.099976
VERTEX -32.995571 -133.350006 -419.099976
VERTEX -38.099998 -152.399994 -419.099976
VERTEX -32.995564 -171.449997 -419.099976
VERTEX -19.049994 -185.395569 -419.099976
VERTEX 0.000000 -190.500000 -419.099976
VERTEX 19.050011 -185.395554 -419.099976
VERTEX 19.050011 -185.395554 -571.500000
VERTEX 32.995571 -171.449982 -571.500000
VERTEX 0.000000 -190.500000 -571.500000
VERTEX -19.049994 -185.395569 -571.500000
VERTEX -32.995564 -171.449997 -571.500000
VERTEX -38.099998 -152.399994 -571.500000
VERTEX -32.995571 -133.350006 -571.500000
VERTEX -19.049999 -119.404427 -571.500000
VERTEX 0.000000 -114.299995 -571.500000
VERTEX 19.049997 -119.404427 -571.500000
VERTEX 32.995567 -133.349991 -571.500000
VERTEX 38.099998 -152.399994 -571.500000
VERTEX 31.750017 -54.992596 -63.500000
VERTEX 31.750017 -54.992596 -571.500000
VERTEX 54.992619 -31.749983 -571.500000
VERTEX 54.992619 -31.749983 -63.500000
VERTEX 0.000000 -63.499996 -63.500000
VERTEX 0.000000 -63.499996 -571.500000
VERTEX -31.749989 -54.992615 -63.500000
VERTEX -31.749989 -54.992615 -571.500000
VERTEX -54.992603 -31.750010 -63.500000
VERTEX -54.992603 -31.750010 -571.500000
VERTEX -63.499996 0.000000 -63.500000
VERTEX -63.499996 0.000000 -571.500000
VERTEX -54.992619 31.749987 -63.500000
VERTEX -54.992619 31.749987 -571.500000
VERTEX -31.749998 54.992607 -63.500000
VERTEX -31.749998 54.992607 -571.500000
VERTEX 0.000000 63.499996 -63.500000
VERTEX 0.000000 63.499996 -571.500000
VERTEX 31.749996 54.992611 -63.500000
VERTEX 31.749996 54.992611 -571.500000
VERTEX 54.992607 31.749998 -63.500000
VERTEX 54.992607 31.749998 -571.500000
VERTEX 63.499996 0.000000 -63.500000
VERTEX 63.499996 0.000000 -571.500000
POLYGON 4
1
22
23
2
POLYGON 4
22
20
21
23
POLYGON 4
20
18
19
21
POLYGON 4
18
16
17
19
POLYGON 4
16
14
15
17
POLYGON 4
14
12
13
15
POLYGON 4
12
10
11
13
POLYGON 4
10
8
9
11
POLYGON 4
8
6
7
9
POLYGON 4
6
4
5
7
POLYGON 4
4
0
3
5
POLYGON 4
0
1
2
3
POLYGON 4
24
35
37
36
POLYGON 4
35
34
38
37
POLYGON 4
34
33
39
38
POLYGON 4
33
32
40
39
POLYGON 4
32
31
41
40
POLYGON 4
31
30
42
41
POLYGON 4
30
29
43
42
POLYGON 4
29
28
44
43
POLYGON 4
28
27
45
44
POLYGON 4
27
26
46
45
POLYGON 4
26
25
47
46
POLYGON 4
25
24
36
47
POLYGON 12
36
37
38
39
40
41
42
43
44
45
46
47
POLYGON 12
24
25
26
27
28
29
30
31
32
33
34
35
POLYGON 4
55
54
49
48
POLYGON 4
51
50
59
56
POLYGON 4
57
58
53
52
POLYGON 4
56
57
52
51
POLYGON 4
51
52
55
48
POLYGON 4
52
53
54
55
POLYGON 4
48
49
50
51
POLYGON 4
73
83
61
60
POLYGON 4
83
82
62
61
POLYGON 4
82
81
63
62
POLYGON 4
81
80
64
63
POLYGON 4
80
79
65
64
POLYGON 4
79
78
66
65
POLYGON 4
78
77
67
66
POLYGON 4
77
76
68
67
POLYGON 4
76
75
69
68
POLYGON 4
75
74
70
69
POLYGON 4
74
72
71
70
POLYGON 4
72
73
60
71
POLYGON 12
60
61
62
63
64
65
66
67
68
69
70
71
POLYGON 4
87
86
107
106
POLYGON 4
106
107
105
104
POLYGON 4
104
105
103
102
POLYGON 4
102
103
101
100
POLYGON 4
100
101
99
98
POLYGON 4
98
99
97
96
POLYGON 4
96
97
95
94
POLYGON 4
94
95
93
92
POLYGON 4
92
93
91
90
POLYGON 4
90
91
89
88
POLYGON 4
88
89
85
84
POLYGON 4
84
85
86
87
POLYGON 12
94
92
90
88
84
87
106
104
102
100
98
96
NULL
