VERTEX -19.049999 50.799999 0.000000
VERTEX -19.049999 45.695564 0.000000
VERTEX -16.497784 50.799999 9.525000
VERTEX -16.497784 46.379429 9.525000
VERTEX -9.524999 50.799999 16.497784
VERTEX -9.524999 48.247784 16.497784
VERTEX -9.525005 50.799999 -16.497780
VERTEX -16.497786 50.799999 -9.524995
VERTEX -16.497786 46.379425 -9.524995
VERTEX -9.525005 48.247780 -16.497780
VERTEX 0.000000 50.799995 19.049999
VERTEX 9.525000 50.799999 16.497784
VERTEX 9.525000 48.247784 16.497784
VERTEX 16.497786 50.799999 9.524996
VERTEX 16.497786 46.379429 9.524996
VERTEX 19.049999 50.799999 0.000000
VERTEX 19.049999 45.695564 0.000000
VERTEX 16.497782 50.799999 -9.525003
VERTEX 16.497782 46.379433 -9.525003
VERTEX 9.524997 50.799999 -16.497786
VERTEX 0.000000 50.799995 -19.049999
VERTEX 9.524997 48.247784 -16.497786
VERTEX 43.994080 25.400015 19.049999
VERTEX 50.799999 0.000000 19.049999
VERTEX 43.994095 -25.399992 19.049999
VERTEX 25.400009 -43.994087 19.049999
VERTEX 0.000000 -50.799999 19.049999
VERTEX -25.399990 -43.994099 19.049999
VERTEX -43.994087 -25.400000 19.049999
VERTEX -50.799999 0.000000 19.049999
VERTEX -43.994091 25.399998 19.049999
VERTEX -25.400000 43.994087 19.049999
VERTEX 0.000000 50.799999 19.049999
VERTEX 25.399988 43.994099 19.049999
VERTEX 0.000000 50.799999 -19.049999
VERTEX -25.400000 43.994087 -19.049999
VERTEX -43.994091 25.399998 -19.049999
VERTEX -50.799999 0.000000 -19.049999
VERTEX -43.994087 -25.400000 -19.049999
VERTEX -25.399990 -43.994099 -19.049999
VERTEX 0.000000 -50.799999 -19.049999
VERTEX 25.400009 -43.994087 -19.049999
VERTEX 43.994095 -25.399992 -19.049999
VERTEX 50.799999 0.000000 -19.049999
VERTEX 43.994080 25.400015 -19.049999
VERTEX 25.399988 43.994099 -19.049999
POLYGON 3
5
10
4
POLYGON 3
20
9
6
POLYGON 3
10
12
11
POLYGON 3
21
20
19
POLYGON 4
8
1
0
7
POLYGON 4
1
3
2
0
POLYGON 4
3
5
4
2
POLYGON 4
9
8
7
6
POLYGON 4
12
14
13
11
POLYGON 4
14
16
15
13
POLYGON 4
16
18
17
15
POLYGON 4
18
21
19
17
POLYGON 4
45
34
32
33
POLYGON 4
34
35
31
32
POLYGON 4
35
36
30
31
POLYGON 4
36
37
29
30
POLYGON 4
37
38
28
29
POLYGON 4
38
39
27
28
POLYGON 4
39
40
26
27
POLYGON 4
40
41
25
26
POLYGON 4
41
42
24
25
POLYGON 4
42
43
23
24
POLYGON 4
43
44
22
23
POLYGON 4
44
45
33
22
POLYGON 12
33
32
31
30
29
28
27
26
25
24
23
22
POLYGON 12
45
44
43
42
41
40
39
38
37
36
35
34
NULL
