VERTEX 68.773102 126.999977 50.799999
VERTEX 55.404705 355.600006 50.799999
VERTEX 55.404705 355.599976 -50.799999
VERTEX 68.773094 126.999992 -50.799999
VERTEX -68.773087 126.999992 -50.799999
VERTEX -55.404652 355.600006 -50.799999
VERTEX -55.404648 355.600037 50.799999
VERTEX -68.773079 127.000008 50.799999
VERTEX -63.499973 -109.985229 50.799999
VERTEX -63.499973 -109.985229 -50.799999
VERTEX -32.869999 -122.672585 50.799999
VERTEX -32.869999 -122.672585 -50.799999
VERTEX 0.000000 -126.999992 50.799999
VERTEX 0.000000 -126.999992 -50.799999
VERTEX 32.870010 -122.672577 50.799999
VERTEX 32.870010 -122.672577 -50.799999
VERTEX 63.499989 -109.985222 50.799999
VERTEX 63.499989 -109.985222 -50.799999
VERTEX 81.810234 -95.935280 50.799999
VERTEX 68.773102 126.999977 50.799999
VERTEX 68.773094 126.999992 -50.799999
VERTEX 81.810226 -95.935280 -50.799999
VERTEX -81.810249 -95.935265 -50.799999
VERTEX -68.773087 126.999992 -50.799999
VERTEX -68.773079 127.000008 50.799999
VERTEX -81.810234 -95.935280 50.799999
POLYGON 4
2
5
6
1
POLYGON 4
2
3
4
5
POLYGON 4
0
1
6
7
POLYGON 4
3
2
1
0
POLYGON 4
7
6
5
4
POLYGON 4
22
9
8
25
POLYGON 4
9
11
10
8
POLYGON 4
11
13
12
10
POLYGON 4
13
15
14
12
POLYGON 4
15
17
16
14
POLYGON 4
17
21
18
16
POLYGON 4
21
20
19
18
POLYGON 4
25
24
23
22
POLYGON 9
20
21
17
15
13
11
9
22
23
POLYGON 9
18
19
24
25
8
10
12
14
16
NULL
