VERTEX 431.799988 -76.199997 171.449997
VERTEX 451.522003 -73.603546 171.449997
VERTEX 469.899994 -65.991135 171.449997
VERTEX 485.681519 -53.881538 171.449997
VERTEX 497.791138 -38.099983 171.449997
VERTEX 505.403534 -19.722002 171.449997
VERTEX 508.000000 0.000000 171.449997
VERTEX 505.403534 19.722029 171.449997
VERTEX 497.791107 38.100014 171.449997
VERTEX 485.681519 53.881531 171.449997
VERTEX 469.899963 65.991142 171.449997
VERTEX 451.522003 73.603554 171.449997
VERTEX 431.799988 76.199997 171.449997
VERTEX 355.600006 82.923523 171.449997
VERTEX 355.600006 -82.923523 171.449997
VERTEX 355.600006 82.923523 273.049988
VERTEX 431.799988 76.199997 273.049988
VERTEX 451.522003 73.603554 273.049988
VERTEX 469.899963 65.991142 273.049988
VERTEX 485.681519 53.881531 273.049988
VERTEX 497.791107 38.100014 273.049988
VERTEX 505.403534 19.722029 273.049988
VERTEX 508.000000 0.000000 273.049988
VERTEX 505.403534 -19.722002 273.049988
VERTEX 497.791138 -38.099983 273.049988
VERTEX 485.681519 -53.881538 273.049988
VERTEX 469.899994 -65.991135 273.049988
VERTEX 451.522003 -73.603546 273.049988
VERTEX 431.799988 -76.199997 273.049988
VERTEX 355.600006 -82.923523 273.049988
VERTEX 101.600021 105.335289 273.049988
VERTEX 355.600006 82.923523 273.049988
VERTEX 355.600006 82.923523 171.449997
VERTEX 101.600006 105.335289 171.449997
VERTEX 355.600006 -82.923523 171.449997
VERTEX 101.600006 -105.335289 171.449997
VERTEX 101.600021 -105.335289 273.049988
VERTEX 355.600006 -82.923523 273.049988
VERTEX -101.599998 114.299995 273.049988
VERTEX -101.599991 114.299995 171.449997
VERTEX 0.000000 114.299995 171.449997
VERTEX 101.600021 105.335289 171.449997
VERTEX 101.600006 105.335289 273.049988
VERTEX 0.000000 114.299995 273.049988
VERTEX 101.600006 -105.335289 171.449997
VERTEX 101.600021 -105.335289 273.049988
VERTEX -101.599991 -114.299995 273.049988
VERTEX 0.000000 -114.299995 273.049988
VERTEX 0.000000 -114.299995 171.449997
VERTEX -101.600006 -114.299995 171.449997
VERTEX -101.599998 114.299995 171.449997
VERTEX -180.083191 114.299995 171.449997
VERTEX -190.500031 109.985191 171.449997
VERTEX -216.802582 89.802528 171.449997
VERTEX -236.985229 63.499966 171.449997
VERTEX -249.672577 32.869991 171.449997
VERTEX -254.000000 0.000000 171.449997
VERTEX -249.672577 -32.870018 171.449997
VERTEX -236.985214 -63.499996 171.449997
VERTEX -216.802551 -89.802559 171.449997
VERTEX -190.500000 -109.985222 171.449997
VERTEX -180.083221 -114.299995 171.449997
VERTEX -101.599991 -114.299995 171.449997
VERTEX -180.083221 -114.299995 273.049988
VERTEX -190.500000 -109.985222 273.049988
VERTEX -216.802551 -89.802559 273.049988
VERTEX -236.985214 -63.499996 273.049988
VERTEX -249.672577 -32.870018 273.049988
VERTEX -254.000000 0.000000 273.049988
VERTEX -249.672577 32.869991 273.049988
VERTEX -236.985229 63.499966 273.049988
VERTEX -216.802582 89.802528 273.049988
VERTEX -190.500031 109.985191 273.049988
VERTEX -180.083191 114.299995 273.049988
VERTEX -101.599998 114.299995 273.049988
VERTEX -101.599991 -114.299995 273.049988
VERTEX -87.988197 50.799976 171.449997
VERTEX -50.800030 87.988159 171.449997
VERTEX 0.000000 101.599998 171.449997
VERTEX 50.799984 87.988190 171.449997
VERTEX 87.988174 50.800018 171.449997
VERTEX 101.599998 0.000000 171.449997
VERTEX 87.988197 -50.799980 171.449997
VERTEX 50.799999 -87.988174 171.449997
VERTEX 0.000000 -101.599998 171.449997
VERTEX -50.799995 -87.988182 171.449997
VERTEX -101.599998 0.000000 171.449997
VERTEX -87.988174 -50.799999 171.449997
VERTEX -87.988174 -50.799999 133.350006
VERTEX -50.799995 -87.988182 133.350006
VERTEX 0.000000 -101.599998 133.350006
VERTEX 50.799999 -87.988174 133.350006
VERTEX 87.988197 -50.799980 133.350006
VERTEX 101.599998 0.000000 133.350006
VERTEX 87.988174 50.800018 133.350006
VERTEX 50.799984 87.988190 133.350006
VERTEX 0.000000 101.599998 133.350006
VERTEX -50.800030 87.988159 133.350006
VERTEX -87.988197 50.799976 133.350006
VERTEX -101.599998 0.000000 133.350006
POLYGON 4
15
16
12
13
POLYGON 4
16
17
11
12
POLYGON 4
17
18
10
11
POLYGON 4
18
19
9
10
POLYGON 4
19
20
8
9
POLYGON 4
20
21
7
8
POLYGON 4
21
22
6
7
POLYGON 4
22
23
5
6
POLYGON 4
23
24
4
5
POLYGON 4
24
25
3
4
POLYGON 4
25
26
2
3
POLYGON 4
26
27
1
2
POLYGON 4
27
28
0
1
POLYGON 4
28
29
14
0
POLYGON 15
14
13
12
11
10
9
8
7
6
5
4
3
2
1
0
POLYGON 15
29
28
27
26
25
24
23
22
21
20
19
18
17
16
15
POLYGON 4
30
31
32
33
POLYGON 4
36
37
31
30
POLYGON 4
34
35
33
32
POLYGON 4
37
36
35
34
POLYGON 4
40
39
38
43
POLYGON 4
43
42
41
40
POLYGON 4
45
47
48
44
POLYGON 4
49
48
47
46
POLYGON 6
39
40
41
44
48
49
POLYGON 6
42
43
38
46
47
45
POLYGON 4
75
63
61
62
POLYGON 4
63
64
60
61
POLYGON 4
64
65
59
60
POLYGON 4
65
66
58
59
POLYGON 4
66
67
57
58
POLYGON 4
67
68
56
57
POLYGON 4
68
69
55
56
POLYGON 4
69
70
54
55
POLYGON 4
70
71
53
54
POLYGON 4
71
72
52
53
POLYGON 4
72
73
51
52
POLYGON 4
73
74
50
51
POLYGON 13
62
61
60
59
58
57
56
55
54
53
52
51
50
POLYGON 13
75
74
73
72
71
70
69
68
67
66
65
64
63
POLYGON 4
86
76
98
99
POLYGON 4
76
77
97
98
POLYGON 4
77
78
96
97
POLYGON 4
78
79
95
96
POLYGON 4
79
80
94
95
POLYGON 4
80
81
93
94
POLYGON 4
81
82
92
93
POLYGON 4
82
83
91
92
POLYGON 4
83
84
90
91
POLYGON 4
84
85
89
90
POLYGON 4
85
87
88
89
POLYGON 4
87
86
99
88
POLYGON 12
99
98
97
96
95
94
93
92
91
90
89
88
NULL
