VERTEX -53.919300 50.799999 -53.339996
VERTEX 53.919296 50.799999 -53.339996
VERTEX -53.919296 -50.799999 -53.339996
VERTEX 53.919300 -50.799999 -53.339996
VERTEX 55.404678 50.799999 -78.740021
VERTEX -55.404678 50.799999 -78.739990
VERTEX -55.404675 -50.799999 -78.739960
VERTEX 55.404678 -50.799999 -78.739990
VERTEX 50.799999 -50.799999 0.000000
VERTEX 50.799999 -19.050001 0.000000
VERTEX 43.994087 -50.799999 25.400024
VERTEX 43.994087 -19.050001 25.400024
VERTEX 25.399990 -50.799999 43.994141
VERTEX 25.399990 -19.050001 43.994141
VERTEX 0.000000 -50.799999 50.800018
VERTEX 0.000000 -19.050001 50.800018
VERTEX -25.400009 -50.799999 43.994110
VERTEX -25.400009 -19.050001 43.994110
VERTEX -43.994095 -50.799999 25.400024
VERTEX -43.994095 -19.050001 25.400024
VERTEX -50.799999 -50.799999 0.000000
VERTEX -50.799999 -19.050001 0.000000
VERTEX 43.994091 -50.799999 -53.339996
VERTEX 43.994091 -50.799999 -25.399963
VERTEX 43.994091 -19.049999 -25.399963
VERTEX 43.994091 -19.050001 -53.339996
VERTEX -43.994080 -19.050001 -25.399994
VERTEX -43.994080 -50.799999 -25.399994
VERTEX -43.994080 -50.799999 -53.339996
VERTEX -43.994080 -19.049999 -53.339996
VERTEX 50.799999 19.050001 0.000000
VERTEX 50.799999 50.799999 0.000000
VERTEX 43.994087 19.050001 25.400024
VERTEX 43.994087 50.799999 25.400024
VERTEX 25.399990 19.050001 43.994141
VERTEX 25.399990 50.799999 43.994141
VERTEX 0.000000 19.050001 50.800018
VERTEX 0.000000 50.799999 50.800018
VERTEX -25.400009 19.050001 43.994110
VERTEX -25.400009 50.799999 43.994110
VERTEX -43.994095 19.050001 25.400024
VERTEX -43.994095 50.799999 25.400024
VERTEX -50.799999 19.050001 0.000000
VERTEX -50.799999 50.799999 0.000000
VERTEX 43.994091 19.050001 -53.339996
VERTEX 43.994091 19.049999 -25.399963
VERTEX 43.994091 50.799999 -25.399963
VERTEX 43.994091 50.799999 -53.339996
VERTEX -43.994080 19.049999 -53.339996
VERTEX -43.994080 50.799999 -53.339996
VERTEX -43.994080 50.799999 -25.399994
VERTEX -43.994080 19.050001 -25.399994
POLYGON 4
1
0
2
3
POLYGON 4
2
0
5
6
POLYGON 4
0
1
4
5
POLYGON 4
1
3
7
4
POLYGON 4
3
2
6
7
POLYGON 4
7
6
5
4
POLYGON 4
25
29
26
24
POLYGON 4
24
9
8
23
POLYGON 4
9
11
10
8
POLYGON 4
11
13
12
10
POLYGON 4
13
15
14
12
POLYGON 4
15
17
16
14
POLYGON 4
17
19
18
16
POLYGON 4
19
21
20
18
POLYGON 4
21
26
27
20
POLYGON 4
22
23
27
28
POLYGON 4
25
24
23
22
POLYGON 4
29
28
27
26
POLYGON 9
24
26
21
19
17
15
13
11
9
POLYGON 9
23
8
10
12
14
16
18
20
27
POLYGON 4
45
51
48
44
POLYGON 4
46
31
30
45
POLYGON 4
31
33
32
30
POLYGON 4
33
35
34
32
POLYGON 4
35
37
36
34
POLYGON 4
37
39
38
36
POLYGON 4
39
41
40
38
POLYGON 4
41
43
42
40
POLYGON 4
43
50
51
42
POLYGON 4
49
50
46
47
POLYGON 4
47
46
45
44
POLYGON 4
51
50
49
48
POLYGON 9
30
32
34
36
38
40
42
51
45
POLYGON 9
50
43
41
39
37
35
33
31
46
NULL
