VERTEX 31.750021 -54.992592 -63.500000
VERTEX 31.750021 -54.992592 -54.992584
VERTEX 63.499996 0.000000 0.000000
VERTEX 63.499996 0.000000 -63.500000
VERTEX 54.992622 -31.749979 -63.500000
VERTEX 54.992611 -31.749990 -31.749998
VERTEX 54.992615 31.749987 -63.500000
VERTEX 54.992603 31.749998 -31.749998
VERTEX 31.750013 54.992599 -63.500000
VERTEX 31.750013 54.992599 -54.992584
VERTEX 0.000000 63.499992 -63.500000
VERTEX -31.750021 54.992592 -63.500000
VERTEX -31.750021 54.992592 -54.992584
VERTEX -54.992622 31.749979 -63.500000
VERTEX -54.992611 31.749990 -31.749998
VERTEX -63.499996 0.000000 -63.500000
VERTEX -63.499996 0.000000 0.000000
VERTEX -54.992615 -31.749987 -63.500000
VERTEX -54.992603 -31.749998 -31.749998
VERTEX 0.000000 -63.499992 -63.500000
VERTEX -31.750013 -54.992599 -63.500000
VERTEX -31.750013 -54.992599 -54.992584
VERTEX 54.992603 -76.199989 31.750017
VERTEX 54.992584 133.349976 31.750017
VERTEX 63.500004 -76.199989 0.000000
VERTEX 63.499985 133.349976 0.000000
VERTEX 54.992622 -76.199989 -31.749989
VERTEX 54.992603 133.349976 -31.749989
VERTEX 31.750015 -76.199997 -54.992603
VERTEX 31.750000 133.349976 -54.992603
VERTEX 0.000000 -76.199997 -63.499996
VERTEX 0.000000 133.349976 -63.499996
VERTEX -31.749981 -76.199997 -54.992619
VERTEX -31.749996 133.349976 -54.992619
VERTEX -54.992599 -76.200005 -31.749998
VERTEX -54.992619 133.349976 -31.749998
VERTEX -63.499989 -76.200005 0.000000
VERTEX -63.500008 133.349976 0.000000
VERTEX -54.992603 -76.200005 31.749996
VERTEX -54.992622 133.349976 31.749996
VERTEX -31.749992 -76.199997 54.992607
VERTEX -31.750008 133.349976 54.992607
VERTEX 31.749973 133.349991 54.992619
VERTEX 31.749989 -76.199997 54.992619
VERTEX 0.000000 -76.199997 63.499996
VERTEX 0.000000 133.349976 63.499996
POLYGON 3
19
0
1
POLYGON 3
9
8
10
POLYGON 3
10
11
12
POLYGON 3
21
20
19
POLYGON 4
1
0
4
5
POLYGON 4
2
3
6
7
POLYGON 4
5
4
3
2
POLYGON 4
7
6
8
9
POLYGON 4
12
11
13
14
POLYGON 4
14
13
15
16
POLYGON 4
16
15
17
18
POLYGON 4
18
17
20
21
POLYGON 4
42
43
22
23
POLYGON 4
23
22
24
25
POLYGON 4
25
24
26
27
POLYGON 4
27
26
28
29
POLYGON 4
29
28
30
31
POLYGON 4
31
30
32
33
POLYGON 4
33
32
34
35
POLYGON 4
35
34
36
37
POLYGON 4
37
36
38
39
POLYGON 4
39
38
40
41
POLYGON 4
41
40
44
45
POLYGON 4
45
44
43
42
POLYGON 12
43
44
40
38
36
34
32
30
28
26
24
22
NULL
