VERTEX -171.000000 162.000000 220.000031
VERTEX -71.000000 162.000000 220.000031
VERTEX -171.000000 154.071152 169.939255
VERTEX -71.000000 154.071152 169.939255
VERTEX -171.000000 131.060745 124.778778
VERTEX -71.000000 131.060745 124.778778
VERTEX -171.000000 95.221184 88.939224
VERTEX -71.000000 95.221184 88.939224
VERTEX -171.000000 50.060776 65.928848
VERTEX -71.000000 50.060776 65.928848
VERTEX -171.000000 0.000000 58.000000
VERTEX -71.000000 0.000000 58.000000
VERTEX -171.000000 -50.060772 65.928848
VERTEX -71.000000 -50.060772 65.928848
VERTEX -171.000000 -95.221184 88.939224
VERTEX -71.000000 -95.221184 88.939224
VERTEX -171.000000 -131.060745 124.778778
VERTEX -71.000000 -131.060745 124.778778
VERTEX -171.000000 -154.071152 169.939255
VERTEX -71.000000 -154.071152 169.939255
VERTEX -171.000000 -162.000000 219.999985
VERTEX -71.000000 -162.000000 219.999985
VERTEX -171.000000 -154.071152 270.060760
VERTEX -71.000000 -154.071152 270.060760
VERTEX -171.000000 -131.060760 315.221191
VERTEX -71.000000 -131.060760 315.221191
VERTEX -171.000000 -95.221207 351.060760
VERTEX -71.000000 -95.221207 351.060760
VERTEX -171.000000 -50.060760 374.071167
VERTEX -71.000000 -50.060760 374.071167
VERTEX -171.000000 0.000000 382.000000
VERTEX -71.000000 0.000000 382.000000
VERTEX -171.000000 50.060749 374.071167
VERTEX -71.000000 50.060749 374.071167
VERTEX -171.000000 95.221207 351.060760
VERTEX -71.000000 95.221207 351.060760
VERTEX -171.000000 131.060745 315.221222
VERTEX -71.000000 131.060745 315.221222
VERTEX -171.000000 154.071152 270.060760
VERTEX -71.000000 154.071152 270.060760
VERTEX 168.500000 0.000000 0.000000
VERTEX 168.500000 0.000000 58.000000
VERTEX 160.253021 -52.069355 0.000000
VERTEX 160.253021 -52.069355 58.000000
VERTEX 136.319351 -99.041824 0.000000
VERTEX 136.319351 -99.041824 58.000000
VERTEX 99.041786 -136.319382 0.000000
VERTEX 99.041786 -136.319382 58.000000
VERTEX 52.069386 -160.253021 0.000000
VERTEX 52.069386 -160.253021 58.000000
VERTEX 0.000000 -168.500000 0.000000
VERTEX 0.000000 -168.500000 58.000000
VERTEX -52.069382 -160.253021 0.000000
VERTEX -52.069382 -160.253021 58.000000
VERTEX -99.041786 -136.319382 0.000000
VERTEX -99.041786 -136.319382 58.000000
VERTEX -136.319351 -99.041832 0.000000
VERTEX -136.319351 -99.041832 58.000000
VERTEX -160.253021 -52.069359 0.000000
VERTEX -160.253021 -52.069359 58.000000
VERTEX -168.500000 0.000000 0.000000
VERTEX -168.500000 0.000000 58.000000
VERTEX -160.253021 52.069370 0.000000
VERTEX -160.253021 52.069370 58.000000
VERTEX -136.319366 99.041809 0.000000
VERTEX -136.319366 99.041809 58.000000
VERTEX -99.041809 136.319366 0.000000
VERTEX -99.041809 136.319366 58.000000
VERTEX -52.069370 160.253021 0.000000
VERTEX -52.069370 160.253021 58.000000
VERTEX 0.000000 168.500000 0.000000
VERTEX 0.000000 168.500000 58.000000
VERTEX 52.069359 160.253021 0.000000
VERTEX 52.069359 160.253021 58.000000
VERTEX 99.041809 136.319366 0.000000
VERTEX 99.041809 136.319366 58.000000
VERTEX 136.319366 99.041817 0.000000
VERTEX 136.319366 99.041817 58.000000
VERTEX 160.253021 52.069366 0.000000
VERTEX 160.253021 52.069366 58.000000
VERTEX 210.000000 24.999998 244.999985
VERTEX -169.481689 25.000002 58.000000
VERTEX 210.000000 25.000000 105.210510
VERTEX 210.000000 -175.000000 105.210510
VERTEX 162.789490 -175.000000 58.000000
VERTEX 162.789490 25.000006 58.000000
VERTEX -72.814217 25.000000 395.000000
VERTEX -124.229156 175.000000 58.000000
VERTEX -144.478104 133.939178 58.000000
VERTEX -159.194336 90.586609 58.000000
VERTEX -171.000000 1.834999 58.000000
VERTEX -168.125977 45.684166 58.000000
VERTEX -171.000000 -1.835000 58.000000
VERTEX -171.000000 -1.834999 245.000000
VERTEX -168.125977 -45.684212 58.000000
VERTEX -159.194321 -90.586632 58.000000
VERTEX -124.229141 -175.000000 58.000000
VERTEX -144.478134 -133.939148 58.000000
VERTEX -169.481689 -24.999989 298.332489
VERTEX -171.000000 -1.834968 296.814178
VERTEX -171.000000 1.834973 296.814178
VERTEX -168.125977 45.684155 299.688202
VERTEX -159.194321 90.586639 308.619873
VERTEX -144.478088 133.939224 323.336090
VERTEX -124.229156 175.000000 343.585022
VERTEX -72.814186 175.000000 395.000000
VERTEX -72.814186 -25.000000 395.000000
VERTEX 108.768944 -24.999998 395.000000
VERTEX 108.768944 25.000002 395.000000
VERTEX 210.000000 25.000002 293.768921
VERTEX 210.000000 -25.000010 293.768921
VERTEX -144.478119 -133.939178 244.999985
VERTEX -159.194321 -90.586632 244.999985
VERTEX -168.125977 -45.684216 244.999985
VERTEX -169.481689 -25.000002 244.999985
VERTEX 210.000000 -24.999998 245.000000
VERTEX 210.000000 -175.000000 245.000000
VERTEX -124.229156 -175.000000 244.999985
VERTEX 60.000000 175.000000 58.000000
VERTEX 60.000000 25.000000 58.000000
VERTEX 60.000000 25.000000 395.000000
VERTEX 60.000000 175.000000 395.000000
VERTEX -98.093803 -108.335602 369.720398
VERTEX -84.232285 -82.402550 383.581909
VERTEX -75.696419 -54.263657 392.117767
VERTEX -116.748093 -131.065948 351.066101
VERTEX -137.497482 -148.094528 330.316711
VERTEX -136.695663 -149.720444 328.335541
VERTEX -129.859909 -163.581985 302.402374
VERTEX -125.650513 -172.117798 274.263611
VERTEX -144.478119 -133.939194 323.336090
VERTEX -159.194321 -90.586632 308.619873
VERTEX -72.814201 -24.999931 395.000000
VERTEX -168.125977 -45.684216 299.688232
VERTEX -169.481689 -24.999950 298.332520
VERTEX 201.366577 -163.582001 302.402344
VERTEX 175.433411 -149.720444 328.335510
VERTEX 152.702820 -131.065918 351.066132
VERTEX 134.048553 -108.335617 369.720398
VERTEX 120.187050 -82.402542 383.581909
VERTEX 111.651154 -54.263630 392.117798
VERTEX 108.768944 -24.999929 395.000000
VERTEX 210.000000 -24.999975 293.768921
VERTEX 210.000000 -172.117798 274.263611
VERTEX 210.000000 -166.200928 293.768921
VERTEX 210.000000 -24.999998 245.000000
VERTEX -169.481689 -24.999960 245.000000
VERTEX -168.125977 -45.684216 245.000000
VERTEX -159.194321 -90.586632 245.000000
VERTEX -144.478119 -133.939178 245.000000
VERTEX -124.229156 -175.000000 245.000031
VERTEX 210.000000 -175.000000 245.000015
VERTEX 184.720444 108.335533 79.930954
VERTEX 198.581924 82.402519 93.792435
VERTEX 207.117798 54.263550 102.328308
VERTEX 210.000000 25.000000 105.210510
VERTEX 166.066010 131.066025 61.276535
VERTEX 162.789490 25.000000 58.000000
VERTEX 162.789474 133.755005 58.000000
VERTEX 143.335541 149.720444 58.000000
VERTEX 117.402512 163.581924 58.000000
VERTEX 89.263557 172.117798 58.000000
VERTEX 143.335541 149.720444 360.433411
VERTEX 166.066010 131.066025 337.702911
VERTEX 184.720444 108.335533 319.048492
VERTEX 198.581924 82.402519 305.187012
VERTEX 207.117798 54.263550 296.651123
VERTEX 210.000000 25.000000 293.768921
VERTEX 117.402512 163.581924 386.366425
VERTEX 89.263557 172.117798 395.000000
VERTEX 108.768951 166.200897 395.000000
VERTEX 108.768944 25.000000 395.000000
VERTEX 59.999992 175.000000 395.000000
VERTEX 60.000000 25.000000 395.000000
VERTEX 60.000000 25.000000 58.000000
VERTEX 59.999992 175.000000 58.000000
POLYGON 4
0
38
39
1
POLYGON 4
38
36
37
39
POLYGON 4
36
34
35
37
POLYGON 4
34
32
33
35
POLYGON 4
32
30
31
33
POLYGON 4
30
28
29
31
POLYGON 4
28
26
27
29
POLYGON 4
26
24
25
27
POLYGON 4
24
22
23
25
POLYGON 4
22
20
21
23
POLYGON 4
20
18
19
21
POLYGON 4
18
16
17
19
POLYGON 4
16
14
15
17
POLYGON 4
14
12
13
15
POLYGON 4
12
10
11
13
POLYGON 4
10
8
9
11
POLYGON 4
8
6
7
9
POLYGON 4
6
4
5
7
POLYGON 4
4
2
3
5
POLYGON 4
2
0
1
3
POLYGON 20
0
2
4
6
8
10
12
14
16
18
20
22
24
26
28
30
32
34
36
38
POLYGON 4
40
78
79
41
POLYGON 4
78
76
77
79
POLYGON 4
76
74
75
77
POLYGON 4
74
72
73
75
POLYGON 4
72
70
71
73
POLYGON 4
70
68
69
71
POLYGON 4
68
66
67
69
POLYGON 4
66
64
65
67
POLYGON 4
64
62
63
65
POLYGON 4
62
60
61
63
POLYGON 4
60
58
59
61
POLYGON 4
58
56
57
59
POLYGON 4
56
54
55
57
POLYGON 4
54
52
53
55
POLYGON 4
52
50
51
53
POLYGON 4
50
48
49
51
POLYGON 4
48
46
47
49
POLYGON 4
46
44
45
47
POLYGON 4
44
42
43
45
POLYGON 4
42
40
41
43
POLYGON 20
40
42
44
46
48
50
52
54
56
58
60
62
64
66
68
70
72
74
76
78
POLYGON 3
43
41
79
POLYGON 4
121
120
119
118
POLYGON 7
117
116
115
114
113
112
111
POLYGON 4
110
109
108
107
POLYGON 9
106
105
104
103
102
101
100
99
98
POLYGON 4
111
97
96
117
POLYGON 4
112
95
97
111
POLYGON 4
113
94
95
112
POLYGON 4
93
92
94
113
POLYGON 4
101
91
90
100
POLYGON 4
102
89
91
101
POLYGON 4
100
90
92
99
POLYGON 4
98
99
93
114
POLYGON 4
103
88
89
102
POLYGON 4
104
87
88
103
POLYGON 4
86
120
121
105
POLYGON 4
106
107
108
86
POLYGON 4
85
82
83
84
POLYGON 7
119
81
91
89
88
87
118
POLYGON 4
110
115
80
109
POLYGON 6
107
106
98
114
115
110
POLYGON 5
118
87
104
105
121
POLYGON 9
85
84
96
97
95
94
92
90
81
POLYGON 5
117
96
84
83
116
POLYGON 6
120
108
109
82
85
119
POLYGON 4
82
80
116
83
POLYGON 7
151
150
149
148
147
146
145
POLYGON 5
144
143
151
145
142
POLYGON 9
142
141
140
139
138
137
136
135
144
POLYGON 4
134
146
147
133
POLYGON 6
142
145
146
134
132
141
POLYGON 4
133
147
148
131
POLYGON 4
131
148
149
130
POLYGON 7
129
128
127
126
130
149
150
POLYGON 5
137
125
126
127
136
POLYGON 4
141
132
124
140
POLYGON 4
140
124
123
139
POLYGON 4
139
123
122
138
POLYGON 4
138
122
125
137
POLYGON 10
124
132
134
133
131
130
126
125
122
123
POLYGON 5
144
135
128
129
143
POLYGON 4
136
127
128
135
POLYGON 4
143
129
150
151
POLYGON 4
175
174
173
172
POLYGON 5
172
173
171
170
169
POLYGON 9
168
170
171
167
166
165
164
163
162
POLYGON 7
175
161
160
159
158
157
174
POLYGON 5
163
156
158
159
162
POLYGON 6
174
157
155
167
171
173
POLYGON 4
167
155
154
166
POLYGON 4
166
154
153
165
POLYGON 4
165
153
152
164
POLYGON 4
164
152
156
163
POLYGON 7
154
155
157
158
156
152
153
POLYGON 4
162
159
160
168
POLYGON 5
168
160
161
169
170
POLYGON 4
161
175
172
169
NULL
