VERTEX 120.000000 0.000000 -182.000000
VERTEX 120.000000 625.000000 -182.000000
VERTEX -120.000000 625.000000 -182.000000
VERTEX -120.000000 0.000000 -182.000000
VERTEX -120.000000 625.000000 -252.000000
VERTEX 120.000000 625.000000 -252.000000
VERTEX 120.000000 0.000000 -252.000000
VERTEX -120.000000 0.000000 -252.000000
VERTEX 130.000000 625.000000 -347.000000
VERTEX -130.000000 625.000000 -347.000000
VERTEX -186.000000 0.000000 -347.000000
VERTEX 186.000000 0.000000 -347.000000
VERTEX 130.000000 625.000000 -347.000000
VERTEX 186.000000 0.000000 -347.000000
VERTEX -186.000000 0.000000 -347.000000
VERTEX -130.000000 625.000000 -347.000000
VERTEX 130.000000 625.000000 -252.000000
VERTEX -130.000000 625.000000 -252.000000
VERTEX -186.000000 0.000000 -252.000000
VERTEX 186.000000 0.000000 -252.000000
VERTEX 130.000000 625.000000 -347.000000
VERTEX 130.000000 625.000000 -252.000000
VERTEX 123.637352 584.827820 -347.000000
VERTEX 105.172203 548.587891 -347.000000
VERTEX 76.412064 519.827759 -347.000000
VERTEX 40.172226 501.362671 -347.000000
VERTEX 0.000000 495.000000 -347.000000
VERTEX -40.172222 501.362671 -347.000000
VERTEX -76.412056 519.827759 -347.000000
VERTEX -105.172203 548.587891 -347.000000
VERTEX -123.637344 584.827820 -347.000000
VERTEX -130.000000 625.000000 -347.000000
VERTEX -130.000000 625.000000 -252.000000
VERTEX -123.637344 665.172241 -347.000000
VERTEX -123.637344 665.172241 -252.000000
VERTEX -105.172218 701.412048 -347.000000
VERTEX -105.172218 701.412048 -252.000000
VERTEX -76.412079 730.172241 -347.000000
VERTEX -76.412079 730.172241 -252.000000
VERTEX -40.172215 748.637329 -347.000000
VERTEX -40.172215 748.637329 -252.000000
VERTEX 0.000000 755.000000 -347.000000
VERTEX 0.000000 755.000000 -252.000000
VERTEX 40.172203 748.637329 -347.000000
VERTEX 40.172203 748.637329 -252.000000
VERTEX 76.412079 730.172241 -347.000000
VERTEX 76.412079 730.172241 -252.000000
VERTEX 105.172211 701.412109 -347.000000
VERTEX 105.172211 701.412109 -252.000000
VERTEX 123.637344 665.172180 -347.000000
VERTEX 123.637344 665.172180 -252.000000
VERTEX 76.412079 730.172241 -252.000000
VERTEX 105.172211 701.412109 -252.000000
VERTEX 123.637344 665.172180 -252.000000
VERTEX 130.000000 625.000000 -252.000000
VERTEX 123.637352 584.827820 -252.000000
VERTEX 105.172203 548.587891 -252.000000
VERTEX 76.412064 519.827759 -252.000000
VERTEX 40.172226 501.362671 -252.000000
VERTEX 0.000000 495.000000 -252.000000
VERTEX -40.172222 501.362671 -252.000000
VERTEX -76.412056 519.827759 -252.000000
VERTEX -105.172203 548.587891 -252.000000
VERTEX -123.637344 584.827820 -252.000000
VERTEX -130.000000 625.000000 -252.000000
VERTEX -123.637344 665.172241 -252.000000
VERTEX -105.172218 701.412048 -252.000000
VERTEX -76.412079 730.172241 -252.000000
VERTEX 40.172203 748.637329 -252.000000
VERTEX 0.000000 755.000000 -252.000000
VERTEX -40.172215 748.637329 -252.000000
VERTEX 120.000000 625.000000 -171.000000
VERTEX 114.126785 587.917969 -171.000000
VERTEX 97.082031 554.465759 -171.000000
VERTEX 70.534210 527.917969 -171.000000
VERTEX 37.082054 510.873230 -171.000000
VERTEX 0.000000 505.000000 -171.000000
VERTEX -37.082054 510.873230 -171.000000
VERTEX -70.534210 527.917969 -171.000000
VERTEX -97.082031 554.465759 -171.000000
VERTEX -114.126785 587.917969 -171.000000
VERTEX -120.000000 625.000000 -171.000000
VERTEX -114.126778 662.082031 -171.000000
VERTEX -97.082047 695.534241 -171.000000
VERTEX -70.534225 722.082031 -171.000000
VERTEX -37.082047 739.126770 -171.000000
VERTEX 0.000000 745.000000 -171.000000
VERTEX 37.082035 739.126770 -171.000000
VERTEX 70.534225 722.082031 -171.000000
VERTEX 97.082039 695.534241 -171.000000
VERTEX 114.126785 662.082031 -171.000000
VERTEX 186.000000 0.000000 -347.000000
VERTEX 186.000000 0.000000 -252.000000
VERTEX 176.896515 -57.477154 -347.000000
VERTEX 176.896515 -57.477154 -252.000000
VERTEX 150.477158 -109.328072 -347.000000
VERTEX 150.477158 -109.328072 -252.000000
VERTEX 109.328026 -150.477188 -347.000000
VERTEX 109.328026 -150.477188 -252.000000
VERTEX 57.477184 -176.896500 -347.000000
VERTEX 57.477184 -176.896500 -252.000000
VERTEX 0.000000 -186.000000 -347.000000
VERTEX 0.000000 -186.000000 -252.000000
VERTEX -57.477180 -176.896500 -347.000000
VERTEX -57.477180 -176.896500 -252.000000
VERTEX -109.328018 -150.477188 -347.000000
VERTEX -109.328018 -150.477188 -252.000000
VERTEX -150.477142 -109.328072 -347.000000
VERTEX -150.477142 -109.328072 -252.000000
VERTEX -176.896515 -57.477158 -347.000000
VERTEX -176.896515 -57.477158 -252.000000
VERTEX -186.000000 0.000000 -347.000000
VERTEX -186.000000 0.000000 -252.000000
VERTEX -176.896515 57.477169 -347.000000
VERTEX -150.477173 109.328049 -347.000000
VERTEX -109.328049 150.477173 -347.000000
VERTEX -57.477169 176.896515 -347.000000
VERTEX 0.000000 186.000000 -347.000000
VERTEX 57.477154 176.896515 -347.000000
VERTEX 109.328056 150.477158 -347.000000
VERTEX 150.477158 109.328056 -347.000000
VERTEX 176.896515 57.477161 -347.000000
VERTEX 186.000000 0.000000 -252.000000
VERTEX 176.896515 -57.477154 -252.000000
VERTEX 150.477158 -109.328072 -252.000000
VERTEX 109.328026 -150.477188 -252.000000
VERTEX 57.477184 -176.896500 -252.000000
VERTEX 0.000000 -186.000000 -252.000000
VERTEX -57.477180 -176.896500 -252.000000
VERTEX -109.328018 -150.477188 -252.000000
VERTEX -150.477142 -109.328072 -252.000000
VERTEX -176.896515 -57.477158 -252.000000
VERTEX -186.000000 0.000000 -252.000000
VERTEX -176.896515 57.477169 -252.000000
VERTEX -150.477173 109.328049 -252.000000
VERTEX -109.328049 150.477173 -252.000000
VERTEX -57.477169 176.896515 -252.000000
VERTEX 0.000000 186.000000 -252.000000
VERTEX 57.477154 176.896515 -252.000000
VERTEX 109.328056 150.477158 -252.000000
VERTEX 176.896515 57.477161 -252.000000
VERTEX 150.477158 109.328056 -252.000000
VERTEX 162.000000 0.000000 -171.000000
VERTEX 154.071152 -50.060745 -171.000000
VERTEX 131.060745 -95.221222 -171.000000
VERTEX 95.221184 -131.060776 -171.000000
VERTEX 50.060776 -154.071152 -171.000000
VERTEX 0.000000 -162.000000 -171.000000
VERTEX -50.060772 -154.071152 -171.000000
VERTEX -95.221184 -131.060776 -171.000000
VERTEX -131.060745 -95.221222 -171.000000
VERTEX -154.071152 -50.060749 -171.000000
VERTEX -162.000000 0.000000 -171.000000
VERTEX -154.071152 50.060760 -171.000000
VERTEX -131.060760 95.221199 -171.000000
VERTEX -95.221207 131.060760 -171.000000
VERTEX -50.060760 154.071152 -171.000000
VERTEX 0.000000 162.000000 -171.000000
VERTEX 50.060749 154.071152 -171.000000
VERTEX 95.221207 131.060760 -171.000000
VERTEX 131.060745 95.221214 -171.000000
VERTEX 154.071152 50.060753 -171.000000
POLYGON 4
7
6
0
3
POLYGON 4
6
5
1
0
POLYGON 4
5
4
2
1
POLYGON 4
4
7
3
2
POLYGON 4
3
0
1
2
POLYGON 4
7
4
5
6
POLYGON 4
11
10
9
8
POLYGON 4
19
13
12
16
POLYGON 4
17
15
14
18
POLYGON 4
19
16
17
18
POLYGON 4
33
31
32
34
POLYGON 4
35
33
34
36
POLYGON 4
37
35
36
38
POLYGON 4
39
37
38
40
POLYGON 4
41
39
40
42
POLYGON 4
43
41
42
44
POLYGON 4
45
43
44
46
POLYGON 4
47
45
46
48
POLYGON 4
49
47
48
50
POLYGON 4
20
49
50
21
POLYGON 20
20
22
23
24
25
26
27
28
29
30
31
33
35
37
39
41
43
45
47
49
POLYGON 4
68
87
88
51
POLYGON 4
51
88
89
52
POLYGON 4
52
89
90
53
POLYGON 4
53
90
71
54
POLYGON 4
53
90
71
54
POLYGON 4
54
71
72
55
POLYGON 4
55
72
73
56
POLYGON 4
56
73
74
57
POLYGON 4
57
74
75
58
POLYGON 4
58
75
76
59
POLYGON 4
59
76
77
60
POLYGON 4
60
77
78
61
POLYGON 4
61
78
79
62
POLYGON 4
79
80
63
62
POLYGON 4
81
64
63
80
POLYGON 4
81
82
65
64
POLYGON 4
65
82
83
66
POLYGON 4
66
83
84
67
POLYGON 4
67
84
85
70
POLYGON 4
68
69
86
87
POLYGON 4
70
85
86
69
POLYGON 20
71
90
89
88
87
86
85
84
83
82
81
80
79
78
77
76
75
74
73
72
POLYGON 4
93
91
92
94
POLYGON 4
95
93
94
96
POLYGON 4
97
95
96
98
POLYGON 4
99
97
98
100
POLYGON 4
101
99
100
102
POLYGON 4
103
101
102
104
POLYGON 4
105
103
104
106
POLYGON 4
107
105
106
108
POLYGON 4
109
107
108
110
POLYGON 4
111
109
110
112
POLYGON 20
91
93
95
97
99
101
103
105
107
109
111
113
114
115
116
117
118
119
120
121
POLYGON 4
140
161
142
122
POLYGON 4
122
142
143
123
POLYGON 4
123
143
144
124
POLYGON 4
124
144
145
125
POLYGON 4
125
145
146
126
POLYGON 4
126
146
147
127
POLYGON 4
127
147
148
128
POLYGON 4
128
148
149
129
POLYGON 4
129
149
150
130
POLYGON 4
130
150
151
131
POLYGON 4
131
151
152
132
POLYGON 4
132
152
153
133
POLYGON 4
133
153
154
134
POLYGON 4
134
154
155
135
POLYGON 4
135
155
156
136
POLYGON 4
136
156
157
137
POLYGON 4
137
157
158
138
POLYGON 4
138
158
159
139
POLYGON 4
139
159
160
141
POLYGON 4
141
160
161
140
POLYGON 20
142
161
160
159
158
157
156
155
154
153
152
151
150
149
148
147
146
145
144
143
NULL
