VERTEX 61.437988 68.000046 467.551575
VERTEX 61.437988 28.000046 467.551575
VERTEX 47.022594 68.000046 445.977417
VERTEX 47.022594 28.000044 445.977417
VERTEX 25.448460 68.000046 431.562012
VERTEX 25.448460 28.000042 431.562012
VERTEX 0.000000 68.000046 426.500000
VERTEX 0.000000 28.000042 426.500000
VERTEX -25.448458 68.000046 431.562012
VERTEX -25.448458 28.000042 431.562012
VERTEX -47.022606 68.000046 445.977417
VERTEX -47.022606 28.000044 445.977417
VERTEX -61.437988 68.000046 467.551575
VERTEX -61.437988 28.000046 467.551575
VERTEX -66.500000 68.000046 493.000000
VERTEX -66.500000 28.000048 493.000000
VERTEX -61.437988 68.000046 518.448425
VERTEX -61.437988 28.000050 518.448425
VERTEX -47.022602 68.000053 540.022583
VERTEX -47.022602 28.000051 540.022583
VERTEX -25.448446 68.000053 554.437988
VERTEX -25.448446 28.000051 554.437988
VERTEX 0.000000 68.000053 559.500000
VERTEX 0.000000 28.000051 559.500000
VERTEX 25.448448 68.000053 554.437988
VERTEX 25.448448 28.000051 554.437988
VERTEX 47.022598 68.000053 540.022583
VERTEX 47.022598 28.000051 540.022583
VERTEX 61.437988 68.000046 518.448425
VERTEX 61.437988 28.000050 518.448425
VERTEX 66.500000 68.000046 493.000000
VERTEX 66.500000 28.000048 493.000000
VERTEX 61.437988 -67.999954 518.448425
VERTEX 61.437988 -27.999950 518.448425
VERTEX 47.022598 -67.999947 540.022583
VERTEX 47.022598 -27.999949 540.022583
VERTEX 25.448448 -67.999947 554.437988
VERTEX 25.448448 -27.999949 554.437988
VERTEX 0.000000 -67.999947 559.500000
VERTEX 0.000000 -27.999949 559.500000
VERTEX -25.448446 -67.999947 554.437988
VERTEX -25.448446 -27.999949 554.437988
VERTEX -47.022602 -67.999947 540.022583
VERTEX -47.022602 -27.999949 540.022583
VERTEX -61.437988 -67.999954 518.448425
VERTEX -61.437988 -27.999950 518.448425
VERTEX -66.500000 -67.999954 493.000000
VERTEX -66.500000 -27.999952 493.000000
VERTEX -61.437988 -67.999954 467.551575
VERTEX -61.437988 -27.999954 467.551575
VERTEX -47.022606 -67.999954 445.977417
VERTEX -47.022606 -27.999956 445.977417
VERTEX -25.448458 -67.999954 431.562012
VERTEX -25.448458 -27.999958 431.562012
VERTEX 0.000000 -67.999954 426.500000
VERTEX 0.000000 -27.999958 426.500000
VERTEX 25.448460 -67.999954 431.562012
VERTEX 25.448460 -27.999958 431.562012
VERTEX 47.022594 -67.999954 445.977417
VERTEX 47.022594 -27.999956 445.977417
VERTEX 61.437988 -67.999954 467.551575
VERTEX 61.437988 -27.999954 467.551575
VERTEX 66.500000 -67.999954 493.000000
VERTEX 66.500000 -27.999952 493.000000
VERTEX -61.437988 -65.999954 467.551575
VERTEX -92.586929 -65.971451 469.722778
VERTEX -66.500000 -65.999954 493.000000
VERTEX -92.586929 -27.999954 469.722778
VERTEX -61.437988 -27.999954 467.551575
VERTEX -66.500000 -27.999952 493.000000
VERTEX -61.437988 66.000046 467.551575
VERTEX -61.437988 28.000046 467.551575
VERTEX -92.586929 28.000046 469.722717
VERTEX -92.593452 66.000046 469.611023
VERTEX -66.500000 66.000046 493.000000
VERTEX -66.500000 28.000048 493.000000
VERTEX 73.051376 95.202408 0.000000
VERTEX 84.852814 84.852821 0.000000
VERTEX 95.202400 73.051384 0.000000
VERTEX 103.923042 60.000019 0.000000
VERTEX 110.865547 45.922020 0.000000
VERTEX 115.911102 31.058294 0.000000
VERTEX 118.973381 15.663155 0.000000
VERTEX 120.000000 0.000000 0.000000
VERTEX 118.973381 -15.663139 0.000000
VERTEX 115.911095 -31.058279 0.000000
VERTEX 110.865547 -45.922001 0.000000
VERTEX 103.923050 -59.999985 0.000000
VERTEX 95.202400 -73.051361 0.000000
VERTEX 84.852814 -84.852806 0.000000
VERTEX 73.051369 -95.202393 0.000000
VERTEX 116.825829 -15.380404 36.043625
VERTEX 117.854240 0.000000 35.705490
VERTEX 113.760315 -30.481972 37.051517
VERTEX 116.825829 15.380429 36.043610
VERTEX 113.760323 30.482000 37.051495
VERTEX 108.716316 -45.031757 38.709904
VERTEX 108.716316 45.031776 38.709881
VERTEX 86.543320 -78.741447 46.000008
VERTEX 82.898071 -82.898056 46.000008
VERTEX 93.112213 -71.447487 43.840260
VERTEX 101.789879 -58.768402 40.987186
VERTEX 86.543320 78.741478 45.999992
VERTEX 82.898071 82.898087 45.999992
VERTEX 73.051376 91.533409 45.999992
VERTEX 73.051376 -91.533379 46.000008
VERTEX 93.112213 71.447525 43.840252
VERTEX 101.789871 58.768433 40.987179
VERTEX 0.000000 -119.999992 0.000000
VERTEX -15.663130 -118.973381 0.000000
VERTEX -31.058296 -115.911087 0.000000
VERTEX -45.922020 -110.865532 0.000000
VERTEX -60.000004 -103.923035 0.000000
VERTEX -73.051376 -95.202393 0.000000
VERTEX -84.852814 -84.852806 0.000000
VERTEX -95.202400 -73.051369 0.000000
VERTEX -103.923042 -59.999996 0.000000
VERTEX -110.865547 -45.921997 0.000000
VERTEX -115.911102 -31.058275 0.000000
VERTEX -118.973381 -15.663136 0.000000
VERTEX -120.000000 0.000000 0.000000
VERTEX -118.973381 15.663158 0.000000
VERTEX -115.911095 31.058298 0.000000
VERTEX -110.865547 45.922024 0.000000
VERTEX -103.923050 60.000008 0.000000
VERTEX -95.202400 73.051376 0.000000
VERTEX -84.852814 84.852821 0.000000
VERTEX -73.051369 95.202408 0.000000
VERTEX -60.000000 103.923058 0.000000
VERTEX -45.922012 110.865555 0.000000
VERTEX -31.058287 115.911110 0.000000
VERTEX -15.663143 118.973389 0.000000
VERTEX 0.000000 120.000008 0.000000
VERTEX -79.021156 89.967094 379.909546
VERTEX -73.051369 95.202446 313.683502
VERTEX -84.852814 84.852867 378.198730
VERTEX -95.202400 73.051422 375.162476
VERTEX 0.000000 88.134460 403.091797
VERTEX -15.663143 118.973389 12.986533
VERTEX -31.058287 115.911118 51.723595
VERTEX -45.922012 110.865570 115.548607
VERTEX -60.000000 103.923080 203.369431
VERTEX 0.000000 -88.134354 403.091858
VERTEX -103.923050 60.000038 275.478333
VERTEX -98.156044 68.630989 374.295959
VERTEX -110.865547 45.922043 156.518738
VERTEX -115.911095 31.058308 70.063324
VERTEX -118.973381 15.663161 17.591093
VERTEX -118.973381 -15.663133 17.591097
VERTEX -115.911102 -31.058266 70.063202
VERTEX -110.865547 -45.921978 156.518738
VERTEX -103.923042 -59.999966 275.478455
VERTEX -98.156044 -68.630882 374.295959
VERTEX -79.021164 -89.966988 379.909515
VERTEX -73.051376 -95.202354 313.683502
VERTEX -60.000004 -103.923012 203.369583
VERTEX -45.922020 -110.865517 115.548729
VERTEX -31.058296 -115.911079 51.723717
VERTEX -15.663130 -118.973381 12.986474
VERTEX -84.852814 -84.852760 378.198700
VERTEX -95.202400 -73.051323 375.162476
VERTEX 0.000000 120.000008 0.000000
VERTEX 15.663130 118.973396 0.000000
VERTEX 31.058296 115.911102 0.000000
VERTEX 45.922020 110.865547 0.000000
VERTEX 60.000004 103.923050 0.000000
VERTEX 73.051376 95.202408 0.000000
VERTEX 84.852814 84.852821 0.000000
VERTEX 91.380486 77.409439 0.000000
VERTEX 91.380486 -77.409416 0.000000
VERTEX 84.852814 -84.852806 0.000000
VERTEX 73.051369 -95.202393 0.000000
VERTEX 60.000000 -103.923042 0.000000
VERTEX 45.922012 -110.865540 0.000000
VERTEX 31.058287 -115.911095 0.000000
VERTEX 15.663143 -118.973373 0.000000
VERTEX 0.000000 -119.999992 0.000000
VERTEX 0.000000 88.134460 403.091797
VERTEX 0.000000 -88.134354 403.091858
VERTEX 15.249554 -115.831841 52.726051
VERTEX 28.030416 -104.610909 194.667862
VERTEX 36.994659 -89.312958 388.182861
VERTEX 37.636124 -87.261520 414.133057
VERTEX 37.636127 87.261627 414.133057
VERTEX 36.994663 89.313065 388.182800
VERTEX 28.030422 104.610954 194.668015
VERTEX 15.249543 115.831902 52.725685
VERTEX 43.983814 84.006775 415.995239
VERTEX 48.759678 84.454285 374.078033
VERTEX 80.970047 -80.970024 91.371269
VERTEX 80.970047 80.970070 91.371284
VERTEX 64.382408 83.904823 236.959076
VERTEX 43.983814 -84.006676 415.995300
VERTEX 48.759674 -84.454178 374.078064
VERTEX 64.382408 -83.904747 236.959137
VERTEX -84.854431 -84.852760 378.204224
VERTEX -95.204376 -73.051323 375.169220
VERTEX -95.202400 -73.051323 375.162476
VERTEX -98.128769 -68.671715 374.303955
VERTEX -98.156044 -68.630890 374.295959
VERTEX -98.155602 -68.634544 374.303497
VERTEX -93.971390 -69.392265 446.000000
VERTEX -53.870789 -74.755104 443.571716
VERTEX -79.131508 -89.870216 379.877136
VERTEX -84.852814 -84.852760 378.198700
VERTEX -78.915535 -89.966583 379.547729
VERTEX -64.002762 -65.307945 478.108459
VERTEX -98.156044 -47.465992 374.295959
VERTEX 0.107939 -88.134018 402.723877
VERTEX -93.971390 -72.022377 446.000000
VERTEX -93.971390 72.022469 446.000000
VERTEX -93.971390 69.392357 446.000000
VERTEX -95.206581 73.048897 375.168549
VERTEX -93.756844 75.680641 431.869629
VERTEX -95.205589 -73.049934 375.168854
VERTEX -84.854767 -84.852783 378.205444
VERTEX -79.135551 -89.868408 379.883270
VERTEX -94.814140 -75.705681 431.559448
VERTEX -94.814140 -69.246864 431.559448
VERTEX -98.151131 -68.671135 374.380219
VERTEX -98.130730 -68.671135 374.310699
VERTEX -93.756859 -75.681129 431.869629
VERTEX -93.573769 -69.285431 431.923340
VERTEX -78.372581 -69.285439 380.107117
VERTEX -78.961700 -89.864380 379.934265
VERTEX -78.915543 89.966660 379.547729
VERTEX -79.131546 89.870285 379.877167
VERTEX -94.814140 75.705772 431.559448
VERTEX -53.870785 74.755196 443.571716
VERTEX -93.756866 75.681526 431.869629
VERTEX -92.593452 66.000046 469.611023
VERTEX -95.204857 73.051422 375.170837
VERTEX -84.854286 84.852867 378.203735
VERTEX -79.135559 89.868492 379.883270
VERTEX -78.961700 89.864456 379.934265
VERTEX -42.823784 89.025970 390.534546
VERTEX -98.156044 68.630974 374.295959
VERTEX -98.155609 68.634590 374.303406
VERTEX -98.128769 68.671799 374.303955
VERTEX -95.204376 73.051422 375.169220
VERTEX -95.202400 73.051422 375.162476
VERTEX -84.852814 84.852867 378.198730
VERTEX -84.854813 84.852837 378.205414
VERTEX 0.107927 88.134094 402.723877
VERTEX -42.823784 89.025658 390.535767
VERTEX -42.823784 89.129684 390.132812
VERTEX -98.130730 68.671211 374.310699
VERTEX -78.372581 69.285515 380.107117
VERTEX -93.573769 69.285522 431.923340
VERTEX -94.814140 69.246956 431.559448
VERTEX -98.151123 68.671211 374.380219
VERTEX -63.260582 66.000046 475.578613
VERTEX -23.630569 66.000046 483.641113
VERTEX -23.630589 -65.999954 483.641113
VERTEX -93.971390 28.000044 446.000000
VERTEX -93.971390 -27.999956 446.000000
VERTEX -12.587900 -27.999956 446.000000
VERTEX -0.001924 88.031662 403.098328
VERTEX 0.000000 88.033470 403.091797
VERTEX 0.000000 66.000031 403.091797
VERTEX 0.000000 -88.033379 403.091858
VERTEX -0.001915 -88.031593 403.098389
VERTEX -0.001917 66.000038 403.098328
VERTEX -92.586929 28.000046 469.722717
VERTEX -92.586929 65.971550 469.722717
VERTEX -25.335390 64.410477 489.452209
VERTEX -25.335400 28.000048 489.452209
VERTEX -92.586929 -65.971451 469.722778
VERTEX -92.586929 -27.999954 469.722778
VERTEX -25.335434 -27.999952 489.452209
VERTEX -25.335390 -64.410378 489.452271
VERTEX -12.587857 28.000044 446.000000
VERTEX -0.001917 -65.999962 403.098389
VERTEX -38.669292 -65.999962 391.754578
VERTEX -38.669296 -88.929146 391.754578
VERTEX -63.260590 -65.999954 475.578613
VERTEX -38.669292 88.929230 391.754578
VERTEX -38.669292 66.000038 391.754578
VERTEX -63.261768 66.000046 475.582703
VERTEX -23.590429 66.000046 483.649231
VERTEX -0.001917 66.000038 403.098328
VERTEX -23.595045 66.000046 483.648315
VERTEX -23.607651 66.000046 483.645752
VERTEX -23.630589 66.000046 483.641052
VERTEX 37.845825 87.153122 414.201660
VERTEX 37.745628 87.261276 413.762329
VERTEX 0.107930 88.134094 402.723877
VERTEX -0.001919 88.031677 403.098328
VERTEX 21.448191 66.000038 492.812134
VERTEX -25.335392 64.410477 489.452209
VERTEX 18.648422 63.389515 502.355652
VERTEX 43.981895 84.006775 416.001770
VERTEX 43.983814 84.006775 415.995239
VERTEX 37.844036 87.155022 414.194031
VERTEX 21.448196 -65.999947 492.812134
VERTEX -23.630583 -65.999954 483.641113
VERTEX -0.001916 -65.999962 403.098389
VERTEX 43.981895 -65.999954 416.001831
VERTEX -25.335392 -64.410370 489.452271
VERTEX 18.648422 -63.389404 502.355713
VERTEX -0.001914 -88.031593 403.098389
VERTEX 0.107942 -88.134018 402.723877
VERTEX 37.745544 -87.261200 413.762329
VERTEX 37.845715 -87.153069 414.201660
VERTEX 37.843971 -87.154945 414.194031
VERTEX 43.983814 -84.006676 415.995300
VERTEX 43.981899 -84.006676 416.001831
VERTEX 43.981899 66.000031 416.001770
VERTEX 21.445667 66.000038 492.811646
VERTEX -12.587893 28.000044 446.000000
VERTEX 35.181408 28.000044 446.000000
VERTEX 35.181355 -27.999956 446.000000
VERTEX -12.587872 -27.999956 446.000000
VERTEX -25.335402 28.000048 489.452209
VERTEX 18.648420 28.000048 502.355652
VERTEX -25.335394 -27.999952 489.452271
VERTEX 18.648396 -27.999952 502.355652
VERTEX 0.000000 -88.033379 403.091858
VERTEX 0.000000 88.033470 403.091797
VERTEX 35.181389 -65.999947 446.000000
VERTEX 35.181377 66.000038 446.000000
POLYGON 4
29
31
30
28
POLYGON 4
27
29
28
26
POLYGON 4
25
27
26
24
POLYGON 4
23
25
24
22
POLYGON 4
21
23
22
20
POLYGON 4
19
21
20
18
POLYGON 4
17
19
18
16
POLYGON 4
15
17
16
14
POLYGON 4
13
15
14
12
POLYGON 4
11
13
12
10
POLYGON 4
9
11
10
8
POLYGON 4
7
9
8
6
POLYGON 4
5
7
6
4
POLYGON 4
3
5
4
2
POLYGON 4
1
3
2
0
POLYGON 4
31
1
0
30
POLYGON 16
31
29
27
25
23
21
19
17
15
13
11
9
7
5
3
1
POLYGON 4
61
63
62
60
POLYGON 4
59
61
60
58
POLYGON 4
57
59
58
56
POLYGON 4
55
57
56
54
POLYGON 4
53
55
54
52
POLYGON 4
51
53
52
50
POLYGON 4
49
51
50
48
POLYGON 4
47
49
48
46
POLYGON 4
45
47
46
44
POLYGON 4
43
45
44
42
POLYGON 4
41
43
42
40
POLYGON 4
39
41
40
38
POLYGON 4
37
39
38
36
POLYGON 4
35
37
36
34
POLYGON 4
33
35
34
32
POLYGON 4
63
33
32
62
POLYGON 16
63
61
59
57
55
53
51
49
47
45
43
41
39
37
35
33
POLYGON 3
66
65
64
POLYGON 3
69
68
67
POLYGON 4
66
69
67
65
POLYGON 3
73
74
70
POLYGON 3
75
72
71
POLYGON 4
75
74
73
72
POLYGON 4
91
84
83
92
POLYGON 4
93
85
84
91
POLYGON 4
92
83
82
94
POLYGON 4
94
82
81
95
POLYGON 4
96
86
85
93
POLYGON 4
95
81
80
97
POLYGON 4
100
88
87
101
POLYGON 4
101
87
86
96
POLYGON 4
107
79
78
106
POLYGON 4
97
80
79
107
POLYGON 4
104
103
77
76
POLYGON 4
105
90
89
99
POLYGON 15
76
77
78
79
80
81
82
83
84
85
86
87
88
89
90
POLYGON 5
98
99
89
88
100
POLYGON 6
102
103
104
105
99
98
POLYGON 5
102
106
78
77
103
POLYGON 13
98
100
101
96
93
91
92
94
95
97
107
106
102
POLYGON 3
120
119
148
POLYGON 3
158
109
108
POLYGON 3
147
121
120
POLYGON 3
132
131
138
POLYGON 4
150
117
116
151
POLYGON 4
149
118
117
150
POLYGON 4
148
119
118
149
POLYGON 4
154
113
112
155
POLYGON 4
155
112
111
156
POLYGON 4
156
111
110
157
POLYGON 4
157
110
109
158
POLYGON 4
146
122
121
147
POLYGON 4
145
123
122
146
POLYGON 4
143
124
123
145
POLYGON 4
138
131
130
139
POLYGON 4
139
130
129
140
POLYGON 4
140
129
128
141
POLYGON 4
141
128
127
134
POLYGON 4
160
115
114
159
POLYGON 4
135
126
125
136
POLYGON 10
137
133
135
136
144
152
160
159
153
142
POLYGON 5
152
151
116
115
160
POLYGON 5
159
114
113
154
153
POLYGON 8
142
153
154
155
156
157
158
108
POLYGON 11
145
146
147
120
148
149
150
151
152
144
143
POLYGON 5
136
125
124
143
144
POLYGON 8
133
137
132
138
139
140
141
134
POLYGON 5
133
134
127
126
135
POLYGON 25
108
109
110
111
112
113
114
115
116
117
118
119
120
121
122
123
124
125
126
127
128
129
130
131
132
POLYGON 3
176
175
179
POLYGON 3
186
162
161
POLYGON 3
189
170
169
POLYGON 3
168
167
190
POLYGON 4
179
175
174
180
POLYGON 4
180
174
173
181
POLYGON 4
185
163
162
186
POLYGON 4
184
164
163
185
POLYGON 4
194
171
170
189
POLYGON 4
193
172
171
194
POLYGON 4
190
167
166
191
POLYGON 4
191
166
165
188
POLYGON 6
183
177
178
182
192
187
POLYGON 6
182
181
173
172
193
192
POLYGON 10
189
169
168
190
191
188
187
192
193
194
POLYGON 6
187
188
165
164
184
183
POLYGON 6
177
183
184
185
186
161
POLYGON 6
178
176
179
180
181
182
POLYGON 16
161
162
163
164
165
166
167
168
169
170
171
172
173
174
175
176
POLYGON 3
207
199
200
POLYGON 3
220
219
200
POLYGON 3
242
239
231
POLYGON 3
233
232
242
POLYGON 3
235
234
244
POLYGON 3
237
250
246
POLYGON 3
275
274
273
POLYGON 3
278
277
276
POLYGON 4
270
269
268
267
POLYGON 4
217
202
206
267
POLYGON 4
216
205
208
261
POLYGON 4
253
270
206
275
POLYGON 4
274
202
221
224
POLYGON 4
268
255
209
267
POLYGON 4
220
198
197
196
POLYGON 4
220
200
199
198
POLYGON 4
218
217
209
201
POLYGON 4
216
215
204
203
POLYGON 4
254
263
264
210
POLYGON 4
249
211
210
227
POLYGON 4
274
261
272
273
POLYGON 4
262
257
276
277
POLYGON 4
227
229
248
249
POLYGON 4
247
248
213
234
POLYGON 4
221
217
218
222
POLYGON 4
224
221
222
223
POLYGON 4
235
245
225
233
POLYGON 4
226
241
232
233
POLYGON 4
227
230
251
228
POLYGON 4
276
234
229
228
POLYGON 4
265
252
230
264
POLYGON 4
237
246
238
236
POLYGON 4
246
239
240
238
POLYGON 4
242
241
240
239
POLYGON 4
245
244
257
243
POLYGON 4
252
262
277
251
POLYGON 4
253
275
273
272
POLYGON 4
254
255
256
271
POLYGON 4
271
266
263
254
POLYGON 4
268
269
256
255
POLYGON 4
262
259
258
257
POLYGON 4
262
261
260
259
POLYGON 4
266
265
264
263
POLYGON 5
197
204
195
215
196
POLYGON 6
211
250
236
200
219
201
POLYGON 6
233
242
212
246
247
234
POLYGON 6
223
220
214
215
216
224
POLYGON 5
220
223
222
218
219
POLYGON 5
250
249
248
247
246
POLYGON 3
282
280
283
POLYGON 4
284
285
286
287
POLYGON 4
288
283
289
290
POLYGON 4
284
291
292
293
POLYGON 4
294
295
296
297
POLYGON 4
298
295
294
299
POLYGON 4
300
301
302
303
POLYGON 4
303
304
305
306
POLYGON 4
309
312
311
310
POLYGON 4
306
305
292
291
POLYGON 4
317
300
287
318
POLYGON 4
289
313
314
290
POLYGON 4
315
298
299
316
POLYGON 4
279
280
282
281
POLYGON 4
307
320
319
297
POLYGON 5
288
307
280
279
308
POLYGON 5
300
303
306
297
296
POLYGON 5
307
291
284
287
280
POLYGON 5
294
319
311
316
299
POLYGON 5
310
320
288
290
314
NULL
