VERTEX 61.437988 -67.999954 518.448425
VERTEX 47.022598 -67.999947 540.022583
VERTEX 25.448448 -67.999947 554.437988
VERTEX 0.000000 -67.999947 559.500000
VERTEX -25.448446 -67.999947 554.437988
VERTEX -47.022602 -67.999947 540.022583
VERTEX -61.437988 -67.999954 518.448425
VERTEX -66.500000 -67.999954 493.000000
VERTEX -61.437988 -67.999954 467.551575
VERTEX -47.022606 -67.999954 445.977417
VERTEX -25.448458 -67.999954 431.562012
VERTEX 0.000000 -67.999954 426.500000
VERTEX 25.448460 -67.999954 431.562012
VERTEX 47.022594 -67.999954 445.977417
VERTEX 61.437988 -67.999954 467.551575
VERTEX 66.500000 -67.999954 493.000000
VERTEX 61.437988 68.000046 467.551575
VERTEX 47.022594 68.000046 445.977417
VERTEX 25.448460 68.000046 431.562012
VERTEX 0.000000 68.000046 426.500000
VERTEX -25.448458 68.000046 431.562012
VERTEX -47.022606 68.000046 445.977417
VERTEX -61.437988 68.000046 467.551575
VERTEX -66.500000 68.000046 493.000000
VERTEX -61.437988 68.000046 518.448425
VERTEX -47.022602 68.000053 540.022583
VERTEX -25.448446 68.000053 554.437988
VERTEX 0.000000 68.000053 559.500000
VERTEX 25.448448 68.000053 554.437988
VERTEX 47.022598 68.000053 540.022583
VERTEX 61.437988 68.000046 518.448425
VERTEX 66.500000 68.000046 493.000000
POLYGON 16
15
0
1
2
3
4
5
6
7
8
9
10
11
12
13
14
POLYGON 16
31
16
17
18
19
20
21
22
23
24
25
26
27
28
29
30
NULL
