VERTEX 35.000000 0.000000 -28.000000
VERTEX 35.000000 0.000000 28.000000
VERTEX 32.335785 -13.393920 -28.000000
VERTEX 32.335785 -13.393920 28.000000
VERTEX 24.748734 -24.748741 -28.000000
VERTEX 24.748734 -24.748741 28.000000
VERTEX 13.393926 -32.335781 -28.000000
VERTEX 13.393926 -32.335781 28.000000
VERTEX 0.000000 -35.000000 -28.000000
VERTEX 0.000000 -35.000000 28.000000
VERTEX -13.393925 -32.335781 -28.000000
VERTEX -13.393925 -32.335781 28.000000
VERTEX -24.748739 -24.748735 -28.000000
VERTEX -24.748739 -24.748735 28.000000
VERTEX -32.335785 -13.393921 -28.000000
VERTEX -32.335785 -13.393921 28.000000
VERTEX -35.000000 0.000000 -28.000000
VERTEX -35.000000 0.000000 28.000000
VERTEX -32.335781 13.393923 -28.000000
VERTEX -32.335781 13.393923 28.000000
VERTEX -24.748737 24.748737 -28.000000
VERTEX -24.748737 24.748737 28.000000
VERTEX -13.393919 32.335785 -28.000000
VERTEX -13.393919 32.335785 28.000000
VERTEX 0.000000 35.000000 -28.000000
VERTEX 0.000000 35.000000 28.000000
VERTEX 13.393920 32.335785 -28.000000
VERTEX 13.393920 32.335785 28.000000
VERTEX 24.748737 24.748737 -28.000000
VERTEX 24.748737 24.748737 28.000000
VERTEX 32.335785 13.393921 -28.000000
VERTEX 32.335785 13.393921 28.000000
VERTEX 16.697309 0.000000 25.999998
VERTEX 16.697309 75.000000 25.999998
VERTEX -16.697308 75.000000 25.999998
VERTEX -16.697308 0.000000 25.999998
VERTEX -29.102203 0.000000 12.054533
VERTEX -22.273867 0.000000 22.273861
VERTEX -22.273867 95.000000 22.273861
VERTEX -29.102203 95.000000 12.054533
VERTEX -31.500000 0.000000 0.000000
VERTEX -31.500000 95.000000 0.000000
VERTEX 29.102205 0.000000 12.054528
VERTEX 31.500000 0.000000 0.000000
VERTEX 31.500000 95.000000 0.000000
VERTEX 29.102205 95.000000 12.054528
VERTEX 22.273865 0.000000 22.273863
VERTEX 22.273865 95.000000 22.273863
VERTEX 0.000000 80.500000 31.500000
VERTEX 12.054526 78.102234 29.102205
VERTEX 12.054528 95.000000 29.102205
VERTEX 0.000000 95.000000 31.500000
VERTEX -12.054525 78.102234 29.102205
VERTEX -12.054527 95.000000 29.102205
VERTEX -22.273867 71.273804 22.273861
VERTEX 22.273865 78.726196 22.273863
VERTEX -29.102203 0.000000 -12.054532
VERTEX -22.273863 0.000000 -22.273865
VERTEX -16.697309 0.000000 -25.999998
VERTEX 16.697302 0.000000 -26.000002
VERTEX 22.273863 0.000000 -22.273863
VERTEX 29.102205 0.000000 -12.054527
VERTEX 12.054527 78.102173 -29.102205
VERTEX 0.000000 80.500000 -31.500000
VERTEX -12.054528 78.102173 -29.102203
VERTEX -16.697309 75.000000 -25.999998
VERTEX 16.697302 75.000000 -26.000002
VERTEX 29.102205 95.000000 -12.054527
VERTEX 22.273863 95.000000 -22.273863
VERTEX 12.054530 95.000000 -29.102205
VERTEX 0.000000 95.000000 -31.500000
VERTEX -12.054528 95.000000 -29.102205
VERTEX -22.273863 95.000000 -22.273865
VERTEX -29.102203 95.000000 -12.054532
VERTEX -22.273863 71.273865 -22.273865
VERTEX 22.273863 71.273926 -22.273863
POLYGON 4
0
30
31
1
POLYGON 4
30
28
29
31
POLYGON 4
28
26
27
29
POLYGON 4
26
24
25
27
POLYGON 4
24
22
23
25
POLYGON 4
22
20
21
23
POLYGON 4
20
18
19
21
POLYGON 4
18
16
17
19
POLYGON 4
16
14
15
17
POLYGON 4
14
12
13
15
POLYGON 4
12
10
11
13
POLYGON 4
10
8
9
11
POLYGON 4
8
6
7
9
POLYGON 4
6
4
5
7
POLYGON 4
4
2
3
5
POLYGON 4
2
0
1
3
POLYGON 16
0
2
4
6
8
10
12
14
16
18
20
22
24
26
28
30
POLYGON 16
1
31
29
27
25
23
21
19
17
15
13
11
9
7
5
3
POLYGON 4
32
33
34
35
POLYGON 4
36
37
38
39
POLYGON 4
40
36
39
41
POLYGON 4
42
43
44
45
POLYGON 4
46
42
45
47
POLYGON 4
48
49
50
51
POLYGON 4
52
48
51
53
POLYGON 4
54
37
35
34
POLYGON 4
52
53
38
54
POLYGON 4
32
46
55
33
POLYGON 5
50
49
33
55
47
POLYGON 5
62
66
65
64
63
POLYGON 16
51
50
47
45
44
67
68
69
70
71
72
73
41
39
38
53
POLYGON 4
59
58
65
66
POLYGON 4
56
40
41
73
POLYGON 4
57
56
73
72
POLYGON 4
61
60
68
67
POLYGON 4
43
61
67
44
POLYGON 5
52
34
33
49
48
POLYGON 4
63
64
71
70
POLYGON 4
62
63
70
69
POLYGON 4
74
65
58
57
POLYGON 4
66
75
60
59
POLYGON 4
74
72
71
64
POLYGON 4
75
62
69
68
NULL
