VERTEX 28.575003 11.112500 -71.437500
VERTEX -11.112501 30.162498 1.587494
VERTEX -11.112499 11.112501 1.587494
VERTEX 28.575003 41.275002 1.587494
VERTEX -11.112501 41.275002 4.762497
VERTEX -28.574999 11.112501 4.762497
VERTEX 28.575003 11.112500 4.762497
VERTEX 28.575003 30.162498 4.762497
VERTEX 13.748323 30.162498 1.587494
VERTEX 25.400000 30.162498 4.762497
VERTEX 13.748323 30.162498 4.762497
VERTEX 28.575003 30.162498 1.587494
VERTEX 25.400000 30.162498 1.587494
VERTEX 28.575003 11.112500 1.587494
VERTEX 25.400000 11.112500 1.587494
VERTEX 28.575003 41.275002 4.762497
VERTEX -28.574999 41.275002 4.762497
VERTEX -28.574999 41.275002 -71.437500
VERTEX 28.575003 41.275002 -71.437500
VERTEX -28.574999 0.000000 4.762497
VERTEX 28.575003 0.000000 4.762497
VERTEX 28.575003 0.000000 -71.437500
VERTEX -28.574999 0.000000 -71.437500
VERTEX 25.400000 30.162498 -14.287502
VERTEX 25.400000 11.112500 -14.287502
VERTEX -11.112501 30.162498 4.762497
VERTEX -11.112499 30.162498 -14.287502
VERTEX -11.112499 11.112500 -14.287502
VERTEX -11.112499 11.112501 4.762497
POLYGON 4
6
20
21
0
POLYGON 4
1
26
23
12
POLYGON 4
27
2
14
24
POLYGON 4
7
15
4
25
POLYGON 4
18
3
13
0
POLYGON 4
5
19
20
6
POLYGON 4
25
1
11
7
POLYGON 4
6
13
2
28
POLYGON 4
10
8
12
9
POLYGON 4
11
3
15
7
POLYGON 4
12
23
24
14
POLYGON 4
5
28
4
16
POLYGON 4
13
11
12
14
POLYGON 4
22
17
18
21
POLYGON 4
17
22
19
16
POLYGON 4
18
17
16
15
POLYGON 4
22
21
20
19
POLYGON 4
27
24
23
26
POLYGON 4
28
27
26
25
NULL
