VERTEX -19.049999 0.000000 4.762501
VERTEX 19.049999 0.000000 4.762501
VERTEX 19.049999 30.162500 4.762501
VERTEX -19.049999 30.162500 4.762501
VERTEX -19.049999 0.000000 -47.625000
VERTEX 19.049999 0.000000 -47.625000
VERTEX -19.049999 30.162500 -23.812498
VERTEX -19.049999 0.000000 -23.812498
VERTEX 19.049999 0.000000 -23.812498
VERTEX 19.049999 30.162500 -23.812498
VERTEX -19.049999 14.287500 -23.812498
VERTEX -19.049999 14.287499 -47.625000
VERTEX 19.049999 14.287499 -23.812498
VERTEX 19.049999 14.287500 -47.625000
POLYGON 4
0
1
2
3
POLYGON 4
4
5
1
0
POLYGON 4
6
7
0
3
POLYGON 4
8
9
2
1
POLYGON 4
10
11
4
7
POLYGON 4
12
8
5
13
POLYGON 4
9
6
3
2
POLYGON 4
4
11
13
5
POLYGON 4
9
12
10
6
POLYGON 4
11
10
12
13
NULL
