VERTEX -19.049999 0.000000 -49.212498
VERTEX 19.049999 0.000000 -49.212498
VERTEX 19.049999 0.000000 28.575001
VERTEX -19.049999 0.000000 28.575001
VERTEX 19.049999 30.162500 28.575001
VERTEX -19.049999 30.162500 28.575001
VERTEX 19.049999 15.875001 -49.212498
VERTEX 19.049999 15.875000 28.575001
VERTEX -19.049999 15.875000 -49.212498
VERTEX -19.049999 15.875001 28.575001
VERTEX 19.049999 15.875000 0.000000
VERTEX 19.049999 30.162500 0.000000
VERTEX -19.049999 30.162500 0.000000
VERTEX -19.049999 15.875001 0.000000
POLYGON 4
0
1
2
3
POLYGON 4
3
2
4
5
POLYGON 4
1
6
7
2
POLYGON 4
8
0
3
9
POLYGON 4
10
11
4
7
POLYGON 4
12
13
9
5
POLYGON 4
0
8
6
1
POLYGON 4
11
12
5
4
POLYGON 4
8
13
10
6
POLYGON 4
12
11
10
13
NULL
