VERTEX 133.349854 -115.887505 0.000000
VERTEX 158.749756 -115.887505 0.000000
VERTEX 158.749756 115.887505 0.000000
VERTEX 133.349854 115.887505 0.000000
VERTEX 133.349854 -115.887505 1.587463
VERTEX 133.349854 115.887505 1.587463
VERTEX 158.749756 115.887505 1.587463
VERTEX 158.749756 -115.887505 1.587463
VERTEX -133.350098 -115.887505 1.587463
VERTEX -133.350098 115.887505 1.587463
VERTEX -158.750244 115.887505 1.587463
VERTEX -158.750244 -115.887505 1.587463
VERTEX -158.750244 115.887505 0.000000
VERTEX -133.350098 115.887505 0.000000
VERTEX -133.350098 -115.887505 0.000000
VERTEX -158.750244 -115.887505 0.000000
POLYGON 4
0
1
7
4
POLYGON 4
1
2
6
7
POLYGON 4
2
3
5
6
POLYGON 4
3
0
4
5
POLYGON 4
4
7
6
5
POLYGON 4
0
3
2
1
POLYGON 4
15
14
8
11
POLYGON 4
14
13
9
8
POLYGON 4
13
12
10
9
POLYGON 4
12
15
11
10
POLYGON 4
11
8
9
10
POLYGON 4
15
12
13
14
NULL
