VERTEX 171.449707 93.662498 9.524963
VERTEX 171.449707 112.712486 9.524963
VERTEX 161.924805 112.712486 9.524963
VERTEX 161.924805 93.662498 9.524963
VERTEX 161.924805 112.712486 3.174988
VERTEX 171.449707 112.712486 3.174988
VERTEX 171.449707 93.662498 3.174988
VERTEX 161.924805 93.662498 3.174988
VERTEX 161.924805 -68.262505 3.174988
VERTEX 171.449707 -68.262505 3.174988
VERTEX 171.449707 -49.212502 3.174988
VERTEX 161.924805 -49.212502 3.174988
VERTEX 161.924805 -68.262505 9.524963
VERTEX 161.924805 -49.212502 9.524963
VERTEX 171.449707 -49.212502 9.524963
VERTEX 171.449707 -68.262505 9.524963
VERTEX 161.924805 122.237511 3.174988
VERTEX 161.924805 122.237511 0.000000
VERTEX 161.924805 -122.237511 3.174988
VERTEX 161.924805 -122.237511 0.000000
VERTEX -161.925049 122.237511 3.174988
VERTEX -161.925049 122.237511 0.000000
VERTEX -161.925049 -122.237511 3.174988
VERTEX -161.925049 -122.237511 0.000000
VERTEX 171.449707 122.237511 0.000000
VERTEX -171.450195 122.237511 0.000000
VERTEX -171.450195 -122.237511 0.000000
VERTEX 171.449707 -122.237511 0.000000
VERTEX -171.450195 122.237511 3.174988
VERTEX -171.450195 -122.237511 3.174988
VERTEX 171.449707 -122.237511 3.174988
VERTEX 171.449707 122.237511 3.174988
VERTEX 171.449707 -122.237511 -31.750000
VERTEX 171.449707 122.237511 -31.750000
VERTEX -171.450195 122.237511 -31.750000
VERTEX -171.450195 -122.237511 -31.750000
POLYGON 4
7
4
5
6
POLYGON 4
3
0
1
2
POLYGON 4
4
7
3
2
POLYGON 4
5
4
2
1
POLYGON 4
6
5
1
0
POLYGON 4
7
6
0
3
POLYGON 4
8
11
10
9
POLYGON 4
12
15
14
13
POLYGON 4
11
8
12
13
POLYGON 4
10
11
13
14
POLYGON 4
9
10
14
15
POLYGON 4
8
9
15
12
POLYGON 4
23
19
17
21
POLYGON 4
22
23
21
20
POLYGON 4
16
17
19
18
POLYGON 4
29
22
20
28
POLYGON 4
18
30
31
16
POLYGON 4
17
16
31
24
POLYGON 4
19
27
30
18
POLYGON 4
21
25
28
20
POLYGON 4
23
22
29
26
POLYGON 4
25
24
33
34
POLYGON 4
27
26
35
32
POLYGON 4
29
28
34
35
POLYGON 4
31
30
32
33
POLYGON 4
35
34
33
32
NULL
