VERTEX 3797.300049 293.687500 584.200012
VERTEX 3797.300049 293.687500 574.674988
VERTEX 3816.350098 293.687500 574.674988
VERTEX 3816.350098 293.687500 584.200012
VERTEX 3829.050049 293.687500 539.750000
VERTEX 3829.050049 293.687500 574.674988
VERTEX 3784.600098 293.687500 574.674988
VERTEX 3784.600098 293.687500 539.750000
VERTEX 3784.600098 293.687500 612.775024
VERTEX 3784.600098 293.687500 584.200012
VERTEX 3829.050049 293.687500 584.200012
VERTEX 3829.050049 293.687500 612.775024
VERTEX 3829.050049 1141.412476 574.674988
VERTEX 3816.350098 1141.412476 574.674988
VERTEX 3829.050049 1141.412476 539.750000
VERTEX 3797.300293 1141.412476 574.674988
VERTEX 3784.600098 1141.412476 574.674988
VERTEX 3784.600098 1141.412476 539.750000
VERTEX 3784.600098 1141.412476 612.775024
VERTEX 3784.600098 1141.412476 584.200012
VERTEX 3797.300293 1141.412476 584.200012
VERTEX 3816.350098 1141.412476 584.200012
VERTEX 3829.050049 1141.412476 612.775024
VERTEX 3829.050049 1141.412476 584.200012
VERTEX 3508.375000 293.687531 584.200012
VERTEX 3508.375000 293.687531 574.674988
VERTEX 3527.425049 293.687531 574.674988
VERTEX 3527.425049 293.687531 584.200012
VERTEX 3540.125000 293.687531 539.750000
VERTEX 3540.125000 293.687531 574.674988
VERTEX 3495.675049 293.687531 574.674988
VERTEX 3495.675049 293.687531 539.750000
VERTEX 3495.675049 293.687531 612.775024
VERTEX 3495.675049 293.687531 584.200012
VERTEX 3540.125000 293.687531 584.200012
VERTEX 3540.125000 293.687531 612.775024
VERTEX 3540.125244 1141.412476 574.674988
VERTEX 3527.425049 1141.412476 574.674988
VERTEX 3540.125244 1141.412476 539.750000
VERTEX 3508.375244 1141.412476 574.674988
VERTEX 3495.675049 1141.412476 574.674988
VERTEX 3495.675049 1141.412476 539.750000
VERTEX 3495.675049 1141.412476 612.775024
VERTEX 3495.675049 1141.412476 584.200012
VERTEX 3508.375244 1141.412476 584.200012
VERTEX 3527.425049 1141.412476 584.200012
VERTEX 3540.125244 1141.412476 612.775024
VERTEX 3540.125244 1141.412476 584.200012
VERTEX 3784.600098 363.537476 584.200012
VERTEX 3784.600098 376.237488 584.200012
VERTEX 3784.600098 376.237488 601.662476
VERTEX 3784.600098 363.537476 574.674988
VERTEX 3784.600098 376.237488 557.212463
VERTEX 3784.600098 376.237488 574.674988
VERTEX 3784.600098 341.312531 569.912476
VERTEX 3784.600098 350.837524 569.912476
VERTEX 3784.600098 350.837524 588.962463
VERTEX 3784.600098 341.312500 588.962463
VERTEX 3784.600098 350.837524 557.212463
VERTEX 3784.600098 350.837524 601.662476
VERTEX 3784.600098 328.612518 574.674988
VERTEX 3784.600098 315.912506 574.674988
VERTEX 3784.600098 315.912506 557.212463
VERTEX 3784.600098 328.612518 584.200012
VERTEX 3784.600098 315.912506 601.662476
VERTEX 3784.600098 315.912506 584.200012
VERTEX 3784.600098 341.312500 601.662476
VERTEX 3784.600098 341.312531 557.212463
VERTEX 3540.125000 315.912506 601.662476
VERTEX 3540.125000 341.312531 601.662476
VERTEX 3540.125000 376.237549 574.674988
VERTEX 3540.125000 363.537537 574.674988
VERTEX 3540.125000 315.912506 584.199951
VERTEX 3540.125000 328.612518 584.199951
VERTEX 3540.125000 341.312531 588.962463
VERTEX 3540.125000 341.312531 569.912476
VERTEX 3540.125000 350.837524 569.912476
VERTEX 3540.125000 350.837524 588.962463
VERTEX 3540.125000 376.237549 557.212463
VERTEX 3540.125000 350.837524 557.212463
VERTEX 3540.125000 341.312531 557.212463
VERTEX 3540.125000 315.912506 557.212463
VERTEX 3540.125000 363.537537 584.199951
VERTEX 3540.125000 315.912506 574.674988
VERTEX 3540.125000 328.612518 574.674988
VERTEX 3540.125000 350.837524 601.662476
VERTEX 3540.125000 376.237549 584.199951
VERTEX 3540.125000 376.237549 601.662476
VERTEX 3540.125000 1136.650024 601.662598
VERTEX 3540.125000 1136.650024 584.200073
VERTEX 3540.125000 1111.250000 601.662537
VERTEX 3540.125000 1089.025024 574.675049
VERTEX 3540.125000 1076.324951 574.675049
VERTEX 3540.125000 1123.949951 584.200073
VERTEX 3540.125000 1076.324951 557.212585
VERTEX 3540.125000 1101.724976 557.212585
VERTEX 3540.125000 1111.250000 557.212585
VERTEX 3540.125000 1136.650024 557.212585
VERTEX 3540.125000 1111.250000 588.962585
VERTEX 3540.125000 1111.250000 569.912537
VERTEX 3540.125000 1101.724976 569.912537
VERTEX 3540.125000 1101.724976 588.962585
VERTEX 3540.125000 1089.025024 584.200073
VERTEX 3540.125000 1076.324951 584.200073
VERTEX 3540.125000 1123.949951 574.675049
VERTEX 3540.125000 1136.650024 574.675049
VERTEX 3540.125000 1101.724976 601.662537
VERTEX 3540.125000 1076.324951 601.662537
VERTEX 3784.600098 1101.724976 557.212585
VERTEX 3784.600098 1101.724976 601.662598
VERTEX 3784.600098 1076.324951 584.200073
VERTEX 3784.600098 1076.324951 601.662598
VERTEX 3784.600098 1089.025024 584.200073
VERTEX 3784.600098 1076.324951 557.212585
VERTEX 3784.600098 1076.324951 574.675110
VERTEX 3784.600098 1089.025024 574.675110
VERTEX 3784.600098 1111.250000 601.662598
VERTEX 3784.600098 1111.250000 557.212585
VERTEX 3784.600098 1101.724976 588.962585
VERTEX 3784.600098 1111.250000 588.962585
VERTEX 3784.600098 1111.250000 569.912598
VERTEX 3784.600098 1101.724976 569.912598
VERTEX 3784.600098 1136.650024 574.675110
VERTEX 3784.600098 1136.650024 557.212585
VERTEX 3784.600098 1123.949951 574.675110
VERTEX 3784.600098 1136.650024 601.662598
VERTEX 3784.600098 1136.650024 584.200073
VERTEX 3784.600098 1123.949951 584.200073
VERTEX 3784.600098 1074.737549 84.137497
VERTEX 3784.600098 1074.737549 71.437500
VERTEX 3784.600098 1092.199951 71.437500
VERTEX 3784.600098 1065.212524 84.137497
VERTEX 3784.600098 1047.750000 71.437500
VERTEX 3784.600098 1065.212524 71.437500
VERTEX 3784.600098 1060.449951 106.362495
VERTEX 3784.600098 1060.449951 96.837502
VERTEX 3784.600098 1079.500000 96.837502
VERTEX 3784.600098 1079.500000 106.362503
VERTEX 3784.600098 1047.750000 96.837502
VERTEX 3784.600098 1092.199951 96.837502
VERTEX 3784.600098 1065.212524 119.062500
VERTEX 3784.600098 1065.212524 131.762512
VERTEX 3784.600098 1047.750000 131.762497
VERTEX 3784.600098 1074.737549 119.062500
VERTEX 3784.600098 1092.199951 131.762512
VERTEX 3784.600098 1074.737549 131.762512
VERTEX 3784.600098 1092.199951 106.362503
VERTEX 3784.600098 1047.750000 106.362495
VERTEX 3540.125000 1092.199951 131.762512
VERTEX 3540.125000 1092.199951 106.362503
VERTEX 3540.125000 1065.212524 71.437500
VERTEX 3540.125000 1065.212524 84.137497
VERTEX 3540.125000 1074.737549 131.762512
VERTEX 3540.125000 1074.737549 119.062500
VERTEX 3540.125000 1079.500000 106.362495
VERTEX 3540.125000 1060.449951 106.362495
VERTEX 3540.125000 1060.449951 96.837502
VERTEX 3540.125000 1079.500000 96.837494
VERTEX 3540.125000 1047.750000 71.437500
VERTEX 3540.125000 1047.750000 96.837494
VERTEX 3540.125000 1047.750000 106.362495
VERTEX 3540.125000 1047.750000 131.762497
VERTEX 3540.125000 1074.737549 84.137497
VERTEX 3540.125000 1065.212524 131.762512
VERTEX 3540.125000 1065.212524 119.062500
VERTEX 3540.125000 1092.199951 96.837502
VERTEX 3540.125000 1074.737549 71.437500
VERTEX 3540.125000 1092.199951 71.437500
VERTEX 3540.125000 1092.199951 479.424988
VERTEX 3540.125000 1074.737427 479.424988
VERTEX 3540.125000 1092.199951 504.824982
VERTEX 3540.125000 1065.212524 527.049988
VERTEX 3540.125000 1065.212524 539.750000
VERTEX 3540.125000 1074.737427 492.125000
VERTEX 3540.125000 1047.750000 539.750000
VERTEX 3540.125000 1047.750000 514.349976
VERTEX 3540.125000 1047.750000 504.824982
VERTEX 3540.125000 1047.750000 479.424988
VERTEX 3540.125000 1079.500000 504.824982
VERTEX 3540.125000 1060.449951 504.824982
VERTEX 3540.125000 1060.449951 514.349976
VERTEX 3540.125000 1079.500000 514.349976
VERTEX 3540.125000 1074.737427 527.049988
VERTEX 3540.125000 1074.737427 539.750000
VERTEX 3540.125000 1065.212524 492.125000
VERTEX 3540.125000 1065.212524 479.424988
VERTEX 3540.125000 1092.199951 514.349976
VERTEX 3540.125000 1092.199951 539.750000
VERTEX 3784.600098 1047.750000 514.349976
VERTEX 3784.600098 1092.199951 514.349976
VERTEX 3784.600098 1074.737427 539.750000
VERTEX 3784.600098 1092.199951 539.750000
VERTEX 3784.600098 1074.737427 527.049988
VERTEX 3784.600098 1047.750000 539.750000
VERTEX 3784.600098 1065.212524 539.750000
VERTEX 3784.600098 1065.212524 527.049988
VERTEX 3784.600098 1092.199951 504.824982
VERTEX 3784.600098 1047.750000 504.824982
VERTEX 3784.600098 1079.500000 514.349976
VERTEX 3784.600098 1079.500000 504.824982
VERTEX 3784.600098 1060.449951 504.824982
VERTEX 3784.600098 1060.449951 514.349976
VERTEX 3784.600098 1065.212524 479.424988
VERTEX 3784.600098 1047.750000 479.424988
VERTEX 3784.600098 1065.212524 492.125000
VERTEX 3784.600098 1092.199951 479.424988
VERTEX 3784.600098 1074.737427 479.424988
VERTEX 3784.600098 1074.737427 492.125000
VERTEX 3540.125000 1039.812500 55.562500
VERTEX 3540.125000 1065.212524 55.562500
VERTEX 3540.125000 1065.212524 539.750000
VERTEX 3540.125000 1039.812500 539.750000
VERTEX 3540.125000 1074.737549 55.562500
VERTEX 3540.125000 1100.137573 55.562500
VERTEX 3540.125000 1100.137573 539.750000
VERTEX 3540.125000 1074.737549 539.750000
VERTEX 3527.425049 1074.737549 539.750000
VERTEX 3527.425049 1065.212524 539.750000
VERTEX 3527.425049 1065.212524 55.562500
VERTEX 3527.425049 1074.737549 55.562500
VERTEX 3522.662598 1052.512573 539.750000
VERTEX 3513.137695 1052.512573 539.750000
VERTEX 3513.137695 1052.512573 55.562500
VERTEX 3522.662598 1052.512573 55.562500
VERTEX 3513.137695 1039.812500 539.750000
VERTEX 3513.137695 1039.812500 55.562500
VERTEX 3495.675049 1039.812500 55.562500
VERTEX 3495.675049 1039.812500 539.750000
VERTEX 3522.662598 1039.812500 55.562500
VERTEX 3522.662598 1039.812500 539.750000
VERTEX 3508.375000 1065.212524 539.750000
VERTEX 3508.375000 1074.737549 539.750000
VERTEX 3508.375000 1074.737549 55.562500
VERTEX 3508.375000 1065.212524 55.562500
VERTEX 3495.675049 1074.737549 539.750000
VERTEX 3495.675049 1074.737549 55.562500
VERTEX 3495.675049 1065.212524 539.750000
VERTEX 3495.675049 1065.212524 55.562500
VERTEX 3495.675049 1100.137573 55.562500
VERTEX 3495.675049 1100.137573 539.750000
VERTEX 3513.137695 1087.437500 539.750000
VERTEX 3513.137695 1087.437500 55.562500
VERTEX 3522.662598 1087.437500 55.562500
VERTEX 3522.662598 1087.437500 539.750000
VERTEX 3522.662598 1100.137573 55.562500
VERTEX 3522.662598 1100.137573 539.750000
VERTEX 3513.137695 1100.137573 539.750000
VERTEX 3513.137695 1100.137573 55.562500
VERTEX 3495.675049 1052.512573 55.562500
VERTEX 3540.125000 1052.512573 55.562500
VERTEX 3540.125000 1087.437500 55.562500
VERTEX 3495.675049 1087.437500 55.562500
VERTEX 3784.600098 1087.437500 55.562500
VERTEX 3829.050049 1087.437500 55.562500
VERTEX 3829.050049 1052.512451 55.562500
VERTEX 3784.600098 1052.512451 55.562500
VERTEX 3802.062500 1100.137451 55.562500
VERTEX 3802.062500 1100.137451 539.750000
VERTEX 3811.587646 1100.137451 539.750000
VERTEX 3811.587646 1100.137451 55.562500
VERTEX 3811.587646 1087.437500 539.750000
VERTEX 3811.587646 1087.437500 55.562500
VERTEX 3802.062500 1087.437500 55.562500
VERTEX 3802.062500 1087.437500 539.750000
VERTEX 3784.600098 1100.137451 539.750000
VERTEX 3784.600098 1100.137451 55.562500
VERTEX 3784.600098 1065.212524 55.562500
VERTEX 3784.600098 1065.212524 539.750000
VERTEX 3784.600098 1074.737549 55.562500
VERTEX 3784.600098 1074.737549 539.750000
VERTEX 3797.300049 1065.212524 55.562500
VERTEX 3797.300049 1074.737549 55.562500
VERTEX 3797.300049 1074.737549 539.750000
VERTEX 3797.300049 1065.212524 539.750000
VERTEX 3811.587646 1039.812500 539.750000
VERTEX 3811.587646 1039.812500 55.562500
VERTEX 3784.600098 1039.812500 539.750000
VERTEX 3784.600098 1039.812500 55.562500
VERTEX 3802.062500 1039.812500 55.562500
VERTEX 3802.062500 1039.812500 539.750000
VERTEX 3811.587646 1052.512451 55.562500
VERTEX 3802.062500 1052.512451 55.562500
VERTEX 3802.062500 1052.512451 539.750000
VERTEX 3811.587646 1052.512451 539.750000
VERTEX 3816.350098 1074.737549 55.562500
VERTEX 3816.350098 1065.212524 55.562500
VERTEX 3816.350098 1065.212524 539.750000
VERTEX 3816.350098 1074.737549 539.750000
VERTEX 3829.050049 1074.737549 539.750000
VERTEX 3829.050049 1100.137451 539.750000
VERTEX 3829.050049 1100.137451 55.562500
VERTEX 3829.050049 1074.737549 55.562500
VERTEX 3829.050049 1039.812500 539.750000
VERTEX 3829.050049 1065.212524 539.750000
VERTEX 3829.050049 1065.212524 55.562500
VERTEX 3829.050049 1039.812500 55.562500
VERTEX 3841.750000 182.562561 612.774963
VERTEX 3841.750000 182.562561 523.875000
VERTEX 3829.049805 166.687500 612.774963
VERTEX 3829.049805 166.687500 523.875000
VERTEX 3841.750000 277.812531 523.875000
VERTEX 3841.750000 277.812561 612.774963
VERTEX 3829.049805 293.687500 612.774963
VERTEX 3829.049805 293.687500 523.875000
VERTEX 3784.599854 293.687500 523.875000
VERTEX 3784.599854 293.687500 612.774963
VERTEX 3771.899902 277.812592 612.774963
VERTEX 3771.899902 277.812592 523.875000
VERTEX 3784.620361 166.687500 523.875000
VERTEX 3771.899902 182.587952 523.875000
VERTEX 3771.899902 182.587952 612.774963
VERTEX 3784.620361 166.687500 612.774963
VERTEX 3495.695557 166.687500 612.774963
VERTEX 3482.975098 182.587952 612.774963
VERTEX 3482.975098 182.587952 523.875000
VERTEX 3495.695557 166.687500 523.875000
VERTEX 3482.975098 277.812592 523.875000
VERTEX 3482.975098 277.812592 612.774963
VERTEX 3495.675049 293.687500 612.774963
VERTEX 3495.675049 293.687500 523.875000
VERTEX 3540.125000 293.687500 523.875000
VERTEX 3540.125000 293.687500 612.774963
VERTEX 3552.825195 277.812561 612.774963
VERTEX 3552.825195 277.812531 523.875000
VERTEX 3540.125000 166.687500 523.875000
VERTEX 3540.125000 166.687500 612.774963
VERTEX 3552.825195 182.562561 523.875000
VERTEX 3552.825195 182.562561 612.774963
VERTEX 3444.875000 296.862518 523.875000
VERTEX 3394.074951 296.862518 523.875000
VERTEX 3394.074951 227.012543 523.875000
VERTEX 3444.875000 227.012512 523.875000
VERTEX 3394.074951 227.012543 498.475037
VERTEX 3394.074951 296.862518 498.475037
VERTEX 3444.875000 296.862518 498.475037
VERTEX 3444.875000 227.012512 498.475037
VERTEX 3457.574951 268.287506 606.424988
VERTEX 3444.875000 268.287537 606.424988
VERTEX 3444.875000 192.087524 606.424988
VERTEX 3457.574951 192.087524 606.424988
VERTEX 3444.875000 192.087524 530.225037
VERTEX 3444.875000 268.287537 530.225037
VERTEX 3457.574951 268.287506 530.225037
VERTEX 3457.574951 192.087524 530.225037
VERTEX 3394.074951 268.287537 606.424988
VERTEX 3378.199951 268.287537 606.424988
VERTEX 3378.199951 192.087524 606.424988
VERTEX 3394.074951 192.087524 606.424988
VERTEX 3378.199951 192.087524 530.225037
VERTEX 3378.199951 268.287537 530.225037
VERTEX 3394.074951 268.287537 530.225037
VERTEX 3394.074951 192.087524 530.225037
VERTEX 3444.875000 192.087524 523.875000
VERTEX 3444.875000 296.862518 523.875000
VERTEX 3394.074951 296.862518 523.875000
VERTEX 3394.074951 192.087524 523.875000
VERTEX 3444.875000 192.087524 606.424988
VERTEX 3394.074951 192.087524 606.424988
VERTEX 3394.074951 296.862518 606.424988
VERTEX 3444.875000 296.862518 606.424988
VERTEX 3482.975098 201.612518 536.575012
VERTEX 3482.975098 258.762512 536.575012
VERTEX 3457.574951 258.762512 536.575012
VERTEX 3457.574951 201.612518 536.575012
VERTEX 3482.975098 201.612518 593.724976
VERTEX 3457.574951 201.612518 593.724976
VERTEX 3457.574951 258.762512 593.724976
VERTEX 3482.975098 258.762512 593.724976
VERTEX 3762.375000 1069.974976 12.699997
VERTEX 3762.375000 1069.974976 0.000000
VERTEX 3784.599854 1031.480103 12.699997
VERTEX 3784.599854 1031.480103 0.000000
VERTEX 3829.050049 1031.480103 12.700001
VERTEX 3829.050049 1031.480103 0.000000
VERTEX 3851.274902 1069.974976 12.700001
VERTEX 3851.274902 1069.974976 0.000000
VERTEX 3829.050049 1108.469849 12.700001
VERTEX 3829.050049 1108.469849 0.000000
VERTEX 3784.599854 1108.469849 12.699997
VERTEX 3784.599854 1108.469849 0.000000
VERTEX 3798.887451 1062.037476 12.699997
VERTEX 3798.887451 1077.912476 12.699997
VERTEX 3814.762451 1077.912476 12.700001
VERTEX 3814.762451 1062.037476 12.700001
VERTEX 3814.762451 1077.912476 55.562500
VERTEX 3798.887451 1077.912476 55.562500
VERTEX 3798.887451 1062.037476 55.562500
VERTEX 3814.762451 1062.037476 55.562500
VERTEX 3525.837646 1062.037476 55.562500
VERTEX 3509.962646 1062.037476 55.562500
VERTEX 3509.962646 1077.912476 55.562500
VERTEX 3525.837646 1077.912476 55.562500
VERTEX 3525.837646 1062.037476 12.700001
VERTEX 3525.837646 1077.912476 12.700001
VERTEX 3509.962646 1077.912476 12.699997
VERTEX 3509.962646 1062.037476 12.699997
VERTEX 3495.675049 1108.469849 0.000000
VERTEX 3495.675049 1108.469849 12.699997
VERTEX 3540.125244 1108.469849 0.000000
VERTEX 3540.125244 1108.469849 12.700001
VERTEX 3562.350098 1069.974976 0.000000
VERTEX 3562.350098 1069.974976 12.700001
VERTEX 3540.125244 1031.480103 0.000000
VERTEX 3540.125244 1031.480103 12.700001
VERTEX 3495.675049 1031.480103 0.000000
VERTEX 3495.675049 1031.480103 12.699997
VERTEX 3473.450195 1069.974976 0.000000
VERTEX 3473.450195 1069.974976 12.699997
VERTEX 3829.050049 1173.162476 584.199951
VERTEX 3784.600098 1173.162476 584.199951
VERTEX 3784.600098 1141.412476 584.199951
VERTEX 3829.050049 1141.412476 584.199951
VERTEX 3784.600098 1141.412476 539.750000
VERTEX 3784.600098 1173.162476 539.750000
VERTEX 3829.050049 1173.162476 539.750000
VERTEX 3829.050049 1141.412476 539.750000
VERTEX 3540.125244 1141.412476 539.750000
VERTEX 3540.125244 1173.162476 539.750000
VERTEX 3495.675293 1173.162476 539.750000
VERTEX 3495.675293 1141.412476 539.750000
VERTEX 3540.125244 1141.412476 584.199951
VERTEX 3495.675293 1141.412476 584.199951
VERTEX 3495.675293 1173.162476 584.199951
VERTEX 3540.125244 1173.162476 584.199951
POLYGON 4
22
23
19
18
POLYGON 4
17
16
12
14
POLYGON 4
16
6
1
15
POLYGON 4
19
20
0
9
POLYGON 4
15
1
0
20
POLYGON 4
13
21
3
2
POLYGON 4
23
10
3
21
POLYGON 4
12
13
2
5
POLYGON 4
19
9
8
18
POLYGON 4
10
23
22
11
POLYGON 4
11
22
18
8
POLYGON 4
12
5
4
14
POLYGON 4
16
17
7
6
POLYGON 4
14
4
7
17
POLYGON 4
21
13
15
20
POLYGON 4
46
47
43
42
POLYGON 4
41
40
36
38
POLYGON 4
40
30
25
39
POLYGON 4
43
44
24
33
POLYGON 4
39
25
24
44
POLYGON 4
37
45
27
26
POLYGON 4
47
34
27
45
POLYGON 4
36
37
26
29
POLYGON 4
43
33
32
42
POLYGON 4
34
47
46
35
POLYGON 4
35
46
42
32
POLYGON 4
36
29
28
38
POLYGON 4
40
41
31
30
POLYGON 4
38
28
31
41
POLYGON 4
45
37
39
44
POLYGON 4
78
52
58
79
POLYGON 4
76
79
58
55
POLYGON 4
70
53
52
78
POLYGON 4
80
67
62
81
POLYGON 4
81
62
61
83
POLYGON 4
80
75
54
67
POLYGON 4
75
76
55
54
POLYGON 4
77
74
57
56
POLYGON 4
74
69
66
57
POLYGON 4
71
82
48
51
POLYGON 4
82
86
49
48
POLYGON 4
68
64
66
69
POLYGON 4
73
84
60
63
POLYGON 4
84
83
61
60
POLYGON 4
70
71
51
53
POLYGON 4
85
77
56
59
POLYGON 4
72
65
64
68
POLYGON 4
72
73
63
65
POLYGON 4
87
50
49
86
POLYGON 4
85
59
50
87
POLYGON 4
97
123
117
96
POLYGON 4
99
96
117
120
POLYGON 4
105
122
123
97
POLYGON 4
95
108
113
94
POLYGON 4
94
113
114
92
POLYGON 4
95
100
121
108
POLYGON 4
100
99
120
121
POLYGON 4
98
101
118
119
POLYGON 4
101
106
109
118
POLYGON 4
104
93
127
124
POLYGON 4
93
89
126
127
POLYGON 4
107
111
109
106
POLYGON 4
102
91
115
112
POLYGON 4
91
92
114
115
POLYGON 4
105
104
124
122
POLYGON 4
90
98
119
116
POLYGON 4
103
110
111
107
POLYGON 4
103
102
112
110
POLYGON 4
88
125
126
89
POLYGON 4
90
116
125
88
POLYGON 4
165
139
130
167
POLYGON 4
167
130
129
166
POLYGON 4
152
153
143
145
POLYGON 4
152
145
144
148
POLYGON 4
165
157
136
139
POLYGON 4
150
151
131
133
POLYGON 4
164
163
141
140
POLYGON 4
153
164
140
143
POLYGON 4
148
144
146
149
POLYGON 4
162
166
129
128
POLYGON 4
151
162
128
131
POLYGON 4
154
149
146
137
POLYGON 4
157
154
137
136
POLYGON 4
155
156
135
134
POLYGON 4
160
155
134
147
POLYGON 4
161
142
141
163
POLYGON 4
160
147
142
161
POLYGON 4
150
133
132
158
POLYGON 4
156
159
138
135
POLYGON 4
158
132
138
159
POLYGON 4
170
196
205
168
POLYGON 4
168
205
206
169
POLYGON 4
183
182
192
190
POLYGON 4
183
190
191
187
POLYGON 4
170
178
199
196
POLYGON 4
185
184
204
202
POLYGON 4
171
172
194
195
POLYGON 4
182
171
195
192
POLYGON 4
187
191
189
186
POLYGON 4
173
169
206
207
POLYGON 4
184
173
207
204
POLYGON 4
181
186
189
198
POLYGON 4
178
181
198
199
POLYGON 4
180
179
200
201
POLYGON 4
175
180
201
188
POLYGON 4
174
193
194
172
POLYGON 4
175
188
193
174
POLYGON 4
185
202
203
177
POLYGON 4
179
176
197
200
POLYGON 4
177
203
197
176
POLYGON 4
235
251
250
212
POLYGON 4
241
251
238
247
POLYGON 4
247
238
239
246
POLYGON 4
242
244
213
250
POLYGON 4
213
244
245
214
POLYGON 4
209
249
248
237
POLYGON 4
219
218
233
232
POLYGON 4
223
249
208
228
POLYGON 4
222
225
226
248
POLYGON 4
229
220
223
228
POLYGON 4
246
240
241
247
POLYGON 4
243
245
244
242
POLYGON 4
240
243
242
241
POLYGON 4
237
226
227
236
POLYGON 4
238
235
234
239
POLYGON 4
215
216
219
212
POLYGON 4
217
210
209
218
POLYGON 4
236
230
233
237
POLYGON 4
231
234
235
232
POLYGON 4
230
231
232
233
POLYGON 4
228
208
211
229
POLYGON 4
226
225
224
227
POLYGON 4
221
224
225
222
POLYGON 4
220
221
222
223
POLYGON 4
216
217
218
219
POLYGON 4
212
213
214
215
POLYGON 4
208
209
210
211
POLYGON 4
268
252
253
291
POLYGON 4
262
252
265
256
POLYGON 4
256
265
264
257
POLYGON 4
261
259
290
253
POLYGON 4
290
259
258
289
POLYGON 4
294
254
255
266
POLYGON 4
284
285
270
271
POLYGON 4
280
254
295
275
POLYGON 4
281
278
277
255
POLYGON 4
274
283
280
275
POLYGON 4
257
263
262
256
POLYGON 4
260
258
259
261
POLYGON 4
263
260
261
262
POLYGON 4
266
277
276
267
POLYGON 4
265
268
269
264
POLYGON 4
288
287
284
291
POLYGON 4
286
293
294
285
POLYGON 4
267
273
270
266
POLYGON 4
272
269
268
271
POLYGON 4
273
272
271
270
POLYGON 4
275
295
292
274
POLYGON 4
277
278
279
276
POLYGON 4
282
279
278
281
POLYGON 4
283
282
281
280
POLYGON 4
287
286
285
284
POLYGON 4
291
290
289
288
POLYGON 4
295
294
293
292
POLYGON 4
311
310
309
308
POLYGON 4
307
309
310
306
POLYGON 4
306
305
304
307
POLYGON 4
303
304
305
302
POLYGON 4
302
301
300
303
POLYGON 4
308
299
298
311
POLYGON 4
297
300
301
296
POLYGON 4
296
298
299
297
POLYGON 8
309
307
304
303
300
297
299
308
POLYGON 8
302
305
306
310
311
298
296
301
POLYGON 4
312
313
314
315
POLYGON 4
316
314
313
317
POLYGON 4
317
318
319
316
POLYGON 4
320
319
318
321
POLYGON 4
321
322
323
320
POLYGON 4
315
324
325
312
POLYGON 4
326
323
322
327
POLYGON 4
327
325
324
326
POLYGON 8
314
316
319
320
323
326
324
315
POLYGON 8
321
318
317
313
312
325
327
322
POLYGON 4
335
332
333
334
POLYGON 4
331
328
329
330
POLYGON 4
332
335
331
330
POLYGON 4
333
332
330
329
POLYGON 4
334
333
329
328
POLYGON 4
335
334
328
331
POLYGON 4
343
340
341
342
POLYGON 4
339
336
337
338
POLYGON 4
340
343
339
338
POLYGON 4
341
340
338
337
POLYGON 4
342
341
337
336
POLYGON 4
343
342
336
339
POLYGON 4
351
348
349
350
POLYGON 4
347
344
345
346
POLYGON 4
348
351
347
346
POLYGON 4
349
348
346
345
POLYGON 4
350
349
345
344
POLYGON 4
351
350
344
347
POLYGON 4
352
355
354
353
POLYGON 4
356
359
358
357
POLYGON 4
355
352
356
357
POLYGON 4
354
355
357
358
POLYGON 4
353
354
358
359
POLYGON 4
352
353
359
356
POLYGON 4
360
363
362
361
POLYGON 4
364
367
366
365
POLYGON 4
363
360
364
365
POLYGON 4
362
363
365
366
POLYGON 4
361
362
366
367
POLYGON 4
360
361
367
364
POLYGON 4
368
378
379
369
POLYGON 4
378
376
377
379
POLYGON 4
376
374
375
377
POLYGON 4
374
372
373
375
POLYGON 4
372
370
371
373
POLYGON 4
370
368
369
371
POLYGON 6
368
370
372
374
376
378
POLYGON 6
369
379
377
375
373
371
POLYGON 4
387
384
385
386
POLYGON 4
383
380
381
382
POLYGON 4
384
387
383
382
POLYGON 4
385
384
382
381
POLYGON 4
386
385
381
380
POLYGON 4
387
386
380
383
POLYGON 4
388
391
390
389
POLYGON 4
392
395
394
393
POLYGON 4
391
388
392
393
POLYGON 4
390
391
393
394
POLYGON 4
389
390
394
395
POLYGON 4
388
389
395
392
POLYGON 4
407
397
396
406
POLYGON 4
397
399
398
396
POLYGON 4
399
401
400
398
POLYGON 4
401
403
402
400
POLYGON 4
403
405
404
402
POLYGON 4
405
407
406
404
POLYGON 6
407
405
403
401
399
397
POLYGON 6
406
396
398
400
402
404
POLYGON 4
415
412
413
414
POLYGON 4
411
408
409
410
POLYGON 4
412
415
411
410
POLYGON 4
413
412
410
409
POLYGON 4
414
413
409
408
POLYGON 4
415
414
408
411
POLYGON 4
416
419
418
417
POLYGON 4
420
423
422
421
POLYGON 4
419
416
420
421
POLYGON 4
418
419
421
422
POLYGON 4
417
418
422
423
POLYGON 4
416
417
423
420
NULL
