VERTEX 3529.012451 1173.162476 619.125000
VERTEX 3503.612549 1173.162476 619.125000
VERTEX 3503.612549 166.687500 619.125000
VERTEX 3529.012451 166.687500 619.125000
VERTEX 3503.612549 166.687500 617.537476
VERTEX 3503.612549 1173.162476 617.537476
VERTEX 3529.012451 1173.162476 617.537476
VERTEX 3529.012451 166.687500 617.537476
VERTEX 3821.112549 166.687500 617.537476
VERTEX 3821.112549 1173.162476 617.537476
VERTEX 3795.712646 1173.162476 617.537476
VERTEX 3795.712646 166.687500 617.537476
VERTEX 3821.112549 166.687500 619.125000
VERTEX 3795.712646 166.687500 619.125000
VERTEX 3795.712646 1173.162476 619.125000
VERTEX 3821.112549 1173.162476 619.125000
POLYGON 4
7
4
5
6
POLYGON 4
3
0
1
2
POLYGON 4
4
7
3
2
POLYGON 4
5
4
2
1
POLYGON 4
6
5
1
0
POLYGON 4
7
6
0
3
POLYGON 4
8
11
10
9
POLYGON 4
12
15
14
13
POLYGON 4
11
8
12
13
POLYGON 4
10
11
13
14
POLYGON 4
9
10
14
15
POLYGON 4
8
9
15
12
NULL
