VERTEX 4000.500000 133.350006 609.599976
VERTEX 4000.500000 158.750000 609.599976
VERTEX 0.000000 158.750000 609.599976
VERTEX 0.000000 133.350006 609.599976
VERTEX 0.000000 158.750000 608.012512
VERTEX 4000.500000 158.750000 608.012512
VERTEX 4000.500000 133.350006 608.012512
VERTEX 0.000000 133.350006 608.012512
VERTEX 0.000000 -158.750000 608.012512
VERTEX 4000.500000 -158.750000 608.012512
VERTEX 4000.500000 -133.350006 608.012512
VERTEX 0.000000 -133.350006 608.012512
VERTEX 0.000000 -158.750000 609.599976
VERTEX 0.000000 -133.350006 609.599976
VERTEX 4000.500000 -133.350006 609.599976
VERTEX 4000.500000 -158.750000 609.599976
POLYGON 4
7
4
5
6
POLYGON 4
3
0
1
2
POLYGON 4
4
7
3
2
POLYGON 4
5
4
2
1
POLYGON 4
6
5
1
0
POLYGON 4
7
6
0
3
POLYGON 4
8
11
10
9
POLYGON 4
12
15
14
13
POLYGON 4
11
8
12
13
POLYGON 4
10
11
13
14
POLYGON 4
9
10
14
15
POLYGON 4
8
9
15
12
NULL
