VERTEX 127.000000 -166.687500 530.224976
VERTEX 127.000000 -122.237503 530.224976
VERTEX 3968.750000 -122.237503 530.224976
VERTEX 3968.750000 -166.687500 530.224976
VERTEX 127.000000 -166.687500 603.250000
VERTEX 3968.750000 -166.687500 603.250000
VERTEX 3968.750000 -122.237503 603.250000
VERTEX 127.000000 -122.237503 603.250000
VERTEX 127.000000 -166.687500 565.149963
VERTEX 3968.750000 -166.687500 565.149963
VERTEX 127.000000 -166.687500 574.674988
VERTEX 3968.750000 -166.687500 574.674988
VERTEX 3968.750000 -153.987503 565.149963
VERTEX 3968.750000 -153.987503 574.674988
VERTEX 127.000000 -153.987503 574.674988
VERTEX 127.000000 -153.987503 565.149963
VERTEX 127.000000 -134.937546 565.149963
VERTEX 3968.750000 -134.938126 565.149963
VERTEX 3968.750000 -134.938126 574.674988
VERTEX 127.000000 -134.937546 574.674988
VERTEX 127.000000 -122.237503 565.149963
VERTEX 3968.750000 -122.237503 565.149963
VERTEX 3968.750000 -122.237503 574.674988
VERTEX 127.000000 -122.237503 574.674988
VERTEX 127.000000 166.687500 574.674988
VERTEX 3968.750000 166.687500 574.674988
VERTEX 3968.750000 166.687500 565.149963
VERTEX 127.000000 166.687500 565.149963
VERTEX 127.000000 153.987427 574.674988
VERTEX 3968.750000 153.986847 574.674988
VERTEX 3968.750000 153.986847 565.149963
VERTEX 127.000000 153.987427 565.149963
VERTEX 127.000000 134.937500 565.149963
VERTEX 127.000000 134.937500 574.674988
VERTEX 3968.750000 134.937500 574.674988
VERTEX 3968.750000 134.937500 565.149963
VERTEX 3968.750000 122.237488 574.674988
VERTEX 127.000000 122.237488 574.674988
VERTEX 3968.750000 122.237488 565.149963
VERTEX 127.000000 122.237488 565.149963
VERTEX 127.000000 166.687500 603.250000
VERTEX 3968.750000 166.687500 603.250000
VERTEX 3968.750000 122.237488 603.250000
VERTEX 127.000000 122.237488 603.250000
VERTEX 3968.750000 122.237488 530.224976
VERTEX 3968.750000 166.687500 530.224976
VERTEX 127.000000 166.687500 530.224976
VERTEX 127.000000 122.237488 530.224976
VERTEX 209.550003 122.237518 592.137451
VERTEX 209.550003 122.237518 574.674927
VERTEX 184.150009 122.237518 592.137451
VERTEX 161.925003 122.237518 565.149963
VERTEX 149.224991 122.237518 565.149963
VERTEX 196.849991 122.237518 574.674927
VERTEX 149.224991 122.237518 547.687500
VERTEX 174.625015 122.237518 547.687500
VERTEX 184.150009 122.237518 547.687500
VERTEX 209.550003 122.237518 547.687500
VERTEX 184.150009 122.237518 579.437439
VERTEX 184.150009 122.237518 560.387451
VERTEX 174.625015 122.237518 560.387451
VERTEX 174.625015 122.237518 579.437439
VERTEX 161.925003 122.237518 574.674927
VERTEX 149.224991 122.237518 574.674927
VERTEX 196.849991 122.237518 565.149963
VERTEX 209.550003 122.237518 565.149963
VERTEX 174.625015 122.237518 592.137451
VERTEX 149.224991 122.237518 592.137451
VERTEX 174.625015 -122.237503 547.687500
VERTEX 174.625015 -122.237503 592.137451
VERTEX 149.224991 -122.237503 574.674988
VERTEX 149.224991 -122.237503 592.137451
VERTEX 161.925003 -122.237503 574.674988
VERTEX 149.224991 -122.237503 547.687500
VERTEX 149.224991 -122.237503 565.149963
VERTEX 161.925003 -122.237503 565.149963
VERTEX 184.150009 -122.237503 592.137451
VERTEX 184.150009 -122.237503 547.687500
VERTEX 174.624985 -122.237503 579.437439
VERTEX 184.150009 -122.237503 579.437439
VERTEX 184.150009 -122.237503 560.387451
VERTEX 174.625015 -122.237503 560.387451
VERTEX 209.550003 -122.237503 565.149963
VERTEX 209.550003 -122.237503 547.687500
VERTEX 196.849991 -122.237503 565.149963
VERTEX 209.550003 -122.237503 592.137451
VERTEX 209.550003 -122.237503 574.674988
VERTEX 196.849991 -122.237503 574.674988
VERTEX 2062.162598 -122.237503 574.675049
VERTEX 2074.862549 -122.237503 574.675049
VERTEX 2074.862549 -122.237503 592.137573
VERTEX 2062.162598 -122.237503 565.150085
VERTEX 2074.862549 -122.237503 547.687561
VERTEX 2074.862549 -122.237503 565.150085
VERTEX 2039.937500 -122.237503 560.387573
VERTEX 2049.462402 -122.237503 560.387573
VERTEX 2049.462402 -122.237503 579.437561
VERTEX 2039.937500 -122.237503 579.437561
VERTEX 2049.462402 -122.237503 547.687561
VERTEX 2049.462402 -122.237503 592.137573
VERTEX 2027.237549 -122.237503 565.150085
VERTEX 2014.537476 -122.237503 565.150085
VERTEX 2014.537598 -122.237503 547.687561
VERTEX 2027.237549 -122.237503 574.675049
VERTEX 2014.537476 -122.237503 592.137573
VERTEX 2014.537476 -122.237503 574.675049
VERTEX 2039.937500 -122.237503 592.137573
VERTEX 2039.937500 -122.237503 547.687561
VERTEX 2014.537476 122.237518 592.137512
VERTEX 2039.937500 122.237518 592.137512
VERTEX 2074.862549 122.237518 565.150024
VERTEX 2062.162598 122.237518 565.150024
VERTEX 2014.537476 122.237518 574.675049
VERTEX 2027.237549 122.237518 574.675049
VERTEX 2039.937500 122.237518 579.437561
VERTEX 2039.937500 122.237518 560.387512
VERTEX 2049.462402 122.237518 560.387512
VERTEX 2049.462402 122.237518 579.437561
VERTEX 2074.862549 122.237518 547.687561
VERTEX 2049.462402 122.237518 547.687561
VERTEX 2039.937500 122.237518 547.687561
VERTEX 2014.537598 122.237518 547.687561
VERTEX 2062.162598 122.237518 574.675049
VERTEX 2014.537476 122.237518 565.150024
VERTEX 2027.237549 122.237518 565.150024
VERTEX 2049.462402 122.237518 592.137512
VERTEX 2074.862549 122.237518 574.675049
VERTEX 2074.862549 122.237518 592.137573
VERTEX 3963.987549 122.237518 592.137573
VERTEX 3963.987549 122.237518 574.675049
VERTEX 3938.587646 122.237518 592.137512
VERTEX 3916.362549 122.237518 565.150024
VERTEX 3903.662598 122.237518 565.150024
VERTEX 3951.287598 122.237518 574.675049
VERTEX 3903.662598 122.237518 547.687561
VERTEX 3929.062500 122.237518 547.687561
VERTEX 3938.587646 122.237518 547.687561
VERTEX 3963.987549 122.237518 547.687561
VERTEX 3938.587646 122.237518 579.437561
VERTEX 3938.587646 122.237518 560.387512
VERTEX 3929.062500 122.237518 560.387512
VERTEX 3929.062500 122.237518 579.437561
VERTEX 3916.362549 122.237518 574.675049
VERTEX 3903.662598 122.237518 574.675049
VERTEX 3951.287598 122.237518 565.150024
VERTEX 3963.987549 122.237518 565.150024
VERTEX 3929.062500 122.237518 592.137512
VERTEX 3903.662598 122.237518 592.137512
VERTEX 3929.062500 -122.237503 547.687561
VERTEX 3929.062500 -122.237503 592.137573
VERTEX 3903.662598 -122.237503 574.675049
VERTEX 3903.662598 -122.237503 592.137573
VERTEX 3916.362549 -122.237503 574.675049
VERTEX 3903.662598 -122.237503 547.687561
VERTEX 3903.662598 -122.237503 565.150085
VERTEX 3916.362549 -122.237503 565.150085
VERTEX 3938.587646 -122.237503 592.137573
VERTEX 3938.587646 -122.237503 547.687561
VERTEX 3929.062500 -122.237503 579.437561
VERTEX 3938.587646 -122.237503 579.437561
VERTEX 3938.587646 -122.237503 560.387573
VERTEX 3929.062500 -122.237503 560.387573
VERTEX 3963.987549 -122.237503 565.150085
VERTEX 3963.987549 -122.237503 547.687561
VERTEX 3951.287598 -122.237503 565.150085
VERTEX 3963.987549 -122.237503 592.137573
VERTEX 3963.987549 -122.237503 574.675049
VERTEX 3951.287598 -122.237503 574.675049
VERTEX 111.124954 -109.537506 603.250000
VERTEX 111.124954 -109.537506 514.349976
VERTEX 127.000000 -122.237534 603.250000
VERTEX 127.000000 -122.237534 514.349976
VERTEX 15.874969 -109.537506 514.349976
VERTEX 15.874954 -109.537506 603.250000
VERTEX 0.000000 -122.237473 603.250000
VERTEX 0.000000 -122.237473 514.349976
VERTEX 0.000000 -166.687500 514.349976
VERTEX 0.000000 -166.687500 603.250000
VERTEX 15.874908 -179.387497 603.250000
VERTEX 15.874908 -179.387497 514.349976
VERTEX 127.000000 -166.667130 514.349976
VERTEX 111.099533 -179.387497 514.349976
VERTEX 111.099533 -179.387497 603.250000
VERTEX 127.000000 -166.667130 603.250000
VERTEX 127.000000 122.213501 603.250000
VERTEX 111.099533 109.493134 603.250000
VERTEX 111.099533 109.493134 514.349976
VERTEX 127.000000 122.213501 514.349976
VERTEX 15.874908 109.493134 514.349976
VERTEX 15.874908 109.493134 603.250000
VERTEX 0.000000 122.193054 603.250000
VERTEX 0.000000 122.193054 514.349976
VERTEX 0.000000 166.643158 514.349976
VERTEX 0.000000 166.643158 603.250000
VERTEX 15.874954 179.343140 603.250000
VERTEX 15.874969 179.343140 514.349976
VERTEX 127.000000 166.643097 514.349976
VERTEX 127.000000 166.643097 603.250000
VERTEX 111.124954 179.343140 514.349976
VERTEX 111.124954 179.343140 603.250000
VERTEX 92.075005 -109.537498 584.199951
VERTEX 92.075005 -84.137497 584.199951
VERTEX 34.925003 -84.137497 584.199951
VERTEX 34.925003 -109.537498 584.199951
VERTEX 34.925003 -84.137497 527.049988
VERTEX 92.075005 -84.137497 527.049988
VERTEX 92.075005 -109.537498 527.049988
VERTEX 34.925003 -109.537498 527.049988
VERTEX 130.175003 -71.437500 596.899963
VERTEX 130.175003 -20.637497 596.899963
VERTEX 25.400002 -20.637497 596.899963
VERTEX 25.400002 -71.437500 596.899963
VERTEX 25.400002 -20.637497 514.349976
VERTEX 130.175003 -20.637497 514.349976
VERTEX 130.175003 -71.437500 514.349976
VERTEX 25.400002 -71.437500 514.349976
VERTEX 25.400002 -20.637497 520.700012
VERTEX 101.599998 -20.637497 520.700012
VERTEX 101.599998 -4.762497 520.700012
VERTEX 25.400002 -4.762497 520.700012
VERTEX 25.400002 -20.637497 596.899963
VERTEX 25.400002 -4.762497 596.899963
VERTEX 101.599998 -4.762497 596.899963
VERTEX 101.599998 -20.637497 596.899963
VERTEX 25.400002 -84.137497 520.700012
VERTEX 101.599998 -84.137497 520.700012
VERTEX 101.599998 -71.437500 520.700012
VERTEX 25.400002 -71.437500 520.700012
VERTEX 25.400002 -84.137497 596.899963
VERTEX 25.400002 -71.437500 596.899963
VERTEX 101.599998 -71.437500 596.899963
VERTEX 101.599998 -84.137497 596.899963
VERTEX 60.324997 -71.437500 488.950012
VERTEX 130.174988 -71.437500 488.950012
VERTEX 130.174988 -20.637497 488.950012
VERTEX 60.324997 -20.637497 488.950012
VERTEX 60.324997 -71.437500 514.349976
VERTEX 60.324997 -20.637497 514.349976
VERTEX 130.174988 -20.637497 514.349976
VERTEX 130.174988 -71.437500 514.349976
VERTEX 171.449997 -166.687500 46.037498
VERTEX 196.850006 -166.687500 46.037498
VERTEX 196.850006 -166.687500 530.224976
VERTEX 171.449997 -166.687500 530.224976
VERTEX 206.375000 -166.687500 46.037498
VERTEX 231.774994 -166.687500 46.037498
VERTEX 231.774994 -166.687500 530.224976
VERTEX 206.375000 -166.687500 530.224976
VERTEX 206.375000 -153.987503 530.224976
VERTEX 196.850006 -153.987503 530.224976
VERTEX 196.850006 -153.987503 46.037498
VERTEX 206.375000 -153.987503 46.037498
VERTEX 184.149994 -149.225006 530.224976
VERTEX 184.149994 -139.699997 530.224976
VERTEX 184.149994 -139.699997 46.037498
VERTEX 184.149994 -149.225006 46.037498
VERTEX 171.449997 -139.699997 530.224976
VERTEX 171.449997 -139.699997 46.037498
VERTEX 171.449997 -122.237503 46.037498
VERTEX 171.449997 -122.237503 530.224976
VERTEX 171.449997 -149.225006 46.037498
VERTEX 171.449997 -149.225006 530.224976
VERTEX 196.850006 -134.937500 530.224976
VERTEX 206.375000 -134.937500 530.224976
VERTEX 206.375000 -134.937500 46.037498
VERTEX 196.850006 -134.937500 46.037498
VERTEX 206.375000 -122.237503 530.224976
VERTEX 206.375000 -122.237503 46.037498
VERTEX 196.850006 -122.237503 530.224976
VERTEX 196.850006 -122.237503 46.037498
VERTEX 231.774994 -122.237503 46.037498
VERTEX 231.774994 -122.237503 530.224976
VERTEX 219.074997 -139.699997 530.224976
VERTEX 219.074997 -139.699997 46.037498
VERTEX 219.074997 -149.225006 46.037498
VERTEX 219.074997 -149.225006 530.224976
VERTEX 231.774994 -149.225006 46.037498
VERTEX 231.774994 -149.225006 530.224976
VERTEX 231.774994 -139.699997 530.224976
VERTEX 231.774994 -139.699997 46.037498
VERTEX 184.149994 -122.237503 46.037498
VERTEX 184.149994 -166.687500 46.037498
VERTEX 219.074997 -166.687500 46.037498
VERTEX 219.074997 -122.237503 46.037498
VERTEX 219.074997 166.687500 46.037498
VERTEX 219.074997 122.237488 46.037498
VERTEX 184.149994 122.237488 46.037498
VERTEX 184.149994 166.687500 46.037498
VERTEX 231.774994 149.224976 46.037498
VERTEX 231.774994 149.224976 530.224976
VERTEX 231.774994 139.699982 530.224976
VERTEX 231.774994 139.699982 46.037498
VERTEX 219.074997 139.699982 530.224976
VERTEX 219.074997 139.699982 46.037498
VERTEX 219.074997 149.224976 46.037498
VERTEX 219.074997 149.224976 530.224976
VERTEX 231.774994 166.687500 530.224976
VERTEX 231.774994 166.687500 46.037498
VERTEX 196.850006 166.687500 46.037498
VERTEX 196.850006 166.687500 530.224976
VERTEX 206.375000 166.687500 46.037498
VERTEX 206.375000 166.687500 530.224976
VERTEX 196.850006 153.987488 46.037498
VERTEX 206.375000 153.987488 46.037498
VERTEX 206.375000 153.987488 530.224976
VERTEX 196.850006 153.987488 530.224976
VERTEX 171.449997 139.699982 530.224976
VERTEX 171.449997 139.699982 46.037498
VERTEX 171.449997 166.687500 530.224976
VERTEX 171.449997 166.687500 46.037498
VERTEX 171.449997 149.224976 46.037498
VERTEX 171.449997 149.224976 530.224976
VERTEX 184.149994 139.699982 46.037498
VERTEX 184.149994 149.224976 46.037498
VERTEX 184.149994 149.224976 530.224976
VERTEX 184.149994 139.699982 530.224976
VERTEX 206.375000 134.937500 46.037498
VERTEX 196.850006 134.937500 46.037498
VERTEX 196.850006 134.937500 530.224976
VERTEX 206.375000 134.937500 530.224976
VERTEX 206.375000 122.237488 530.224976
VERTEX 231.774994 122.237488 530.224976
VERTEX 231.774994 122.237488 46.037498
VERTEX 206.375000 122.237488 46.037498
VERTEX 171.449997 122.237488 530.224976
VERTEX 196.850006 122.237488 530.224976
VERTEX 196.850006 122.237488 46.037498
VERTEX 171.449997 122.237488 46.037498
VERTEX 206.374985 -122.237495 482.600006
VERTEX 206.374985 -122.237495 469.899994
VERTEX 223.837479 -122.237495 469.899994
VERTEX 196.849976 -122.237503 482.600006
VERTEX 179.387482 -122.237503 469.899994
VERTEX 196.849976 -122.237503 469.899994
VERTEX 192.087479 -122.237503 504.824982
VERTEX 192.087479 -122.237503 495.299988
VERTEX 211.137482 -122.237495 495.299988
VERTEX 211.137482 -122.237495 504.825012
VERTEX 179.387482 -122.237503 495.299988
VERTEX 223.837479 -122.237495 495.299988
VERTEX 196.849976 -122.237503 517.524963
VERTEX 196.849976 -122.237503 530.224976
VERTEX 179.387482 -122.237503 530.224976
VERTEX 206.374985 -122.237495 517.524963
VERTEX 223.837479 -122.237495 530.224976
VERTEX 206.374969 -122.237495 530.224976
VERTEX 223.837479 -122.237495 504.824982
VERTEX 179.387482 -122.237503 504.824982
VERTEX 223.837463 122.237518 530.224976
VERTEX 223.837463 122.237518 504.824982
VERTEX 196.849960 122.237518 469.899994
VERTEX 196.849960 122.237518 482.600006
VERTEX 206.374954 122.237518 530.224976
VERTEX 206.374969 122.237518 517.524963
VERTEX 211.137466 122.237518 504.824982
VERTEX 192.087463 122.237518 504.824982
VERTEX 192.087463 122.237518 495.299988
VERTEX 211.137466 122.237518 495.299988
VERTEX 179.387466 122.237518 469.899994
VERTEX 179.387466 122.237518 495.299988
VERTEX 179.387451 122.237518 504.824982
VERTEX 179.387451 122.237518 530.224976
VERTEX 206.374969 122.237518 482.600006
VERTEX 196.849960 122.237518 530.224976
VERTEX 196.849960 122.237518 517.524963
VERTEX 223.837463 122.237518 495.299988
VERTEX 206.374969 122.237518 469.899994
VERTEX 223.837463 122.237518 469.899994
VERTEX 223.837479 122.237518 61.912498
VERTEX 206.374969 122.237518 61.912498
VERTEX 223.837479 122.237518 87.312500
VERTEX 196.849976 122.237518 109.537498
VERTEX 196.849976 122.237518 122.237503
VERTEX 206.374969 122.237518 74.612503
VERTEX 179.387482 122.237518 122.237495
VERTEX 179.387482 122.237518 96.837494
VERTEX 179.387482 122.237518 87.312500
VERTEX 179.387482 122.237518 61.912498
VERTEX 211.137482 122.237518 87.312500
VERTEX 192.087479 122.237518 87.312500
VERTEX 192.087479 122.237518 96.837494
VERTEX 211.137482 122.237518 96.837494
VERTEX 206.374969 122.237518 109.537498
VERTEX 206.374969 122.237518 122.237503
VERTEX 196.849976 122.237518 74.612503
VERTEX 196.849976 122.237518 61.912498
VERTEX 223.837479 122.237518 96.837502
VERTEX 223.837479 122.237518 122.237503
VERTEX 179.387497 -122.237503 96.837494
VERTEX 223.837494 -122.237495 96.837502
VERTEX 206.374985 -122.237495 122.237503
VERTEX 223.837494 -122.237495 122.237503
VERTEX 206.375000 -122.237495 109.537498
VERTEX 179.387482 -122.237503 122.237495
VERTEX 196.849991 -122.237503 122.237503
VERTEX 196.849991 -122.237503 109.537498
VERTEX 223.837494 -122.237495 87.312500
VERTEX 179.387497 -122.237503 87.312500
VERTEX 211.137497 -122.237495 96.837502
VERTEX 211.137497 -122.237495 87.312500
VERTEX 192.087494 -122.237503 87.312500
VERTEX 192.087494 -122.237503 96.837494
VERTEX 196.849991 -122.237503 61.912498
VERTEX 179.387497 -122.237503 61.912498
VERTEX 196.849991 -122.237503 74.612503
VERTEX 223.837494 -122.237495 61.912498
VERTEX 206.375000 -122.237495 61.912498
VERTEX 206.375000 -122.237495 74.612503
VERTEX 2051.049805 -122.237495 74.612503
VERTEX 2051.049805 -122.237495 61.912498
VERTEX 2068.512207 -122.237495 61.912498
VERTEX 2041.524902 -122.237503 74.612503
VERTEX 2024.062378 -122.237503 61.912498
VERTEX 2041.524902 -122.237503 61.912498
VERTEX 2036.762329 -122.237503 96.837494
VERTEX 2036.762329 -122.237503 87.312500
VERTEX 2055.812500 -122.237495 87.312500
VERTEX 2055.812500 -122.237495 96.837502
VERTEX 2024.062378 -122.237503 87.312500
VERTEX 2068.512207 -122.237495 87.312500
VERTEX 2041.524902 -122.237503 109.537498
VERTEX 2041.524902 -122.237503 122.237503
VERTEX 2024.062378 -122.237503 122.237495
VERTEX 2051.049805 -122.237495 109.537498
VERTEX 2068.512207 -122.237495 122.237503
VERTEX 2051.049805 -122.237495 122.237503
VERTEX 2068.512207 -122.237495 96.837502
VERTEX 2024.062378 -122.237503 96.837494
VERTEX 2068.512207 122.237518 122.237503
VERTEX 2068.512207 122.237518 96.837502
VERTEX 2041.524902 122.237518 61.912498
VERTEX 2041.524902 122.237518 74.612503
VERTEX 2051.049805 122.237518 122.237503
VERTEX 2051.049805 122.237518 109.537498
VERTEX 2055.812500 122.237518 96.837494
VERTEX 2036.762329 122.237518 96.837494
VERTEX 2036.762329 122.237518 87.312500
VERTEX 2055.812500 122.237518 87.312500
VERTEX 2024.062378 122.237518 61.912498
VERTEX 2024.062378 122.237518 87.312500
VERTEX 2024.062378 122.237518 96.837494
VERTEX 2024.062378 122.237518 122.237495
VERTEX 2051.049805 122.237518 74.612503
VERTEX 2041.524902 122.237518 122.237503
VERTEX 2041.524902 122.237518 109.537498
VERTEX 2068.512207 122.237518 87.312500
VERTEX 2051.049805 122.237518 61.912498
VERTEX 2068.512207 122.237518 61.912498
VERTEX 2068.512207 122.237518 469.899994
VERTEX 2051.049805 122.237518 469.899994
VERTEX 2068.512207 122.237518 495.299988
VERTEX 2041.524902 122.237518 517.524963
VERTEX 2041.524780 122.237518 530.224976
VERTEX 2051.049805 122.237518 482.600006
VERTEX 2024.062378 122.237518 530.224976
VERTEX 2024.062378 122.237518 504.824982
VERTEX 2024.062378 122.237518 495.299988
VERTEX 2024.062378 122.237518 469.899994
VERTEX 2055.812500 122.237518 495.299988
VERTEX 2036.762329 122.237518 495.299988
VERTEX 2036.762329 122.237518 504.824982
VERTEX 2055.812500 122.237518 504.824982
VERTEX 2051.049805 122.237518 517.524963
VERTEX 2051.049805 122.237518 530.224976
VERTEX 2041.524780 122.237518 482.600006
VERTEX 2041.524780 122.237518 469.899994
VERTEX 2068.512207 122.237518 504.824982
VERTEX 2068.512207 122.237518 530.224976
VERTEX 2024.062378 -122.237503 504.824982
VERTEX 2068.512207 -122.237495 504.824982
VERTEX 2051.049805 -122.237495 530.224976
VERTEX 2068.512207 -122.237495 530.224976
VERTEX 2051.049805 -122.237495 517.524963
VERTEX 2024.062378 -122.237503 530.224976
VERTEX 2041.524902 -122.237503 530.224976
VERTEX 2041.524902 -122.237503 517.524963
VERTEX 2068.512207 -122.237495 495.299988
VERTEX 2024.062378 -122.237503 495.299988
VERTEX 2055.812500 -122.237495 504.825012
VERTEX 2055.812500 -122.237495 495.299988
VERTEX 2036.762329 -122.237503 495.299988
VERTEX 2036.762329 -122.237503 504.824982
VERTEX 2041.524902 -122.237503 469.899994
VERTEX 2024.062378 -122.237503 469.899994
VERTEX 2041.524902 -122.237503 482.600006
VERTEX 2068.512207 -122.237495 469.899994
VERTEX 2051.049805 -122.237495 469.899994
VERTEX 2051.049805 -122.237495 482.600006
VERTEX 2016.124878 122.237488 46.037498
VERTEX 2041.524902 122.237488 46.037498
VERTEX 2041.524902 122.237488 530.224976
VERTEX 2016.124878 122.237488 530.224976
VERTEX 2051.049805 122.237488 46.037498
VERTEX 2076.449707 122.237488 46.037498
VERTEX 2076.449707 122.237488 530.224976
VERTEX 2051.049805 122.237488 530.224976
VERTEX 2051.049805 134.937500 530.224976
VERTEX 2041.524902 134.937500 530.224976
VERTEX 2041.524902 134.937500 46.037498
VERTEX 2051.049805 134.937500 46.037498
VERTEX 2028.824829 139.699982 530.224976
VERTEX 2028.824829 149.224976 530.224976
VERTEX 2028.824829 149.224976 46.037498
VERTEX 2028.824829 139.699982 46.037498
VERTEX 2016.124878 149.224976 530.224976
VERTEX 2016.124878 149.224976 46.037498
VERTEX 2016.124878 166.687500 46.037498
VERTEX 2016.124878 166.687500 530.224976
VERTEX 2016.124878 139.699982 46.037498
VERTEX 2016.124878 139.699982 530.224976
VERTEX 2041.524902 153.987488 530.224976
VERTEX 2051.049805 153.987488 530.224976
VERTEX 2051.049805 153.987488 46.037498
VERTEX 2041.524902 153.987488 46.037498
VERTEX 2051.049805 166.687500 530.224976
VERTEX 2051.049805 166.687500 46.037498
VERTEX 2041.524902 166.687500 530.224976
VERTEX 2041.524902 166.687500 46.037498
VERTEX 2076.449707 166.687500 46.037498
VERTEX 2076.449707 166.687500 530.224976
VERTEX 2063.750000 149.224976 530.224976
VERTEX 2063.750000 149.224976 46.037498
VERTEX 2063.750000 139.699982 46.037498
VERTEX 2063.750000 139.699982 530.224976
VERTEX 2076.449707 139.699982 46.037498
VERTEX 2076.449707 139.699982 530.224976
VERTEX 2076.449707 149.224976 530.224976
VERTEX 2076.449707 149.224976 46.037498
VERTEX 2028.824829 166.687500 46.037498
VERTEX 2028.824829 122.237488 46.037498
VERTEX 2063.750000 122.237488 46.037498
VERTEX 2063.750000 166.687500 46.037498
VERTEX 2063.750000 -122.237503 46.037498
VERTEX 2063.750000 -166.687500 46.037498
VERTEX 2028.824829 -166.687500 46.037498
VERTEX 2028.824829 -122.237503 46.037498
VERTEX 2076.449707 -139.699997 46.037498
VERTEX 2076.449707 -139.699997 530.224976
VERTEX 2076.449707 -149.225006 530.224976
VERTEX 2076.449707 -149.225006 46.037498
VERTEX 2063.750000 -149.225006 530.224976
VERTEX 2063.750000 -149.225006 46.037498
VERTEX 2063.750000 -139.699997 46.037498
VERTEX 2063.750000 -139.699997 530.224976
VERTEX 2076.449707 -122.237503 530.224976
VERTEX 2076.449707 -122.237503 46.037498
VERTEX 2041.524902 -122.237503 46.037498
VERTEX 2041.524902 -122.237503 530.224976
VERTEX 2051.049805 -122.237503 46.037498
VERTEX 2051.049805 -122.237503 530.224976
VERTEX 2041.524902 -134.937500 46.037498
VERTEX 2051.049805 -134.937500 46.037498
VERTEX 2051.049805 -134.937500 530.224976
VERTEX 2041.524902 -134.937500 530.224976
VERTEX 2016.124878 -149.225006 530.224976
VERTEX 2016.124878 -149.225006 46.037498
VERTEX 2016.124878 -122.237503 530.224976
VERTEX 2016.124878 -122.237503 46.037498
VERTEX 2016.124878 -139.699997 46.037498
VERTEX 2016.124878 -139.699997 530.224976
VERTEX 2028.824829 -149.225006 46.037498
VERTEX 2028.824829 -139.699997 46.037498
VERTEX 2028.824829 -139.699997 530.224976
VERTEX 2028.824829 -149.225006 530.224976
VERTEX 2051.049805 -153.987503 46.037498
VERTEX 2041.524902 -153.987503 46.037498
VERTEX 2041.524902 -153.987503 530.224976
VERTEX 2051.049805 -153.987503 530.224976
VERTEX 2051.049805 -166.687500 530.224976
VERTEX 2076.449707 -166.687500 530.224976
VERTEX 2076.449707 -166.687500 46.037498
VERTEX 2051.049805 -166.687500 46.037498
VERTEX 2016.124878 -166.687500 530.224976
VERTEX 2041.524902 -166.687500 530.224976
VERTEX 2041.524902 -166.687500 46.037498
VERTEX 2016.124878 -166.687500 46.037498
VERTEX 3898.900146 -166.687500 46.037498
VERTEX 3924.300049 -166.687500 46.037498
VERTEX 3924.300049 -166.687500 530.224976
VERTEX 3898.900146 -166.687500 530.224976
VERTEX 3933.825195 -166.687500 46.037498
VERTEX 3959.225098 -166.687500 46.037498
VERTEX 3959.225098 -166.687500 530.224976
VERTEX 3933.825195 -166.687500 530.224976
VERTEX 3933.825195 -153.987503 530.224976
VERTEX 3924.300049 -153.987503 530.224976
VERTEX 3924.300049 -153.987503 46.037498
VERTEX 3933.825195 -153.987503 46.037498
VERTEX 3911.600098 -149.225006 530.224976
VERTEX 3911.600098 -139.699997 530.224976
VERTEX 3911.600098 -139.699997 46.037498
VERTEX 3911.600098 -149.225006 46.037498
VERTEX 3898.900146 -139.699997 530.224976
VERTEX 3898.900146 -139.699997 46.037498
VERTEX 3898.900146 -122.237503 46.037498
VERTEX 3898.900146 -122.237503 530.224976
VERTEX 3898.900146 -149.225006 46.037498
VERTEX 3898.900146 -149.225006 530.224976
VERTEX 3924.300049 -134.937500 530.224976
VERTEX 3933.825195 -134.937500 530.224976
VERTEX 3933.825195 -134.937500 46.037498
VERTEX 3924.300049 -134.937500 46.037498
VERTEX 3933.825195 -122.237503 530.224976
VERTEX 3933.825195 -122.237503 46.037498
VERTEX 3924.300049 -122.237503 530.224976
VERTEX 3924.300049 -122.237503 46.037498
VERTEX 3959.225098 -122.237503 46.037498
VERTEX 3959.225098 -122.237503 530.224976
VERTEX 3946.525146 -139.699997 530.224976
VERTEX 3946.525146 -139.699997 46.037498
VERTEX 3946.525146 -149.225006 46.037498
VERTEX 3946.525146 -149.225006 530.224976
VERTEX 3959.225098 -149.225006 46.037498
VERTEX 3959.225098 -149.225006 530.224976
VERTEX 3959.225098 -139.699997 530.224976
VERTEX 3959.225098 -139.699997 46.037498
VERTEX 3911.600098 -122.237503 46.037498
VERTEX 3911.600098 -166.687500 46.037498
VERTEX 3946.525146 -166.687500 46.037498
VERTEX 3946.525146 -122.237503 46.037498
VERTEX 3946.525146 166.687500 46.037498
VERTEX 3946.525146 122.237488 46.037498
VERTEX 3911.600098 122.237488 46.037498
VERTEX 3911.600098 166.687500 46.037498
VERTEX 3959.225098 149.224976 46.037498
VERTEX 3959.225098 149.224976 530.224976
VERTEX 3959.225098 139.699982 530.224976
VERTEX 3959.225098 139.699982 46.037498
VERTEX 3946.525146 139.699982 530.224976
VERTEX 3946.525146 139.699982 46.037498
VERTEX 3946.525146 149.224976 46.037498
VERTEX 3946.525146 149.224976 530.224976
VERTEX 3959.225098 166.687500 530.224976
VERTEX 3959.225098 166.687500 46.037498
VERTEX 3924.300049 166.687500 46.037498
VERTEX 3924.300049 166.687500 530.224976
VERTEX 3933.825195 166.687500 46.037498
VERTEX 3933.825195 166.687500 530.224976
VERTEX 3924.300049 153.987488 46.037498
VERTEX 3933.825195 153.987488 46.037498
VERTEX 3933.825195 153.987488 530.224976
VERTEX 3924.300049 153.987488 530.224976
VERTEX 3898.900146 139.699982 530.224976
VERTEX 3898.900146 139.699982 46.037498
VERTEX 3898.900146 166.687500 530.224976
VERTEX 3898.900146 166.687500 46.037498
VERTEX 3898.900146 149.224976 46.037498
VERTEX 3898.900146 149.224976 530.224976
VERTEX 3911.600098 139.699982 46.037498
VERTEX 3911.600098 149.224976 46.037498
VERTEX 3911.600098 149.224976 530.224976
VERTEX 3911.600098 139.699982 530.224976
VERTEX 3933.825195 134.937500 46.037498
VERTEX 3924.300049 134.937500 46.037498
VERTEX 3924.300049 134.937500 530.224976
VERTEX 3933.825195 134.937500 530.224976
VERTEX 3933.825195 122.237488 530.224976
VERTEX 3959.225098 122.237488 530.224976
VERTEX 3959.225098 122.237488 46.037498
VERTEX 3933.825195 122.237488 46.037498
VERTEX 3898.900146 122.237488 530.224976
VERTEX 3924.300049 122.237488 530.224976
VERTEX 3924.300049 122.237488 46.037498
VERTEX 3898.900146 122.237488 46.037498
VERTEX 3933.825195 -122.237495 482.600006
VERTEX 3933.825195 -122.237495 469.899994
VERTEX 3951.287598 -122.237495 469.899994
VERTEX 3924.300049 -122.237503 482.600006
VERTEX 3906.837646 -122.237503 469.899994
VERTEX 3924.300049 -122.237503 469.899994
VERTEX 3919.537598 -122.237503 504.824982
VERTEX 3919.537598 -122.237503 495.299988
VERTEX 3938.587646 -122.237495 495.299988
VERTEX 3938.587646 -122.237495 504.825012
VERTEX 3906.837646 -122.237503 495.299988
VERTEX 3951.287598 -122.237495 495.299988
VERTEX 3924.300049 -122.237503 517.524963
VERTEX 3924.300049 -122.237503 530.224976
VERTEX 3906.837646 -122.237503 530.224976
VERTEX 3933.825195 -122.237495 517.524963
VERTEX 3951.287598 -122.237495 530.224976
VERTEX 3933.825195 -122.237495 530.224976
VERTEX 3951.287598 -122.237495 504.824982
VERTEX 3906.837646 -122.237503 504.824982
VERTEX 3951.287598 122.237518 530.224976
VERTEX 3951.287598 122.237518 504.824982
VERTEX 3924.300049 122.237518 469.899994
VERTEX 3924.300049 122.237518 482.600006
VERTEX 3933.825195 122.237518 530.224976
VERTEX 3933.825195 122.237518 517.524963
VERTEX 3938.587646 122.237518 504.824982
VERTEX 3919.537598 122.237518 504.824982
VERTEX 3919.537598 122.237518 495.299988
VERTEX 3938.587646 122.237518 495.299988
VERTEX 3906.837646 122.237518 469.899994
VERTEX 3906.837646 122.237518 495.299988
VERTEX 3906.837646 122.237518 504.824982
VERTEX 3906.837646 122.237518 530.224976
VERTEX 3933.825195 122.237518 482.600006
VERTEX 3924.300049 122.237518 530.224976
VERTEX 3924.300049 122.237518 517.524963
VERTEX 3951.287598 122.237518 495.299988
VERTEX 3933.825195 122.237518 469.899994
VERTEX 3951.287598 122.237518 469.899994
VERTEX 3951.287598 122.237518 61.912498
VERTEX 3933.825195 122.237518 61.912498
VERTEX 3951.287598 122.237518 87.312500
VERTEX 3924.300049 122.237518 109.537498
VERTEX 3924.300049 122.237518 122.237503
VERTEX 3933.825195 122.237518 74.612503
VERTEX 3906.837646 122.237518 122.237495
VERTEX 3906.837646 122.237518 96.837494
VERTEX 3906.837646 122.237518 87.312500
VERTEX 3906.837646 122.237518 61.912498
VERTEX 3938.587646 122.237518 87.312500
VERTEX 3919.537598 122.237518 87.312500
VERTEX 3919.537598 122.237518 96.837494
VERTEX 3938.587646 122.237518 96.837494
VERTEX 3933.825195 122.237518 109.537498
VERTEX 3933.825195 122.237518 122.237503
VERTEX 3924.300049 122.237518 74.612503
VERTEX 3924.300049 122.237518 61.912498
VERTEX 3951.287598 122.237518 96.837502
VERTEX 3951.287598 122.237518 122.237503
VERTEX 3906.837646 -122.237503 96.837494
VERTEX 3951.287598 -122.237495 96.837502
VERTEX 3933.825195 -122.237495 122.237503
VERTEX 3951.287598 -122.237495 122.237503
VERTEX 3933.825195 -122.237495 109.537498
VERTEX 3906.837646 -122.237503 122.237495
VERTEX 3924.300049 -122.237503 122.237503
VERTEX 3924.300049 -122.237503 109.537498
VERTEX 3951.287598 -122.237495 87.312500
VERTEX 3906.837646 -122.237503 87.312500
VERTEX 3938.587646 -122.237495 96.837502
VERTEX 3938.587646 -122.237495 87.312500
VERTEX 3919.537598 -122.237503 87.312500
VERTEX 3919.537598 -122.237503 96.837494
VERTEX 3924.300049 -122.237503 61.912498
VERTEX 3906.837646 -122.237503 61.912498
VERTEX 3924.300049 -122.237503 74.612503
VERTEX 3951.287598 -122.237495 61.912498
VERTEX 3933.825195 -122.237495 61.912498
VERTEX 3933.825195 -122.237495 74.612503
VERTEX 209.550003 -152.399994 46.037498
VERTEX 193.675003 -152.399994 46.037498
VERTEX 193.675003 -136.524994 46.037498
VERTEX 209.550003 -136.524994 46.037498
VERTEX 209.550003 -152.399994 12.699997
VERTEX 209.550003 -136.524994 12.699997
VERTEX 193.675003 -136.524994 12.699997
VERTEX 193.675003 -152.399994 12.699997
VERTEX 179.387512 -105.967667 0.000000
VERTEX 179.387512 -105.967667 12.700001
VERTEX 223.837509 -105.967674 0.000000
VERTEX 223.837509 -105.967674 12.700001
VERTEX 246.062500 -144.462494 0.000000
VERTEX 246.062500 -144.462494 12.700001
VERTEX 223.837494 -182.957336 0.000000
VERTEX 223.837494 -182.957336 12.700001
VERTEX 179.387512 -182.957336 0.000000
VERTEX 179.387512 -182.957336 12.700001
VERTEX 157.162506 -144.462494 0.000000
VERTEX 157.162506 -144.462494 12.700001
VERTEX 209.550003 136.524994 46.037498
VERTEX 193.675003 136.524994 46.037498
VERTEX 193.675003 152.399994 46.037498
VERTEX 209.550003 152.399994 46.037498
VERTEX 209.550003 136.524994 12.699997
VERTEX 209.550003 152.399994 12.699997
VERTEX 193.675003 152.399994 12.699997
VERTEX 193.675003 136.524994 12.699997
VERTEX 179.387512 182.957336 0.000000
VERTEX 179.387512 182.957336 12.700001
VERTEX 223.837509 182.957336 0.000000
VERTEX 223.837509 182.957336 12.700001
VERTEX 246.062500 144.462494 0.000000
VERTEX 246.062500 144.462494 12.700001
VERTEX 223.837494 105.967651 0.000000
VERTEX 223.837494 105.967651 12.700001
VERTEX 179.387512 105.967651 0.000000
VERTEX 179.387512 105.967651 12.700001
VERTEX 157.162506 144.462494 0.000000
VERTEX 157.162506 144.462494 12.700001
VERTEX 2001.837402 144.462494 12.700001
VERTEX 2001.837402 144.462494 0.000000
VERTEX 2024.062378 105.967651 12.700001
VERTEX 2024.062378 105.967651 0.000000
VERTEX 2068.512207 105.967651 12.700001
VERTEX 2068.512207 105.967651 0.000000
VERTEX 2090.737305 144.462494 12.700001
VERTEX 2090.737305 144.462494 0.000000
VERTEX 2068.512207 182.957336 12.700001
VERTEX 2068.512207 182.957336 0.000000
VERTEX 2024.062378 182.957336 12.700001
VERTEX 2024.062378 182.957336 0.000000
VERTEX 2038.349854 136.524994 12.699997
VERTEX 2038.349854 152.399994 12.699997
VERTEX 2054.224854 152.399994 12.699997
VERTEX 2054.224854 136.524994 12.699997
VERTEX 2054.224854 152.399994 46.037498
VERTEX 2038.349854 152.399994 46.037498
VERTEX 2038.349854 136.524994 46.037498
VERTEX 2054.224854 136.524994 46.037498
VERTEX 2054.224854 -152.399994 46.037498
VERTEX 2038.349854 -152.399994 46.037498
VERTEX 2038.349854 -136.524994 46.037498
VERTEX 2054.224854 -136.524994 46.037498
VERTEX 2054.224854 -152.399994 12.699997
VERTEX 2054.224854 -136.524994 12.699997
VERTEX 2038.349854 -136.524994 12.699997
VERTEX 2038.349854 -152.399994 12.699997
VERTEX 2024.062378 -105.967667 0.000000
VERTEX 2024.062378 -105.967667 12.700001
VERTEX 2068.512207 -105.967674 0.000000
VERTEX 2068.512207 -105.967674 12.700001
VERTEX 2090.737305 -144.462494 0.000000
VERTEX 2090.737305 -144.462494 12.700001
VERTEX 2068.512207 -182.957336 0.000000
VERTEX 2068.512207 -182.957336 12.700001
VERTEX 2024.062378 -182.957336 0.000000
VERTEX 2024.062378 -182.957336 12.700001
VERTEX 2001.837402 -144.462494 0.000000
VERTEX 2001.837402 -144.462494 12.700001
VERTEX 3884.612793 -144.462494 12.700001
VERTEX 3884.612793 -144.462494 0.000000
VERTEX 3906.837646 -182.957336 12.700001
VERTEX 3906.837646 -182.957336 0.000000
VERTEX 3951.287842 -182.957336 12.700001
VERTEX 3951.287842 -182.957336 0.000000
VERTEX 3973.512695 -144.462494 12.700001
VERTEX 3973.512695 -144.462494 0.000000
VERTEX 3951.287842 -105.967674 12.700001
VERTEX 3951.287842 -105.967674 0.000000
VERTEX 3906.837646 -105.967667 12.700001
VERTEX 3906.837646 -105.967667 0.000000
VERTEX 3921.125244 -152.399994 12.699997
VERTEX 3921.125244 -136.524994 12.699997
VERTEX 3937.000244 -136.524994 12.699997
VERTEX 3937.000244 -152.399994 12.699997
VERTEX 3937.000244 -136.524994 46.037498
VERTEX 3921.125244 -136.524994 46.037498
VERTEX 3921.125244 -152.399994 46.037498
VERTEX 3937.000244 -152.399994 46.037498
VERTEX 3937.000244 136.524994 46.037498
VERTEX 3921.125244 136.524994 46.037498
VERTEX 3921.125244 152.399994 46.037498
VERTEX 3937.000244 152.399994 46.037498
VERTEX 3937.000244 136.524994 12.699997
VERTEX 3937.000244 152.399994 12.699997
VERTEX 3921.125244 152.399994 12.699997
VERTEX 3921.125244 136.524994 12.699997
VERTEX 3906.837646 182.957336 0.000000
VERTEX 3906.837646 182.957336 12.700001
VERTEX 3951.287842 182.957336 0.000000
VERTEX 3951.287842 182.957336 12.700001
VERTEX 3973.512695 144.462494 0.000000
VERTEX 3973.512695 144.462494 12.700001
VERTEX 3951.287842 105.967651 0.000000
VERTEX 3951.287842 105.967651 12.700001
VERTEX 3906.837646 105.967651 0.000000
VERTEX 3906.837646 105.967651 12.700001
VERTEX 3884.612793 144.462494 0.000000
VERTEX 3884.612793 144.462494 12.700001
VERTEX 4000.500000 -166.687500 574.674988
VERTEX 4000.500000 -122.237503 574.674988
VERTEX 3968.750000 -122.237503 574.674988
VERTEX 3968.750000 -166.687500 574.674988
VERTEX 3968.750000 -122.237503 530.224976
VERTEX 4000.500000 -122.237503 530.224976
VERTEX 4000.500000 -166.687500 530.224976
VERTEX 3968.750000 -166.687500 530.224976
VERTEX 3968.750000 122.237488 530.224976
VERTEX 4000.500000 122.237488 530.224976
VERTEX 4000.500000 166.687500 530.224976
VERTEX 3968.750000 166.687500 530.224976
VERTEX 3968.750000 122.237488 574.674988
VERTEX 3968.750000 166.687500 574.674988
VERTEX 4000.500000 166.687500 574.674988
VERTEX 4000.500000 122.237488 574.674988
POLYGON 4
0
1
2
3
POLYGON 4
4
5
6
7
POLYGON 4
8
0
3
9
POLYGON 4
10
11
5
4
POLYGON 4
12
13
14
15
POLYGON 4
16
19
18
17
POLYGON 4
20
16
17
21
POLYGON 4
22
18
19
23
POLYGON 4
9
12
15
8
POLYGON 4
10
14
13
11
POLYGON 4
21
2
1
20
POLYGON 4
22
23
7
6
POLYGON 4
18
13
12
17
POLYGON 4
9
3
2
21
POLYGON 4
22
6
5
11
POLYGON 4
47
46
45
44
POLYGON 4
43
42
41
40
POLYGON 4
39
47
44
38
POLYGON 4
37
36
42
43
POLYGON 4
35
34
33
32
POLYGON 4
31
28
29
30
POLYGON 4
27
31
30
26
POLYGON 4
25
29
28
24
POLYGON 4
38
35
32
39
POLYGON 4
37
33
34
36
POLYGON 4
26
45
46
27
POLYGON 4
25
24
40
41
POLYGON 4
29
34
35
30
POLYGON 4
38
44
45
26
POLYGON 4
25
41
42
36
POLYGON 4
50
76
85
48
POLYGON 4
48
85
86
49
POLYGON 4
63
62
72
70
POLYGON 4
63
70
71
67
POLYGON 4
50
58
79
76
POLYGON 4
65
64
84
82
POLYGON 4
51
52
74
75
POLYGON 4
62
51
75
72
POLYGON 4
67
71
69
66
POLYGON 4
53
49
86
87
POLYGON 4
64
53
87
84
POLYGON 4
61
66
69
78
POLYGON 4
58
61
78
79
POLYGON 4
60
59
80
81
POLYGON 4
55
60
81
68
POLYGON 4
54
73
74
52
POLYGON 4
55
68
73
54
POLYGON 4
65
82
83
57
POLYGON 4
59
56
77
80
POLYGON 4
57
83
77
56
POLYGON 4
125
99
90
127
POLYGON 4
127
90
89
126
POLYGON 4
112
113
103
105
POLYGON 4
112
105
104
108
POLYGON 4
125
117
96
99
POLYGON 4
110
111
91
93
POLYGON 4
124
123
101
100
POLYGON 4
113
124
100
103
POLYGON 4
108
104
106
109
POLYGON 4
122
126
89
88
POLYGON 4
111
122
88
91
POLYGON 4
114
109
106
97
POLYGON 4
117
114
97
96
POLYGON 4
115
116
95
94
POLYGON 4
120
115
94
107
POLYGON 4
121
102
101
123
POLYGON 4
120
107
102
121
POLYGON 4
110
93
92
118
POLYGON 4
116
119
98
95
POLYGON 4
118
92
98
119
POLYGON 4
130
156
165
128
POLYGON 4
128
165
166
129
POLYGON 4
143
142
152
150
POLYGON 4
143
150
151
147
POLYGON 4
130
138
159
156
POLYGON 4
145
144
164
162
POLYGON 4
131
132
154
155
POLYGON 4
142
131
155
152
POLYGON 4
147
151
149
146
POLYGON 4
133
129
166
167
POLYGON 4
144
133
167
164
POLYGON 4
141
146
149
158
POLYGON 4
138
141
158
159
POLYGON 4
140
139
160
161
POLYGON 4
135
140
161
148
POLYGON 4
134
153
154
132
POLYGON 4
135
148
153
134
POLYGON 4
145
162
163
137
POLYGON 4
139
136
157
160
POLYGON 4
137
163
157
136
POLYGON 4
183
182
181
180
POLYGON 4
179
181
182
178
POLYGON 4
178
177
176
179
POLYGON 4
175
176
177
174
POLYGON 4
174
173
172
175
POLYGON 4
180
171
170
183
POLYGON 4
169
172
173
168
POLYGON 4
168
170
171
169
POLYGON 8
181
179
176
175
172
169
171
180
POLYGON 8
174
177
178
182
183
170
168
173
POLYGON 4
184
185
186
187
POLYGON 4
188
186
185
189
POLYGON 4
189
190
191
188
POLYGON 4
192
191
190
193
POLYGON 4
193
194
195
192
POLYGON 4
187
196
197
184
POLYGON 4
198
195
194
199
POLYGON 4
199
197
196
198
POLYGON 8
186
188
191
192
195
198
196
187
POLYGON 8
193
190
189
185
184
197
199
194
POLYGON 4
207
204
205
206
POLYGON 4
203
200
201
202
POLYGON 4
204
207
203
202
POLYGON 4
205
204
202
201
POLYGON 4
206
205
201
200
POLYGON 4
207
206
200
203
POLYGON 4
215
212
213
214
POLYGON 4
211
208
209
210
POLYGON 4
212
215
211
210
POLYGON 4
213
212
210
209
POLYGON 4
214
213
209
208
POLYGON 4
215
214
208
211
POLYGON 4
216
219
218
217
POLYGON 4
220
223
222
221
POLYGON 4
219
216
220
221
POLYGON 4
218
219
221
222
POLYGON 4
217
218
222
223
POLYGON 4
216
217
223
220
POLYGON 4
224
227
226
225
POLYGON 4
228
231
230
229
POLYGON 4
227
224
228
229
POLYGON 4
226
227
229
230
POLYGON 4
225
226
230
231
POLYGON 4
224
225
231
228
POLYGON 4
232
235
234
233
POLYGON 4
236
239
238
237
POLYGON 4
235
232
236
237
POLYGON 4
234
235
237
238
POLYGON 4
233
234
238
239
POLYGON 4
232
233
239
236
POLYGON 4
267
283
282
244
POLYGON 4
273
283
270
279
POLYGON 4
279
270
271
278
POLYGON 4
274
276
245
282
POLYGON 4
245
276
277
246
POLYGON 4
241
281
280
269
POLYGON 4
251
250
265
264
POLYGON 4
255
281
240
260
POLYGON 4
254
257
258
280
POLYGON 4
261
252
255
260
POLYGON 4
278
272
273
279
POLYGON 4
275
277
276
274
POLYGON 4
272
275
274
273
POLYGON 4
269
258
259
268
POLYGON 4
270
267
266
271
POLYGON 4
247
248
251
244
POLYGON 4
249
242
241
250
POLYGON 4
268
262
265
269
POLYGON 4
263
266
267
264
POLYGON 4
262
263
264
265
POLYGON 4
260
240
243
261
POLYGON 4
258
257
256
259
POLYGON 4
253
256
257
254
POLYGON 4
252
253
254
255
POLYGON 4
248
249
250
251
POLYGON 4
244
245
246
247
POLYGON 4
240
241
242
243
POLYGON 4
300
284
285
323
POLYGON 4
294
284
297
288
POLYGON 4
288
297
296
289
POLYGON 4
293
291
322
285
POLYGON 4
322
291
290
321
POLYGON 4
326
286
287
298
POLYGON 4
316
317
302
303
POLYGON 4
312
286
327
307
POLYGON 4
313
310
309
287
POLYGON 4
306
315
312
307
POLYGON 4
289
295
294
288
POLYGON 4
292
290
291
293
POLYGON 4
295
292
293
294
POLYGON 4
298
309
308
299
POLYGON 4
297
300
301
296
POLYGON 4
320
319
316
323
POLYGON 4
318
325
326
317
POLYGON 4
299
305
302
298
POLYGON 4
304
301
300
303
POLYGON 4
305
304
303
302
POLYGON 4
307
327
324
306
POLYGON 4
309
310
311
308
POLYGON 4
314
311
310
313
POLYGON 4
315
314
313
312
POLYGON 4
319
318
317
316
POLYGON 4
323
322
321
320
POLYGON 4
327
326
325
324
POLYGON 4
365
339
330
367
POLYGON 4
367
330
329
366
POLYGON 4
352
353
343
345
POLYGON 4
352
345
344
348
POLYGON 4
365
357
336
339
POLYGON 4
350
351
331
333
POLYGON 4
364
363
341
340
POLYGON 4
353
364
340
343
POLYGON 4
348
344
346
349
POLYGON 4
362
366
329
328
POLYGON 4
351
362
328
331
POLYGON 4
354
349
346
337
POLYGON 4
357
354
337
336
POLYGON 4
355
356
335
334
POLYGON 4
360
355
334
347
POLYGON 4
361
342
341
363
POLYGON 4
360
347
342
361
POLYGON 4
350
333
332
358
POLYGON 4
356
359
338
335
POLYGON 4
358
332
338
359
POLYGON 4
370
396
405
368
POLYGON 4
368
405
406
369
POLYGON 4
383
382
392
390
POLYGON 4
383
390
391
387
POLYGON 4
370
378
399
396
POLYGON 4
385
384
404
402
POLYGON 4
371
372
394
395
POLYGON 4
382
371
395
392
POLYGON 4
387
391
389
386
POLYGON 4
373
369
406
407
POLYGON 4
384
373
407
404
POLYGON 4
381
386
389
398
POLYGON 4
378
381
398
399
POLYGON 4
380
379
400
401
POLYGON 4
375
380
401
388
POLYGON 4
374
393
394
372
POLYGON 4
375
388
393
374
POLYGON 4
385
402
403
377
POLYGON 4
379
376
397
400
POLYGON 4
377
403
397
376
POLYGON 4
445
419
410
447
POLYGON 4
447
410
409
446
POLYGON 4
432
433
423
425
POLYGON 4
432
425
424
428
POLYGON 4
445
437
416
419
POLYGON 4
430
431
411
413
POLYGON 4
444
443
421
420
POLYGON 4
433
444
420
423
POLYGON 4
428
424
426
429
POLYGON 4
442
446
409
408
POLYGON 4
431
442
408
411
POLYGON 4
434
429
426
417
POLYGON 4
437
434
417
416
POLYGON 4
435
436
415
414
POLYGON 4
440
435
414
427
POLYGON 4
441
422
421
443
POLYGON 4
440
427
422
441
POLYGON 4
430
413
412
438
POLYGON 4
436
439
418
415
POLYGON 4
438
412
418
439
POLYGON 4
450
476
485
448
POLYGON 4
448
485
486
449
POLYGON 4
463
462
472
470
POLYGON 4
463
470
471
467
POLYGON 4
450
458
479
476
POLYGON 4
465
464
484
482
POLYGON 4
451
452
474
475
POLYGON 4
462
451
475
472
POLYGON 4
467
471
469
466
POLYGON 4
453
449
486
487
POLYGON 4
464
453
487
484
POLYGON 4
461
466
469
478
POLYGON 4
458
461
478
479
POLYGON 4
460
459
480
481
POLYGON 4
455
460
481
468
POLYGON 4
454
473
474
452
POLYGON 4
455
468
473
454
POLYGON 4
465
482
483
457
POLYGON 4
459
456
477
480
POLYGON 4
457
483
477
456
POLYGON 4
515
531
530
492
POLYGON 4
521
531
518
527
POLYGON 4
527
518
519
526
POLYGON 4
522
524
493
530
POLYGON 4
493
524
525
494
POLYGON 4
489
529
528
517
POLYGON 4
499
498
513
512
POLYGON 4
503
529
488
508
POLYGON 4
502
505
506
528
POLYGON 4
509
500
503
508
POLYGON 4
526
520
521
527
POLYGON 4
523
525
524
522
POLYGON 4
520
523
522
521
POLYGON 4
517
506
507
516
POLYGON 4
518
515
514
519
POLYGON 4
495
496
499
492
POLYGON 4
497
490
489
498
POLYGON 4
516
510
513
517
POLYGON 4
511
514
515
512
POLYGON 4
510
511
512
513
POLYGON 4
508
488
491
509
POLYGON 4
506
505
504
507
POLYGON 4
501
504
505
502
POLYGON 4
500
501
502
503
POLYGON 4
496
497
498
499
POLYGON 4
492
493
494
495
POLYGON 4
488
489
490
491
POLYGON 4
548
532
533
571
POLYGON 4
542
532
545
536
POLYGON 4
536
545
544
537
POLYGON 4
541
539
570
533
POLYGON 4
570
539
538
569
POLYGON 4
574
534
535
546
POLYGON 4
564
565
550
551
POLYGON 4
560
534
575
555
POLYGON 4
561
558
557
535
POLYGON 4
554
563
560
555
POLYGON 4
537
543
542
536
POLYGON 4
540
538
539
541
POLYGON 4
543
540
541
542
POLYGON 4
546
557
556
547
POLYGON 4
545
548
549
544
POLYGON 4
568
567
564
571
POLYGON 4
566
573
574
565
POLYGON 4
547
553
550
546
POLYGON 4
552
549
548
551
POLYGON 4
553
552
551
550
POLYGON 4
555
575
572
554
POLYGON 4
557
558
559
556
POLYGON 4
562
559
558
561
POLYGON 4
563
562
561
560
POLYGON 4
567
566
565
564
POLYGON 4
571
570
569
568
POLYGON 4
575
574
573
572
POLYGON 4
603
619
618
580
POLYGON 4
609
619
606
615
POLYGON 4
615
606
607
614
POLYGON 4
610
612
581
618
POLYGON 4
581
612
613
582
POLYGON 4
577
617
616
605
POLYGON 4
587
586
601
600
POLYGON 4
591
617
576
596
POLYGON 4
590
593
594
616
POLYGON 4
597
588
591
596
POLYGON 4
614
608
609
615
POLYGON 4
611
613
612
610
POLYGON 4
608
611
610
609
POLYGON 4
605
594
595
604
POLYGON 4
606
603
602
607
POLYGON 4
583
584
587
580
POLYGON 4
585
578
577
586
POLYGON 4
604
598
601
605
POLYGON 4
599
602
603
600
POLYGON 4
598
599
600
601
POLYGON 4
596
576
579
597
POLYGON 4
594
593
592
595
POLYGON 4
589
592
593
590
POLYGON 4
588
589
590
591
POLYGON 4
584
585
586
587
POLYGON 4
580
581
582
583
POLYGON 4
576
577
578
579
POLYGON 4
636
620
621
659
POLYGON 4
630
620
633
624
POLYGON 4
624
633
632
625
POLYGON 4
629
627
658
621
POLYGON 4
658
627
626
657
POLYGON 4
662
622
623
634
POLYGON 4
652
653
638
639
POLYGON 4
648
622
663
643
POLYGON 4
649
646
645
623
POLYGON 4
642
651
648
643
POLYGON 4
625
631
630
624
POLYGON 4
628
626
627
629
POLYGON 4
631
628
629
630
POLYGON 4
634
645
644
635
POLYGON 4
633
636
637
632
POLYGON 4
656
655
652
659
POLYGON 4
654
661
662
653
POLYGON 4
635
641
638
634
POLYGON 4
640
637
636
639
POLYGON 4
641
640
639
638
POLYGON 4
643
663
660
642
POLYGON 4
645
646
647
644
POLYGON 4
650
647
646
649
POLYGON 4
651
650
649
648
POLYGON 4
655
654
653
652
POLYGON 4
659
658
657
656
POLYGON 4
663
662
661
660
POLYGON 4
701
675
666
703
POLYGON 4
703
666
665
702
POLYGON 4
688
689
679
681
POLYGON 4
688
681
680
684
POLYGON 4
701
693
672
675
POLYGON 4
686
687
667
669
POLYGON 4
700
699
677
676
POLYGON 4
689
700
676
679
POLYGON 4
684
680
682
685
POLYGON 4
698
702
665
664
POLYGON 4
687
698
664
667
POLYGON 4
690
685
682
673
POLYGON 4
693
690
673
672
POLYGON 4
691
692
671
670
POLYGON 4
696
691
670
683
POLYGON 4
697
678
677
699
POLYGON 4
696
683
678
697
POLYGON 4
686
669
668
694
POLYGON 4
692
695
674
671
POLYGON 4
694
668
674
695
POLYGON 4
706
732
741
704
POLYGON 4
704
741
742
705
POLYGON 4
719
718
728
726
POLYGON 4
719
726
727
723
POLYGON 4
706
714
735
732
POLYGON 4
721
720
740
738
POLYGON 4
707
708
730
731
POLYGON 4
718
707
731
728
POLYGON 4
723
727
725
722
POLYGON 4
709
705
742
743
POLYGON 4
720
709
743
740
POLYGON 4
717
722
725
734
POLYGON 4
714
717
734
735
POLYGON 4
716
715
736
737
POLYGON 4
711
716
737
724
POLYGON 4
710
729
730
708
POLYGON 4
711
724
729
710
POLYGON 4
721
738
739
713
POLYGON 4
715
712
733
736
POLYGON 4
713
739
733
712
POLYGON 4
747
744
748
749
POLYGON 4
746
747
749
750
POLYGON 4
745
746
750
751
POLYGON 4
744
745
751
748
POLYGON 4
763
753
752
762
POLYGON 4
753
755
754
752
POLYGON 4
755
757
756
754
POLYGON 4
757
759
758
756
POLYGON 4
759
761
760
758
POLYGON 4
761
763
762
760
POLYGON 6
763
761
759
757
755
753
POLYGON 6
762
752
754
756
758
760
POLYGON 4
767
764
768
769
POLYGON 4
766
767
769
770
POLYGON 4
765
766
770
771
POLYGON 4
764
765
771
768
POLYGON 4
783
773
772
782
POLYGON 4
773
775
774
772
POLYGON 4
775
777
776
774
POLYGON 4
777
779
778
776
POLYGON 4
779
781
780
778
POLYGON 4
781
783
782
780
POLYGON 6
783
781
779
777
775
773
POLYGON 6
782
772
774
776
778
780
POLYGON 4
784
794
795
785
POLYGON 4
794
792
793
795
POLYGON 4
792
790
791
793
POLYGON 4
790
788
789
791
POLYGON 4
788
786
787
789
POLYGON 4
786
784
785
787
POLYGON 6
784
786
788
790
792
794
POLYGON 6
785
795
793
791
789
787
POLYGON 4
800
803
799
798
POLYGON 4
801
800
798
797
POLYGON 4
802
801
797
796
POLYGON 4
803
802
796
799
POLYGON 4
807
804
808
809
POLYGON 4
806
807
809
810
POLYGON 4
805
806
810
811
POLYGON 4
804
805
811
808
POLYGON 4
823
813
812
822
POLYGON 4
813
815
814
812
POLYGON 4
815
817
816
814
POLYGON 4
817
819
818
816
POLYGON 4
819
821
820
818
POLYGON 4
821
823
822
820
POLYGON 6
823
821
819
817
815
813
POLYGON 6
822
812
814
816
818
820
POLYGON 4
824
834
835
825
POLYGON 4
834
832
833
835
POLYGON 4
832
830
831
833
POLYGON 4
830
828
829
831
POLYGON 4
828
826
827
829
POLYGON 4
826
824
825
827
POLYGON 6
824
826
828
830
832
834
POLYGON 6
825
835
833
831
829
827
POLYGON 4
840
843
839
838
POLYGON 4
841
840
838
837
POLYGON 4
842
841
837
836
POLYGON 4
843
842
836
839
POLYGON 4
847
844
848
849
POLYGON 4
846
847
849
850
POLYGON 4
845
846
850
851
POLYGON 4
844
845
851
848
POLYGON 4
863
853
852
862
POLYGON 4
853
855
854
852
POLYGON 4
855
857
856
854
POLYGON 4
857
859
858
856
POLYGON 4
859
861
860
858
POLYGON 4
861
863
862
860
POLYGON 6
863
861
859
857
855
853
POLYGON 6
862
852
854
856
858
860
POLYGON 4
871
868
869
870
POLYGON 4
867
864
865
866
POLYGON 4
868
871
867
866
POLYGON 4
869
868
866
865
POLYGON 4
870
869
865
864
POLYGON 4
871
870
864
867
POLYGON 4
872
875
874
873
POLYGON 4
876
879
878
877
POLYGON 4
875
872
876
877
POLYGON 4
874
875
877
878
POLYGON 4
873
874
878
879
POLYGON 4
872
873
879
876
NULL
