VERTEX 3382.431396 298.981079 320.674988
VERTEX 3382.431396 298.981079 498.475006
VERTEX 3419.474854 314.325043 320.675018
VERTEX 3419.474854 314.325043 498.475006
VERTEX 3456.518311 298.981079 320.675018
VERTEX 3456.518311 298.981079 498.475006
VERTEX 3471.862305 261.937531 320.675018
VERTEX 3471.862305 261.937531 498.475006
VERTEX 3456.518311 224.893982 320.675018
VERTEX 3456.518311 224.893982 498.475006
VERTEX 3419.474854 209.550018 320.675018
VERTEX 3419.474854 209.550018 498.475006
VERTEX 3382.431396 224.893982 320.674988
VERTEX 3382.431396 224.893982 498.475006
VERTEX 3367.087402 261.937531 320.674988
VERTEX 3367.087402 261.937531 498.475006
VERTEX 3597.275146 268.287567 434.975006
VERTEX 3597.275146 192.087585 434.975006
VERTEX 3552.825195 192.087585 434.975006
VERTEX 3552.825195 268.287567 434.975006
VERTEX 3597.275146 268.287567 606.424988
VERTEX 3597.275146 192.087585 606.424988
VERTEX 3552.825195 192.087585 606.424988
VERTEX 3552.825195 268.287567 606.424988
VERTEX 3552.824951 216.729858 551.679565
VERTEX 3771.899902 216.729858 551.679565
VERTEX 3552.824951 211.150269 565.149963
VERTEX 3771.899902 211.150269 565.149963
VERTEX 3552.824951 216.729858 578.620361
VERTEX 3771.899902 216.729858 578.620361
VERTEX 3552.824951 230.200256 584.199951
VERTEX 3771.899902 230.200256 584.199951
VERTEX 3552.824951 243.670654 578.620361
VERTEX 3771.899902 243.670654 578.620361
VERTEX 3552.824951 249.250244 565.149963
VERTEX 3771.899902 249.250244 565.149963
VERTEX 3552.824951 243.670654 551.679626
VERTEX 3771.899902 243.670654 551.679626
VERTEX 3552.824951 230.200256 546.099976
VERTEX 3771.899902 230.200256 546.099976
VERTEX 3862.387451 1173.162476 630.237488
VERTEX 3462.337646 1173.162476 630.237488
VERTEX 3462.337646 1173.162476 649.287476
VERTEX 3862.387451 1173.162476 649.287476
VERTEX 3862.387451 1141.412476 630.237488
VERTEX 3862.387451 1141.412476 649.287476
VERTEX 3836.987549 1130.299927 649.287476
VERTEX 3836.987549 1130.299927 630.237488
VERTEX 3462.337646 1141.412476 630.237488
VERTEX 3462.337646 1141.412476 649.287476
VERTEX 3487.737549 1130.299927 630.237488
VERTEX 3487.737549 1130.299927 649.287476
VERTEX 3829.050049 1173.162476 617.537476
VERTEX 3784.600098 1173.162476 617.537476
VERTEX 3784.600098 1144.587524 617.537476
VERTEX 3829.050049 1144.587524 617.537476
VERTEX 3829.050049 1173.162476 630.237488
VERTEX 3829.050049 1144.587524 630.237488
VERTEX 3784.600098 1144.587524 630.237488
VERTEX 3784.600098 1173.162476 630.237488
VERTEX 3540.125000 1173.162476 617.537476
VERTEX 3495.675049 1173.162476 617.537476
VERTEX 3495.675049 1144.587402 617.537476
VERTEX 3540.125000 1144.587402 617.537476
VERTEX 3540.125000 1173.162476 630.237488
VERTEX 3540.125000 1144.587402 630.237488
VERTEX 3495.675049 1144.587402 630.237488
VERTEX 3495.675049 1173.162476 630.237488
VERTEX 3495.675049 1141.432861 584.200012
VERTEX 3495.675049 1173.182861 584.200012
VERTEX 3540.125000 1173.182861 584.200012
VERTEX 3540.125000 1141.432861 584.200012
VERTEX 3495.675049 1141.432861 612.775024
VERTEX 3495.675049 1173.182861 612.775024
VERTEX 3540.125000 1173.182861 612.775024
VERTEX 3540.125000 1141.432861 612.775024
VERTEX 3829.050049 1141.432861 612.775024
VERTEX 3829.050049 1173.182861 612.775024
VERTEX 3784.600098 1173.182861 612.775024
VERTEX 3784.600098 1141.432861 612.775024
VERTEX 3829.050049 1141.432861 584.200012
VERTEX 3829.050049 1173.182861 584.200012
VERTEX 3784.600098 1173.182861 584.200012
VERTEX 3784.600098 1141.432861 584.200012
VERTEX 3771.899902 182.582840 617.537476
VERTEX 3771.899902 277.832825 617.537476
VERTEX 3829.050049 166.707870 625.474976
VERTEX 3824.287598 166.707870 617.537476
VERTEX 3824.287598 166.707870 625.474976
VERTEX 3824.287598 293.707886 617.537476
VERTEX 3829.029541 293.707886 625.474976
VERTEX 3824.287598 293.707886 625.474976
VERTEX 3829.050049 166.707870 617.537476
VERTEX 3784.599854 166.707870 617.537476
VERTEX 3784.600098 293.707886 617.537476
VERTEX 3829.029541 293.707886 617.537476
VERTEX 3841.750000 277.807434 625.474976
VERTEX 3841.750000 182.582779 625.474976
VERTEX 3829.029541 293.707886 612.775024
VERTEX 3784.600098 293.707886 612.775024
VERTEX 3771.899902 277.832825 612.775024
VERTEX 3771.899902 182.582840 612.775024
VERTEX 3784.599854 166.707870 612.775024
VERTEX 3829.050049 166.707870 612.775024
VERTEX 3841.750000 182.582779 612.775024
VERTEX 3841.750000 277.807434 612.775024
VERTEX 3829.050049 1173.182861 612.775024
VERTEX 3829.050049 1173.182861 617.537476
VERTEX 3824.287598 1173.182861 625.474976
VERTEX 3829.050049 1173.182861 625.474976
VERTEX 3784.600098 1173.182861 612.775024
VERTEX 3784.600098 1173.182861 617.537476
VERTEX 3824.287598 1173.182861 617.537476
VERTEX 3824.287598 293.707886 625.474976
VERTEX 3829.050049 293.707886 625.474976
VERTEX 3824.287598 293.707886 617.537476
VERTEX 3829.050049 293.707886 617.537476
VERTEX 3829.050049 293.707886 612.775024
VERTEX 3784.600098 293.707886 612.775024
VERTEX 3784.600098 293.707886 617.537476
VERTEX 3482.974854 182.608353 612.775024
VERTEX 3482.974854 277.833008 612.775024
VERTEX 3495.674805 293.707886 612.775024
VERTEX 3540.125000 293.707886 612.775024
VERTEX 3552.824951 277.832947 612.775024
VERTEX 3552.824951 182.582962 612.775024
VERTEX 3540.125000 166.707901 612.775024
VERTEX 3495.695312 166.707901 612.775024
VERTEX 3482.974854 277.833008 625.474976
VERTEX 3482.974854 182.608353 625.474976
VERTEX 3495.695312 166.707901 617.537476
VERTEX 3540.125000 166.707901 617.537476
VERTEX 3540.125000 293.707886 617.537476
VERTEX 3495.674805 293.707886 617.537476
VERTEX 3500.437500 166.707901 625.474976
VERTEX 3495.695312 166.707901 625.474976
VERTEX 3500.437500 166.707901 617.537476
VERTEX 3500.437500 293.707886 625.474976
VERTEX 3500.437500 293.707886 617.537476
VERTEX 3495.674805 293.707886 625.474976
VERTEX 3552.824951 182.582962 617.537476
VERTEX 3552.824951 277.832947 617.537476
VERTEX 3495.675049 1173.182861 612.775024
VERTEX 3495.675049 1173.182861 617.537476
VERTEX 3495.675049 1173.182861 625.474976
VERTEX 3500.437500 1173.182861 625.474976
VERTEX 3540.125000 1173.182861 612.775024
VERTEX 3500.437500 1173.182861 617.537476
VERTEX 3540.125000 1173.182861 617.537476
VERTEX 3495.674805 293.707886 625.474976
VERTEX 3500.437500 293.707886 625.474976
VERTEX 3500.437500 293.707886 617.537476
VERTEX 3540.125000 293.707886 617.537476
VERTEX 3540.125000 293.707886 612.775024
VERTEX 3495.674805 293.707886 612.775024
VERTEX 3495.674805 293.707886 617.537476
POLYGON 4
13
15
14
12
POLYGON 4
11
13
12
10
POLYGON 4
9
11
10
8
POLYGON 4
7
9
8
6
POLYGON 4
5
7
6
4
POLYGON 4
3
5
4
2
POLYGON 4
1
3
2
0
POLYGON 4
15
1
0
14
POLYGON 8
14
0
2
4
6
8
10
12
POLYGON 8
15
13
11
9
7
5
3
1
POLYGON 4
23
20
16
19
POLYGON 4
20
21
17
16
POLYGON 4
21
22
18
17
POLYGON 4
22
23
19
18
POLYGON 4
19
16
17
18
POLYGON 4
23
22
21
20
POLYGON 4
37
39
38
36
POLYGON 4
35
37
36
34
POLYGON 4
33
35
34
32
POLYGON 4
31
33
32
30
POLYGON 4
29
31
30
28
POLYGON 4
27
29
28
26
POLYGON 4
25
27
26
24
POLYGON 4
39
25
24
38
POLYGON 4
51
49
48
50
POLYGON 4
50
47
46
51
POLYGON 4
41
48
49
42
POLYGON 4
45
46
47
44
POLYGON 4
44
40
43
45
POLYGON 4
40
41
42
43
POLYGON 6
45
43
42
49
51
46
POLYGON 6
40
44
47
50
48
41
POLYGON 4
52
53
59
56
POLYGON 4
53
54
58
59
POLYGON 4
54
55
57
58
POLYGON 4
55
52
56
57
POLYGON 4
56
59
58
57
POLYGON 4
52
55
54
53
POLYGON 4
60
61
67
64
POLYGON 4
61
62
66
67
POLYGON 4
62
63
65
66
POLYGON 4
63
60
64
65
POLYGON 4
64
67
66
65
POLYGON 4
60
63
62
61
POLYGON 4
75
74
73
72
POLYGON 4
71
68
69
70
POLYGON 4
74
75
71
70
POLYGON 4
73
74
70
69
POLYGON 4
72
73
69
68
POLYGON 4
75
72
68
71
POLYGON 4
76
77
78
79
POLYGON 4
80
83
82
81
POLYGON 4
77
76
80
81
POLYGON 4
78
77
81
82
POLYGON 4
79
78
82
83
POLYGON 4
76
79
83
80
POLYGON 4
97
104
105
96
POLYGON 4
95
98
99
94
POLYGON 4
93
102
103
92
POLYGON 4
91
90
95
89
POLYGON 4
88
87
92
86
POLYGON 4
85
94
99
100
POLYGON 4
93
84
101
102
POLYGON 4
85
100
101
84
POLYGON 4
88
91
89
87
POLYGON 4
90
96
105
98
POLYGON 4
97
86
103
104
POLYGON 8
105
104
103
102
101
100
99
98
POLYGON 6
88
86
97
96
90
91
POLYGON 6
84
93
87
89
94
85
POLYGON 4
119
118
117
116
POLYGON 4
115
116
114
113
POLYGON 4
109
107
112
108
POLYGON 4
106
117
118
110
POLYGON 4
111
110
118
119
POLYGON 4
117
106
109
114
POLYGON 4
108
113
114
109
POLYGON 4
108
112
115
113
POLYGON 4
112
111
119
115
POLYGON 4
110
111
107
106
POLYGON 4
128
121
120
129
POLYGON 4
130
127
126
131
POLYGON 4
132
123
122
133
POLYGON 4
134
135
130
136
POLYGON 4
137
138
133
139
POLYGON 4
140
131
126
125
POLYGON 4
132
141
124
123
POLYGON 4
140
125
124
141
POLYGON 4
137
134
136
138
POLYGON 4
135
129
120
127
POLYGON 4
128
139
122
121
POLYGON 8
120
121
122
123
124
125
126
127
POLYGON 6
137
139
128
129
135
134
POLYGON 6
141
132
138
136
131
140
POLYGON 4
155
154
153
152
POLYGON 4
155
151
150
149
POLYGON 4
145
147
143
144
POLYGON 4
142
146
153
154
POLYGON 4
148
152
153
146
POLYGON 4
142
154
149
144
POLYGON 4
145
144
149
150
POLYGON 4
145
150
151
147
POLYGON 4
147
151
152
148
POLYGON 4
148
146
142
143
NULL
