VERTEX 58.206444 -8.993927 311.150024
VERTEX 58.206436 -8.993927 488.950043
VERTEX 95.250000 6.350006 311.150055
VERTEX 95.250000 6.350006 488.950043
VERTEX 132.293549 -8.993927 311.150055
VERTEX 132.293549 -8.993927 488.950043
VERTEX 147.637497 -46.037491 311.150055
VERTEX 147.637497 -46.037491 488.950043
VERTEX 132.293549 -83.081047 311.150055
VERTEX 132.293549 -83.081047 488.950043
VERTEX 95.250000 -98.424988 311.150055
VERTEX 95.250000 -98.424988 488.950043
VERTEX 58.206444 -83.081055 311.150024
VERTEX 58.206444 -83.081055 488.950043
VERTEX 42.862495 -46.037491 311.150024
VERTEX 42.862495 -46.037491 488.950043
VERTEX 76.957603 -182.606873 542.154602
VERTEX 76.957603 109.493134 542.154602
VERTEX 82.537216 -182.606873 555.625000
VERTEX 82.537216 109.493134 555.625000
VERTEX 76.957603 -182.606873 569.095398
VERTEX 76.957603 109.493134 569.095398
VERTEX 63.487221 -182.606873 574.674988
VERTEX 63.487221 109.493134 574.674988
VERTEX 50.016838 -182.606873 569.095398
VERTEX 50.016838 109.493134 569.095398
VERTEX 44.437225 -182.606873 555.625000
VERTEX 44.437225 109.493134 555.625000
VERTEX 50.016838 -182.606873 542.154663
VERTEX 50.016838 109.493134 542.154663
VERTEX 63.487221 -182.606873 536.575012
VERTEX 63.487221 109.493134 536.575012
VERTEX 4000.500000 166.707870 603.250000
VERTEX 3968.750000 166.707870 603.250000
VERTEX 3968.750000 122.257889 603.250000
VERTEX 4000.500000 122.257858 603.250000
VERTEX 4000.500000 166.707870 574.674988
VERTEX 3968.750000 166.707870 574.674988
VERTEX 3968.750000 122.257889 574.674988
VERTEX 4000.500000 122.257858 574.674988
VERTEX 4000.500000 -166.667130 574.674988
VERTEX 3968.750000 -166.667130 574.674988
VERTEX 3968.750000 -122.217125 574.674988
VERTEX 4000.500000 -122.217133 574.674988
VERTEX 4000.500000 -166.667130 603.250000
VERTEX 3968.750000 -166.667130 603.250000
VERTEX 3968.750000 -122.217125 603.250000
VERTEX 4000.500000 -122.217133 603.250000
VERTEX 111.099533 -179.367126 603.250000
VERTEX 15.874908 -179.367126 603.250000
VERTEX 0.000000 -166.667130 603.250000
VERTEX 0.000000 -122.217102 603.250000
VERTEX 15.874969 -109.517136 603.250000
VERTEX 111.124954 -109.517136 603.250000
VERTEX 127.000000 -122.217163 603.250000
VERTEX 127.000000 -166.646759 603.250000
VERTEX 15.874908 -179.367126 615.950012
VERTEX 111.099533 -179.367126 615.950012
VERTEX 127.000000 -166.646759 608.012512
VERTEX 127.000000 -122.217163 608.012512
VERTEX 0.000000 -122.217102 608.012512
VERTEX 0.000000 -166.667130 608.012512
VERTEX 127.000000 -161.904633 615.950012
VERTEX 127.000000 -166.646759 615.950012
VERTEX 127.000000 -161.904633 608.012512
VERTEX 0.000000 -161.904633 615.950012
VERTEX 0.000000 -161.904633 608.012512
VERTEX 0.000000 -166.667130 615.950012
VERTEX 111.124954 -109.517136 608.012512
VERTEX 15.874969 -109.517136 608.012512
VERTEX 4000.500000 -161.904633 615.950012
VERTEX 4000.500000 -161.904633 608.012512
VERTEX 127.000000 -161.904633 615.950012
VERTEX 127.000000 -161.904633 608.012512
VERTEX 4000.500000 -122.217133 608.012512
VERTEX 4000.500000 -166.667130 608.012512
VERTEX 127.000000 -166.667130 608.012512
VERTEX 127.000000 -122.217133 608.012512
VERTEX 127.000000 -166.667130 615.950012
VERTEX 4000.500000 -166.667130 615.950012
VERTEX 4000.500000 -166.667130 603.250000
VERTEX 4000.500000 -122.217133 603.250000
VERTEX 127.000000 -122.217133 603.250000
VERTEX 127.000000 -166.667130 603.250000
VERTEX 15.900467 179.407913 603.250000
VERTEX 111.125092 179.407913 603.250000
VERTEX 127.000000 166.707993 603.250000
VERTEX 127.000000 122.257889 603.250000
VERTEX 111.125046 109.557907 603.250000
VERTEX 15.875061 109.557907 603.250000
VERTEX 0.000000 122.257950 603.250000
VERTEX 0.000000 166.687515 603.250000
VERTEX 111.125092 179.407913 615.950012
VERTEX 15.900467 179.407913 615.950012
VERTEX 0.000000 166.687515 608.012512
VERTEX 0.000000 122.257950 608.012512
VERTEX 127.000000 122.257889 608.012512
VERTEX 127.000000 166.707993 608.012512
VERTEX 0.000000 161.945389 615.950012
VERTEX 0.000000 166.687515 615.950012
VERTEX 0.000000 161.945389 608.012512
VERTEX 127.000000 161.945419 615.950012
VERTEX 127.000000 161.945419 608.012512
VERTEX 127.000000 166.707993 615.950012
VERTEX 15.875061 109.557907 608.012512
VERTEX 111.125046 109.557907 608.012512
VERTEX 4000.500000 166.707352 603.250000
VERTEX 4000.500000 122.257339 603.250000
VERTEX 127.000000 122.257950 603.250000
VERTEX 127.000000 166.707932 603.250000
VERTEX 127.000000 166.707932 615.950012
VERTEX 4000.500000 166.707352 615.950012
VERTEX 4000.500000 122.257339 608.012512
VERTEX 4000.500000 166.707352 608.012512
VERTEX 127.000000 166.707932 608.012512
VERTEX 127.000000 122.257950 608.012512
VERTEX 4000.500000 161.944839 608.012512
VERTEX 4000.500000 161.944839 615.950012
VERTEX 127.000000 161.945450 608.012512
VERTEX 127.000000 161.945450 615.950012
POLYGON 4
13
15
14
12
POLYGON 4
11
13
12
10
POLYGON 4
9
11
10
8
POLYGON 4
7
9
8
6
POLYGON 4
5
7
6
4
POLYGON 4
3
5
4
2
POLYGON 4
1
3
2
0
POLYGON 4
15
1
0
14
POLYGON 8
14
0
2
4
6
8
10
12
POLYGON 8
15
13
11
9
7
5
3
1
POLYGON 4
29
31
30
28
POLYGON 4
27
29
28
26
POLYGON 4
25
27
26
24
POLYGON 4
23
25
24
22
POLYGON 4
21
23
22
20
POLYGON 4
19
21
20
18
POLYGON 4
17
19
18
16
POLYGON 4
31
17
16
30
POLYGON 8
30
16
18
20
22
24
26
28
POLYGON 4
32
33
34
35
POLYGON 4
36
39
38
37
POLYGON 4
33
32
36
37
POLYGON 4
34
33
37
38
POLYGON 4
35
34
38
39
POLYGON 4
32
35
39
36
POLYGON 4
47
46
45
44
POLYGON 4
43
40
41
42
POLYGON 4
46
47
43
42
POLYGON 4
45
46
42
41
POLYGON 4
44
45
41
40
POLYGON 4
47
44
40
43
POLYGON 4
56
49
48
57
POLYGON 4
58
55
54
59
POLYGON 4
60
51
50
61
POLYGON 4
62
63
58
64
POLYGON 4
65
66
61
67
POLYGON 4
68
59
54
53
POLYGON 4
60
69
52
51
POLYGON 4
68
53
52
69
POLYGON 4
65
62
64
66
POLYGON 4
63
57
48
55
POLYGON 4
56
67
50
49
POLYGON 8
48
49
50
51
52
53
54
55
POLYGON 6
65
67
56
57
63
62
POLYGON 6
69
60
66
64
59
68
POLYGON 4
83
82
81
80
POLYGON 4
83
80
79
78
POLYGON 4
77
82
83
76
POLYGON 4
75
80
81
74
POLYGON 4
73
76
78
72
POLYGON 4
75
71
70
79
POLYGON 4
74
81
82
77
POLYGON 4
72
78
79
70
POLYGON 4
71
74
77
73
POLYGON 4
70
71
73
72
POLYGON 4
92
85
84
93
POLYGON 4
94
91
90
95
POLYGON 4
96
87
86
97
POLYGON 4
98
99
94
100
POLYGON 4
101
102
97
103
POLYGON 4
104
95
90
89
POLYGON 4
96
105
88
87
POLYGON 4
104
89
88
105
POLYGON 4
101
98
100
102
POLYGON 4
99
93
84
91
POLYGON 4
92
103
86
85
POLYGON 8
84
85
86
87
88
89
90
91
POLYGON 6
101
103
92
93
99
98
POLYGON 6
105
96
102
100
95
104
POLYGON 4
106
107
108
109
POLYGON 4
106
109
110
111
POLYGON 4
112
107
106
113
POLYGON 4
114
109
108
115
POLYGON 4
116
113
111
117
POLYGON 4
114
118
119
110
POLYGON 4
115
108
107
112
POLYGON 4
117
111
110
119
POLYGON 4
118
115
112
116
POLYGON 4
119
118
116
117
NULL
