VERTEX 0.000000 0.000000 63.500000
VERTEX 14.929745 0.000000 58.649033
VERTEX 24.156836 0.000000 45.949028
VERTEX 24.156834 0.000000 30.250965
VERTEX 14.929744 0.000000 17.550966
VERTEX 0.000000 0.000000 12.699999
VERTEX 12.929539 7.464872 58.649033
VERTEX 20.920435 12.078418 45.949028
VERTEX 20.920433 12.078417 30.250965
VERTEX 12.929538 7.464872 17.550966
VERTEX 7.464872 12.929539 58.649033
VERTEX 12.078417 20.920435 45.949028
VERTEX 12.078416 20.920433 30.250965
VERTEX 7.464871 12.929538 17.550966
VERTEX 0.000000 14.929745 58.649033
VERTEX 0.000000 24.156836 45.949028
VERTEX 0.000000 24.156834 30.250965
VERTEX 0.000000 14.929744 17.550966
VERTEX -7.464873 12.929538 58.649033
VERTEX -12.078419 20.920433 45.949028
VERTEX -12.078418 20.920431 30.250965
VERTEX -7.464872 12.929536 17.550966
VERTEX -12.929538 7.464873 58.649033
VERTEX -20.920433 12.078419 45.949028
VERTEX -20.920431 12.078418 30.250965
VERTEX -12.929536 7.464872 17.550966
VERTEX -14.929745 0.000000 58.649033
VERTEX -24.156836 0.000000 45.949028
VERTEX -24.156834 0.000000 30.250965
VERTEX -14.929744 0.000000 17.550966
VERTEX -12.929540 -7.464869 58.649033
VERTEX -20.920435 -12.078412 45.949028
VERTEX -20.920435 -12.078412 30.250965
VERTEX -12.929539 -7.464869 17.550966
VERTEX -7.464877 -12.929536 58.649033
VERTEX -12.078425 -20.920429 45.949028
VERTEX -12.078424 -20.920427 30.250965
VERTEX -7.464876 -12.929534 17.550966
VERTEX 0.000000 -14.929745 58.649033
VERTEX 0.000000 -24.156836 45.949028
VERTEX 0.000000 -24.156834 30.250965
VERTEX 0.000000 -14.929744 17.550966
VERTEX 7.464865 -12.929543 58.649033
VERTEX 12.078406 -20.920439 45.949028
VERTEX 12.078405 -20.920439 30.250965
VERTEX 7.464864 -12.929541 17.550966
VERTEX 12.929533 -7.464881 58.649033
VERTEX 20.920425 -12.078432 45.949028
VERTEX 20.920424 -12.078432 30.250965
VERTEX 12.929532 -7.464880 17.550966
VERTEX 44.450001 0.000000 0.000000
VERTEX 44.450001 0.000000 25.400000
VERTEX 38.494827 -22.225008 0.000000
VERTEX 38.494827 -22.225008 25.400000
VERTEX 22.224997 -38.494831 0.000000
VERTEX 22.224997 -38.494831 25.400000
VERTEX 0.000000 -44.450001 0.000000
VERTEX 0.000000 -44.450001 25.400000
VERTEX -22.224997 -38.494831 0.000000
VERTEX -22.224997 -38.494831 25.400000
VERTEX -38.494831 -22.225000 0.000000
VERTEX -38.494831 -22.225000 25.400000
VERTEX -44.450001 0.000000 0.000000
VERTEX -44.450001 0.000000 25.400000
VERTEX -38.494827 22.225002 0.000000
VERTEX -38.494827 22.225002 25.400000
VERTEX -22.225002 38.494827 0.000000
VERTEX -22.225002 38.494827 25.400000
VERTEX 0.000000 44.450001 0.000000
VERTEX 0.000000 44.450001 25.400000
VERTEX 22.224998 38.494831 0.000000
VERTEX 22.224998 38.494831 25.400000
VERTEX 38.494831 22.225000 0.000000
VERTEX 38.494831 22.225000 25.400000
POLYGON 3
6
0
1
POLYGON 4
7
6
1
2
POLYGON 4
8
7
2
3
POLYGON 4
9
8
3
4
POLYGON 3
5
9
4
POLYGON 3
10
0
6
POLYGON 4
11
10
6
7
POLYGON 4
12
11
7
8
POLYGON 4
13
12
8
9
POLYGON 3
5
13
9
POLYGON 3
14
0
10
POLYGON 4
15
14
10
11
POLYGON 4
16
15
11
12
POLYGON 4
17
16
12
13
POLYGON 3
5
17
13
POLYGON 3
18
0
14
POLYGON 4
19
18
14
15
POLYGON 4
20
19
15
16
POLYGON 4
21
20
16
17
POLYGON 3
5
21
17
POLYGON 3
22
0
18
POLYGON 4
23
22
18
19
POLYGON 4
24
23
19
20
POLYGON 4
25
24
20
21
POLYGON 3
5
25
21
POLYGON 3
26
0
22
POLYGON 4
27
26
22
23
POLYGON 4
28
27
23
24
POLYGON 4
29
28
24
25
POLYGON 3
5
29
25
POLYGON 3
30
0
26
POLYGON 4
31
30
26
27
POLYGON 4
32
31
27
28
POLYGON 4
33
32
28
29
POLYGON 3
5
33
29
POLYGON 3
34
0
30
POLYGON 4
35
34
30
31
POLYGON 4
36
35
31
32
POLYGON 4
37
36
32
33
POLYGON 3
5
37
33
POLYGON 3
38
0
34
POLYGON 4
39
38
34
35
POLYGON 4
40
39
35
36
POLYGON 4
41
40
36
37
POLYGON 3
5
41
37
POLYGON 3
42
0
38
POLYGON 4
43
42
38
39
POLYGON 4
44
43
39
40
POLYGON 4
45
44
40
41
POLYGON 3
5
45
41
POLYGON 3
46
0
42
POLYGON 4
47
46
42
43
POLYGON 4
48
47
43
44
POLYGON 4
49
48
44
45
POLYGON 3
5
49
45
POLYGON 3
1
0
46
POLYGON 4
2
1
46
47
POLYGON 4
3
2
47
48
POLYGON 4
4
3
48
49
POLYGON 3
5
4
49
POLYGON 4
50
72
73
51
POLYGON 4
72
70
71
73
POLYGON 4
70
68
69
71
POLYGON 4
68
66
67
69
POLYGON 4
66
64
65
67
POLYGON 4
64
62
63
65
POLYGON 4
62
60
61
63
POLYGON 4
60
58
59
61
POLYGON 4
58
56
57
59
POLYGON 4
56
54
55
57
POLYGON 4
54
52
53
55
POLYGON 4
52
50
51
53
POLYGON 12
50
52
54
56
58
60
62
64
66
68
70
72
POLYGON 12
51
73
71
69
67
65
63
61
59
57
55
53
NULL
