VERTEX 9.525000 0.000000 0.000000
VERTEX 9.525000 0.000000 57.150002
VERTEX 8.248891 -4.762501 0.000000
VERTEX 8.248891 -4.762501 57.150002
VERTEX 4.762499 -8.248892 0.000000
VERTEX 4.762499 -8.248892 57.150002
VERTEX 0.000000 -9.525000 0.000000
VERTEX 0.000000 -9.525000 57.150002
VERTEX -4.762499 -8.248892 0.000000
VERTEX -4.762499 -8.248892 57.150002
VERTEX -8.248892 -4.762500 0.000000
VERTEX -8.248892 -4.762500 57.150002
VERTEX -9.525000 0.000000 0.000000
VERTEX -9.525000 0.000000 57.150002
VERTEX -8.248892 4.762500 0.000000
VERTEX -8.248892 4.762500 57.150002
VERTEX -4.762500 8.248892 0.000000
VERTEX -4.762500 8.248892 57.150002
VERTEX 0.000000 9.525000 0.000000
VERTEX 0.000000 9.525000 57.150002
VERTEX 4.762499 8.248892 0.000000
VERTEX 4.762499 8.248892 57.150002
VERTEX 8.248892 4.762500 0.000000
VERTEX 8.248892 4.762500 57.150002
VERTEX -60.325001 28.907082 206.375000
VERTEX 60.325001 28.907082 206.375000
VERTEX 60.325001 50.277245 107.949997
VERTEX -60.325001 50.277241 107.949997
VERTEX -60.325001 -47.625000 206.375000
VERTEX 60.325001 -47.625000 206.375000
VERTEX 60.325001 -47.625000 107.949997
VERTEX -60.325001 -47.625000 107.949997
VERTEX -90.487503 22.244705 206.375000
VERTEX -58.737503 22.244713 206.375000
VERTEX -90.487503 38.099991 133.349991
VERTEX -58.737503 38.099995 133.349991
VERTEX -58.737499 -31.769722 206.375000
VERTEX -90.487495 -31.769726 206.375000
VERTEX -58.737495 -47.625004 133.349991
VERTEX -90.487495 -47.625008 133.349991
VERTEX -90.487503 38.099991 107.949997
VERTEX -90.487495 -47.625008 107.949997
VERTEX -58.737495 -47.625004 107.949997
VERTEX -58.737503 38.099995 107.949997
VERTEX 58.737499 -47.625000 107.949997
VERTEX 58.737499 38.099998 107.949997
VERTEX 90.487503 38.099998 107.949997
VERTEX 90.487503 -47.625000 107.949997
VERTEX 90.487503 38.099998 133.349991
VERTEX 58.737499 38.099998 133.349991
VERTEX 90.487503 22.244717 206.375000
VERTEX 58.737499 22.244717 206.375000
VERTEX 58.737499 -47.625000 133.349991
VERTEX 90.487503 -47.625000 133.349991
VERTEX 58.737499 -31.769718 206.375000
VERTEX 90.487503 -31.769714 206.375000
VERTEX 68.262497 -47.625000 107.949997
VERTEX 68.262497 47.625000 107.949997
VERTEX -68.262497 47.625000 107.949997
VERTEX -68.262497 -47.625000 107.949997
VERTEX -68.262497 47.625000 57.149998
VERTEX 68.262497 47.625000 57.149998
VERTEX 68.262497 -47.625000 57.149998
VERTEX -68.262497 -47.625000 57.149998
POLYGON 4
0
22
23
1
POLYGON 4
22
20
21
23
POLYGON 4
20
18
19
21
POLYGON 4
18
16
17
19
POLYGON 4
16
14
15
17
POLYGON 4
14
12
13
15
POLYGON 4
12
10
11
13
POLYGON 4
10
8
9
11
POLYGON 4
8
6
7
9
POLYGON 4
6
4
5
7
POLYGON 4
4
2
3
5
POLYGON 4
2
0
1
3
POLYGON 4
24
25
26
27
POLYGON 4
24
28
29
25
POLYGON 4
27
31
28
24
POLYGON 4
30
26
25
29
POLYGON 4
31
27
26
30
POLYGON 4
31
30
29
28
POLYGON 4
32
33
35
34
POLYGON 4
36
33
32
37
POLYGON 4
35
43
40
34
POLYGON 4
37
39
38
36
POLYGON 4
39
41
42
38
POLYGON 4
43
42
41
40
POLYGON 6
40
41
39
37
32
34
POLYGON 6
42
43
35
33
36
38
POLYGON 4
55
54
52
53
POLYGON 4
51
54
55
50
POLYGON 4
52
44
47
53
POLYGON 4
50
48
49
51
POLYGON 4
48
46
45
49
POLYGON 4
44
45
46
47
POLYGON 6
47
46
48
50
55
53
POLYGON 6
45
44
52
54
51
49
POLYGON 4
63
62
56
59
POLYGON 4
62
61
57
56
POLYGON 4
61
60
58
57
POLYGON 4
60
63
59
58
POLYGON 4
59
56
57
58
POLYGON 4
63
60
61
62
NULL
