VERTEX 76.435951 -112.500000 -550.000000
VERTEX 181.007721 -112.500000 -550.000000
VERTEX 204.477158 -66.438644 -550.000000
VERTEX 76.435997 112.500000 -550.000000
VERTEX 181.007996 112.500000 -550.000000
VERTEX 204.477005 66.438698 -550.000000
VERTEX 215.000000 0.000000 -550.000000
VERTEX 76.435951 -112.500000 -430.000000
VERTEX 76.435951 112.500000 -430.000000
VERTEX 181.007721 -112.500000 -490.374542
VERTEX 204.477158 -66.438644 -503.924622
VERTEX 181.007721 112.500000 -490.374542
VERTEX 204.477142 66.438667 -503.924622
VERTEX 215.000000 0.000000 -510.000000
VERTEX 131.812485 -168.500000 -510.000000
VERTEX 173.938660 -126.373825 -510.000000
VERTEX 204.477158 -66.438644 -510.000000
VERTEX 204.477142 66.438667 -510.000000
VERTEX 173.938660 126.373817 -510.000000
VERTEX 131.812485 168.500000 -510.000000
VERTEX -168.500000 168.500000 -510.000000
VERTEX -168.500000 -168.500000 -510.000000
VERTEX 131.812485 168.500000 -550.000000
VERTEX -168.500000 168.500000 -550.000000
VERTEX -168.500000 -168.500000 -550.000000
VERTEX 131.812485 -168.500000 -550.000000
VERTEX 173.938660 126.373817 -550.000000
VERTEX 204.477142 66.438667 -550.000000
VERTEX 215.000000 0.000000 -550.000000
VERTEX 204.477158 -66.438644 -550.000000
VERTEX 173.938660 -126.373825 -550.000000
VERTEX 131.812485 -168.500000 -550.000000
VERTEX 173.938660 -126.373825 -550.000000
VERTEX 173.938660 -126.373825 -510.000000
VERTEX 131.812485 -168.500000 -510.000000
VERTEX 204.477158 -66.438644 -550.000000
VERTEX 204.477158 -66.438644 -510.000000
VERTEX 173.938660 126.373817 -550.000000
VERTEX 131.812485 168.500000 -550.000000
VERTEX 131.812485 168.500000 -510.000000
VERTEX 173.938660 126.373817 -510.000000
VERTEX 204.477142 66.438667 -550.000000
VERTEX 215.000000 0.000000 -550.000000
VERTEX 215.000000 0.000000 -510.000000
VERTEX 204.477142 66.438667 -510.000000
VERTEX 52.069366 -160.253021 -510.000000
VERTEX 99.041817 -136.319366 -510.000000
VERTEX 99.041817 -136.319366 -220.000000
VERTEX 52.069366 -160.253021 -220.000000
VERTEX 136.319366 -99.041809 -510.000000
VERTEX 136.319366 -99.041809 -220.000000
VERTEX 160.253021 -52.069359 -510.000000
VERTEX 160.253021 -52.069359 -220.000000
VERTEX 168.500000 0.000000 -510.000000
VERTEX 168.500000 0.000000 -220.000000
VERTEX 160.253021 52.069370 -510.000000
VERTEX 160.253021 52.069370 -220.000000
VERTEX 136.319366 99.041809 -510.000000
VERTEX 136.319366 99.041809 -220.000000
VERTEX 99.041809 136.319366 -510.000000
VERTEX 99.041809 136.319366 -220.000000
VERTEX 52.069370 160.253021 -510.000000
VERTEX 52.069370 160.253021 -220.000000
VERTEX -160.253021 52.069355 -293.246979
VERTEX -168.500000 0.000000 -285.000000
VERTEX -160.253021 -52.069386 -293.246979
VERTEX -136.319382 -99.041794 -317.180603
VERTEX -128.500000 -106.861160 -325.000000
VERTEX -128.500000 106.861160 -325.000000
VERTEX -136.319397 99.041756 -317.180603
VERTEX 0.000000 -168.500000 -220.000000
VERTEX 0.000000 168.500000 -220.000000
VERTEX -52.069359 160.253021 -220.000000
VERTEX -99.041832 136.319351 -220.000000
VERTEX -136.319382 99.041786 -220.000000
VERTEX -160.253021 52.069382 -220.000000
VERTEX -168.500000 0.000000 -220.000000
VERTEX -160.253021 -52.069386 -220.000000
VERTEX -136.319382 -99.041786 -220.000000
VERTEX -99.041824 -136.319351 -220.000000
VERTEX -52.069355 -160.253021 -220.000000
VERTEX 0.000000 -168.500000 -510.000000
VERTEX -52.069355 -160.253021 -510.000000
VERTEX -99.041824 -136.319351 -510.000000
VERTEX -128.500000 -106.861168 -510.000000
VERTEX -128.500000 106.861168 -510.000000
VERTEX -99.041832 136.319351 -510.000000
VERTEX -52.069359 160.253021 -510.000000
VERTEX 0.000000 168.500000 -510.000000
VERTEX -99.041832 136.319351 -354.458191
VERTEX -99.041824 -136.319351 -354.458191
POLYGON 4
12
13
6
5
POLYGON 4
11
12
5
4
POLYGON 4
8
11
4
3
POLYGON 4
13
10
2
6
POLYGON 4
10
9
1
2
POLYGON 4
9
7
0
1
POLYGON 7
8
7
9
10
13
12
11
POLYGON 4
14
21
24
25
POLYGON 4
21
20
23
24
POLYGON 4
20
19
22
23
POLYGON 9
24
23
22
26
27
28
29
30
25
POLYGON 8
14
15
16
17
18
19
20
21
POLYGON 4
42
41
44
43
POLYGON 4
35
42
43
36
POLYGON 4
41
37
40
44
POLYGON 4
37
38
39
40
POLYGON 4
32
35
36
33
POLYGON 4
31
32
33
34
POLYGON 4
45
46
47
48
POLYGON 4
46
49
50
47
POLYGON 4
49
51
52
50
POLYGON 4
51
53
54
52
POLYGON 4
53
55
56
54
POLYGON 4
55
57
58
56
POLYGON 4
57
59
60
58
POLYGON 4
59
61
62
60
POLYGON 4
84
67
68
85
POLYGON 4
81
45
48
70
POLYGON 4
61
88
71
62
POLYGON 4
88
87
72
71
POLYGON 4
87
86
73
72
POLYGON 4
83
82
80
79
POLYGON 4
82
81
70
80
POLYGON 4
69
63
75
74
POLYGON 4
65
66
78
77
POLYGON 4
68
89
86
85
POLYGON 4
64
65
77
76
POLYGON 4
67
84
83
90
POLYGON 4
63
64
76
75
POLYGON 4
79
78
66
90
POLYGON 4
69
74
73
89
POLYGON 7
63
69
68
67
66
65
64
POLYGON 20
70
48
47
50
52
54
56
58
60
62
71
72
73
74
75
76
77
78
79
80
NULL
