VERTEX -488.950012 -234.949997 0.000000
VERTEX -488.950012 234.949997 0.000000
VERTEX 488.950012 234.949997 0.000000
VERTEX 488.950012 -234.949997 0.000000
VERTEX -488.950012 -234.949997 2171.699951
VERTEX 488.950012 -234.949997 2171.699951
VERTEX 488.950012 234.949997 2171.699951
VERTEX -488.950012 234.949997 2171.699951
VERTEX -457.200012 -234.949997 38.099983
VERTEX 457.200012 -234.949997 38.099998
VERTEX 457.200012 209.550003 38.099998
VERTEX -457.200012 209.550003 38.099998
VERTEX -457.200012 -234.949997 542.924988
VERTEX -457.200012 209.550003 542.924988
VERTEX 457.200012 209.550003 542.924988
VERTEX 457.200012 -234.949997 542.924988
VERTEX -457.200012 -234.949997 571.500000
VERTEX 457.200012 -234.949997 571.500000
VERTEX 457.200012 209.550003 571.500000
VERTEX -457.200012 209.550003 571.500000
VERTEX -457.200012 -234.949997 965.200012
VERTEX -457.200012 209.550003 965.200012
VERTEX 457.200012 209.550003 965.200012
VERTEX 457.200012 -234.949997 965.200012
VERTEX -457.200012 -234.949997 993.775024
VERTEX 457.200012 -234.949997 993.775024
VERTEX 457.200012 209.550003 993.775024
VERTEX -457.200012 209.550003 993.775024
VERTEX -457.200012 -234.949997 1336.675049
VERTEX -457.200012 209.550003 1336.675049
VERTEX 457.200012 209.550003 1336.675049
VERTEX 457.200012 -234.949997 1336.675049
VERTEX -457.200012 -234.949997 1365.250000
VERTEX 457.200012 -234.949997 1365.250000
VERTEX 457.200012 209.550003 1365.250000
VERTEX -457.200012 209.550003 1365.250000
VERTEX -457.200012 -234.949997 1708.150024
VERTEX -457.200012 209.550003 1708.150024
VERTEX 457.200012 209.550003 1708.150024
VERTEX 457.200012 -234.949997 1708.150024
VERTEX 457.200012 209.550003 1736.724976
VERTEX -457.200012 209.550003 1736.724976
VERTEX -457.200012 209.550003 2133.600098
VERTEX 457.200012 209.550003 2133.600098
VERTEX -457.200012 -234.949997 1736.724976
VERTEX 457.200012 -234.949997 1736.724976
VERTEX -457.200012 -234.949997 2133.600098
VERTEX 457.200012 -234.949997 2133.600098
VERTEX -488.950012 -234.949997 38.099983
VERTEX 488.950012 -234.949997 38.099998
VERTEX 488.950012 -234.949997 2133.600098
VERTEX -488.950012 -234.949997 2133.600098
POLYGON 4
4
51
50
5
POLYGON 4
50
47
9
49
POLYGON 4
46
51
48
8
POLYGON 4
28
31
33
32
POLYGON 4
44
36
39
45
POLYGON 4
18
17
23
22
POLYGON 4
16
19
21
20
POLYGON 4
19
18
22
21
POLYGON 4
25
24
20
23
POLYGON 4
10
9
15
14
POLYGON 4
11
10
14
13
POLYGON 4
8
11
13
12
POLYGON 4
16
12
15
17
POLYGON 4
48
0
3
49
POLYGON 4
25
31
30
26
POLYGON 4
27
29
28
24
POLYGON 4
26
30
29
27
POLYGON 4
33
39
38
34
POLYGON 4
35
37
36
32
POLYGON 4
34
38
37
35
POLYGON 4
45
47
43
40
POLYGON 4
41
42
46
44
POLYGON 4
46
42
43
47
POLYGON 4
44
45
40
41
POLYGON 4
40
43
42
41
POLYGON 4
36
37
38
39
POLYGON 4
32
33
34
35
POLYGON 4
28
29
30
31
POLYGON 4
24
25
26
27
POLYGON 4
20
21
22
23
POLYGON 4
16
17
18
19
POLYGON 4
12
13
14
15
POLYGON 4
8
9
10
11
POLYGON 4
3
2
6
5
POLYGON 4
2
1
7
6
POLYGON 4
1
0
4
7
POLYGON 4
4
5
6
7
POLYGON 4
0
1
2
3
NULL
