VERTEX 3.175000 -6.350000 100.012497
VERTEX 15.875000 -6.350000 100.012497
VERTEX 15.875000 -19.050001 100.012497
VERTEX 3.175000 -19.050001 100.012497
VERTEX 15.875000 -19.049997 119.062500
VERTEX 15.875000 -6.349998 119.062500
VERTEX 3.175000 -6.349998 119.062500
VERTEX 3.175000 -19.049997 119.062500
VERTEX -15.875000 -19.049997 119.062500
VERTEX -15.875000 -6.349998 119.062500
VERTEX -3.175000 -6.349998 119.062500
VERTEX -3.175000 -19.049997 119.062500
VERTEX -15.875000 -19.050001 100.012497
VERTEX -3.175000 -19.050001 100.012497
VERTEX -3.175000 -6.350000 100.012497
VERTEX -15.875000 -6.350000 100.012497
VERTEX 0.000000 -26.987499 179.387497
VERTEX 0.000000 -26.987499 185.737503
VERTEX -10.318754 -24.222599 179.387497
VERTEX -10.318754 -24.222597 185.737503
VERTEX -17.872601 -16.668747 179.387497
VERTEX -17.872601 -16.668747 185.737503
VERTEX -20.637501 -6.349999 179.387497
VERTEX -20.637501 -6.349999 185.737503
VERTEX -17.872601 3.968749 179.387497
VERTEX -17.872601 3.968749 185.737503
VERTEX -10.318750 11.522601 179.387497
VERTEX -10.318750 11.522601 185.737503
VERTEX 0.000000 14.287501 179.387497
VERTEX 0.000000 14.287501 185.737503
VERTEX 10.318751 11.522599 179.387497
VERTEX 10.318751 11.522599 185.737503
VERTEX 17.872599 3.968752 179.387497
VERTEX 17.872599 3.968752 185.737503
VERTEX 20.637501 -6.349999 179.387497
VERTEX 20.637501 -6.349999 185.737503
VERTEX 17.872601 -16.668749 179.387497
VERTEX 17.872601 -16.668749 185.737503
VERTEX 10.318750 -24.222599 179.387497
VERTEX 10.318750 -24.222599 185.737503
VERTEX 11.112501 22.422413 55.562500
VERTEX 0.000000 25.400000 55.562500
VERTEX 0.000000 25.400000 169.862503
VERTEX 11.112501 22.422413 169.862503
VERTEX -11.112500 22.422415 55.562500
VERTEX -11.112500 22.422415 169.862503
VERTEX 0.000000 -19.050001 55.562500
VERTEX -11.112504 -16.072414 55.562500
VERTEX -19.247416 -7.937498 55.562500
VERTEX -22.225000 3.175000 55.562500
VERTEX -19.247416 14.287498 55.562500
VERTEX 19.247414 14.287501 55.562500
VERTEX 22.225000 3.175000 55.562500
VERTEX 19.247416 -7.937499 55.562500
VERTEX 11.112500 -16.072416 55.562500
VERTEX -19.672785 12.700000 169.862518
VERTEX 19.672777 12.700000 169.862518
VERTEX 19.672785 12.700000 119.062500
VERTEX -19.672785 12.700000 119.062500
VERTEX 0.000000 -19.050001 63.511513
VERTEX 11.112500 -16.072416 68.721207
VERTEX -11.112504 -16.072414 68.721214
VERTEX 19.247416 -7.937499 82.954361
VERTEX 22.225000 3.175000 102.397202
VERTEX -19.247416 -7.937498 82.954361
VERTEX -22.225000 3.175000 102.397202
VERTEX 19.247414 14.287501 169.862503
VERTEX -19.247416 14.287498 169.862503
VERTEX 19.672783 12.700000 55.562500
VERTEX -19.672785 12.700000 55.562500
VERTEX 0.000000 -19.049999 26.987495
VERTEX 0.000000 -19.049999 55.562496
VERTEX -9.525002 -16.497782 26.987495
VERTEX -9.525002 -16.497782 55.562496
VERTEX -16.497784 -9.524998 26.987495
VERTEX -16.497784 -9.524998 55.562496
VERTEX -19.049999 0.000000 26.987495
VERTEX -19.049999 0.000000 55.562496
VERTEX -16.497784 9.524998 26.987495
VERTEX -16.497784 9.524998 55.562496
VERTEX -9.525000 16.497784 26.987495
VERTEX -9.525000 16.497784 55.562496
VERTEX 0.000000 19.049999 26.987495
VERTEX 0.000000 19.049999 55.562496
VERTEX 9.525001 16.497784 26.987495
VERTEX 9.525001 16.497784 55.562496
VERTEX 16.497784 9.525001 26.987495
VERTEX 16.497784 9.525001 55.562496
VERTEX 19.049999 0.000000 26.987495
VERTEX 19.049999 0.000000 55.562496
VERTEX 16.497784 -9.524999 26.987495
VERTEX 16.497784 -9.524999 55.562496
VERTEX 9.525000 -16.497784 26.987495
VERTEX 9.525000 -16.497784 55.562496
POLYGON 4
3
0
1
2
POLYGON 4
4
7
3
2
POLYGON 4
5
4
2
1
POLYGON 4
6
5
1
0
POLYGON 4
7
6
0
3
POLYGON 4
12
15
14
13
POLYGON 4
11
8
12
13
POLYGON 4
10
11
13
14
POLYGON 4
9
10
14
15
POLYGON 4
8
9
15
12
POLYGON 4
16
38
39
17
POLYGON 4
38
36
37
39
POLYGON 4
36
34
35
37
POLYGON 4
34
32
33
35
POLYGON 4
32
30
31
33
POLYGON 4
30
28
29
31
POLYGON 4
28
26
27
29
POLYGON 4
26
24
25
27
POLYGON 4
24
22
23
25
POLYGON 4
22
20
21
23
POLYGON 4
20
18
19
21
POLYGON 4
18
16
17
19
POLYGON 12
16
18
20
22
24
26
28
30
32
34
36
38
POLYGON 4
40
41
42
43
POLYGON 4
41
44
45
42
POLYGON 4
55
58
57
56
POLYGON 4
59
46
54
60
POLYGON 4
61
47
46
59
POLYGON 4
60
54
53
62
POLYGON 4
62
53
52
63
POLYGON 4
64
48
47
61
POLYGON 4
65
49
48
64
POLYGON 4
51
40
43
66
POLYGON 4
44
50
67
45
POLYGON 4
57
63
52
68
POLYGON 4
58
69
49
65
POLYGON 4
66
56
68
51
POLYGON 4
55
67
50
69
POLYGON 12
46
47
48
49
50
44
41
40
51
52
53
54
POLYGON 9
61
59
60
62
63
57
58
65
64
POLYGON 7
56
66
43
42
45
67
55
POLYGON 4
70
92
93
71
POLYGON 4
92
90
91
93
POLYGON 4
90
88
89
91
POLYGON 4
88
86
87
89
POLYGON 4
86
84
85
87
POLYGON 4
84
82
83
85
POLYGON 4
82
80
81
83
POLYGON 4
80
78
79
81
POLYGON 4
78
76
77
79
POLYGON 4
76
74
75
77
POLYGON 4
74
72
73
75
POLYGON 4
72
70
71
73
NULL
