VERTEX 9.525000 -7.937501 100.012497
VERTEX 9.525000 -7.937505 74.612495
VERTEX 6.157403 -9.332405 100.012497
VERTEX 6.157403 -9.332409 74.612495
VERTEX 4.762500 -12.700001 100.012497
VERTEX 4.762500 -12.700005 74.612495
VERTEX 6.157404 -16.067596 100.012497
VERTEX 6.157404 -16.067600 74.612495
VERTEX 9.525000 -17.462502 100.012497
VERTEX 9.525000 -17.462505 74.612495
VERTEX 12.892595 -16.067596 100.012497
VERTEX 12.892595 -16.067600 74.612495
VERTEX 14.287499 -12.700001 100.012497
VERTEX 14.287499 -12.700005 74.612495
VERTEX 12.892595 -9.332405 100.012497
VERTEX 12.892595 -9.332409 74.612495
VERTEX -6.157404 -9.332409 74.612495
VERTEX -6.157404 -9.332405 100.012497
VERTEX -4.762500 -12.700005 74.612495
VERTEX -4.762500 -12.700001 100.012497
VERTEX -6.157404 -16.067600 74.612495
VERTEX -6.157404 -16.067596 100.012497
VERTEX -9.525000 -17.462505 74.612495
VERTEX -9.525000 -17.462502 100.012497
VERTEX -12.892595 -16.067600 74.612495
VERTEX -12.892595 -16.067596 100.012497
VERTEX -14.287499 -12.700005 74.612495
VERTEX -14.287499 -12.700001 100.012497
VERTEX -12.892596 -9.332409 74.612495
VERTEX -12.892596 -9.332405 100.012497
VERTEX -9.525000 -7.937505 74.612495
VERTEX -9.525000 -7.937501 100.012497
VERTEX 11.112500 -25.597414 227.012512
VERTEX 11.112500 -25.597416 185.737503
VERTEX 19.247416 -17.462498 227.012512
VERTEX 19.247416 -17.462498 185.737503
VERTEX 22.225000 -6.349999 227.012512
VERTEX 22.225000 -6.349999 185.737503
VERTEX 19.247414 4.762502 227.012512
VERTEX 19.247414 4.762502 185.737503
VERTEX 11.112501 12.897414 227.012497
VERTEX 11.112501 12.897414 185.737503
VERTEX 0.000000 15.875001 227.012497
VERTEX 0.000000 15.875001 185.737503
VERTEX -11.112500 12.897416 227.012497
VERTEX -11.112500 12.897416 185.737503
VERTEX -19.247416 4.762499 227.012512
VERTEX -19.247416 4.762499 185.737503
VERTEX -22.225000 -6.349999 227.012512
VERTEX -22.225000 -6.349999 185.737503
VERTEX -19.247416 -17.462498 227.012512
VERTEX -19.247416 -17.462498 185.737503
VERTEX -11.112504 -25.597412 227.012512
VERTEX -11.112504 -25.597412 185.737503
VERTEX 0.000000 -28.574999 227.012512
VERTEX 0.000000 -28.575001 185.737503
VERTEX 9.525000 -22.847782 179.387497
VERTEX 9.525000 -22.847782 169.862503
VERTEX 16.497784 -15.874998 179.387497
VERTEX 16.497784 -15.874998 169.862503
VERTEX 19.049999 -6.349999 179.387497
VERTEX 19.049999 -6.349999 169.862503
VERTEX 16.497784 3.175001 179.387497
VERTEX 16.497784 3.175001 169.862503
VERTEX 9.525001 10.147784 179.387497
VERTEX 9.525001 10.147784 169.862503
VERTEX 0.000000 12.700000 179.387497
VERTEX 0.000000 12.700000 169.862503
VERTEX -9.525000 10.147784 179.387497
VERTEX -9.525000 10.147784 169.862503
VERTEX -16.497784 3.174998 179.387497
VERTEX -16.497784 3.174998 169.862503
VERTEX -19.049999 -6.349999 179.387497
VERTEX -19.049999 -6.349999 169.862503
VERTEX -16.497784 -15.874997 179.387497
VERTEX -16.497784 -15.874997 169.862503
VERTEX -9.525002 -22.847780 179.387497
VERTEX -9.525002 -22.847782 169.862503
VERTEX 0.000000 -25.399998 179.387497
VERTEX 0.000000 -25.399998 169.862503
VERTEX -22.225000 -25.399998 169.862503
VERTEX 22.225000 -25.399998 169.862503
VERTEX 22.225000 12.700000 169.862503
VERTEX -22.225000 12.700000 169.862503
VERTEX 22.225000 12.700000 119.062500
VERTEX 22.225000 -25.399998 119.062500
VERTEX -22.225000 -25.399998 119.062500
VERTEX -22.225000 12.700000 119.062500
VERTEX 15.478125 -26.808899 26.987499
VERTEX 15.478125 -26.808899 0.000000
VERTEX 26.808899 -15.478124 26.987499
VERTEX 26.808899 -15.478124 0.000000
VERTEX 30.956249 0.000000 26.987499
VERTEX 30.956249 0.000000 0.000000
VERTEX 26.808897 15.478127 26.987499
VERTEX 26.808897 15.478127 0.000000
VERTEX 15.478126 26.808897 26.987499
VERTEX 15.478126 26.808897 0.000000
VERTEX 0.000000 30.956249 26.987499
VERTEX 0.000000 30.956249 0.000000
VERTEX -15.478125 26.808899 26.987499
VERTEX -15.478125 26.808899 0.000000
VERTEX -26.808901 15.478122 26.987499
VERTEX -26.808901 15.478122 0.000000
VERTEX -30.956249 0.000000 26.987499
VERTEX -30.956249 0.000000 0.000000
VERTEX -26.808899 -15.478122 26.987499
VERTEX -26.808899 -15.478122 0.000000
VERTEX -15.478130 -26.808895 26.987499
VERTEX -15.478130 -26.808895 0.000000
VERTEX 0.000000 -30.956249 26.987499
VERTEX 0.000000 -30.956249 0.000000
POLYGON 4
2
0
1
3
POLYGON 4
4
2
3
5
POLYGON 4
6
4
5
7
POLYGON 4
8
6
7
9
POLYGON 4
10
8
9
11
POLYGON 4
12
10
11
13
POLYGON 4
14
12
13
15
POLYGON 4
0
14
15
1
POLYGON 8
1
15
13
11
9
7
5
3
POLYGON 4
29
31
30
28
POLYGON 4
27
29
28
26
POLYGON 4
25
27
26
24
POLYGON 4
23
25
24
22
POLYGON 4
21
23
22
20
POLYGON 4
19
21
20
18
POLYGON 4
17
19
18
16
POLYGON 4
31
17
16
30
POLYGON 8
30
16
18
20
22
24
26
28
POLYGON 4
53
55
54
52
POLYGON 4
51
53
52
50
POLYGON 4
49
51
50
48
POLYGON 4
47
49
48
46
POLYGON 4
45
47
46
44
POLYGON 4
43
45
44
42
POLYGON 4
41
43
42
40
POLYGON 4
39
41
40
38
POLYGON 4
37
39
38
36
POLYGON 4
35
37
36
34
POLYGON 4
33
35
34
32
POLYGON 4
55
33
32
54
POLYGON 12
54
32
34
36
38
40
42
44
46
48
50
52
POLYGON 12
55
53
51
49
47
45
43
41
39
37
35
33
POLYGON 4
77
79
78
76
POLYGON 4
75
77
76
74
POLYGON 4
73
75
74
72
POLYGON 4
71
73
72
70
POLYGON 4
69
71
70
68
POLYGON 4
67
69
68
66
POLYGON 4
65
67
66
64
POLYGON 4
63
65
64
62
POLYGON 4
61
63
62
60
POLYGON 4
59
61
60
58
POLYGON 4
57
59
58
56
POLYGON 4
79
57
56
78
POLYGON 4
87
86
80
83
POLYGON 4
86
85
81
80
POLYGON 4
85
84
82
81
POLYGON 4
84
87
83
82
POLYGON 4
83
80
81
82
POLYGON 4
87
84
85
86
POLYGON 4
109
111
110
108
POLYGON 4
107
109
108
106
POLYGON 4
105
107
106
104
POLYGON 4
103
105
104
102
POLYGON 4
101
103
102
100
POLYGON 4
99
101
100
98
POLYGON 4
97
99
98
96
POLYGON 4
95
97
96
94
POLYGON 4
93
95
94
92
POLYGON 4
91
93
92
90
POLYGON 4
89
91
90
88
POLYGON 4
111
89
88
110
POLYGON 12
110
88
90
92
94
96
98
100
102
104
106
108
POLYGON 12
111
109
107
105
103
101
99
97
95
93
91
89
NULL
