VERTEX 596.900024 47.625000 654.049988
VERTEX 596.900024 844.549988 654.049988
VERTEX 552.450012 844.549988 654.049988
VERTEX 552.450012 47.625000 654.049988
VERTEX 552.450012 844.549988 254.000000
VERTEX 596.900024 844.549988 254.000000
VERTEX 596.900024 47.625000 254.000000
VERTEX 552.450012 47.625000 254.000000
VERTEX 82.550003 841.375000 692.150024
VERTEX 676.274963 841.375000 692.150024
VERTEX 676.274963 892.174988 692.150024
VERTEX 82.550003 892.174988 692.150024
VERTEX 82.550003 841.375000 717.550049
VERTEX 82.550003 892.174988 717.550049
VERTEX 676.274963 892.174988 717.550049
VERTEX 676.274963 841.375000 717.550049
VERTEX 676.274963 0.000000 717.550049
VERTEX 676.274963 50.799999 717.550049
VERTEX 82.550003 50.799999 717.550049
VERTEX 82.550003 0.000000 717.550049
VERTEX 82.550003 50.799999 692.150024
VERTEX 676.274963 50.799999 692.150024
VERTEX 676.274963 0.000000 692.150024
VERTEX 82.550003 0.000000 692.150024
VERTEX 396.875000 844.549988 38.099998
VERTEX 596.900024 844.549988 38.099998
VERTEX 596.900024 889.000000 38.099998
VERTEX 396.875000 889.000000 38.099998
VERTEX 396.875000 844.549988 692.149963
VERTEX 396.875000 889.000000 692.149963
VERTEX 596.900024 889.000000 692.149963
VERTEX 596.900024 844.549988 692.149963
VERTEX 596.900024 3.175000 692.149963
VERTEX 596.900024 47.625000 692.149963
VERTEX 396.875000 47.625000 692.149963
VERTEX 396.875000 3.175000 692.149963
VERTEX 396.875000 47.625000 38.099998
VERTEX 596.900024 47.625000 38.099998
VERTEX 596.900024 3.175000 38.099998
VERTEX 396.875000 3.175000 38.099998
VERTEX 0.000000 841.375000 0.000000
VERTEX 0.000000 892.174988 0.000000
VERTEX 679.450012 892.174988 0.000000
VERTEX 679.450012 841.375000 0.000000
VERTEX 0.000000 892.174988 25.399990
VERTEX 0.000000 841.375000 25.399990
VERTEX 34.925018 841.375000 38.099998
VERTEX 34.925030 892.174988 38.099998
VERTEX 679.450012 841.375000 25.400032
VERTEX 679.450012 892.174988 25.400032
VERTEX 644.525085 892.174988 38.099998
VERTEX 644.525085 841.375000 38.099998
VERTEX 644.525085 0.000000 38.099998
VERTEX 644.525085 50.799999 38.099998
VERTEX 679.450012 50.799999 25.400032
VERTEX 679.450012 0.000000 25.400032
VERTEX 34.925030 50.799999 38.099998
VERTEX 34.925018 0.000000 38.099998
VERTEX 0.000000 0.000000 25.399990
VERTEX 0.000000 50.799999 25.399990
VERTEX 679.450012 0.000000 0.000000
VERTEX 679.450012 50.799999 0.000000
VERTEX 0.000000 50.799999 0.000000
VERTEX 0.000000 0.000000 0.000000
POLYGON 4
6
5
1
0
POLYGON 4
4
7
3
2
POLYGON 4
3
0
1
2
POLYGON 4
7
4
5
6
POLYGON 4
8
9
15
12
POLYGON 4
9
10
14
15
POLYGON 4
10
11
13
14
POLYGON 4
11
8
12
13
POLYGON 4
12
15
14
13
POLYGON 4
8
11
10
9
POLYGON 4
23
22
16
19
POLYGON 4
22
21
17
16
POLYGON 4
21
20
18
17
POLYGON 4
20
23
19
18
POLYGON 4
19
16
17
18
POLYGON 4
23
20
21
22
POLYGON 4
24
25
31
28
POLYGON 4
25
26
30
31
POLYGON 4
26
27
29
30
POLYGON 4
27
24
28
29
POLYGON 4
39
38
32
35
POLYGON 4
38
37
33
32
POLYGON 4
37
36
34
33
POLYGON 4
36
39
35
34
POLYGON 4
50
51
48
49
POLYGON 4
46
51
50
47
POLYGON 4
48
43
42
49
POLYGON 4
44
45
46
47
POLYGON 4
44
41
40
45
POLYGON 4
40
41
42
43
POLYGON 6
45
40
43
48
51
46
POLYGON 6
49
42
41
44
47
50
POLYGON 4
53
52
55
54
POLYGON 4
57
52
53
56
POLYGON 4
55
60
61
54
POLYGON 4
59
58
57
56
POLYGON 4
59
62
63
58
POLYGON 4
63
62
61
60
POLYGON 6
58
63
60
55
52
57
POLYGON 6
54
61
62
59
56
53
NULL
