VERTEX -60.325001 68.910751 25.399998
VERTEX -60.325001 -10.002812 42.710594
VERTEX 60.325001 -10.002811 42.710594
VERTEX 60.325001 68.910751 25.399998
VERTEX 60.325001 -19.997089 25.400000
VERTEX -60.325001 -19.997089 25.400000
VERTEX -60.325001 -19.997084 25.400000
VERTEX -60.325001 -56.658825 25.400000
VERTEX -60.325001 -22.225002 85.041130
VERTEX -60.325001 5.271304 69.166130
VERTEX 60.325001 -56.658825 25.400000
VERTEX 60.325001 -22.225002 85.041130
VERTEX 60.325001 -19.997084 25.400000
VERTEX 60.325001 5.271304 69.166130
VERTEX 95.071251 25.474266 25.400000
VERTEX 95.071251 25.474266 0.000000
VERTEX 85.238556 49.212502 25.400000
VERTEX 85.238556 49.212502 0.000000
VERTEX 69.596985 69.596985 25.400000
VERTEX 69.596985 69.596985 0.000000
VERTEX 49.212498 85.238556 25.400000
VERTEX 49.212498 85.238556 0.000000
VERTEX 25.474268 95.071251 25.400000
VERTEX 25.474268 95.071251 0.000000
VERTEX 0.000000 98.425003 25.400000
VERTEX 0.000000 98.425003 0.000000
VERTEX -25.474264 95.071251 25.400000
VERTEX -25.474264 95.071251 0.000000
VERTEX -49.212505 85.238548 25.400000
VERTEX -49.212505 85.238548 0.000000
VERTEX -69.596985 69.596985 25.400000
VERTEX -69.596985 69.596985 0.000000
VERTEX -85.238548 49.212505 25.400000
VERTEX -85.238548 49.212505 0.000000
VERTEX -95.071251 25.474276 25.400000
VERTEX -95.071251 25.474276 0.000000
VERTEX -98.425003 0.000000 25.400000
VERTEX -98.425003 0.000000 0.000000
VERTEX -95.071251 -25.474268 25.400000
VERTEX -95.071251 -25.474268 0.000000
VERTEX -85.238556 -49.212502 25.400000
VERTEX -85.238556 -49.212502 0.000000
VERTEX -69.596992 -69.596985 25.400000
VERTEX -69.596992 -69.596985 0.000000
VERTEX -49.212490 -85.238556 25.400000
VERTEX -49.212490 -85.238556 0.000000
VERTEX -25.474258 -95.071251 25.400000
VERTEX -25.474258 -95.071251 0.000000
VERTEX 0.000000 -98.425003 25.400000
VERTEX 0.000000 -98.425003 0.000000
VERTEX 25.474262 -95.071251 25.400000
VERTEX 25.474262 -95.071251 0.000000
VERTEX 49.212494 -85.238556 25.400000
VERTEX 49.212494 -85.238556 0.000000
VERTEX 69.596977 -69.597000 25.400000
VERTEX 69.596977 -69.597000 0.000000
VERTEX 85.238541 -49.212517 25.400000
VERTEX 85.238541 -49.212517 0.000000
VERTEX 95.071259 -25.474243 25.400000
VERTEX 95.071259 -25.474243 0.000000
VERTEX 98.425003 0.000000 25.400000
VERTEX 98.425003 0.000000 0.000000
VERTEX 196.849976 -41.075268 410.657928
VERTEX 171.449997 -75.269485 380.202606
VERTEX 171.449982 -32.849525 78.368912
VERTEX 196.849976 8.414689 58.518600
VERTEX -196.850037 -41.075329 410.657928
VERTEX -171.449997 -75.269539 380.202606
VERTEX -196.850037 8.414630 58.518600
VERTEX -171.450012 -32.849579 78.368912
VERTEX -209.550064 54.199543 52.128441
VERTEX -209.550049 10.182126 45.942196
VERTEX -209.550049 -44.610329 435.810730
VERTEX -209.550049 -0.592911 441.996979
VERTEX 209.549988 10.182190 45.942196
VERTEX 209.549988 -44.610264 435.810730
VERTEX 209.549973 54.199604 52.128441
VERTEX 209.549988 -0.592848 441.996979
VERTEX -171.450027 54.199547 52.128441
VERTEX -171.450012 -0.592906 441.996979
VERTEX 209.549988 43.594616 127.586861
VERTEX -171.450012 43.594559 127.586861
VERTEX 209.549988 5.593398 397.979553
VERTEX -171.450012 5.593340 397.979553
VERTEX 171.449982 5.593392 397.979553
VERTEX 171.449982 43.594608 127.586861
VERTEX -171.450012 31.018154 125.819366
VERTEX 171.449982 31.018206 125.819366
VERTEX 171.449982 -6.983011 396.212067
VERTEX -171.450012 -6.983063 396.212067
POLYGON 4
0
1
2
3
POLYGON 3
4
3
2
POLYGON 3
5
1
0
POLYGON 4
2
1
5
4
POLYGON 4
4
5
0
3
POLYGON 4
6
7
8
9
POLYGON 4
7
10
11
8
POLYGON 4
12
6
9
13
POLYGON 4
10
12
13
11
POLYGON 4
12
10
7
6
POLYGON 4
8
11
13
9
POLYGON 4
59
61
60
58
POLYGON 4
57
59
58
56
POLYGON 4
55
57
56
54
POLYGON 4
53
55
54
52
POLYGON 4
51
53
52
50
POLYGON 4
49
51
50
48
POLYGON 4
47
49
48
46
POLYGON 4
45
47
46
44
POLYGON 4
43
45
44
42
POLYGON 4
41
43
42
40
POLYGON 4
39
41
40
38
POLYGON 4
37
39
38
36
POLYGON 4
35
37
36
34
POLYGON 4
33
35
34
32
POLYGON 4
31
33
32
30
POLYGON 4
29
31
30
28
POLYGON 4
27
29
28
26
POLYGON 4
25
27
26
24
POLYGON 4
23
25
24
22
POLYGON 4
21
23
22
20
POLYGON 4
19
21
20
18
POLYGON 4
17
19
18
16
POLYGON 4
15
17
16
14
POLYGON 4
61
15
14
60
POLYGON 24
60
14
16
18
20
22
24
26
28
30
32
34
36
38
40
42
44
46
48
50
52
54
56
58
POLYGON 24
61
59
57
55
53
51
49
47
45
43
41
39
37
35
33
31
29
27
25
23
21
19
17
15
POLYGON 4
63
67
69
64
POLYGON 4
64
69
68
65
POLYGON 4
67
66
68
69
POLYGON 4
63
62
66
67
POLYGON 4
62
63
64
65
POLYGON 4
87
88
84
85
POLYGON 4
84
88
89
83
POLYGON 4
85
81
86
87
POLYGON 4
81
83
89
86
POLYGON 4
86
89
88
87
POLYGON 4
84
82
80
85
POLYGON 4
82
83
79
77
POLYGON 4
80
76
78
81
POLYGON 4
78
70
73
79
POLYGON 4
76
74
71
70
POLYGON 4
77
73
72
75
POLYGON 4
74
76
77
75
POLYGON 4
71
74
75
72
POLYGON 4
70
71
72
73
NULL
