VERTEX -140.0 -140.0 200.0
VERTEX 140.0 -140.0 200.0
VERTEX 140.0 140.0 200.0
VERTEX -140.0 140.0 200.0
VERTEX -140.0 -140.0 250.0
VERTEX 140.0 -140.0 250.0
VERTEX 140.0 140.0 250.0
VERTEX -140.0 140.0 250.0
VERTEX -165.0 -165.0 250.0
VERTEX 165.0 -165.0 250.0
VERTEX 165.0 165.0 250.0
VERTEX -165.0 165.0 250.0
VERTEX -165.0 -165.0 300.0
VERTEX 165.0 -165.0 300.0
VERTEX 165.0 165.0 300.0
VERTEX -165.0 165.0 300.0
POLYGON 4
0
3
2
1
POLYGON 4
8
11
10
9
POLYGON 4
12
13
14
15
POLYGON 4
0
1
5
4
POLYGON 4
1
2
6
5
POLYGON 4
2
3
7
6
POLYGON 4
3
0
4
7
POLYGON 4
8
9
13
12
POLYGON 4
9
10
14
13
POLYGON 4
10
11
15
14
POLYGON 4
11
8
12
15
NULL
