VERTEX 3352.800049 1273.174927 536.575012
VERTEX 3597.275146 1212.849976 536.575012
VERTEX 3597.275146 1273.174927 536.575012
VERTEX 3352.800049 1212.849976 536.575012
VERTEX 3352.800049 1273.174927 479.425018
VERTEX 3352.800049 1212.849976 479.425018
VERTEX 3352.800049 1273.174927 130.175018
VERTEX 3352.800049 1212.849976 130.175018
VERTEX 3597.275146 1212.849976 479.425018
VERTEX 3597.275146 1273.174927 479.425018
VERTEX 3597.275146 1273.174927 130.175018
VERTEX 3597.275146 1212.849976 130.175018
VERTEX 3352.800049 1273.174927 73.025024
VERTEX 3352.800049 1212.849976 73.025009
VERTEX 3597.275146 1273.174927 73.025009
VERTEX 3597.275146 1212.849976 73.025024
VERTEX 3597.275146 1273.174927 9.525024
VERTEX 3597.275146 1212.849976 9.525024
VERTEX 3352.800049 1273.174927 9.525024
VERTEX 3352.800049 1212.849976 9.525024
VERTEX 3641.725098 1273.174927 9.525024
VERTEX 3641.725098 1212.849976 9.525024
VERTEX 3308.350098 1212.849976 9.525024
VERTEX 3308.350098 1273.174927 9.525024
VERTEX 3308.350098 1212.849976 536.575012
VERTEX 3308.350098 1273.174927 536.575012
VERTEX 3641.725098 1273.174927 536.575012
VERTEX 3641.725098 1212.849976 536.575012
VERTEX 3352.800049 1190.625000 552.450012
VERTEX 3597.275146 1190.625000 552.450012
VERTEX 3597.275146 1130.300049 552.450012
VERTEX 3352.800049 1130.300049 552.450012
VERTEX 3352.800049 1190.625000 596.900024
VERTEX 3597.275146 1190.625000 596.900024
VERTEX 3597.275146 1130.300049 596.900024
VERTEX 3352.800049 1130.300049 596.900024
VERTEX 3352.800049 368.299988 596.900024
VERTEX 3597.275146 368.299988 596.900024
VERTEX 3597.275146 428.625000 596.900024
VERTEX 3352.800049 428.625000 596.900024
VERTEX 3352.800049 368.299988 552.450012
VERTEX 3597.275146 368.299988 552.450012
VERTEX 3597.275146 428.625000 552.450012
VERTEX 3352.800049 428.625000 552.450012
VERTEX 3597.275146 1343.025024 536.575012
VERTEX 3641.725098 1343.025024 536.575012
VERTEX 3641.725098 333.375000 536.575012
VERTEX 3597.275146 333.375000 536.575012
VERTEX 3597.275146 1343.025024 619.125000
VERTEX 3641.725098 1343.025024 619.125000
VERTEX 3641.725098 333.375000 619.125000
VERTEX 3597.275146 333.375000 619.125000
VERTEX 3308.350098 333.375000 619.125000
VERTEX 3352.800049 333.375000 619.125000
VERTEX 3352.800049 1343.025024 619.125000
VERTEX 3308.350098 1343.025024 619.125000
VERTEX 3308.350098 333.375000 536.575012
VERTEX 3352.800049 333.375000 536.575012
VERTEX 3352.800049 1343.025024 536.575012
VERTEX 3308.350098 1343.025024 536.575012
VERTEX 3717.925049 44.450001 542.924988
VERTEX 3778.250000 44.450001 542.924988
VERTEX 3778.250000 288.925018 542.924988
VERTEX 3717.925049 288.925018 542.924988
VERTEX 3717.925049 44.450001 587.375000
VERTEX 3717.925049 288.925018 587.375000
VERTEX 3778.250000 288.925018 587.375000
VERTEX 3778.250000 44.450001 587.375000
VERTEX 1889.125000 44.450001 587.375000
VERTEX 1889.125000 288.925018 587.375000
VERTEX 1828.799927 288.925018 587.375000
VERTEX 1828.799927 44.450001 587.375000
VERTEX 1828.799927 288.925018 542.924988
VERTEX 1889.125000 288.925018 542.924988
VERTEX 1889.125000 44.450001 542.924988
VERTEX 1828.799927 44.450001 542.924988
VERTEX -25.400000 44.450001 542.924988
VERTEX 34.925003 44.450001 542.924988
VERTEX 34.925003 288.925018 542.924988
VERTEX -25.400000 288.925018 542.924988
VERTEX -25.400000 44.450001 587.375000
VERTEX -25.400000 288.925018 587.375000
VERTEX 34.925003 288.925018 587.375000
VERTEX 34.925003 44.450001 587.375000
VERTEX -177.800003 288.924988 527.049988
VERTEX 3813.175049 288.924988 527.049988
VERTEX 3813.175049 333.375000 527.049988
VERTEX -177.800003 333.375000 527.049988
VERTEX -177.800003 288.924988 609.599976
VERTEX -177.800003 333.375000 609.599976
VERTEX 3813.175049 333.375000 609.599976
VERTEX 3813.175049 288.924988 609.599976
VERTEX -177.800003 0.000000 527.049988
VERTEX 3813.175049 0.000000 527.049988
VERTEX 3813.175049 44.450001 527.049988
VERTEX -177.800003 44.450001 527.049988
VERTEX -177.800003 0.000000 609.599976
VERTEX -177.800003 44.450001 609.599976
VERTEX 3813.175049 44.450001 609.599976
VERTEX 3813.175049 0.000000 609.599976
VERTEX 3660.774902 0.000000 527.049988
VERTEX 3721.099854 0.000000 527.049988
VERTEX 3721.099854 333.375000 527.049988
VERTEX 3660.774902 333.375000 527.049988
VERTEX 3721.099854 333.375000 0.000000
VERTEX 3660.774902 333.375000 0.000000
VERTEX 3660.774902 0.000000 0.000000
VERTEX 3721.099854 0.000000 0.000000
VERTEX 3660.774902 288.925018 0.000000
VERTEX 3721.099854 288.925018 0.000000
VERTEX 3660.774902 44.449997 0.000000
VERTEX 3721.099854 44.450001 0.000000
VERTEX 3660.774902 44.450001 63.500000
VERTEX 3721.099854 44.449997 63.499989
VERTEX 3660.774902 288.925018 63.499989
VERTEX 3721.099854 288.925018 63.500000
VERTEX 3660.774902 44.450001 120.650002
VERTEX 3721.099854 44.450001 120.650002
VERTEX 3721.099854 44.450001 469.899994
VERTEX 3660.774902 44.450001 469.899994
VERTEX 3660.774902 288.925018 120.650002
VERTEX 3721.099854 288.925018 120.650002
VERTEX 3660.774902 288.925018 469.899994
VERTEX 3721.099854 288.925018 469.899994
VERTEX 3660.774902 288.925018 527.049988
VERTEX 3721.099854 44.449997 527.049988
VERTEX 3660.774902 44.450001 527.049988
VERTEX 3721.099854 288.925018 527.049988
VERTEX 1889.124878 288.925018 527.049988
VERTEX 1828.799927 44.450001 527.049988
VERTEX 1889.124878 44.449997 527.049988
VERTEX 1828.799927 288.925018 527.049988
VERTEX 1889.124878 288.925018 469.899994
VERTEX 1828.799927 288.925018 469.899994
VERTEX 1889.124878 288.925018 120.650002
VERTEX 1828.799927 288.925018 120.650002
VERTEX 1828.799927 44.450001 469.899994
VERTEX 1889.124878 44.450001 469.899994
VERTEX 1889.124878 44.450001 120.650002
VERTEX 1828.799927 44.450001 120.650002
VERTEX 1889.124878 288.925018 63.500000
VERTEX 1828.799927 288.925018 63.499989
VERTEX 1889.124878 44.449997 63.499989
VERTEX 1828.799927 44.450001 63.500000
VERTEX 1889.124878 44.450001 0.000000
VERTEX 1828.799927 44.449997 0.000000
VERTEX 1889.124878 288.925018 0.000000
VERTEX 1828.799927 288.925018 0.000000
VERTEX 1889.124878 0.000000 0.000000
VERTEX 1828.799927 0.000000 0.000000
VERTEX 1828.799927 333.375000 0.000000
VERTEX 1889.124878 333.375000 0.000000
VERTEX 1828.799927 333.375000 527.049988
VERTEX 1889.124878 333.375000 527.049988
VERTEX 1889.124878 0.000000 527.049988
VERTEX 1828.799927 0.000000 527.049988
VERTEX 0.000000 0.000000 527.049988
VERTEX 60.325001 0.000000 527.049988
VERTEX 60.325001 333.375000 527.049988
VERTEX 0.000000 333.375000 527.049988
VERTEX 60.325001 333.375000 0.000000
VERTEX 0.000000 333.375000 0.000000
VERTEX 0.000000 0.000000 0.000000
VERTEX 60.325001 0.000000 0.000000
VERTEX 0.000000 288.925018 0.000000
VERTEX 60.325001 288.925018 0.000000
VERTEX 0.000000 44.449997 0.000000
VERTEX 60.325001 44.450001 0.000000
VERTEX 0.000000 44.450001 63.500000
VERTEX 60.325001 44.449997 63.499989
VERTEX 0.000000 288.925018 63.499989
VERTEX 60.325001 288.925018 63.500000
VERTEX 0.000000 44.450001 120.650002
VERTEX 60.325001 44.450001 120.650002
VERTEX 60.325001 44.450001 469.899994
VERTEX 0.000000 44.450001 469.899994
VERTEX 0.000000 288.925018 120.650002
VERTEX 60.324997 288.925018 120.650002
VERTEX 0.000000 288.925018 469.899994
VERTEX 60.324997 288.925018 469.899994
VERTEX 0.000000 288.925018 527.049988
VERTEX 60.325001 44.449997 527.049988
VERTEX 0.000000 44.450001 527.049988
VERTEX 60.325001 288.925018 527.049988
POLYGON 4
27
26
25
24
POLYGON 4
23
22
24
25
POLYGON 4
21
20
26
27
POLYGON 4
19
22
23
18
POLYGON 4
21
17
16
20
POLYGON 4
17
15
14
16
POLYGON 4
15
13
12
14
POLYGON 4
11
8
9
10
POLYGON 4
10
6
7
11
POLYGON 4
6
4
5
7
POLYGON 4
8
5
4
9
POLYGON 4
18
12
13
19
POLYGON 4
10
14
12
6
POLYGON 4
5
8
1
3
POLYGON 4
11
7
13
15
POLYGON 4
9
4
0
2
POLYGON 4
22
19
3
24
POLYGON 4
2
26
20
16
POLYGON 4
27
1
17
21
POLYGON 4
25
0
18
23
POLYGON 4
35
34
33
32
POLYGON 4
31
28
29
30
POLYGON 4
34
35
31
30
POLYGON 4
33
34
30
29
POLYGON 4
32
33
29
28
POLYGON 4
35
32
28
31
POLYGON 4
36
37
38
39
POLYGON 4
40
43
42
41
POLYGON 4
37
36
40
41
POLYGON 4
38
37
41
42
POLYGON 4
39
38
42
43
POLYGON 4
36
39
43
40
POLYGON 4
51
50
49
48
POLYGON 4
47
44
45
46
POLYGON 4
50
51
47
46
POLYGON 4
49
50
46
45
POLYGON 4
48
49
45
44
POLYGON 4
51
48
44
47
POLYGON 4
52
53
54
55
POLYGON 4
56
59
58
57
POLYGON 4
53
52
56
57
POLYGON 4
54
53
57
58
POLYGON 4
55
54
58
59
POLYGON 4
52
55
59
56
POLYGON 4
60
63
62
61
POLYGON 4
64
67
66
65
POLYGON 4
63
60
64
65
POLYGON 4
62
63
65
66
POLYGON 4
61
62
66
67
POLYGON 4
60
61
67
64
POLYGON 4
75
72
73
74
POLYGON 4
71
68
69
70
POLYGON 4
72
75
71
70
POLYGON 4
73
72
70
69
POLYGON 4
74
73
69
68
POLYGON 4
75
74
68
71
POLYGON 4
76
79
78
77
POLYGON 4
80
83
82
81
POLYGON 4
79
76
80
81
POLYGON 4
78
79
81
82
POLYGON 4
77
78
82
83
POLYGON 4
76
77
83
80
POLYGON 4
84
87
86
85
POLYGON 4
88
91
90
89
POLYGON 4
87
84
88
89
POLYGON 4
86
87
89
90
POLYGON 4
85
86
90
91
POLYGON 4
84
85
91
88
POLYGON 4
92
95
94
93
POLYGON 4
96
99
98
97
POLYGON 4
95
92
96
97
POLYGON 4
94
95
97
98
POLYGON 4
93
94
98
99
POLYGON 4
92
93
99
96
POLYGON 4
100
101
102
103
POLYGON 4
104
105
103
102
POLYGON 4
106
107
101
100
POLYGON 4
108
105
104
109
POLYGON 4
106
110
111
107
POLYGON 4
110
112
113
111
POLYGON 4
112
114
115
113
POLYGON 4
116
119
118
117
POLYGON 4
117
121
120
116
POLYGON 4
121
123
122
120
POLYGON 4
119
122
123
118
POLYGON 4
109
115
114
108
POLYGON 4
117
113
115
121
POLYGON 4
122
119
126
124
POLYGON 4
116
120
114
112
POLYGON 4
118
123
127
125
POLYGON 4
105
108
124
103
POLYGON 4
125
101
107
111
POLYGON 4
100
126
110
106
POLYGON 4
102
127
109
104
POLYGON 4
155
154
153
152
POLYGON 4
151
150
152
153
POLYGON 4
149
148
154
155
POLYGON 4
147
150
151
146
POLYGON 4
149
145
144
148
POLYGON 4
145
143
142
144
POLYGON 4
143
141
140
142
POLYGON 4
139
136
137
138
POLYGON 4
138
134
135
139
POLYGON 4
134
132
133
135
POLYGON 4
136
133
132
137
POLYGON 4
146
140
141
147
POLYGON 4
138
142
140
134
POLYGON 4
133
136
129
131
POLYGON 4
139
135
141
143
POLYGON 4
137
132
128
130
POLYGON 4
150
147
131
152
POLYGON 4
130
154
148
144
POLYGON 4
155
129
145
149
POLYGON 4
153
128
146
151
POLYGON 4
156
157
158
159
POLYGON 4
160
161
159
158
POLYGON 4
162
163
157
156
POLYGON 4
164
161
160
165
POLYGON 4
162
166
167
163
POLYGON 4
166
168
169
167
POLYGON 4
168
170
171
169
POLYGON 4
172
175
174
173
POLYGON 4
173
177
176
172
POLYGON 4
177
179
178
176
POLYGON 4
175
178
179
174
POLYGON 4
165
171
170
164
POLYGON 4
173
169
171
177
POLYGON 4
178
175
182
180
POLYGON 4
172
176
170
168
POLYGON 4
174
179
183
181
POLYGON 4
161
164
180
159
POLYGON 4
181
157
163
167
POLYGON 4
156
182
166
162
POLYGON 4
158
183
165
160
NULL
