VERTEX 3641.725098 1212.849976 536.575012
VERTEX 3641.725098 1273.174927 536.575012
VERTEX 3308.350098 1273.174927 536.575012
VERTEX 3308.350098 1212.849976 536.575012
VERTEX 3308.350098 1273.174927 9.525024
VERTEX 3308.350098 1212.849976 9.525024
VERTEX 3641.725098 1212.849976 9.525024
VERTEX 3641.725098 1273.174927 9.525024
VERTEX 3352.800049 1212.849976 9.525024
VERTEX 3352.800049 1273.174927 9.525024
VERTEX 3597.275146 1212.849976 9.525024
VERTEX 3597.275146 1273.174927 9.525024
VERTEX 3597.275146 1212.849976 73.025024
VERTEX 3597.275146 1273.174927 73.025009
VERTEX 3352.800049 1212.849976 73.025009
VERTEX 3352.800049 1273.174927 73.025024
VERTEX 3597.275146 1212.849976 130.175018
VERTEX 3597.275146 1273.174927 130.175018
VERTEX 3597.275146 1273.174927 479.425018
VERTEX 3597.275146 1212.849976 479.425018
VERTEX 3352.800049 1212.849976 130.175018
VERTEX 3352.800049 1273.174927 130.175018
VERTEX 3352.800049 1212.849976 479.425018
VERTEX 3352.800049 1273.174927 479.425018
VERTEX 3352.800049 1212.849976 536.575012
VERTEX 3597.275146 1273.174927 536.575012
VERTEX 3597.275146 1212.849976 536.575012
VERTEX 3352.800049 1273.174927 536.575012
VERTEX 3352.800049 1130.300049 596.900024
VERTEX 3597.275146 1130.300049 596.900024
VERTEX 3597.275146 1190.625000 596.900024
VERTEX 3352.800049 1190.625000 596.900024
VERTEX 3352.800049 1130.300049 552.450012
VERTEX 3597.275146 1130.300049 552.450012
VERTEX 3597.275146 1190.625000 552.450012
VERTEX 3352.800049 1190.625000 552.450012
VERTEX 3352.800049 428.625000 552.450012
VERTEX 3597.275146 428.625000 552.450012
VERTEX 3597.275146 368.299988 552.450012
VERTEX 3352.800049 368.299988 552.450012
VERTEX 3352.800049 428.625000 596.900024
VERTEX 3597.275146 428.625000 596.900024
VERTEX 3597.275146 368.299988 596.900024
VERTEX 3352.800049 368.299988 596.900024
VERTEX 3597.275146 333.375000 619.125000
VERTEX 3641.725098 333.375000 619.125000
VERTEX 3641.725098 1343.025024 619.125000
VERTEX 3597.275146 1343.025024 619.125000
VERTEX 3597.275146 333.375000 536.575012
VERTEX 3641.725098 333.375000 536.575012
VERTEX 3641.725098 1343.025024 536.575012
VERTEX 3597.275146 1343.025024 536.575012
VERTEX 3308.350098 1343.025024 536.575012
VERTEX 3352.800049 1343.025024 536.575012
VERTEX 3352.800049 333.375000 536.575012
VERTEX 3308.350098 333.375000 536.575012
VERTEX 3308.350098 1343.025024 619.125000
VERTEX 3352.800049 1343.025024 619.125000
VERTEX 3352.800049 333.375000 619.125000
VERTEX 3308.350098 333.375000 619.125000
POLYGON 4
2
27
9
4
POLYGON 4
0
26
10
6
POLYGON 4
25
1
7
11
POLYGON 4
5
8
24
3
POLYGON 4
18
23
27
25
POLYGON 4
16
20
14
12
POLYGON 4
22
19
26
24
POLYGON 4
17
13
15
21
POLYGON 4
9
15
14
8
POLYGON 4
19
22
23
18
POLYGON 4
21
23
22
20
POLYGON 4
17
21
20
16
POLYGON 4
16
19
18
17
POLYGON 4
12
14
15
13
POLYGON 4
10
12
13
11
POLYGON 4
6
10
11
7
POLYGON 4
8
5
4
9
POLYGON 4
6
7
1
0
POLYGON 4
4
5
3
2
POLYGON 4
0
1
2
3
POLYGON 4
28
31
35
32
POLYGON 4
31
30
34
35
POLYGON 4
30
29
33
34
POLYGON 4
29
28
32
33
POLYGON 4
32
35
34
33
POLYGON 4
28
29
30
31
POLYGON 4
43
40
36
39
POLYGON 4
40
41
37
36
POLYGON 4
41
42
38
37
POLYGON 4
42
43
39
38
POLYGON 4
39
36
37
38
POLYGON 4
43
42
41
40
POLYGON 4
44
47
51
48
POLYGON 4
47
46
50
51
POLYGON 4
46
45
49
50
POLYGON 4
45
44
48
49
POLYGON 4
48
51
50
49
POLYGON 4
44
45
46
47
POLYGON 4
59
56
52
55
POLYGON 4
56
57
53
52
POLYGON 4
57
58
54
53
POLYGON 4
58
59
55
54
POLYGON 4
55
52
53
54
POLYGON 4
59
58
57
56
NULL
