VERTEX 3717.925049 44.450001 542.924988
VERTEX 3778.250000 44.450001 542.924988
VERTEX 3778.250000 288.925018 542.924988
VERTEX 3717.925049 288.925018 542.924988
VERTEX 3717.925049 44.450001 587.375000
VERTEX 3717.925049 288.925018 587.375000
VERTEX 3778.250000 288.925018 587.375000
VERTEX 3778.250000 44.450001 587.375000
VERTEX 1889.125000 44.450001 587.375000
VERTEX 1889.125000 288.925018 587.375000
VERTEX 1828.799927 288.925018 587.375000
VERTEX 1828.799927 44.450001 587.375000
VERTEX 1828.799927 288.925018 542.924988
VERTEX 1889.125000 288.925018 542.924988
VERTEX 1889.125000 44.450001 542.924988
VERTEX 1828.799927 44.450001 542.924988
VERTEX -25.400000 44.450001 542.924988
VERTEX 34.925003 44.450001 542.924988
VERTEX 34.925003 288.925018 542.924988
VERTEX -25.400000 288.925018 542.924988
VERTEX -25.400000 44.450001 587.375000
VERTEX -25.400000 288.925018 587.375000
VERTEX 34.925003 288.925018 587.375000
VERTEX 34.925003 44.450001 587.375000
VERTEX -177.800003 288.924988 527.049988
VERTEX 3813.175049 288.924988 527.049988
VERTEX 3813.175049 333.375000 527.049988
VERTEX -177.800003 333.375000 527.049988
VERTEX -177.800003 288.924988 609.599976
VERTEX -177.800003 333.375000 609.599976
VERTEX 3813.175049 333.375000 609.599976
VERTEX 3813.175049 288.924988 609.599976
VERTEX -177.800003 0.000000 527.049988
VERTEX 3813.175049 0.000000 527.049988
VERTEX 3813.175049 44.450001 527.049988
VERTEX -177.800003 44.450001 527.049988
VERTEX -177.800003 0.000000 609.599976
VERTEX -177.800003 44.450001 609.599976
VERTEX 3813.175049 44.450001 609.599976
VERTEX 3813.175049 0.000000 609.599976
VERTEX 3660.774902 0.000000 527.049988
VERTEX 3721.099854 0.000000 527.049988
VERTEX 3721.099854 333.375000 527.049988
VERTEX 3660.774902 333.375000 527.049988
VERTEX 3721.099854 333.375000 0.000000
VERTEX 3660.774902 333.375000 0.000000
VERTEX 3660.774902 0.000000 0.000000
VERTEX 3721.099854 0.000000 0.000000
VERTEX 3660.774902 288.925018 0.000000
VERTEX 3721.099854 288.925018 0.000000
VERTEX 3660.774902 44.449997 0.000000
VERTEX 3721.099854 44.450001 0.000000
VERTEX 3660.774902 44.450001 63.500000
VERTEX 3721.099854 44.449997 63.499989
VERTEX 3660.774902 288.925018 63.499989
VERTEX 3721.099854 288.925018 63.500000
VERTEX 3660.774902 44.450001 120.650002
VERTEX 3721.099854 44.450001 120.650002
VERTEX 3721.099854 44.450001 469.899994
VERTEX 3660.774902 44.450001 469.899994
VERTEX 3660.774902 288.925018 120.650002
VERTEX 3721.099854 288.925018 120.650002
VERTEX 3660.774902 288.925018 469.899994
VERTEX 3721.099854 288.925018 469.899994
VERTEX 3660.774902 288.925018 527.049988
VERTEX 3721.099854 44.449997 527.049988
VERTEX 3660.774902 44.450001 527.049988
VERTEX 3721.099854 288.925018 527.049988
VERTEX 1889.124878 288.925018 527.049988
VERTEX 1828.799927 44.450001 527.049988
VERTEX 1889.124878 44.449997 527.049988
VERTEX 1828.799927 288.925018 527.049988
VERTEX 1889.124878 288.925018 469.899994
VERTEX 1828.799927 288.925018 469.899994
VERTEX 1889.124878 288.925018 120.650002
VERTEX 1828.799927 288.925018 120.650002
VERTEX 1828.799927 44.450001 469.899994
VERTEX 1889.124878 44.450001 469.899994
VERTEX 1889.124878 44.450001 120.650002
VERTEX 1828.799927 44.450001 120.650002
VERTEX 1889.124878 288.925018 63.500000
VERTEX 1828.799927 288.925018 63.499989
VERTEX 1889.124878 44.449997 63.499989
VERTEX 1828.799927 44.450001 63.500000
VERTEX 1889.124878 44.450001 0.000000
VERTEX 1828.799927 44.449997 0.000000
VERTEX 1889.124878 288.925018 0.000000
VERTEX 1828.799927 288.925018 0.000000
VERTEX 1889.124878 0.000000 0.000000
VERTEX 1828.799927 0.000000 0.000000
VERTEX 1828.799927 333.375000 0.000000
VERTEX 1889.124878 333.375000 0.000000
VERTEX 1828.799927 333.375000 527.049988
VERTEX 1889.124878 333.375000 527.049988
VERTEX 1889.124878 0.000000 527.049988
VERTEX 1828.799927 0.000000 527.049988
VERTEX 0.000000 0.000000 527.049988
VERTEX 60.325001 0.000000 527.049988
VERTEX 60.325001 333.375000 527.049988
VERTEX 0.000000 333.375000 527.049988
VERTEX 60.325001 333.375000 0.000000
VERTEX 0.000000 333.375000 0.000000
VERTEX 0.000000 0.000000 0.000000
VERTEX 60.325001 0.000000 0.000000
VERTEX 0.000000 288.925018 0.000000
VERTEX 60.325001 288.925018 0.000000
VERTEX 0.000000 44.449997 0.000000
VERTEX 60.325001 44.450001 0.000000
VERTEX 0.000000 44.450001 63.500000
VERTEX 60.325001 44.449997 63.499989
VERTEX 0.000000 288.925018 63.499989
VERTEX 60.325001 288.925018 63.500000
VERTEX 0.000000 44.450001 120.650002
VERTEX 60.325001 44.450001 120.650002
VERTEX 60.325001 44.450001 469.899994
VERTEX 0.000000 44.450001 469.899994
VERTEX 0.000000 288.925018 120.650002
VERTEX 60.324997 288.925018 120.650002
VERTEX 0.000000 288.925018 469.899994
VERTEX 60.324997 288.925018 469.899994
VERTEX 0.000000 288.925018 527.049988
VERTEX 60.325001 44.449997 527.049988
VERTEX 0.000000 44.450001 527.049988
VERTEX 60.325001 288.925018 527.049988
POLYGON 4
0
3
2
1
POLYGON 4
4
7
6
5
POLYGON 4
3
0
4
5
POLYGON 4
2
3
5
6
POLYGON 4
1
2
6
7
POLYGON 4
0
1
7
4
POLYGON 4
15
12
13
14
POLYGON 4
11
8
9
10
POLYGON 4
12
15
11
10
POLYGON 4
13
12
10
9
POLYGON 4
14
13
9
8
POLYGON 4
15
14
8
11
POLYGON 4
16
19
18
17
POLYGON 4
20
23
22
21
POLYGON 4
19
16
20
21
POLYGON 4
18
19
21
22
POLYGON 4
17
18
22
23
POLYGON 4
16
17
23
20
POLYGON 4
24
27
26
25
POLYGON 4
28
31
30
29
POLYGON 4
27
24
28
29
POLYGON 4
26
27
29
30
POLYGON 4
25
26
30
31
POLYGON 4
24
25
31
28
POLYGON 4
32
35
34
33
POLYGON 4
36
39
38
37
POLYGON 4
35
32
36
37
POLYGON 4
34
35
37
38
POLYGON 4
33
34
38
39
POLYGON 4
32
33
39
36
POLYGON 4
40
41
42
43
POLYGON 4
44
45
43
42
POLYGON 4
46
47
41
40
POLYGON 4
48
45
44
49
POLYGON 4
46
50
51
47
POLYGON 4
50
52
53
51
POLYGON 4
52
54
55
53
POLYGON 4
56
59
58
57
POLYGON 4
57
61
60
56
POLYGON 4
61
63
62
60
POLYGON 4
59
62
63
58
POLYGON 4
49
55
54
48
POLYGON 4
57
53
55
61
POLYGON 4
62
59
66
64
POLYGON 4
56
60
54
52
POLYGON 4
58
63
67
65
POLYGON 4
45
48
64
43
POLYGON 4
65
41
47
51
POLYGON 4
40
66
50
46
POLYGON 4
42
67
49
44
POLYGON 4
95
94
93
92
POLYGON 4
91
90
92
93
POLYGON 4
89
88
94
95
POLYGON 4
87
90
91
86
POLYGON 4
89
85
84
88
POLYGON 4
85
83
82
84
POLYGON 4
83
81
80
82
POLYGON 4
79
76
77
78
POLYGON 4
78
74
75
79
POLYGON 4
74
72
73
75
POLYGON 4
76
73
72
77
POLYGON 4
86
80
81
87
POLYGON 4
78
82
80
74
POLYGON 4
73
76
69
71
POLYGON 4
79
75
81
83
POLYGON 4
77
72
68
70
POLYGON 4
90
87
71
92
POLYGON 4
70
94
88
84
POLYGON 4
95
69
85
89
POLYGON 4
93
68
86
91
POLYGON 4
96
97
98
99
POLYGON 4
100
101
99
98
POLYGON 4
102
103
97
96
POLYGON 4
104
101
100
105
POLYGON 4
102
106
107
103
POLYGON 4
106
108
109
107
POLYGON 4
108
110
111
109
POLYGON 4
112
115
114
113
POLYGON 4
113
117
116
112
POLYGON 4
117
119
118
116
POLYGON 4
115
118
119
114
POLYGON 4
105
111
110
104
POLYGON 4
113
109
111
117
POLYGON 4
118
115
122
120
POLYGON 4
112
116
110
108
POLYGON 4
114
119
123
121
POLYGON 4
101
104
120
99
POLYGON 4
121
97
103
107
POLYGON 4
96
122
106
102
POLYGON 4
98
123
105
100
NULL
