VERTEX 14909.799805 0.000000 8432.799805
VERTEX 14300.200195 0.000000 8432.799805
VERTEX 14300.200195 17576.800781 8432.799805
VERTEX 14909.799805 17576.800781 8432.799805
VERTEX 14909.799805 0.000000 7518.399902
VERTEX 14909.799805 17576.800781 7518.399902
VERTEX 14300.200195 17576.800781 7518.399902
VERTEX 14300.200195 0.000000 7518.399902
VERTEX 14909.799805 0.000000 3860.800049
VERTEX 14655.799805 0.000000 3860.800049
VERTEX 14655.799805 17576.800781 3860.800049
VERTEX 14909.799805 17576.800781 3860.800049
VERTEX 14909.799805 0.000000 4470.399902
VERTEX 14655.799805 0.000000 4470.399902
VERTEX 14655.799805 17576.800781 4470.399902
VERTEX 14909.799805 17576.800781 4470.399902
VERTEX 14909.799805 16205.200195 0.000000
VERTEX 14757.399414 16205.200195 0.000000
VERTEX 14757.399414 15697.200195 0.000000
VERTEX 14909.799805 15697.200195 0.000000
VERTEX 14909.799805 16205.200195 1981.199951
VERTEX 14909.799805 15697.200195 1981.199951
VERTEX 14757.399414 15697.200195 1981.199951
VERTEX 14757.399414 16205.200195 1981.199951
VERTEX 14909.799805 8356.599609 0.000000
VERTEX 14617.700195 8356.599609 0.000000
VERTEX 14617.700195 8661.399414 0.000000
VERTEX 14909.799805 8661.399414 0.000000
VERTEX 14909.799805 8356.599609 8432.799805
VERTEX 14617.700195 8356.599609 8432.799805
VERTEX 14617.700195 8661.399414 8432.799805
VERTEX 14909.799805 8661.399414 8432.799805
VERTEX 14833.599609 1143.000000 0.000000
VERTEX 14681.199219 1143.000000 0.000000
VERTEX 14681.199219 1295.400024 0.000000
VERTEX 14833.599609 1295.400024 0.000000
VERTEX 14833.599609 1143.000000 8432.799805
VERTEX 14681.199219 1143.000000 8432.799805
VERTEX 14681.199219 1295.400024 8432.799805
VERTEX 14833.599609 1295.400024 8432.799805
VERTEX 14909.799805 -609.599976 0.000000
VERTEX 15519.399414 -609.599976 0.000000
VERTEX 15519.399414 18186.400391 0.000000
VERTEX 14909.799805 18186.400391 0.000000
VERTEX 14909.799805 -609.599976 8432.799805
VERTEX 14909.799805 18186.400391 8432.799805
VERTEX 15519.399414 18186.400391 8432.799805
VERTEX 15519.399414 -609.599976 8432.799805
POLYGON 4
0
3
2
1
POLYGON 4
4
7
6
5
POLYGON 4
3
0
4
5
POLYGON 4
2
3
5
6
POLYGON 4
1
2
6
7
POLYGON 4
0
1
7
4
POLYGON 4
8
9
10
11
POLYGON 4
12
15
14
13
POLYGON 4
9
8
12
13
POLYGON 4
10
9
13
14
POLYGON 4
11
10
14
15
POLYGON 4
8
11
15
12
POLYGON 4
16
19
18
17
POLYGON 4
20
23
22
21
POLYGON 4
19
16
20
21
POLYGON 4
18
19
21
22
POLYGON 4
17
18
22
23
POLYGON 4
16
17
23
20
POLYGON 4
24
25
26
27
POLYGON 4
28
31
30
29
POLYGON 4
25
24
28
29
POLYGON 4
26
25
29
30
POLYGON 4
27
26
30
31
POLYGON 4
24
27
31
28
POLYGON 4
32
33
34
35
POLYGON 4
36
39
38
37
POLYGON 4
33
32
36
37
POLYGON 4
34
33
37
38
POLYGON 4
35
34
38
39
POLYGON 4
32
35
39
36
POLYGON 4
40
43
42
41
POLYGON 4
44
47
46
45
POLYGON 4
43
40
44
45
POLYGON 4
42
43
45
46
POLYGON 4
41
42
46
47
POLYGON 4
40
41
47
44
NULL
