VERTEX 469.899994 0.000000 622.299988
VERTEX 469.899994 50.799995 723.899963
VERTEX 38.099998 50.799995 723.899963
VERTEX 38.099998 0.000000 622.299988
VERTEX 0.000000 0.000000 762.000000
VERTEX 508.000000 0.000000 762.000000
VERTEX 508.000000 368.299988 762.000000
VERTEX 0.000000 368.299988 762.000000
VERTEX 0.000000 368.299988 0.000000
VERTEX 0.000000 0.000000 0.000000
VERTEX 508.000000 0.000000 0.000000
VERTEX 508.000000 368.299988 0.000000
VERTEX 508.000000 368.299988 50.799995
VERTEX 0.000000 368.299988 50.799995
VERTEX 469.899994 368.299988 50.799995
VERTEX 469.899994 368.299988 0.000000
VERTEX 38.099998 368.299988 50.799995
VERTEX 38.100006 368.299988 0.000000
VERTEX 38.099998 0.000000 0.000000
VERTEX 469.899994 0.000000 0.000000
VERTEX 38.100006 0.000000 50.799995
VERTEX 469.899994 0.000000 50.799995
VERTEX 469.899994 50.799995 622.299988
VERTEX 38.099998 50.799995 622.299988
VERTEX 38.099998 50.799995 723.899963
VERTEX 469.899994 50.799995 723.899963
VERTEX 38.099998 0.000000 622.299988
VERTEX 469.899994 0.000000 622.299988
VERTEX 38.099998 0.000000 723.899963
VERTEX 469.899994 0.000000 723.899963
VERTEX 508.000000 0.000000 50.799995
VERTEX 0.000000 0.000000 50.799995
VERTEX 0.000000 0.000000 520.700012
VERTEX 508.000000 0.000000 520.700012
VERTEX 508.000000 0.000000 622.299988
VERTEX 38.099995 0.000000 762.000000
VERTEX 469.899994 0.000000 762.000000
VERTEX 38.099998 0.000000 520.700012
POLYGON 4
0
1
2
3
POLYGON 4
4
5
6
7
POLYGON 4
8
9
4
7
POLYGON 4
10
11
6
5
POLYGON 4
12
13
7
6
POLYGON 4
14
12
11
15
POLYGON 4
16
17
8
13
POLYGON 4
18
9
8
17
POLYGON 4
19
15
11
10
POLYGON 4
17
16
20
18
POLYGON 4
16
14
21
20
POLYGON 4
22
25
24
23
POLYGON 4
26
27
22
23
POLYGON 4
23
24
28
26
POLYGON 4
27
29
25
22
POLYGON 4
28
24
25
29
POLYGON 4
21
19
10
30
POLYGON 4
20
31
9
18
POLYGON 4
19
21
14
15
POLYGON 4
32
31
30
33
POLYGON 4
28
29
36
35
POLYGON 4
33
34
26
37
POLYGON 4
32
37
35
4
POLYGON 4
5
36
27
34
NULL
