VERTEX 46.037498 -6.350000 20.637499
VERTEX 33.337498 -6.350000 20.637499
VERTEX 33.337498 6.350000 20.637499
VERTEX 46.037498 6.350000 20.637499
VERTEX 39.829983 -6.350000 84.137497
VERTEX 46.037498 -6.350000 84.137497
VERTEX 46.037498 6.350000 84.137497
VERTEX 39.829983 6.350000 84.137497
VERTEX 33.337498 6.350000 79.591408
VERTEX 33.337498 -6.350000 79.591408
VERTEX -3.175000 -6.350000 12.699999
VERTEX 46.037502 -6.350000 12.699999
VERTEX 46.037502 6.350000 12.699999
VERTEX -3.175000 6.350000 12.699999
VERTEX -3.175000 -6.350000 20.637499
VERTEX -3.175000 6.350000 20.637499
VERTEX 46.037502 6.350000 20.637499
VERTEX 46.037502 -6.350000 20.637499
POLYGON 4
0
1
2
3
POLYGON 4
4
5
6
7
POLYGON 5
3
2
8
7
6
POLYGON 5
9
1
0
5
4
POLYGON 4
8
2
1
9
POLYGON 4
8
9
4
7
POLYGON 4
0
3
6
5
POLYGON 4
10
13
12
11
POLYGON 4
14
17
16
15
POLYGON 4
13
10
14
15
POLYGON 4
12
13
15
16
POLYGON 4
11
12
16
17
POLYGON 4
10
11
17
14
NULL
