VERTEX 0.000000 -4.762500 4.762500
VERTEX 19.049999 -4.762500 4.762500
VERTEX 19.049999 4.762500 4.762500
VERTEX 0.000000 4.762500 4.762500
VERTEX 0.000000 -4.762500 12.700000
VERTEX 0.000000 4.762500 12.700000
VERTEX 19.049999 4.762500 12.700000
VERTEX 19.049999 -4.762500 12.700000
VERTEX 19.049999 -7.937500 4.762500
VERTEX 19.049999 7.937500 4.762500
VERTEX 0.000000 7.937500 4.762500
VERTEX 0.000000 -7.937500 4.762500
VERTEX 0.000000 7.937500 0.000000
VERTEX 19.049999 7.937500 0.000000
VERTEX 19.049999 -7.937500 0.000000
VERTEX 0.000000 -7.937500 0.000000
POLYGON 4
0
3
2
1
POLYGON 4
4
7
6
5
POLYGON 4
3
0
4
5
POLYGON 4
2
3
5
6
POLYGON 4
1
2
6
7
POLYGON 4
0
1
7
4
POLYGON 4
15
14
8
11
POLYGON 4
14
13
9
8
POLYGON 4
13
12
10
9
POLYGON 4
12
15
11
10
POLYGON 4
11
8
9
10
POLYGON 4
15
12
13
14
NULL
