VERTEX 20.238291 25.528751 100.012489
VERTEX 11.989399 30.291250 100.012489
VERTEX 2.464400 13.793466 100.012489
VERTEX 10.713292 9.030967 100.012489
VERTEX 2.464400 13.793466 92.074989
VERTEX 11.989399 30.291250 92.074989
VERTEX 20.238291 25.528751 92.074989
VERTEX 10.713292 9.030967 92.074989
VERTEX 13.462923 7.443466 87.312492
VERTEX 22.987923 23.941250 87.312492
VERTEX 9.239768 31.878750 87.312492
VERTEX -0.285231 15.380966 87.312492
VERTEX 13.462923 7.443466 92.074989
VERTEX -0.285231 15.380966 92.074989
VERTEX 9.239768 31.878750 92.074989
VERTEX 22.987923 23.941250 92.074989
VERTEX 28.756855 37.108337 166.903900
VERTEX 17.758333 43.458336 166.903900
VERTEX 21.004576 49.080994 171.449997
VERTEX 24.108332 54.456860 171.449997
VERTEX 35.106857 48.106861 171.449997
VERTEX 32.003098 42.730995 171.449997
VERTEX 24.108332 54.456860 107.949989
VERTEX 17.758333 43.458336 107.949989
VERTEX 28.756855 37.108337 107.949989
VERTEX 35.106857 48.106861 107.949989
VERTEX 35.106857 48.106865 107.949989
VERTEX 24.108334 54.456863 107.949989
VERTEX -0.497915 11.837585 107.949989
VERTEX 10.500607 5.487586 107.949989
VERTEX -0.497915 11.837585 100.012489
VERTEX 24.108334 54.456863 100.012489
VERTEX 35.106857 48.106865 100.012489
VERTEX 10.500607 5.487586 100.012489
VERTEX 12.042915 -30.383945 100.012489
VERTEX 20.291807 -25.621447 100.012489
VERTEX 10.766809 -9.123662 100.012489
VERTEX 2.517917 -13.886161 100.012489
VERTEX 10.766809 -9.123662 92.074989
VERTEX 20.291807 -25.621447 92.074989
VERTEX 12.042915 -30.383945 92.074989
VERTEX 2.517917 -13.886161 92.074989
VERTEX -0.231714 -15.473661 87.312492
VERTEX 9.293284 -31.971445 87.312492
VERTEX 23.041439 -24.033945 87.312492
VERTEX 13.516439 -7.536161 87.312492
VERTEX -0.231714 -15.473661 92.074989
VERTEX 13.516439 -7.536161 92.074989
VERTEX 23.041439 -24.033945 92.074989
VERTEX 9.293284 -31.971445 92.074989
VERTEX 17.811850 -43.551033 166.903900
VERTEX 28.810371 -37.201035 166.903900
VERTEX 32.056614 -42.823689 171.449997
VERTEX 35.160374 -48.199558 171.449997
VERTEX 24.161848 -54.549557 171.449997
VERTEX 21.058092 -49.173691 171.449997
VERTEX 35.160374 -48.199558 107.949989
VERTEX 28.810371 -37.201035 107.949989
VERTEX 17.811850 -43.551033 107.949989
VERTEX 24.161848 -54.549557 107.949989
VERTEX 24.161850 -54.549561 107.949989
VERTEX 35.160374 -48.199562 107.949989
VERTEX 10.554124 -5.580281 107.949989
VERTEX -0.444399 -11.930281 107.949989
VERTEX 10.554124 -5.580281 100.012489
VERTEX 35.160374 -48.199562 100.012489
VERTEX 24.161850 -54.549561 100.012489
VERTEX -0.444399 -11.930281 100.012489
VERTEX -29.089359 -10.587662 87.312500
VERTEX 5.375495 -30.485954 87.312500
VERTEX 0.365060 -24.184278 96.837502
VERTEX 0.000000 -24.816576 96.837502
VERTEX 2.552976 -20.394697 96.837502
VERTEX 7.163933 -12.408283 96.837502
VERTEX 16.899351 25.616348 96.837502
VERTEX 21.491785 12.408292 96.837502
VERTEX -29.089357 10.587663 87.312500
VERTEX -3.911379 18.041861 96.837502
VERTEX 22.292637 -21.090843 96.837502
VERTEX 13.734732 -27.443441 96.837502
VERTEX -29.089359 -10.587662 96.837502
VERTEX -29.089357 10.587663 96.837502
VERTEX -30.956249 0.000000 96.837502
VERTEX -1.051138 22.995945 87.312500
VERTEX -1.051138 22.995945 96.837502
VERTEX 5.375495 -30.485954 96.837502
VERTEX 15.478122 -26.808899 96.837502
VERTEX 20.440645 10.587664 96.837502
VERTEX 23.713860 -19.898296 96.837502
VERTEX 24.765001 -18.077667 65.087502
VERTEX -23.713861 -19.898294 87.312500
VERTEX -15.478123 -26.808901 87.312500
VERTEX -5.375494 -30.485954 87.312500
VERTEX -28.038223 -12.408282 96.837502
VERTEX -28.038223 -12.408282 87.312500
VERTEX 3.273220 -30.485954 87.312500
VERTEX 3.273220 -30.485954 96.837502
VERTEX -1.051138 -22.995947 87.312500
VERTEX -1.051138 -22.995947 96.837502
VERTEX -19.389505 -12.408282 96.837502
VERTEX -19.389505 -12.408282 87.312500
VERTEX -9.286877 -16.085340 87.312500
VERTEX -9.286877 -16.085340 96.837502
VERTEX 3.273221 30.485954 96.837502
VERTEX 3.273221 30.485954 87.312500
VERTEX 5.375497 30.485954 87.312500
VERTEX -23.713871 19.898289 87.312500
VERTEX -15.478128 26.808897 87.312500
VERTEX -5.375494 30.485954 87.312500
VERTEX 5.375497 30.485954 96.837502
VERTEX 15.478124 26.808899 96.837502
VERTEX 18.573753 0.000000 96.837502
VERTEX 24.765001 -18.077667 96.837502
VERTEX 20.440643 -10.587663 96.837502
VERTEX 24.765001 18.077669 96.837502
VERTEX 23.713863 19.898293 96.837502
VERTEX 24.765001 18.077669 65.087502
VERTEX -28.038223 12.408281 87.312500
VERTEX -28.038223 12.408281 96.837502
VERTEX -19.389507 12.408283 87.312500
VERTEX -9.286877 16.085340 87.312500
VERTEX -9.286877 16.085340 96.837502
VERTEX -19.389507 12.408283 96.837502
VERTEX 24.765001 -18.077667 87.312508
VERTEX 20.440643 -10.587662 87.312500
VERTEX 18.573753 0.000000 87.312500
VERTEX 20.440645 10.587663 87.312500
VERTEX 24.765001 18.077669 87.312508
VERTEX 29.089357 -10.587667 87.312508
VERTEX 29.089359 10.587661 87.312508
VERTEX 30.956249 0.000000 87.312508
VERTEX 29.089359 10.587661 65.087502
VERTEX 23.713863 19.898293 65.087502
VERTEX 15.478124 26.808899 65.087502
VERTEX 5.375497 30.485954 65.087502
VERTEX -5.375496 30.485954 65.087502
VERTEX -15.478127 26.808897 65.087502
VERTEX -23.713863 19.898294 65.087502
VERTEX -29.089357 10.587663 65.087502
VERTEX -30.956249 0.000000 65.087502
VERTEX -29.089359 -10.587662 65.087502
VERTEX -23.713863 -19.898293 65.087502
VERTEX -15.478122 -26.808901 65.087502
VERTEX -5.375495 -30.485954 65.087502
VERTEX 5.375495 -30.485954 65.087502
VERTEX 15.478122 -26.808899 65.087502
VERTEX 23.713860 -19.898296 65.087502
VERTEX 29.089357 -10.587667 65.087502
VERTEX 30.956249 0.000000 65.087502
VERTEX 30.956249 0.000000 55.562500
VERTEX 30.956249 0.000000 65.087502
VERTEX 28.599846 -11.846443 55.562500
VERTEX 28.599846 -11.846443 65.087502
VERTEX 21.889370 -21.889378 55.562500
VERTEX 21.889370 -21.889378 65.087502
VERTEX 11.846449 -28.599844 55.562500
VERTEX 11.846449 -28.599844 65.087502
VERTEX 0.000000 -30.956249 55.562500
VERTEX 0.000000 -30.956249 65.087502
VERTEX -11.846448 -28.599844 55.562500
VERTEX -11.846448 -28.599844 65.087502
VERTEX -21.889376 -21.889372 55.562500
VERTEX -21.889376 -21.889372 65.087502
VERTEX -28.599846 -11.846444 55.562500
VERTEX -28.599846 -11.846444 65.087502
VERTEX -30.956249 0.000000 55.562500
VERTEX -30.956249 0.000000 65.087502
VERTEX -28.599844 11.846446 55.562500
VERTEX -28.599844 11.846446 65.087502
VERTEX -21.889374 21.889374 55.562500
VERTEX -21.889374 21.889374 65.087502
VERTEX -11.846443 28.599846 55.562500
VERTEX -11.846443 28.599846 65.087502
VERTEX 0.000000 30.956249 55.562500
VERTEX 0.000000 30.956249 65.087502
VERTEX 11.846443 28.599846 55.562500
VERTEX 11.846443 28.599846 65.087502
VERTEX 21.889374 21.889374 55.562500
VERTEX 21.889374 21.889374 65.087502
VERTEX 28.599846 11.846444 55.562500
VERTEX 28.599846 11.846444 65.087502
VERTEX 19.049999 0.000000 26.987499
VERTEX 19.049999 0.000000 55.562500
VERTEX 17.599905 -7.290119 26.987499
VERTEX 17.599905 -7.290119 55.562500
VERTEX 13.470382 -13.470386 26.987499
VERTEX 13.470382 -13.470386 55.562500
VERTEX 7.290122 -17.599903 26.987499
VERTEX 7.290122 -17.599903 55.562500
VERTEX 0.000000 -19.049999 26.987499
VERTEX 0.000000 -19.049999 55.562500
VERTEX -7.290122 -17.599903 26.987499
VERTEX -7.290122 -17.599903 55.562500
VERTEX -13.470385 -13.470383 26.987499
VERTEX -13.470385 -13.470383 55.562500
VERTEX -17.599905 -7.290119 26.987499
VERTEX -17.599905 -7.290119 55.562500
VERTEX -19.049999 0.000000 26.987499
VERTEX -19.049999 0.000000 55.562500
VERTEX -17.599903 7.290121 26.987499
VERTEX -17.599903 7.290121 55.562500
VERTEX -13.470384 13.470384 26.987499
VERTEX -13.470384 13.470384 55.562500
VERTEX -7.290119 17.599905 26.987499
VERTEX -7.290119 17.599905 55.562500
VERTEX 0.000000 19.049999 26.987499
VERTEX 0.000000 19.049999 55.562500
VERTEX 7.290119 17.599905 26.987499
VERTEX 7.290119 17.599905 55.562500
VERTEX 13.470384 13.470384 26.987499
VERTEX 13.470384 13.470384 55.562500
VERTEX 17.599905 7.290119 26.987499
VERTEX 17.599905 7.290119 55.562500
VERTEX 28.599846 11.846444 26.987499
VERTEX 28.599846 11.846444 0.000000
VERTEX 21.889374 21.889374 26.987499
VERTEX 21.889374 21.889374 0.000000
VERTEX 11.846443 28.599846 26.987499
VERTEX 11.846443 28.599846 0.000000
VERTEX 0.000000 30.956249 26.987499
VERTEX 0.000000 30.956249 0.000000
VERTEX -11.846443 28.599846 26.987499
VERTEX -11.846443 28.599846 0.000000
VERTEX -21.889374 21.889374 26.987499
VERTEX -21.889374 21.889374 0.000000
VERTEX -28.599844 11.846446 26.987499
VERTEX -28.599844 11.846446 0.000000
VERTEX -30.956249 0.000000 26.987499
VERTEX -30.956249 0.000000 0.000000
VERTEX -28.599846 -11.846444 26.987499
VERTEX -28.599846 -11.846444 0.000000
VERTEX -21.889376 -21.889372 26.987499
VERTEX -21.889376 -21.889372 0.000000
VERTEX -11.846448 -28.599844 26.987499
VERTEX -11.846448 -28.599844 0.000000
VERTEX 0.000000 -30.956249 26.987499
VERTEX 0.000000 -30.956249 0.000000
VERTEX 11.846449 -28.599844 26.987499
VERTEX 11.846449 -28.599844 0.000000
VERTEX 21.889370 -21.889378 26.987499
VERTEX 21.889370 -21.889378 0.000000
VERTEX 28.599846 -11.846443 26.987499
VERTEX 28.599846 -11.846443 0.000000
VERTEX 30.956249 0.000000 26.987499
VERTEX 30.956249 0.000000 0.000000
VERTEX -9.525001 6.350000 100.012489
VERTEX -58.737503 6.349996 100.012489
VERTEX -58.737503 -6.350004 100.012489
VERTEX -9.525000 -6.350000 100.012489
VERTEX -9.525001 6.350000 107.949989
VERTEX -9.525000 -6.350000 107.949989
VERTEX -58.737503 -6.350004 107.949989
VERTEX -58.737503 6.349996 107.949989
VERTEX -58.737499 6.349996 107.949989
VERTEX -46.037498 6.349997 107.949989
VERTEX -46.037498 -6.350003 107.949989
VERTEX -58.737499 -6.350004 107.949989
VERTEX -52.529984 6.349996 171.449982
VERTEX -58.737499 6.349996 171.449982
VERTEX -58.737499 -6.350004 171.449982
VERTEX -52.529984 -6.350004 171.449982
VERTEX -46.037498 -6.350003 166.903900
VERTEX -46.037498 6.349997 166.903900
VERTEX -31.750000 7.937498 92.074989
VERTEX -31.749998 -7.937502 92.074989
VERTEX -12.699999 -7.937500 92.074989
VERTEX -12.700001 7.937500 92.074989
VERTEX -12.699999 -7.937500 87.312492
VERTEX -31.749998 -7.937502 87.312492
VERTEX -31.750000 7.937498 87.312492
VERTEX -12.700001 7.937500 87.312492
VERTEX -12.700000 4.762500 92.074989
VERTEX -31.750000 4.762498 92.074989
VERTEX -31.749998 -4.762502 92.074989
VERTEX -12.700000 -4.762500 92.074989
VERTEX -12.700000 4.762500 100.012489
VERTEX -12.700000 -4.762500 100.012489
VERTEX -31.749998 -4.762502 100.012489
VERTEX -31.750000 4.762498 100.012489
POLYGON 4
7
6
0
3
POLYGON 4
6
5
1
0
POLYGON 4
5
4
2
1
POLYGON 4
4
7
3
2
POLYGON 4
3
0
1
2
POLYGON 4
7
4
5
6
POLYGON 4
8
11
10
9
POLYGON 4
12
15
14
13
POLYGON 4
11
8
12
13
POLYGON 4
10
11
13
14
POLYGON 4
9
10
14
15
POLYGON 4
8
9
15
12
POLYGON 4
25
22
19
20
POLYGON 4
17
16
21
18
POLYGON 4
17
23
24
16
POLYGON 4
21
20
19
18
POLYGON 4
25
24
23
22
POLYGON 5
16
24
25
20
21
POLYGON 5
22
23
17
18
19
POLYGON 4
33
32
26
29
POLYGON 4
32
31
27
26
POLYGON 4
31
30
28
27
POLYGON 4
30
33
29
28
POLYGON 4
29
26
27
28
POLYGON 4
33
30
31
32
POLYGON 4
41
40
34
37
POLYGON 4
40
39
35
34
POLYGON 4
39
38
36
35
POLYGON 4
38
41
37
36
POLYGON 4
37
34
35
36
POLYGON 4
41
38
39
40
POLYGON 4
42
45
44
43
POLYGON 4
46
49
48
47
POLYGON 4
45
42
46
47
POLYGON 4
44
45
47
48
POLYGON 4
43
44
48
49
POLYGON 4
42
43
49
46
POLYGON 4
59
56
53
54
POLYGON 4
51
50
55
52
POLYGON 4
51
57
58
50
POLYGON 4
55
54
53
52
POLYGON 4
59
58
57
56
POLYGON 5
50
58
59
54
55
POLYGON 5
56
57
51
52
53
POLYGON 4
67
66
60
63
POLYGON 4
66
65
61
60
POLYGON 4
65
64
62
61
POLYGON 4
64
67
63
62
POLYGON 4
63
60
61
62
POLYGON 4
67
64
65
66
POLYGON 3
84
121
77
POLYGON 3
98
71
70
POLYGON 3
72
73
99
POLYGON 3
70
72
102
POLYGON 4
130
148
131
129
POLYGON 4
128
147
148
130
POLYGON 4
122
121
120
119
POLYGON 4
118
122
119
117
POLYGON 4
116
132
115
114
POLYGON 4
129
131
116
127
POLYGON 4
113
112
123
124
POLYGON 4
111
113
124
125
POLYGON 4
132
133
110
115
POLYGON 4
133
134
109
110
POLYGON 4
108
135
136
107
POLYGON 4
107
136
137
106
POLYGON 4
105
104
103
109
POLYGON 4
135
108
105
134
POLYGON 4
102
99
100
101
POLYGON 4
98
102
101
97
POLYGON 4
96
98
97
95
POLYGON 4
99
93
94
100
POLYGON 4
146
89
112
88
POLYGON 4
123
89
147
128
POLYGON 4
114
87
126
127
POLYGON 4
87
111
125
126
POLYGON 4
144
145
86
85
POLYGON 4
145
146
88
86
POLYGON 4
121
84
83
120
POLYGON 4
84
103
104
83
POLYGON 4
138
139
82
81
POLYGON 4
139
140
80
82
POLYGON 4
111
79
86
78
POLYGON 4
113
78
88
112
POLYGON 4
117
76
81
118
POLYGON 4
138
76
106
137
POLYGON 4
90
141
142
91
POLYGON 4
91
142
143
92
POLYGON 4
95
69
85
96
POLYGON 4
68
94
93
80
POLYGON 4
141
90
68
140
POLYGON 4
144
69
92
143
POLYGON 18
148
147
146
145
144
143
142
141
140
139
138
137
136
135
134
133
132
131
POLYGON 8
129
127
126
125
124
123
128
130
POLYGON 8
92
95
97
101
100
94
90
91
POLYGON 8
106
117
119
120
83
104
108
107
POLYGON 5
75
114
115
74
122
POLYGON 5
109
103
77
74
110
POLYGON 5
87
71
96
85
79
POLYGON 7
73
75
118
81
82
80
93
POLYGON 4
149
179
180
150
POLYGON 4
179
177
178
180
POLYGON 4
177
175
176
178
POLYGON 4
175
173
174
176
POLYGON 4
173
171
172
174
POLYGON 4
171
169
170
172
POLYGON 4
169
167
168
170
POLYGON 4
167
165
166
168
POLYGON 4
165
163
164
166
POLYGON 4
163
161
162
164
POLYGON 4
161
159
160
162
POLYGON 4
159
157
158
160
POLYGON 4
157
155
156
158
POLYGON 4
155
153
154
156
POLYGON 4
153
151
152
154
POLYGON 4
151
149
150
152
POLYGON 16
149
151
153
155
157
159
161
163
165
167
169
171
173
175
177
179
POLYGON 16
150
180
178
176
174
172
170
168
166
164
162
160
158
156
154
152
POLYGON 4
181
211
212
182
POLYGON 4
211
209
210
212
POLYGON 4
209
207
208
210
POLYGON 4
207
205
206
208
POLYGON 4
205
203
204
206
POLYGON 4
203
201
202
204
POLYGON 4
201
199
200
202
POLYGON 4
199
197
198
200
POLYGON 4
197
195
196
198
POLYGON 4
195
193
194
196
POLYGON 4
193
191
192
194
POLYGON 4
191
189
190
192
POLYGON 4
189
187
188
190
POLYGON 4
187
185
186
188
POLYGON 4
185
183
184
186
POLYGON 4
183
181
182
184
POLYGON 16
181
183
185
187
189
191
193
195
197
199
201
203
205
207
209
211
POLYGON 16
182
212
210
208
206
204
202
200
198
196
194
192
190
188
186
184
POLYGON 4
242
244
243
241
POLYGON 4
240
242
241
239
POLYGON 4
238
240
239
237
POLYGON 4
236
238
237
235
POLYGON 4
234
236
235
233
POLYGON 4
232
234
233
231
POLYGON 4
230
232
231
229
POLYGON 4
228
230
229
227
POLYGON 4
226
228
227
225
POLYGON 4
224
226
225
223
POLYGON 4
222
224
223
221
POLYGON 4
220
222
221
219
POLYGON 4
218
220
219
217
POLYGON 4
216
218
217
215
POLYGON 4
214
216
215
213
POLYGON 4
244
214
213
243
POLYGON 16
243
213
215
217
219
221
223
225
227
229
231
233
235
237
239
241
POLYGON 16
244
242
240
238
236
234
232
230
228
226
224
222
220
218
216
214
POLYGON 4
245
246
252
249
POLYGON 4
246
247
251
252
POLYGON 4
247
248
250
251
POLYGON 4
248
245
249
250
POLYGON 4
249
252
251
250
POLYGON 4
245
248
247
246
POLYGON 4
253
256
259
258
POLYGON 4
261
262
257
260
POLYGON 4
261
255
254
262
POLYGON 4
257
258
259
260
POLYGON 4
253
254
255
256
POLYGON 5
262
254
253
258
257
POLYGON 5
256
255
261
260
259
POLYGON 4
270
267
268
269
POLYGON 4
266
263
264
265
POLYGON 4
267
270
266
265
POLYGON 4
268
267
265
264
POLYGON 4
269
268
264
263
POLYGON 4
270
269
263
266
POLYGON 4
271
272
278
275
POLYGON 4
272
273
277
278
POLYGON 4
273
274
276
277
POLYGON 4
274
271
275
276
POLYGON 4
275
278
277
276
POLYGON 4
271
274
273
272
NULL
