VERTEX -23.371765 -26.193750 139.699997
VERTEX -10.998428 33.337494 139.700012
VERTEX 10.998611 -36.160664 131.762512
VERTEX -11.685837 -5.953124 139.700012
VERTEX 0.687500 13.096872 139.700012
VERTEX 25.816879 27.605331 131.762512
VERTEX 10.998611 19.049999 131.762512
VERTEX 10.998611 -7.143750 139.700012
VERTEX 10.998611 7.143751 139.700012
VERTEX -8.936203 -17.859373 131.762512
VERTEX -8.936203 -36.524288 131.762512
VERTEX -8.936203 -7.540623 131.762512
VERTEX -10.998428 -36.160660 131.762512
VERTEX -36.815224 -8.555334 131.762497
VERTEX 9.623795 -7.143750 160.337494
VERTEX 1.374908 -11.906249 160.337494
VERTEX -10.998428 -4.762497 160.337494
VERTEX -10.998428 4.762500 160.337494
VERTEX 1.374908 -11.906249 139.700012
VERTEX -10.998428 4.762500 139.700012
VERTEX 1.374908 11.906248 160.337494
VERTEX 1.374908 11.906248 139.700012
VERTEX 9.623795 7.143751 160.337494
VERTEX 9.623795 -7.143750 139.700012
VERTEX -10.998428 -4.762498 139.700012
VERTEX 9.623795 7.143750 139.700012
VERTEX 10.998611 6.349999 139.700012
VERTEX 10.998611 6.349999 131.762497
VERTEX 10.998611 -6.350000 131.762497
VERTEX 10.998611 -6.350000 139.700012
VERTEX 0.000000 -12.699998 139.700012
VERTEX 0.000000 -12.699998 131.762497
VERTEX -10.998428 -6.349999 131.762497
VERTEX -10.998428 -6.349999 139.700012
VERTEX -10.998428 6.349999 139.700012
VERTEX -10.998428 6.349999 131.762497
VERTEX 0.000000 12.699998 131.762497
VERTEX 0.000000 12.699998 139.700012
VERTEX -12.477783 35.899815 160.337494
VERTEX -24.851120 28.756060 160.337494
VERTEX -32.995483 19.049999 139.699997
VERTEX -24.851120 28.756060 139.699997
VERTEX -12.477783 35.899815 131.762512
VERTEX -12.477783 35.899815 139.700012
VERTEX -24.490112 29.186296 139.699997
VERTEX -24.490112 29.186293 131.762497
VERTEX -13.030869 35.802288 131.762512
VERTEX -13.030884 35.802288 139.700012
VERTEX -32.995483 19.049999 160.337494
VERTEX -37.521088 6.615997 160.337494
VERTEX -37.521088 6.615997 131.762497
VERTEX -32.995483 19.049999 131.762497
VERTEX 24.490295 29.186291 160.337509
VERTEX 24.490295 29.186291 131.762512
VERTEX 13.031052 35.802288 160.337494
VERTEX 0.000000 38.099998 160.337494
VERTEX 0.000000 38.099998 131.762512
VERTEX 13.031052 35.802288 131.762512
VERTEX -24.851120 -28.756062 160.337494
VERTEX -12.477783 -35.899811 160.337494
VERTEX 0.000000 -38.099998 139.700012
VERTEX -12.477783 -35.899811 139.700012
VERTEX -24.851120 -28.756062 131.762497
VERTEX -24.851120 -28.756062 139.699997
VERTEX -13.030869 -35.802288 139.700012
VERTEX -13.030869 -35.802288 131.762512
VERTEX -24.490112 -29.186291 131.762497
VERTEX -24.490112 -29.186289 139.699997
VERTEX 24.490295 -29.186293 160.337509
VERTEX 24.490295 -29.186293 131.762512
VERTEX 0.000000 -38.099998 160.337494
VERTEX 13.031052 -35.802288 160.337494
VERTEX 13.031052 -35.802288 131.762512
VERTEX 0.000000 -38.099998 131.762512
VERTEX -37.521080 -6.615995 160.337494
VERTEX -32.995483 -19.049999 160.337494
VERTEX -32.995483 -19.049999 131.762497
VERTEX -37.521080 -6.615995 131.762497
VERTEX 32.995651 19.049999 131.762512
VERTEX 32.995651 -19.050003 131.762512
VERTEX 32.995651 -19.050003 160.337509
VERTEX 37.329178 -7.143747 160.337509
VERTEX 37.329178 -7.143747 139.700012
VERTEX 32.995651 -19.050003 139.700012
VERTEX 37.329178 7.143753 160.337509
VERTEX 32.995651 19.049999 160.337509
VERTEX 32.995651 19.049999 139.700012
VERTEX 37.329178 7.143753 139.700012
VERTEX 37.521255 6.615995 139.700012
VERTEX 37.521255 6.615995 131.762512
VERTEX 37.521255 -6.616004 131.762512
VERTEX 37.521255 -6.616006 139.700012
VERTEX 22.225098 -22.225000 131.762512
VERTEX 22.225098 22.225000 131.762512
VERTEX -22.224915 22.225000 131.762497
VERTEX -22.224915 -22.225000 131.762497
VERTEX -22.224915 22.225000 65.087502
VERTEX 22.225098 22.225000 65.087502
VERTEX 22.225098 -22.225000 65.087502
VERTEX -22.224915 -22.225000 65.087502
VERTEX 28.599945 11.846444 26.987499
VERTEX 28.599945 11.846444 0.000000
VERTEX 21.889465 21.889374 26.987499
VERTEX 21.889465 21.889374 0.000000
VERTEX 11.846527 28.599846 26.987499
VERTEX 11.846527 28.599846 0.000000
VERTEX 0.000000 30.956249 26.987499
VERTEX 0.000000 30.956249 0.000000
VERTEX -11.846344 28.599846 26.987499
VERTEX -11.846344 28.599846 0.000000
VERTEX -21.889282 21.889374 26.987499
VERTEX -21.889282 21.889374 0.000000
VERTEX -28.599747 11.846446 26.987499
VERTEX -28.599747 11.846446 0.000000
VERTEX -30.956161 0.000000 26.987499
VERTEX -30.956161 0.000000 0.000000
VERTEX -28.599762 -11.846444 26.987499
VERTEX -28.599762 -11.846444 0.000000
VERTEX -21.889282 -21.889372 26.987499
VERTEX -21.889282 -21.889372 0.000000
VERTEX -11.846359 -28.599844 26.987499
VERTEX -11.846359 -28.599844 0.000000
VERTEX 0.000000 -30.956249 26.987499
VERTEX 0.000000 -30.956249 0.000000
VERTEX 11.846542 -28.599844 26.987499
VERTEX 11.846542 -28.599844 0.000000
VERTEX 21.889465 -21.889378 26.987499
VERTEX 21.889465 -21.889378 0.000000
VERTEX 28.599945 -11.846443 26.987499
VERTEX 28.599945 -11.846443 0.000000
VERTEX 30.956345 0.000000 26.987499
VERTEX 30.956345 0.000000 0.000000
VERTEX 17.599991 7.290119 55.562500
VERTEX 17.599991 7.290119 26.987499
VERTEX 13.470474 13.470384 55.562500
VERTEX 13.470474 13.470384 26.987499
VERTEX 7.290207 17.599905 55.562500
VERTEX 7.290207 17.599905 26.987499
VERTEX 0.000000 19.049999 55.562500
VERTEX 0.000000 19.049999 26.987499
VERTEX -7.290024 17.599905 55.562500
VERTEX -7.290024 17.599905 26.987499
VERTEX -13.470291 13.470384 55.562500
VERTEX -13.470291 13.470384 26.987499
VERTEX -17.599808 7.290121 55.562500
VERTEX -17.599808 7.290121 26.987499
VERTEX -19.049911 0.000000 55.562500
VERTEX -19.049911 0.000000 26.987499
VERTEX -17.599808 -7.290119 55.562500
VERTEX -17.599808 -7.290119 26.987499
VERTEX -13.470291 -13.470383 55.562500
VERTEX -13.470291 -13.470383 26.987499
VERTEX -7.290024 -17.599903 55.562500
VERTEX -7.290024 -17.599903 26.987499
VERTEX 0.000000 -19.049999 55.562500
VERTEX 0.000000 -19.049999 26.987499
VERTEX 7.290207 -17.599903 55.562500
VERTEX 7.290207 -17.599903 26.987499
VERTEX 13.470474 -13.470386 55.562500
VERTEX 13.470474 -13.470386 26.987499
VERTEX 17.599991 -7.290119 55.562500
VERTEX 17.599991 -7.290119 26.987499
VERTEX 19.050095 0.000000 55.562500
VERTEX 19.050095 0.000000 26.987499
VERTEX 25.400085 -25.400000 65.087502
VERTEX 25.400085 25.400000 65.087502
VERTEX -25.399902 25.400000 65.087502
VERTEX -25.399902 -25.400000 65.087502
VERTEX -25.399902 25.400000 55.562500
VERTEX 25.400085 25.400000 55.562500
VERTEX 25.400085 -25.400000 55.562500
VERTEX -25.399902 -25.400000 55.562500
VERTEX 56.787811 -6.349998 179.387512
VERTEX 44.087799 -6.349998 179.387512
VERTEX 44.087799 6.350002 179.387512
VERTEX 56.787811 6.350002 179.387512
VERTEX 50.432709 -6.349998 242.887512
VERTEX 56.787811 -6.349998 242.887512
VERTEX 56.787811 6.350002 242.887512
VERTEX 50.432709 6.350002 242.887512
VERTEX 44.087799 6.350002 238.444778
VERTEX 44.087799 -6.349998 238.444763
VERTEX 9.162811 -6.349998 168.275009
VERTEX 56.787811 -6.349998 168.275009
VERTEX 56.787811 6.350002 168.275009
VERTEX 9.162811 6.350002 168.275009
VERTEX 9.162811 -6.349998 179.387512
VERTEX 9.162811 6.350002 179.387512
VERTEX 56.787811 6.350002 179.387512
VERTEX 56.787811 -6.349998 179.387512
VERTEX 9.162811 -6.349998 146.050003
VERTEX 40.912811 -6.349998 146.050003
VERTEX 40.912811 6.350002 146.050003
VERTEX 9.162811 6.350002 146.050003
VERTEX 9.162811 -6.349998 168.275009
VERTEX 9.162811 6.350002 168.275009
VERTEX 40.912811 6.350002 168.275009
VERTEX 40.912811 -6.349998 168.275009
VERTEX -15.692230 39.880051 168.275009
VERTEX -26.690750 33.530048 168.275009
VERTEX -10.815750 6.033742 168.275009
VERTEX 0.182770 12.383743 168.275009
VERTEX -10.815750 6.033742 146.050003
VERTEX -26.690750 33.530048 146.050003
VERTEX -15.692230 39.880051 146.050003
VERTEX 0.182770 12.383743 146.050003
VERTEX -23.629730 53.628201 179.387512
VERTEX -34.628265 47.278202 179.387512
VERTEX -10.815750 6.033742 179.387512
VERTEX 0.182770 12.383743 179.387512
VERTEX -10.815750 6.033742 168.275009
VERTEX -34.628265 47.278202 168.275009
VERTEX -23.629730 53.628201 168.275009
VERTEX 0.182770 12.383743 168.275009
VERTEX -17.279739 42.629681 238.444763
VERTEX -28.278259 36.279678 238.444763
VERTEX -31.450714 41.774525 242.887512
VERTEX -34.628265 47.278202 242.887512
VERTEX -23.629730 53.628201 242.887512
VERTEX -20.452179 48.124527 242.887512
VERTEX -34.628265 47.278202 179.387512
VERTEX -28.278259 36.279678 179.387512
VERTEX -17.279739 42.629681 179.387512
VERTEX -23.629730 53.628201 179.387512
VERTEX -26.967072 -34.008343 168.275009
VERTEX -15.968552 -40.358341 168.275009
VERTEX -0.093552 -12.862036 168.275009
VERTEX -11.092072 -6.512035 168.275009
VERTEX -0.093552 -12.862036 146.050003
VERTEX -15.968552 -40.358341 146.050003
VERTEX -26.967072 -34.008343 146.050003
VERTEX -11.092072 -6.512035 146.050003
VERTEX -34.904587 -47.756493 179.387512
VERTEX -23.906052 -54.106495 179.387512
VERTEX -0.093552 -12.862036 179.387512
VERTEX -11.092072 -6.512035 179.387512
VERTEX -0.093552 -12.862036 168.275009
VERTEX -23.906052 -54.106495 168.275009
VERTEX -34.904587 -47.756493 168.275009
VERTEX -11.092072 -6.512035 168.275009
VERTEX -28.554581 -36.757973 238.444763
VERTEX -17.556061 -43.107975 238.444763
VERTEX -20.728500 -48.602818 242.887512
VERTEX -23.906052 -54.106495 242.887512
VERTEX -34.904587 -47.756493 242.887512
VERTEX -31.727036 -42.252819 242.887512
VERTEX -23.906052 -54.106495 179.387512
VERTEX -17.556061 -43.107975 179.387512
VERTEX -28.554581 -36.757973 179.387512
VERTEX -34.904587 -47.756493 179.387512
POLYGON 3
9
11
31
POLYGON 3
8
25
26
POLYGON 3
29
23
7
POLYGON 3
27
36
6
POLYGON 3
37
21
4
POLYGON 3
33
24
3
POLYGON 3
1
34
4
POLYGON 3
0
30
3
POLYGON 4
91
90
89
88
POLYGON 4
87
86
85
84
POLYGON 4
83
82
81
80
POLYGON 4
90
91
83
79
POLYGON 4
78
86
88
89
POLYGON 4
77
76
75
74
POLYGON 4
73
72
71
70
POLYGON 4
72
69
68
71
POLYGON 4
69
79
80
68
POLYGON 4
67
66
65
64
POLYGON 4
63
62
66
67
POLYGON 4
61
60
70
59
POLYGON 4
64
65
73
60
POLYGON 4
76
62
58
75
POLYGON 4
57
56
55
54
POLYGON 4
78
53
52
85
POLYGON 4
53
57
54
52
POLYGON 4
51
50
49
48
POLYGON 4
50
77
74
49
POLYGON 4
47
46
45
44
POLYGON 4
43
42
46
47
POLYGON 4
41
40
48
39
POLYGON 4
44
45
51
40
POLYGON 4
56
42
38
55
POLYGON 4
37
34
35
36
POLYGON 4
33
30
31
32
POLYGON 4
29
26
27
28
POLYGON 4
22
20
21
25
POLYGON 4
17
16
24
19
POLYGON 4
15
14
23
18
POLYGON 4
20
38
43
21
POLYGON 4
22
25
87
84
POLYGON 4
32
11
10
12
POLYGON 4
14
81
82
23
POLYGON 4
17
19
41
39
POLYGON 4
16
58
63
24
POLYGON 4
15
18
61
59
POLYGON 4
37
36
27
26
POLYGON 4
35
34
33
32
POLYGON 4
31
30
29
28
POLYGON 8
22
84
85
52
54
55
38
20
POLYGON 8
75
58
16
17
39
48
49
74
POLYGON 8
71
68
80
81
14
15
59
70
POLYGON 6
13
35
12
65
66
76
POLYGON 10
13
77
50
51
45
46
56
57
53
5
POLYGON 5
28
2
73
10
9
POLYGON 6
1
43
47
44
41
19
POLYGON 6
0
63
67
64
61
18
POLYGON 6
7
82
91
88
87
8
POLYGON 9
6
5
78
89
90
79
69
72
2
POLYGON 4
99
96
97
98
POLYGON 4
95
92
93
94
POLYGON 4
96
99
95
94
POLYGON 4
97
96
94
93
POLYGON 4
98
97
93
92
POLYGON 4
99
98
92
95
POLYGON 4
131
101
100
130
POLYGON 4
101
103
102
100
POLYGON 4
103
105
104
102
POLYGON 4
105
107
106
104
POLYGON 4
107
109
108
106
POLYGON 4
109
111
110
108
POLYGON 4
111
113
112
110
POLYGON 4
113
115
114
112
POLYGON 4
115
117
116
114
POLYGON 4
117
119
118
116
POLYGON 4
119
121
120
118
POLYGON 4
121
123
122
120
POLYGON 4
123
125
124
122
POLYGON 4
125
127
126
124
POLYGON 4
127
129
128
126
POLYGON 4
129
131
130
128
POLYGON 16
131
129
127
125
123
121
119
117
115
113
111
109
107
105
103
101
POLYGON 16
130
100
102
104
106
108
110
112
114
116
118
120
122
124
126
128
POLYGON 4
163
133
132
162
POLYGON 4
133
135
134
132
POLYGON 4
135
137
136
134
POLYGON 4
137
139
138
136
POLYGON 4
139
141
140
138
POLYGON 4
141
143
142
140
POLYGON 4
143
145
144
142
POLYGON 4
145
147
146
144
POLYGON 4
147
149
148
146
POLYGON 4
149
151
150
148
POLYGON 4
151
153
152
150
POLYGON 4
153
155
154
152
POLYGON 4
155
157
156
154
POLYGON 4
157
159
158
156
POLYGON 4
159
161
160
158
POLYGON 4
161
163
162
160
POLYGON 16
163
161
159
157
155
153
151
149
147
145
143
141
139
137
135
133
POLYGON 16
162
132
134
136
138
140
142
144
146
148
150
152
154
156
158
160
POLYGON 4
171
168
169
170
POLYGON 4
167
164
165
166
POLYGON 4
168
171
167
166
POLYGON 4
169
168
166
165
POLYGON 4
170
169
165
164
POLYGON 4
171
170
164
167
POLYGON 4
172
173
174
175
POLYGON 4
176
177
178
179
POLYGON 4
180
174
173
181
POLYGON 4
180
181
176
179
POLYGON 4
172
175
178
177
POLYGON 5
175
174
180
179
178
POLYGON 5
181
173
172
177
176
POLYGON 4
182
185
184
183
POLYGON 4
186
189
188
187
POLYGON 4
185
182
186
187
POLYGON 4
184
185
187
188
POLYGON 4
183
184
188
189
POLYGON 4
182
183
189
186
POLYGON 4
190
191
197
194
POLYGON 4
191
192
196
197
POLYGON 4
192
193
195
196
POLYGON 4
193
190
194
195
POLYGON 4
194
197
196
195
POLYGON 4
190
193
192
191
POLYGON 4
205
204
198
201
POLYGON 4
204
203
199
198
POLYGON 4
203
202
200
199
POLYGON 4
202
205
201
200
POLYGON 4
201
198
199
200
POLYGON 4
205
202
203
204
POLYGON 4
213
210
211
212
POLYGON 4
209
206
207
208
POLYGON 4
210
213
209
208
POLYGON 4
211
210
208
207
POLYGON 4
212
211
207
206
POLYGON 4
213
212
206
209
POLYGON 4
223
222
221
220
POLYGON 4
219
218
217
216
POLYGON 4
215
221
222
214
POLYGON 4
215
214
219
216
POLYGON 4
223
220
217
218
POLYGON 5
220
221
215
216
217
POLYGON 5
214
222
223
218
219
POLYGON 4
231
230
224
227
POLYGON 4
230
229
225
224
POLYGON 4
229
228
226
225
POLYGON 4
228
231
227
226
POLYGON 4
227
224
225
226
POLYGON 4
231
228
229
230
POLYGON 4
239
236
237
238
POLYGON 4
235
232
233
234
POLYGON 4
236
239
235
234
POLYGON 4
237
236
234
233
POLYGON 4
238
237
233
232
POLYGON 4
239
238
232
235
POLYGON 4
249
248
247
246
POLYGON 4
245
244
243
242
POLYGON 4
241
247
248
240
POLYGON 4
241
240
245
242
POLYGON 4
249
246
243
244
POLYGON 5
246
247
241
242
243
POLYGON 5
240
248
249
244
245
NULL
