VERTEX -22.225000 -22.225000 0.000000
VERTEX 22.225000 -22.225000 0.000000
VERTEX 22.225000 22.225000 0.000000
VERTEX -22.225000 22.225000 0.000000
VERTEX -22.225000 -22.225000 66.675003
VERTEX -22.225000 22.225000 66.675003
VERTEX 22.225000 22.225000 66.675003
VERTEX 22.225000 -22.225000 66.675003
VERTEX 37.521172 -6.616006 74.612503
VERTEX 37.521172 -6.616004 66.675003
VERTEX 37.521172 6.615995 66.675003
VERTEX 37.521172 6.615995 74.612503
VERTEX 37.329082 7.143753 74.612503
VERTEX 32.995567 19.049999 74.612503
VERTEX 32.995567 19.049999 95.250000
VERTEX 37.329082 7.143753 95.250000
VERTEX 32.995564 -19.050003 74.612503
VERTEX 37.329086 -7.143747 74.612503
VERTEX 37.329086 -7.143747 95.250000
VERTEX 32.995564 -19.050003 95.250000
VERTEX 32.995564 -19.050003 66.675003
VERTEX 32.995567 19.049999 66.675003
VERTEX -37.521172 -6.615995 66.675003
VERTEX -32.995567 -19.049999 66.675003
VERTEX -32.995567 -19.049999 95.250000
VERTEX -37.521172 -6.615995 95.250000
VERTEX 0.000000 -38.099998 66.675003
VERTEX 13.030966 -35.802288 66.675003
VERTEX 13.030966 -35.802288 95.250000
VERTEX 0.000000 -38.099998 95.250000
VERTEX 24.490204 -29.186293 66.675003
VERTEX 24.490204 -29.186293 95.250000
VERTEX -24.490210 -29.186289 74.612503
VERTEX -24.490208 -29.186291 66.675003
VERTEX -13.030963 -35.802288 66.675003
VERTEX -13.030961 -35.802288 74.612503
VERTEX -24.851213 -28.756062 74.612503
VERTEX -24.851213 -28.756062 66.675003
VERTEX -12.477877 -35.899811 74.612503
VERTEX 0.000000 -38.099998 74.612503
VERTEX -12.477877 -35.899811 95.250000
VERTEX -24.851213 -28.756062 95.250000
VERTEX 13.030965 35.802288 66.675003
VERTEX 0.000000 38.099998 66.675003
VERTEX 0.000000 38.099998 95.250000
VERTEX 13.030965 35.802288 95.250000
VERTEX 24.490208 29.186291 66.675003
VERTEX 24.490208 29.186291 95.250000
VERTEX -32.995567 19.049999 66.675003
VERTEX -37.521175 6.615997 66.675003
VERTEX -37.521175 6.615997 95.250000
VERTEX -32.995567 19.049999 95.250000
VERTEX -13.030968 35.802288 74.612503
VERTEX -13.030967 35.802288 66.675003
VERTEX -24.490208 29.186293 66.675003
VERTEX -24.490200 29.186296 74.612503
VERTEX -12.477876 35.899815 74.612503
VERTEX -12.477876 35.899815 66.675003
VERTEX -24.851212 28.756060 74.612503
VERTEX -32.995567 19.049999 74.612503
VERTEX -24.851212 28.756060 95.250000
VERTEX -12.477876 35.899815 95.250000
VERTEX 0.000000 12.699998 74.612503
VERTEX 0.000000 12.699998 66.674995
VERTEX -10.998522 6.349999 66.674995
VERTEX -10.998522 6.349999 74.612503
VERTEX -10.998522 -6.349999 74.612503
VERTEX -10.998522 -6.349999 66.674995
VERTEX 0.000000 -12.699998 66.674995
VERTEX 0.000000 -12.699998 74.612503
VERTEX 10.998521 -6.350000 74.612503
VERTEX 10.998521 -6.350000 66.674995
VERTEX 10.998522 6.349999 66.674995
VERTEX 10.998522 6.349999 74.612503
VERTEX 9.623705 7.143750 74.612503
VERTEX -10.998521 -4.762498 74.612503
VERTEX 9.623705 -7.143750 74.612503
VERTEX 9.623705 7.143751 95.250000
VERTEX 1.374816 11.906248 74.612503
VERTEX 1.374816 11.906248 95.250000
VERTEX -10.998522 4.762500 74.612503
VERTEX 1.374815 -11.906249 74.612503
VERTEX -10.998522 4.762500 95.250000
VERTEX -10.998521 -4.762497 95.250000
VERTEX 1.374816 -11.906249 95.250000
VERTEX 9.623705 -7.143750 95.250000
VERTEX -36.815311 -8.555334 66.675003
VERTEX -10.998521 -36.160660 66.675003
VERTEX -8.936298 -7.540623 66.675003
VERTEX -8.936300 -36.524288 66.675003
VERTEX -8.936299 -17.859373 66.675003
VERTEX 10.998521 7.143751 74.612503
VERTEX 10.998520 -7.143750 74.612503
VERTEX 10.998523 19.049999 66.675003
VERTEX 25.816790 27.605331 66.675003
VERTEX 0.687408 13.096872 74.612503
VERTEX -11.685930 -5.953124 74.612503
VERTEX 10.998518 -36.160664 66.675003
VERTEX -10.998522 33.337494 74.612503
VERTEX -23.371862 -26.193750 74.612503
POLYGON 4
8
9
10
11
POLYGON 4
12
13
14
15
POLYGON 4
16
17
18
19
POLYGON 4
9
8
16
20
POLYGON 4
21
13
11
10
POLYGON 4
22
23
24
25
POLYGON 4
26
27
28
29
POLYGON 4
27
30
31
28
POLYGON 4
30
20
19
31
POLYGON 4
32
33
34
35
POLYGON 4
36
37
33
32
POLYGON 4
38
39
29
40
POLYGON 4
35
34
26
39
POLYGON 4
23
37
41
24
POLYGON 4
42
43
44
45
POLYGON 4
21
46
47
14
POLYGON 4
46
42
45
47
POLYGON 4
48
49
50
51
POLYGON 4
49
22
25
50
POLYGON 4
52
53
54
55
POLYGON 4
56
57
53
52
POLYGON 4
58
59
51
60
POLYGON 4
55
54
48
59
POLYGON 4
43
57
61
44
POLYGON 4
62
65
64
63
POLYGON 4
66
69
68
67
POLYGON 4
70
73
72
71
POLYGON 4
77
79
78
74
POLYGON 4
82
83
75
80
POLYGON 4
84
85
76
81
POLYGON 4
79
61
56
78
POLYGON 8
77
15
14
47
45
44
61
79
POLYGON 4
77
74
12
15
POLYGON 4
67
88
89
87
POLYGON 3
90
88
68
POLYGON 4
85
18
17
76
POLYGON 3
91
74
73
POLYGON 3
70
76
92
POLYGON 3
72
63
93
POLYGON 3
62
78
95
POLYGON 4
82
80
58
60
POLYGON 8
24
41
83
82
60
51
50
25
POLYGON 4
83
41
36
75
POLYGON 3
66
75
96
POLYGON 4
84
81
38
40
POLYGON 8
28
31
19
18
85
84
40
29
POLYGON 4
62
63
72
73
POLYGON 4
64
65
66
67
POLYGON 4
68
69
70
71
POLYGON 6
86
64
87
34
33
23
POLYGON 10
86
22
49
48
54
53
43
42
46
94
POLYGON 5
71
97
26
89
90
POLYGON 6
98
56
52
55
58
80
POLYGON 3
98
65
95
POLYGON 6
99
36
32
35
38
81
POLYGON 3
99
69
96
POLYGON 6
92
17
8
11
12
91
POLYGON 9
93
94
21
10
9
20
30
27
97
NULL
