VERTEX -29.089359 -10.587662 22.225002
VERTEX 5.375495 -30.485954 22.225002
VERTEX 0.365060 -24.184278 31.750000
VERTEX 0.000000 -24.816576 31.750000
VERTEX 2.552976 -20.394697 31.750000
VERTEX 7.163933 -12.408283 31.750000
VERTEX 16.899351 25.616348 31.750000
VERTEX 21.491785 12.408292 31.750000
VERTEX -29.089357 10.587663 22.225002
VERTEX -3.911379 18.041861 31.750000
VERTEX 22.292637 -21.090843 31.750000
VERTEX 13.734732 -27.443441 31.750000
VERTEX -29.089359 -10.587662 31.750000
VERTEX -29.089357 10.587663 31.750000
VERTEX -30.956249 0.000000 31.750000
VERTEX -1.051138 22.995945 22.225000
VERTEX -1.051138 22.995945 31.750000
VERTEX 5.375495 -30.485954 31.750000
VERTEX 15.478122 -26.808899 31.750000
VERTEX 20.440645 10.587664 31.750000
VERTEX 23.713860 -19.898296 31.750000
VERTEX 24.765001 -18.077667 0.000000
VERTEX -23.713861 -19.898294 22.225000
VERTEX -15.478123 -26.808901 22.225000
VERTEX -5.375494 -30.485954 22.225000
VERTEX -28.038223 -12.408282 31.750000
VERTEX -28.038223 -12.408282 22.225000
VERTEX 3.273220 -30.485954 22.225000
VERTEX 3.273220 -30.485954 31.750000
VERTEX -1.051138 -22.995947 22.225000
VERTEX -1.051138 -22.995947 31.750000
VERTEX -19.389505 -12.408282 31.750000
VERTEX -19.389505 -12.408282 22.225000
VERTEX -9.286877 -16.085340 22.225000
VERTEX -9.286877 -16.085340 31.750000
VERTEX 3.273221 30.485954 31.750000
VERTEX 3.273221 30.485954 22.225000
VERTEX 5.375497 30.485954 22.225002
VERTEX -23.713871 19.898289 22.225000
VERTEX -15.478128 26.808897 22.225000
VERTEX -5.375494 30.485954 22.225000
VERTEX 5.375497 30.485954 31.750000
VERTEX 15.478124 26.808899 31.750000
VERTEX 18.573753 0.000000 31.750000
VERTEX 24.765001 -18.077667 31.750000
VERTEX 20.440643 -10.587663 31.750000
VERTEX 24.765001 18.077669 31.750000
VERTEX 23.713863 19.898293 31.750000
VERTEX 24.765001 18.077669 0.000000
VERTEX -28.038223 12.408281 22.225000
VERTEX -28.038223 12.408281 31.750000
VERTEX -19.389507 12.408283 22.225000
VERTEX -9.286877 16.085340 22.225000
VERTEX -9.286877 16.085340 31.750000
VERTEX -19.389507 12.408283 31.750000
VERTEX 24.765001 -18.077667 22.225004
VERTEX 20.440643 -10.587662 22.225000
VERTEX 18.573753 0.000000 22.225000
VERTEX 20.440645 10.587663 22.225000
VERTEX 24.765001 18.077669 22.225004
VERTEX 29.089357 -10.587667 22.225004
VERTEX 29.089359 10.587661 22.225004
VERTEX 30.956249 0.000000 22.225004
VERTEX 29.089359 10.587661 0.000000
VERTEX 23.713863 19.898293 0.000000
VERTEX 15.478124 26.808899 0.000000
VERTEX 5.375497 30.485954 0.000000
VERTEX -5.375496 30.485954 0.000000
VERTEX -15.478127 26.808897 0.000000
VERTEX -23.713863 19.898294 0.000000
VERTEX -29.089357 10.587663 0.000000
VERTEX -30.956249 0.000000 0.000000
VERTEX -29.089359 -10.587662 0.000000
VERTEX -23.713863 -19.898293 0.000000
VERTEX -15.478122 -26.808901 0.000000
VERTEX -5.375495 -30.485954 0.000000
VERTEX 5.375495 -30.485954 0.000000
VERTEX 15.478122 -26.808899 0.000000
VERTEX 23.713860 -19.898296 0.000000
VERTEX 29.089357 -10.587667 0.000000
VERTEX 30.956249 0.000000 0.000000
POLYGON 18
80
79
78
77
76
75
74
73
72
71
70
69
68
67
66
65
64
63
POLYGON 4
62
80
63
61
POLYGON 4
60
79
80
62
POLYGON 8
61
59
58
57
56
55
60
62
POLYGON 4
54
53
52
51
POLYGON 4
50
54
51
49
POLYGON 4
48
64
47
46
POLYGON 4
61
63
48
59
POLYGON 4
45
44
55
56
POLYGON 4
43
45
56
57
POLYGON 4
64
65
42
47
POLYGON 4
65
66
41
42
POLYGON 4
40
67
68
39
POLYGON 4
39
68
69
38
POLYGON 4
37
36
35
41
POLYGON 4
67
40
37
66
POLYGON 4
34
31
32
33
POLYGON 4
30
34
33
29
POLYGON 4
28
30
29
27
POLYGON 4
31
25
26
32
POLYGON 8
24
27
29
33
32
26
22
23
POLYGON 4
78
21
44
20
POLYGON 4
55
21
79
60
POLYGON 4
46
19
58
59
POLYGON 4
19
43
57
58
POLYGON 4
76
77
18
17
POLYGON 4
77
78
20
18
POLYGON 4
53
16
15
52
POLYGON 4
16
35
36
15
POLYGON 8
38
49
51
52
15
36
40
39
POLYGON 4
70
71
14
13
POLYGON 4
71
72
12
14
POLYGON 4
43
11
18
10
POLYGON 4
45
10
20
44
POLYGON 3
16
53
9
POLYGON 4
49
8
13
50
POLYGON 5
7
46
47
6
54
POLYGON 5
41
35
9
6
42
POLYGON 4
70
8
38
69
POLYGON 4
22
73
74
23
POLYGON 4
23
74
75
24
POLYGON 5
19
3
28
17
11
POLYGON 3
30
3
2
POLYGON 4
27
1
17
28
POLYGON 4
0
26
25
12
POLYGON 7
5
7
50
13
14
12
25
POLYGON 3
4
5
31
POLYGON 3
2
4
34
POLYGON 4
73
22
0
72
POLYGON 4
76
1
24
75
NULL
