VERTEX 154.071152 70.999992 50.060760
VERTEX 154.071152 171.000000 50.060760
VERTEX 131.060745 70.999992 95.221222
VERTEX 131.060745 171.000000 95.221222
VERTEX 95.221207 70.999992 131.060760
VERTEX 95.221214 171.000000 131.060760
VERTEX 50.060753 71.000000 154.071167
VERTEX 50.060757 171.000000 154.071167
VERTEX 0.000000 71.000000 162.000000
VERTEX 0.000000 171.000000 162.000000
VERTEX -50.060757 71.000000 154.071167
VERTEX -50.060753 171.000000 154.071167
VERTEX -95.221207 71.000008 131.060760
VERTEX -95.221199 171.000000 131.060760
VERTEX -131.060760 71.000008 95.221191
VERTEX -131.060760 171.000000 95.221191
VERTEX -154.071152 71.000008 50.060760
VERTEX -154.071152 171.000000 50.060760
VERTEX -162.000000 71.000008 0.000000
VERTEX -162.000000 171.000000 0.000000
VERTEX -154.071152 71.000008 -50.060745
VERTEX -154.071152 171.000000 -50.060745
VERTEX -131.060745 71.000008 -95.221222
VERTEX -131.060745 171.000000 -95.221222
VERTEX -95.221184 71.000008 -131.060776
VERTEX -95.221176 171.000000 -131.060776
VERTEX -50.060768 71.000000 -154.071152
VERTEX -50.060764 171.000000 -154.071152
VERTEX 0.000000 71.000000 -162.000000
VERTEX 0.000000 171.000000 -162.000000
VERTEX 50.060780 71.000000 -154.071152
VERTEX 50.060783 171.000000 -154.071152
VERTEX 95.221184 70.999992 -131.060776
VERTEX 95.221191 171.000000 -131.060776
VERTEX 131.060745 70.999992 -95.221222
VERTEX 131.060745 171.000000 -95.221222
VERTEX 154.071152 70.999992 -50.060745
VERTEX 154.071152 171.000000 -50.060745
VERTEX 162.000000 70.999992 0.000000
VERTEX 162.000000 171.000000 0.000000
VERTEX 52.069359 -160.253021 -162.000000
VERTEX 52.069359 -160.253021 -220.000000
VERTEX 99.041809 -136.319366 -162.000000
VERTEX 99.041809 -136.319366 -220.000000
VERTEX 136.319366 -99.041817 -162.000000
VERTEX 136.319366 -99.041817 -220.000000
VERTEX 160.253021 -52.069366 -162.000000
VERTEX 160.253021 -52.069366 -220.000000
VERTEX 168.500000 0.000000 -162.000000
VERTEX 168.500000 0.000000 -220.000000
VERTEX 160.253021 52.069363 -162.000000
VERTEX 160.253021 52.069363 -220.000000
VERTEX 136.319366 99.041801 -162.000000
VERTEX 136.319366 99.041801 -220.000000
VERTEX 99.041817 136.319366 -162.000000
VERTEX 99.041817 136.319366 -220.000000
VERTEX 52.069378 160.253021 -162.000000
VERTEX 52.069378 160.253021 -220.000000
VERTEX 0.000000 168.500000 -162.000000
VERTEX 0.000000 168.500000 -220.000000
VERTEX -52.069351 160.253021 -162.000000
VERTEX -52.069351 160.253021 -220.000000
VERTEX -99.041824 136.319351 -162.000000
VERTEX -99.041824 136.319351 -220.000000
VERTEX -136.319382 99.041794 -162.000000
VERTEX -136.319382 99.041794 -220.000000
VERTEX -160.253021 52.069389 -162.000000
VERTEX -160.253021 52.069389 -220.000000
VERTEX -168.500000 0.000000 -162.000000
VERTEX -168.500000 0.000000 -220.000000
VERTEX -160.253021 -52.069378 -162.000000
VERTEX -160.253021 -52.069378 -220.000000
VERTEX -136.319382 -99.041779 -162.000000
VERTEX -136.319382 -99.041779 -220.000000
VERTEX -99.041832 -136.319351 -162.000000
VERTEX -99.041832 -136.319351 -220.000000
VERTEX -52.069363 -160.253021 -162.000000
VERTEX -52.069363 -160.253021 -220.000000
VERTEX 0.000000 -168.500000 -162.000000
VERTEX 0.000000 -168.500000 -220.000000
VERTEX 175.000000 -60.000008 175.000000
VERTEX 24.999998 -60.000000 175.000000
VERTEX 24.999998 -60.000000 -162.000000
VERTEX 175.000000 -60.000008 -162.000000
VERTEX -175.000000 124.229164 24.999985
VERTEX -175.000015 -209.999985 25.000000
VERTEX -25.000008 -210.000000 25.000000
VERTEX -24.999994 169.481689 24.999985
VERTEX -45.684208 168.125977 24.999985
VERTEX -90.586624 159.194321 24.999985
VERTEX -133.939178 144.478119 24.999985
VERTEX -25.000019 -210.000000 73.768921
VERTEX 24.999992 -210.000000 73.768921
VERTEX 24.999998 -108.768944 175.000000
VERTEX -25.000002 -108.768944 175.000000
VERTEX -24.999996 72.814186 175.000000
VERTEX 175.000000 72.814178 175.000000
VERTEX 175.000000 124.229149 123.585022
VERTEX 133.939224 144.478088 103.336090
VERTEX 90.586647 159.194321 88.619873
VERTEX 45.684162 168.125977 79.688202
VERTEX 1.834980 171.000000 76.814178
VERTEX -1.834960 171.000000 76.814178
VERTEX -24.999981 169.481689 78.332489
VERTEX -133.939148 144.478134 -162.000000
VERTEX -175.000000 124.229149 -162.000000
VERTEX -90.586624 159.194321 -162.000000
VERTEX -45.684204 168.125977 -162.000000
VERTEX -1.834991 171.000000 25.000000
VERTEX -1.834993 171.000000 -162.000000
VERTEX 45.684174 168.125977 -162.000000
VERTEX 1.835006 171.000000 -162.000000
VERTEX 90.586617 159.194336 -162.000000
VERTEX 133.939178 144.478104 -162.000000
VERTEX 175.000000 124.229149 -162.000000
VERTEX 25.000004 72.814217 175.000000
VERTEX 24.999998 -162.789490 -162.000000
VERTEX -175.000000 -162.789474 -162.000000
VERTEX -175.000015 -209.999985 -114.789490
VERTEX 24.999990 -210.000000 -114.789490
VERTEX 25.000010 169.481689 -162.000000
VERTEX 24.999989 -210.000000 24.999985
VERTEX -175.000015 -209.999985 25.000015
VERTEX -175.000000 124.229164 25.000031
VERTEX -133.939178 144.478119 25.000000
VERTEX -90.586624 159.194321 25.000000
VERTEX -45.684208 168.125977 25.000000
VERTEX -24.999952 169.481689 25.000000
VERTEX -25.000008 -210.000000 25.000000
VERTEX -166.200943 -210.000000 73.768921
VERTEX -172.117813 -210.000000 54.263611
VERTEX -24.999985 -210.000000 73.768921
VERTEX -24.999933 -108.768944 175.000000
VERTEX -54.263634 -111.651154 172.117798
VERTEX -82.402550 -120.187050 163.581909
VERTEX -108.335625 -134.048553 149.720398
VERTEX -131.065918 -152.702820 131.066132
VERTEX -149.720459 -175.433411 108.335510
VERTEX -163.582016 -201.366577 82.402344
VERTEX -24.999943 169.481689 78.332520
VERTEX -45.684208 168.125977 79.688232
VERTEX -24.999928 72.814201 175.000000
VERTEX -90.586624 159.194321 88.619873
VERTEX -133.939194 144.478119 103.336090
VERTEX -172.117798 125.650520 54.263611
VERTEX -163.581985 129.859909 82.402374
VERTEX -149.720444 136.695663 108.335541
VERTEX -148.094528 137.497482 110.316711
VERTEX -131.065948 116.748100 131.066101
VERTEX -54.263653 75.696419 172.117767
VERTEX -82.402550 84.232285 163.581909
VERTEX -108.335594 98.093811 149.720398
VERTEX 175.000000 -60.000000 -162.000000
VERTEX 24.999998 -60.000000 -162.000000
VERTEX 24.999998 -60.000000 175.000000
VERTEX 175.000000 -60.000000 175.000000
VERTEX 24.999996 -108.768944 175.000000
VERTEX 166.200897 -108.768959 175.000000
VERTEX 172.117798 -89.263565 175.000000
VERTEX 163.581924 -117.402519 166.366425
VERTEX 24.999990 -210.000000 73.768921
VERTEX 54.263542 -207.117798 76.651123
VERTEX 82.402512 -198.581924 85.187012
VERTEX 108.335526 -184.720444 99.048492
VERTEX 131.066025 -166.066010 117.702911
VERTEX 149.720444 -143.335541 140.433411
VERTEX 172.117798 -89.263565 -162.000000
VERTEX 163.581924 -117.402519 -162.000000
VERTEX 149.720444 -143.335541 -162.000000
VERTEX 133.755005 -162.789474 -162.000000
VERTEX 24.999992 -162.789490 -162.000000
VERTEX 131.066025 -166.066010 -158.723465
VERTEX 24.999990 -210.000000 -114.789490
VERTEX 54.263542 -207.117798 -117.671692
VERTEX 82.402512 -198.581924 -126.207565
VERTEX 108.335526 -184.720444 -140.069046
POLYGON 4
37
39
38
36
POLYGON 4
35
37
36
34
POLYGON 4
33
35
34
32
POLYGON 4
31
33
32
30
POLYGON 4
29
31
30
28
POLYGON 4
27
29
28
26
POLYGON 4
25
27
26
24
POLYGON 4
23
25
24
22
POLYGON 4
21
23
22
20
POLYGON 4
19
21
20
18
POLYGON 4
17
19
18
16
POLYGON 4
15
17
16
14
POLYGON 4
13
15
14
12
POLYGON 4
11
13
12
10
POLYGON 4
9
11
10
8
POLYGON 4
7
9
8
6
POLYGON 4
5
7
6
4
POLYGON 4
3
5
4
2
POLYGON 4
1
3
2
0
POLYGON 4
39
1
0
38
POLYGON 20
39
37
35
33
31
29
27
25
23
21
19
17
15
13
11
9
7
5
3
1
POLYGON 3
76
78
40
POLYGON 4
77
79
78
76
POLYGON 4
75
77
76
74
POLYGON 4
73
75
74
72
POLYGON 4
71
73
72
70
POLYGON 4
69
71
70
68
POLYGON 4
67
69
68
66
POLYGON 4
65
67
66
64
POLYGON 4
63
65
64
62
POLYGON 4
61
63
62
60
POLYGON 4
59
61
60
58
POLYGON 4
57
59
58
56
POLYGON 4
55
57
56
54
POLYGON 4
53
55
54
52
POLYGON 4
51
53
52
50
POLYGON 4
49
51
50
48
POLYGON 4
47
49
48
46
POLYGON 4
45
47
46
44
POLYGON 4
43
45
44
42
POLYGON 4
41
43
42
40
POLYGON 4
79
41
40
78
POLYGON 20
79
77
75
73
71
69
67
65
63
61
59
57
55
53
51
49
47
45
43
41
POLYGON 4
119
121
85
118
POLYGON 4
91
86
121
92
POLYGON 4
116
119
118
117
POLYGON 4
95
94
93
115
POLYGON 4
115
81
80
96
POLYGON 4
97
114
113
98
POLYGON 4
98
113
112
99
POLYGON 4
103
102
108
87
POLYGON 4
101
111
109
102
POLYGON 4
99
112
110
100
POLYGON 4
100
110
111
101
POLYGON 4
108
109
107
88
POLYGON 4
88
107
106
89
POLYGON 4
89
106
104
90
POLYGON 4
90
104
105
84
POLYGON 4
91
92
93
94
POLYGON 4
80
81
82
83
POLYGON 6
81
93
92
119
116
82
POLYGON 5
84
105
117
118
85
POLYGON 9
116
117
105
104
106
107
109
111
120
POLYGON 5
83
114
97
96
80
POLYGON 6
94
95
103
87
86
91
POLYGON 7
82
120
110
112
113
114
83
POLYGON 9
95
96
97
98
99
100
101
102
103
POLYGON 7
84
85
86
87
88
89
90
POLYGON 4
130
144
123
122
POLYGON 4
137
146
145
138
POLYGON 4
135
151
148
136
POLYGON 4
134
150
151
135
POLYGON 4
133
149
150
134
POLYGON 4
132
141
149
133
POLYGON 4
142
125
124
143
POLYGON 4
140
126
125
142
POLYGON 4
139
127
126
140
POLYGON 5
129
138
145
144
130
POLYGON 10
149
141
139
140
142
143
147
148
151
150
POLYGON 5
136
148
147
146
137
POLYGON 7
144
145
146
147
143
124
123
POLYGON 6
131
128
127
139
141
132
POLYGON 9
131
132
133
134
135
136
137
138
129
POLYGON 5
129
130
122
128
131
POLYGON 7
122
123
124
125
126
127
128
POLYGON 4
166
152
155
158
POLYGON 4
165
168
167
159
POLYGON 4
163
175
171
164
POLYGON 4
162
174
175
163
POLYGON 4
161
173
174
162
POLYGON 4
160
172
173
161
POLYGON 4
152
153
154
155
POLYGON 5
159
167
166
158
157
POLYGON 7
173
172
170
169
171
175
174
POLYGON 6
153
170
172
160
156
154
POLYGON 5
164
171
169
168
165
POLYGON 7
152
166
167
168
169
170
153
POLYGON 9
159
157
156
160
161
162
163
164
165
POLYGON 5
155
154
156
157
158
NULL
