VERTEX 0.000000 186.000000 252.000000
VERTEX -57.477154 176.896515 252.000000
VERTEX -109.328072 150.477158 252.000000
VERTEX -150.477188 109.328026 252.000000
VERTEX -176.896500 57.477184 252.000000
VERTEX -186.000000 0.000000 252.000000
VERTEX -176.896500 -57.477180 252.000000
VERTEX -150.477188 -109.328018 252.000000
VERTEX -109.328072 -150.477142 252.000000
VERTEX -57.477158 -176.896515 252.000000
VERTEX 0.000000 -186.000000 252.000000
VERTEX 57.477169 -176.896515 252.000000
VERTEX 109.328049 -150.477173 252.000000
VERTEX 150.477173 -109.328049 252.000000
VERTEX 176.896515 -57.477169 252.000000
VERTEX 186.000000 0.000000 252.000000
VERTEX 176.896515 57.477154 252.000000
VERTEX 150.477158 109.328056 252.000000
VERTEX 57.477161 176.896515 252.000000
VERTEX 109.328056 150.477158 252.000000
VERTEX 0.000000 162.000000 171.000000
VERTEX -50.060745 154.071152 171.000000
VERTEX -95.221222 131.060745 171.000000
VERTEX -131.060776 95.221184 171.000000
VERTEX -154.071152 50.060776 171.000000
VERTEX -162.000000 0.000000 171.000000
VERTEX -154.071152 -50.060772 171.000000
VERTEX -131.060776 -95.221184 171.000000
VERTEX -95.221222 -131.060745 171.000000
VERTEX -50.060749 -154.071152 171.000000
VERTEX 0.000000 -162.000000 171.000000
VERTEX 50.060760 -154.071152 171.000000
VERTEX 95.221199 -131.060760 171.000000
VERTEX 131.060760 -95.221207 171.000000
VERTEX 154.071152 -50.060760 171.000000
VERTEX 162.000000 0.000000 171.000000
VERTEX 154.071152 50.060749 171.000000
VERTEX 131.060760 95.221207 171.000000
VERTEX 95.221214 131.060745 171.000000
VERTEX 50.060753 154.071152 171.000000
VERTEX 0.000000 186.000000 347.000000
VERTEX 0.000000 186.000000 252.000000
VERTEX -57.477154 176.896515 347.000000
VERTEX -57.477154 176.896515 252.000000
VERTEX -109.328072 150.477158 347.000000
VERTEX -109.328072 150.477158 252.000000
VERTEX -150.477188 109.328026 347.000000
VERTEX -150.477188 109.328026 252.000000
VERTEX -176.896500 57.477184 347.000000
VERTEX -176.896500 57.477184 252.000000
VERTEX -186.000000 0.000000 347.000000
VERTEX -186.000000 0.000000 252.000000
VERTEX -176.896500 -57.477180 347.000000
VERTEX -176.896500 -57.477180 252.000000
VERTEX -150.477188 -109.328018 347.000000
VERTEX -150.477188 -109.328018 252.000000
VERTEX -109.328072 -150.477142 347.000000
VERTEX -109.328072 -150.477142 252.000000
VERTEX -57.477158 -176.896515 347.000000
VERTEX -57.477158 -176.896515 252.000000
VERTEX 0.000000 -186.000000 347.000000
VERTEX 0.000000 -186.000000 252.000000
VERTEX 57.477169 -176.896515 347.000000
VERTEX 109.328049 -150.477173 347.000000
VERTEX 150.477173 -109.328049 347.000000
VERTEX 176.896515 -57.477169 347.000000
VERTEX 186.000000 0.000000 347.000000
VERTEX 176.896515 57.477154 347.000000
VERTEX 150.477158 109.328056 347.000000
VERTEX 109.328056 150.477158 347.000000
VERTEX 57.477161 176.896515 347.000000
VERTEX 730.172241 76.412079 252.000000
VERTEX 701.412109 105.172211 252.000000
VERTEX 665.172180 123.637344 252.000000
VERTEX 625.000000 130.000000 252.000000
VERTEX 584.827820 123.637352 252.000000
VERTEX 548.587891 105.172203 252.000000
VERTEX 519.827759 76.412064 252.000000
VERTEX 501.362671 40.172226 252.000000
VERTEX 495.000000 0.000000 252.000000
VERTEX 501.362671 -40.172222 252.000000
VERTEX 519.827759 -76.412056 252.000000
VERTEX 548.587891 -105.172203 252.000000
VERTEX 584.827820 -123.637344 252.000000
VERTEX 625.000000 -130.000000 252.000000
VERTEX 665.172241 -123.637344 252.000000
VERTEX 701.412048 -105.172218 252.000000
VERTEX 730.172241 -76.412079 252.000000
VERTEX 748.637329 40.172203 252.000000
VERTEX 755.000000 0.000000 252.000000
VERTEX 748.637329 -40.172215 252.000000
VERTEX 625.000000 120.000000 171.000000
VERTEX 587.917969 114.126785 171.000000
VERTEX 554.465759 97.082031 171.000000
VERTEX 527.917969 70.534210 171.000000
VERTEX 510.873230 37.082054 171.000000
VERTEX 505.000000 0.000000 171.000000
VERTEX 510.873230 -37.082054 171.000000
VERTEX 527.917969 -70.534210 171.000000
VERTEX 554.465759 -97.082031 171.000000
VERTEX 587.917969 -114.126785 171.000000
VERTEX 625.000000 -120.000000 171.000000
VERTEX 662.082031 -114.126778 171.000000
VERTEX 695.534241 -97.082047 171.000000
VERTEX 722.082031 -70.534225 171.000000
VERTEX 739.126770 -37.082047 171.000000
VERTEX 745.000000 0.000000 171.000000
VERTEX 739.126770 37.082035 171.000000
VERTEX 722.082031 70.534225 171.000000
VERTEX 695.534241 97.082039 171.000000
VERTEX 662.082031 114.126785 171.000000
VERTEX 625.000000 130.000000 347.000000
VERTEX 625.000000 130.000000 252.000000
VERTEX 584.827820 123.637352 347.000000
VERTEX 548.587891 105.172203 347.000000
VERTEX 519.827759 76.412064 347.000000
VERTEX 501.362671 40.172226 347.000000
VERTEX 495.000000 0.000000 347.000000
VERTEX 501.362671 -40.172222 347.000000
VERTEX 519.827759 -76.412056 347.000000
VERTEX 548.587891 -105.172203 347.000000
VERTEX 584.827820 -123.637344 347.000000
VERTEX 625.000000 -130.000000 347.000000
VERTEX 625.000000 -130.000000 252.000000
VERTEX 665.172241 -123.637344 347.000000
VERTEX 665.172241 -123.637344 252.000000
VERTEX 701.412048 -105.172218 347.000000
VERTEX 701.412048 -105.172218 252.000000
VERTEX 730.172241 -76.412079 347.000000
VERTEX 730.172241 -76.412079 252.000000
VERTEX 748.637329 -40.172215 347.000000
VERTEX 748.637329 -40.172215 252.000000
VERTEX 755.000000 0.000000 347.000000
VERTEX 755.000000 0.000000 252.000000
VERTEX 748.637329 40.172203 347.000000
VERTEX 748.637329 40.172203 252.000000
VERTEX 730.172241 76.412079 347.000000
VERTEX 730.172241 76.412079 252.000000
VERTEX 701.412109 105.172211 347.000000
VERTEX 701.412109 105.172211 252.000000
VERTEX 665.172180 123.637344 347.000000
VERTEX 665.172180 123.637344 252.000000
VERTEX 625.000000 130.000000 347.000000
VERTEX 0.000000 186.000000 347.000000
VERTEX 0.000000 -186.000000 347.000000
VERTEX 625.000000 -130.000000 347.000000
VERTEX 625.000000 130.000000 252.000000
VERTEX 625.000000 -130.000000 252.000000
VERTEX 0.000000 -186.000000 252.000000
VERTEX 0.000000 186.000000 252.000000
VERTEX 625.000000 130.000000 347.000000
VERTEX 625.000000 -130.000000 347.000000
VERTEX 0.000000 -186.000000 347.000000
VERTEX 0.000000 186.000000 347.000000
VERTEX 0.000000 120.000000 182.000000
VERTEX 625.000000 120.000000 182.000000
VERTEX 625.000000 -120.000000 182.000000
VERTEX 0.000000 -120.000000 182.000000
VERTEX 625.000000 -120.000000 252.000000
VERTEX 625.000000 120.000000 252.000000
VERTEX 0.000000 120.000000 252.000000
VERTEX 0.000000 -120.000000 252.000000
POLYGON 4
19
38
39
18
POLYGON 4
17
37
38
19
POLYGON 4
16
36
37
17
POLYGON 4
15
35
36
16
POLYGON 4
14
34
35
15
POLYGON 4
13
33
34
14
POLYGON 4
12
32
33
13
POLYGON 4
11
31
32
12
POLYGON 4
10
30
31
11
POLYGON 4
9
29
30
10
POLYGON 4
8
28
29
9
POLYGON 4
7
27
28
8
POLYGON 4
6
26
27
7
POLYGON 4
5
25
26
6
POLYGON 4
4
24
25
5
POLYGON 4
3
23
24
4
POLYGON 4
2
22
23
3
POLYGON 4
1
21
22
2
POLYGON 4
0
20
21
1
POLYGON 4
18
39
20
0
POLYGON 20
20
39
38
37
36
35
34
33
32
31
30
29
28
27
26
25
24
23
22
21
POLYGON 4
60
58
59
61
POLYGON 4
58
56
57
59
POLYGON 4
56
54
55
57
POLYGON 4
54
52
53
55
POLYGON 4
52
50
51
53
POLYGON 4
50
48
49
51
POLYGON 4
48
46
47
49
POLYGON 4
46
44
45
47
POLYGON 4
44
42
43
45
POLYGON 4
42
40
41
43
POLYGON 20
40
42
44
46
48
50
52
54
56
58
60
62
63
64
65
66
67
68
69
70
POLYGON 4
90
105
106
89
POLYGON 4
88
89
106
107
POLYGON 4
87
104
105
90
POLYGON 4
86
103
104
87
POLYGON 4
85
102
103
86
POLYGON 4
101
102
85
84
POLYGON 4
101
84
83
100
POLYGON 4
99
100
83
82
POLYGON 4
81
98
99
82
POLYGON 4
80
97
98
81
POLYGON 4
79
96
97
80
POLYGON 4
78
95
96
79
POLYGON 4
77
94
95
78
POLYGON 4
76
93
94
77
POLYGON 4
75
92
93
76
POLYGON 4
74
91
92
75
POLYGON 4
73
110
91
74
POLYGON 4
73
110
91
74
POLYGON 4
72
109
110
73
POLYGON 4
71
108
109
72
POLYGON 4
88
107
108
71
POLYGON 20
91
110
109
108
107
106
105
104
103
102
101
100
99
98
97
96
95
94
93
92
POLYGON 4
111
140
141
112
POLYGON 4
140
138
139
141
POLYGON 4
138
136
137
139
POLYGON 4
136
134
135
137
POLYGON 4
134
132
133
135
POLYGON 4
132
130
131
133
POLYGON 4
130
128
129
131
POLYGON 4
128
126
127
129
POLYGON 4
126
124
125
127
POLYGON 4
124
122
123
125
POLYGON 20
111
113
114
115
116
117
118
119
120
121
122
124
126
128
130
132
134
136
138
140
POLYGON 4
149
146
147
148
POLYGON 4
147
145
144
148
POLYGON 4
149
143
142
146
POLYGON 4
153
152
151
150
POLYGON 4
161
158
159
160
POLYGON 4
157
154
155
156
POLYGON 4
158
161
157
156
POLYGON 4
159
158
156
155
POLYGON 4
160
159
155
154
POLYGON 4
161
160
154
157
NULL
