VERTEX 0.000000 -32.000000 -120.000000
VERTEX 0.000000 -132.000000 -120.000000
VERTEX -15.663148 -32.000000 -118.973381
VERTEX -15.663148 -132.000000 -118.973381
VERTEX -31.058260 -32.000000 -115.911110
VERTEX -31.058260 -132.000000 -115.911110
VERTEX -45.922009 -32.000000 -110.865547
VERTEX -45.922009 -132.000000 -110.865547
VERTEX -60.000019 -32.000000 -103.923035
VERTEX -60.000019 -132.000000 -103.923035
VERTEX -73.051369 -32.000000 -95.202408
VERTEX -73.051369 -132.000000 -95.202408
VERTEX -84.852829 -32.000000 -84.852798
VERTEX -84.852829 -132.000000 -84.852798
VERTEX -95.202393 -32.000000 -73.051384
VERTEX -95.202393 -132.000000 -73.051384
VERTEX -103.923058 -32.000000 -59.999989
VERTEX -103.923058 -132.000000 -59.999989
VERTEX -110.865540 -132.000000 -45.922031
VERTEX -115.911102 -132.000000 -31.058281
VERTEX -118.973381 -132.000000 -15.663170
VERTEX -120.000000 -132.000000 0.000000
VERTEX -118.973381 -132.000000 15.663167
VERTEX -115.911102 -132.000000 31.058277
VERTEX -110.865540 -132.000000 45.922028
VERTEX -103.923058 -132.000000 59.999989
VERTEX -95.202393 -132.000000 73.051384
VERTEX -84.852806 -132.000000 84.852821
VERTEX -73.051369 -132.000000 95.202400
VERTEX -60.000000 -132.000000 103.923050
VERTEX -45.922012 -132.000000 110.865547
VERTEX -31.058289 -132.000000 115.911095
VERTEX -15.663151 -132.000000 118.973381
VERTEX 0.000000 -132.000000 120.000000
VERTEX 15.663130 -132.000000 118.973389
VERTEX 31.058296 -132.000000 115.911095
VERTEX 45.922020 -132.000000 110.865540
VERTEX 60.000004 -132.000000 103.923042
VERTEX 73.051376 -132.000000 95.202400
VERTEX 84.852814 -132.000000 84.852814
VERTEX 95.202400 -132.000000 73.051376
VERTEX 103.923042 -132.000000 60.000008
VERTEX 110.865547 -132.000000 45.922009
VERTEX 115.911102 -132.000000 31.058285
VERTEX 118.973381 -132.000000 15.663145
VERTEX 120.000000 -132.000000 0.000000
VERTEX 118.973381 -132.000000 -15.663149
VERTEX 115.911095 -132.000000 -31.058289
VERTEX 110.865547 -132.000000 -45.922012
VERTEX 103.923050 -32.000000 -59.999996
VERTEX 103.923050 -132.000000 -59.999996
VERTEX 95.202400 -32.000000 -73.051369
VERTEX 95.202400 -132.000000 -73.051369
VERTEX 84.852814 -32.000000 -84.852814
VERTEX 84.852814 -132.000000 -84.852814
VERTEX 73.051369 -32.000000 -95.202400
VERTEX 73.051369 -132.000000 -95.202400
VERTEX 60.000000 -32.000000 -103.923050
VERTEX 60.000000 -132.000000 -103.923050
VERTEX 45.922012 -32.000000 -110.865547
VERTEX 45.922012 -132.000000 -110.865547
VERTEX 31.058287 -32.000000 -115.911102
VERTEX 31.058287 -132.000000 -115.911102
VERTEX 15.663143 -32.000000 -118.973381
VERTEX 15.663143 -132.000000 -118.973381
VERTEX -2.994872 145.000061 -50.597946
VERTEX -127.559731 -131.997635 -42.776470
VERTEX -120.332703 -131.997772 -66.600784
VERTEX -127.554764 136.270157 -42.776470
VERTEX -3.000000 -131.999939 -69.000000
VERTEX -119.050301 -131.997787 -68.999992
VERTEX -108.596275 -112.440567 -88.557419
VERTEX -92.801872 -93.195747 -107.802528
VERTEX -73.556404 -77.402000 -123.596634
VERTEX -51.599586 -65.666351 -135.332687
VERTEX -27.775072 -58.439754 -142.559723
VERTEX -2.998599 -55.999943 -145.000000
VERTEX -108.592148 110.823151 -88.557411
VERTEX -92.798393 93.494453 -107.802551
VERTEX -73.553513 79.273048 -123.596634
VERTEX -51.597084 68.705437 -135.332703
VERTEX -27.772882 62.197765 -142.559723
VERTEX -2.996450 60.000057 -145.000000
VERTEX -120.327843 130.593201 -66.600784
VERTEX -2.994872 144.979645 -50.620605
VERTEX -125.175110 144.981903 -50.620602
VERTEX -127.554604 145.002365 -42.776470
VERTEX -125.169540 145.002319 -50.638973
VERTEX -2.994872 145.000061 -50.638985
VERTEX -129.994873 145.002411 -17.999990
VERTEX -2.994870 145.000061 -18.000000
VERTEX -3.000001 -131.999939 -18.000000
VERTEX -130.000000 -131.997589 -17.999990
VERTEX 127.562973 42.774082 137.594543
VERTEX 120.336372 66.598587 141.339294
VERTEX 108.600723 88.555420 147.420441
VERTEX 3.005137 144.999939 -50.597954
VERTEX 27.781574 142.559204 -48.441738
VERTEX 129.898788 19.053732 136.384003
VERTEX 34.045357 67.548729 170.450638
VERTEX 67.453072 74.490280 163.508469
VERTEX 99.604202 85.916122 152.082031
VERTEX 107.436386 89.974251 148.023758
VERTEX 92.807137 107.800728 130.197540
VERTEX 73.562073 123.595329 114.403297
VERTEX 51.605862 135.331650 102.667389
VERTEX 27.781572 142.559174 95.440315
VERTEX 3.005095 144.999939 93.000000
VERTEX 3.003664 65.425987 172.573959
VERTEX 120.336365 66.598572 -137.669083
VERTEX 108.600723 88.555405 -113.283791
VERTEX 92.807030 107.800819 -91.909927
VERTEX 73.562187 123.595238 -74.368828
VERTEX 51.605724 135.331741 -61.334560
VERTEX 27.781572 142.559204 -53.308144
VERTEX 3.212307 144.979523 -50.620605
VERTEX 3.005137 144.999939 -50.638977
VERTEX 3.005137 144.979523 -50.620613
VERTEX 3.003556 59.999943 -145.000000
VERTEX 127.562958 42.774097 -145.000000
VERTEX 122.338570 59.997734 -145.000000
VERTEX 3.002776 17.999945 -145.000000
VERTEX 3.002786 17.999945 172.573959
VERTEX 34.044460 17.999369 170.450638
VERTEX 67.451988 17.998751 163.508484
VERTEX 99.603058 17.998156 152.081985
VERTEX 129.898758 17.997595 136.384003
VERTEX 130.002777 17.997593 136.310577
VERTEX 130.002777 17.997593 -145.000000
VERTEX -2.994866 145.000061 93.000000
VERTEX 3.002782 17.999945 63.712322
VERTEX -2.995542 108.758583 -18.000000
VERTEX 0.002786 18.000000 172.779160
VERTEX 3.005125 144.999939 93.000000
VERTEX -129.994873 145.002411 93.000015
VERTEX -129.995667 101.691864 136.310577
VERTEX -129.891663 101.618431 136.384003
VERTEX -99.596214 85.919876 152.082001
VERTEX -67.445442 74.492813 163.508453
VERTEX -34.037888 67.549980 170.450653
VERTEX 0.003660 65.220856 172.779160
VERTEX 3.003664 65.426003 172.573959
VERTEX 0.000000 -132.000000 172.779160
VERTEX 34.041683 -132.000626 170.450638
VERTEX 67.449211 -132.001251 163.508484
VERTEX 99.600281 -132.001846 152.081985
VERTEX 129.895981 -132.002411 136.384003
VERTEX 130.000000 -132.002411 136.310577
VERTEX -2.997232 18.000055 -145.000000
VERTEX -130.000000 -131.997589 136.310577
VERTEX -129.895996 -131.997589 136.384003
VERTEX -99.600281 -131.998154 152.081985
VERTEX -67.449211 -131.998749 163.508469
VERTEX -34.041687 -131.999374 170.450638
VERTEX -2.999992 -131.999939 172.573959
VERTEX -2.998596 -55.999943 -145.000000
VERTEX -3.000000 -131.999939 -69.000000
VERTEX 130.000000 -132.002411 -69.000008
VERTEX 130.001404 -56.002407 -145.000000
VERTEX 3.005125 144.999939 -50.638985
VERTEX -2.994869 145.000061 -50.638992
VERTEX 3.003547 59.999943 -145.000000
VERTEX 3.005127 144.979523 -50.620605
VERTEX -2.994869 144.979645 -50.620605
VERTEX -2.996447 60.000057 -145.000000
VERTEX 130.002777 17.997593 136.310577
VERTEX 129.898758 17.997595 136.384003
VERTEX 99.603058 17.998156 152.081985
VERTEX 67.451988 17.998751 163.508484
VERTEX 34.044460 17.999369 170.450638
VERTEX 3.002786 17.999945 172.573959
VERTEX 3.002776 17.999945 -145.000000
VERTEX 130.002777 17.997593 -145.000000
VERTEX -130.000000 -131.997589 -17.999994
VERTEX -3.000001 -131.999939 -18.000000
VERTEX -2.994870 145.000061 -18.000000
VERTEX -129.994873 145.002411 -17.999994
VERTEX -119.997551 0.002238 174.000000
VERTEX -119.997551 0.002238 74.000008
VERTEX -114.125023 -37.079918 174.000000
VERTEX -114.125023 -37.079918 74.000008
VERTEX -97.080887 -70.532440 174.000000
VERTEX -97.080887 -70.532440 74.000008
VERTEX -70.533554 -97.080750 174.000000
VERTEX -70.533562 -97.080750 74.000000
VERTEX -37.081715 -114.126091 174.000000
VERTEX -37.081718 -114.126091 74.000000
VERTEX 0.000230 -120.000000 174.000000
VERTEX 0.000225 -120.000000 74.000000
VERTEX 37.082394 -114.127464 174.000000
VERTEX 37.082390 -114.127464 74.000000
VERTEX 70.534866 -97.083359 174.000000
VERTEX 70.534859 -97.083359 74.000000
VERTEX 97.083176 -70.536041 174.000000
VERTEX 97.083176 -70.536041 73.999992
VERTEX 114.128548 -37.084152 174.000000
VERTEX 114.128548 -37.084152 73.999992
VERTEX 120.002449 -0.002238 174.000000
VERTEX 120.002449 -0.002238 73.999992
VERTEX 114.129913 37.079933 174.000000
VERTEX 114.129913 37.079933 73.999992
VERTEX 97.085808 70.532425 174.000000
VERTEX 97.085800 70.532425 73.999992
VERTEX 70.538475 97.080742 174.000000
VERTEX 70.538475 97.080742 74.000000
VERTEX 37.086613 114.126099 174.000000
VERTEX 37.086609 114.126099 74.000000
VERTEX 0.004675 120.000000 174.000000
VERTEX 0.004671 120.000000 74.000000
VERTEX -37.077469 114.127472 174.000000
VERTEX -37.077473 114.127472 74.000000
VERTEX -70.529976 97.083351 174.000000
VERTEX -70.529976 97.083351 74.000000
VERTEX -97.078278 70.536026 174.000000
VERTEX -97.078285 70.536026 74.000008
VERTEX -114.123650 37.084160 174.000000
VERTEX -114.123650 37.084160 74.000008
POLYGON 4
0
63
64
1
POLYGON 4
63
61
62
64
POLYGON 4
61
59
60
62
POLYGON 4
59
57
58
60
POLYGON 4
57
55
56
58
POLYGON 4
55
53
54
56
POLYGON 4
53
51
52
54
POLYGON 4
51
49
50
52
POLYGON 4
16
14
15
17
POLYGON 4
14
12
13
15
POLYGON 4
12
10
11
13
POLYGON 4
10
8
9
11
POLYGON 4
8
6
7
9
POLYGON 4
6
4
5
7
POLYGON 4
4
2
3
5
POLYGON 4
2
0
1
3
POLYGON 48
1
64
62
60
58
56
54
52
50
48
47
46
45
44
43
42
41
40
39
38
37
36
35
34
33
32
31
30
29
28
27
26
25
24
23
22
21
20
19
18
17
15
13
11
9
7
5
3
POLYGON 3
84
88
65
POLYGON 3
68
86
87
POLYGON 4
78
72
71
77
POLYGON 4
79
73
72
78
POLYGON 4
80
74
73
79
POLYGON 4
81
75
74
80
POLYGON 4
76
75
81
82
POLYGON 4
66
92
89
86
POLYGON 4
85
87
88
84
POLYGON 4
92
91
90
89
POLYGON 6
91
69
76
82
65
90
POLYGON 5
67
83
77
71
70
POLYGON 6
92
66
67
70
69
91
POLYGON 5
83
67
66
68
85
POLYGON 8
76
69
70
71
72
73
74
75
POLYGON 9
83
85
84
82
81
80
79
78
77
POLYGON 5
89
90
88
87
86
POLYGON 3
117
96
116
POLYGON 3
115
97
114
POLYGON 3
98
126
127
POLYGON 3
117
116
115
POLYGON 4
97
116
107
106
POLYGON 4
112
104
103
111
POLYGON 4
113
105
104
112
POLYGON 4
114
106
105
113
POLYGON 4
108
122
123
99
POLYGON 4
99
123
124
100
POLYGON 4
100
124
125
101
POLYGON 4
110
95
94
109
POLYGON 6
96
118
121
122
108
107
POLYGON 5
111
103
102
95
110
POLYGON 8
93
94
95
102
101
125
126
98
POLYGON 5
119
120
109
94
93
POLYGON 5
119
93
98
127
128
POLYGON 10
108
99
100
101
102
103
104
105
106
107
POLYGON 10
118
117
115
114
113
112
111
110
109
120
POLYGON 5
120
119
128
121
118
POLYGON 8
128
127
126
125
124
123
122
121
POLYGON 3
160
131
175
POLYGON 4
138
152
153
139
POLYGON 4
139
153
142
140
POLYGON 4
141
140
132
170
POLYGON 4
133
159
160
129
POLYGON 4
137
151
152
138
POLYGON 4
129
175
176
134
POLYGON 4
135
149
150
136
POLYGON 4
136
150
151
137
POLYGON 4
130
171
161
162
POLYGON 4
168
144
145
167
POLYGON 4
169
143
144
168
POLYGON 4
167
145
146
166
POLYGON 4
166
146
147
165
POLYGON 4
132
142
143
169
POLYGON 4
155
148
172
158
POLYGON 4
161
171
148
164
POLYGON 4
158
157
156
155
POLYGON 4
163
160
159
162
POLYGON 4
164
163
162
161
POLYGON 4
176
175
174
173
POLYGON 5
159
133
141
170
130
POLYGON 5
176
173
149
135
134
POLYGON 6
174
131
163
164
155
156
POLYGON 5
165
147
157
158
172
POLYGON 9
141
133
134
135
136
137
138
139
140
POLYGON 9
156
157
147
146
145
144
143
142
154
POLYGON 8
174
154
153
152
151
150
149
173
POLYGON 8
172
171
170
169
168
167
166
165
POLYGON 4
179
177
178
180
POLYGON 4
181
179
180
182
POLYGON 4
183
181
182
184
POLYGON 4
185
183
184
186
POLYGON 4
187
185
186
188
POLYGON 4
189
187
188
190
POLYGON 4
191
189
190
192
POLYGON 4
193
191
192
194
POLYGON 4
195
193
194
196
POLYGON 4
197
195
196
198
POLYGON 4
199
197
198
200
POLYGON 4
201
199
200
202
POLYGON 4
203
201
202
204
POLYGON 4
205
203
204
206
POLYGON 4
207
205
206
208
POLYGON 4
209
207
208
210
POLYGON 4
211
209
210
212
POLYGON 4
213
211
212
214
POLYGON 4
215
213
214
216
POLYGON 4
177
215
216
178
POLYGON 20
177
179
181
183
185
187
189
191
193
195
197
199
201
203
205
207
209
211
213
215
NULL
