VERTEX 114.123650 -37.084160 74.000008
VERTEX 114.123650 -37.084160 174.000000
VERTEX 97.078285 -70.536026 74.000008
VERTEX 97.078278 -70.536026 174.000000
VERTEX 70.529976 -97.083351 74.000000
VERTEX 70.529976 -97.083351 174.000000
VERTEX 37.077473 -114.127472 74.000000
VERTEX 37.077469 -114.127472 174.000000
VERTEX -0.004671 -120.000000 74.000000
VERTEX -0.004675 -120.000000 174.000000
VERTEX -37.086609 -114.126099 74.000000
VERTEX -37.086613 -114.126099 174.000000
VERTEX -70.538475 -97.080742 74.000000
VERTEX -70.538475 -97.080742 174.000000
VERTEX -97.085800 -70.532425 73.999992
VERTEX -97.085808 -70.532425 174.000000
VERTEX -114.129913 -37.079933 73.999992
VERTEX -114.129913 -37.079933 174.000000
VERTEX -120.002449 0.002238 73.999992
VERTEX -120.002449 0.002238 174.000000
VERTEX -114.128548 37.084152 73.999992
VERTEX -114.128548 37.084152 174.000000
VERTEX -97.083176 70.536041 73.999992
VERTEX -97.083176 70.536041 174.000000
VERTEX -70.534859 97.083359 74.000000
VERTEX -70.534866 97.083359 174.000000
VERTEX -37.082390 114.127464 74.000000
VERTEX -37.082394 114.127464 174.000000
VERTEX -0.000225 120.000000 74.000000
VERTEX -0.000230 120.000000 174.000000
VERTEX 37.081718 114.126091 74.000000
VERTEX 37.081715 114.126091 174.000000
VERTEX 70.533562 97.080750 74.000000
VERTEX 70.533554 97.080750 174.000000
VERTEX 97.080887 70.532440 74.000008
VERTEX 97.080887 70.532440 174.000000
VERTEX 114.125023 37.079918 74.000008
VERTEX 114.125023 37.079918 174.000000
VERTEX 119.997551 -0.002238 74.000008
VERTEX 119.997551 -0.002238 174.000000
VERTEX 129.994873 -145.002411 -17.999994
VERTEX 2.994870 -145.000061 -18.000000
VERTEX 3.000001 131.999939 -18.000000
VERTEX 130.000000 131.997589 -17.999994
VERTEX -130.002777 -17.997593 -145.000000
VERTEX -3.002776 -17.999945 -145.000000
VERTEX -3.002786 -17.999945 172.573959
VERTEX -34.044460 -17.999369 170.450638
VERTEX -67.451988 -17.998751 163.508484
VERTEX -99.603058 -17.998156 152.081985
VERTEX -129.898758 -17.997595 136.384003
VERTEX -130.002777 -17.997593 136.310577
VERTEX 2.996447 -60.000057 -145.000000
VERTEX 2.994869 -144.979645 -50.620605
VERTEX -3.005127 -144.979523 -50.620605
VERTEX -3.003547 -59.999943 -145.000000
VERTEX 2.994869 -145.000061 -50.638992
VERTEX -3.005125 -144.999939 -50.638985
VERTEX -130.001404 56.002407 -145.000000
VERTEX -130.000000 132.002411 -69.000008
VERTEX 3.000000 131.999939 -69.000000
VERTEX 2.998596 55.999943 -145.000000
VERTEX 2.999992 131.999939 172.573959
VERTEX 34.041687 131.999374 170.450638
VERTEX 67.449211 131.998749 163.508469
VERTEX 99.600281 131.998154 152.081985
VERTEX 129.895996 131.997589 136.384003
VERTEX 130.000000 131.997589 136.310577
VERTEX 2.997232 -18.000055 -145.000000
VERTEX -130.000000 132.002411 136.310577
VERTEX -129.895981 132.002411 136.384003
VERTEX -99.600281 132.001846 152.081985
VERTEX -67.449211 132.001251 163.508484
VERTEX -34.041683 132.000626 170.450638
VERTEX 0.000000 132.000000 172.779160
VERTEX -3.003664 -65.426003 172.573959
VERTEX -0.003660 -65.220856 172.779160
VERTEX 34.037888 -67.549980 170.450653
VERTEX 67.445442 -74.492813 163.508453
VERTEX 99.596214 -85.919876 152.082001
VERTEX 129.891663 -101.618431 136.384003
VERTEX 129.995667 -101.691864 136.310577
VERTEX 129.994873 -145.002411 93.000015
VERTEX -3.005125 -144.999939 93.000000
VERTEX -0.002786 -18.000000 172.779160
VERTEX 2.995542 -108.758583 -18.000000
VERTEX -3.002782 -17.999945 63.712322
VERTEX 2.994866 -145.000061 93.000000
VERTEX -130.002777 -17.997593 -145.000000
VERTEX -130.002777 -17.997593 136.310577
VERTEX -129.898758 -17.997595 136.384003
VERTEX -99.603058 -17.998156 152.081985
VERTEX -67.451988 -17.998751 163.508484
VERTEX -34.044460 -17.999369 170.450638
VERTEX -3.002786 -17.999945 172.573959
VERTEX -3.002776 -17.999945 -145.000000
VERTEX -122.338570 -59.997734 -145.000000
VERTEX -127.562958 -42.774097 -145.000000
VERTEX -3.003556 -59.999943 -145.000000
VERTEX -3.005137 -144.979523 -50.620613
VERTEX -3.005137 -144.999939 -50.638977
VERTEX -3.212307 -144.979523 -50.620605
VERTEX -27.781572 -142.559204 -53.308144
VERTEX -51.605724 -135.331741 -61.334560
VERTEX -73.562187 -123.595238 -74.368828
VERTEX -92.807030 -107.800819 -91.909927
VERTEX -108.600723 -88.555405 -113.283791
VERTEX -120.336365 -66.598572 -137.669083
VERTEX -3.003664 -65.425987 172.573959
VERTEX -3.005095 -144.999939 93.000000
VERTEX -27.781572 -142.559174 95.440315
VERTEX -51.605862 -135.331650 102.667389
VERTEX -73.562073 -123.595329 114.403297
VERTEX -92.807137 -107.800728 130.197540
VERTEX -107.436386 -89.974251 148.023758
VERTEX -99.604202 -85.916122 152.082031
VERTEX -67.453072 -74.490280 163.508469
VERTEX -34.045357 -67.548729 170.450638
VERTEX -129.898788 -19.053732 136.384003
VERTEX -27.781574 -142.559204 -48.441738
VERTEX -3.005137 -144.999939 -50.597954
VERTEX -108.600723 -88.555420 147.420441
VERTEX -120.336372 -66.598587 141.339294
VERTEX -127.562973 -42.774082 137.594543
VERTEX 130.000000 131.997589 -17.999990
VERTEX 3.000001 131.999939 -18.000000
VERTEX 2.994870 -145.000061 -18.000000
VERTEX 129.994873 -145.002411 -17.999990
VERTEX 2.994872 -145.000061 -50.638985
VERTEX 125.169540 -145.002319 -50.638973
VERTEX 127.554604 -145.002365 -42.776470
VERTEX 125.175110 -144.981903 -50.620602
VERTEX 2.994872 -144.979645 -50.620605
VERTEX 120.327843 -130.593201 -66.600784
VERTEX 2.996450 -60.000057 -145.000000
VERTEX 27.772882 -62.197765 -142.559723
VERTEX 51.597084 -68.705437 -135.332703
VERTEX 73.553513 -79.273048 -123.596634
VERTEX 92.798393 -93.494453 -107.802551
VERTEX 108.592148 -110.823151 -88.557411
VERTEX 2.998599 55.999943 -145.000000
VERTEX 27.775072 58.439754 -142.559723
VERTEX 51.599586 65.666351 -135.332687
VERTEX 73.556404 77.402000 -123.596634
VERTEX 92.801872 93.195747 -107.802528
VERTEX 108.596275 112.440567 -88.557419
VERTEX 119.050301 131.997787 -68.999992
VERTEX 3.000000 131.999939 -69.000000
VERTEX 127.554764 -136.270157 -42.776470
VERTEX 120.332703 131.997772 -66.600784
VERTEX 127.559731 131.997635 -42.776470
VERTEX 2.994872 -145.000061 -50.597946
VERTEX -15.663143 132.000000 -118.973381
VERTEX -15.663143 32.000000 -118.973381
VERTEX -31.058287 132.000000 -115.911102
VERTEX -31.058287 32.000000 -115.911102
VERTEX -45.922012 132.000000 -110.865547
VERTEX -45.922012 32.000000 -110.865547
VERTEX -60.000000 132.000000 -103.923050
VERTEX -60.000000 32.000000 -103.923050
VERTEX -73.051369 132.000000 -95.202400
VERTEX -73.051369 32.000000 -95.202400
VERTEX -84.852814 132.000000 -84.852814
VERTEX -84.852814 32.000000 -84.852814
VERTEX -95.202400 132.000000 -73.051369
VERTEX -95.202400 32.000000 -73.051369
VERTEX -103.923050 132.000000 -59.999996
VERTEX -103.923050 32.000000 -59.999996
VERTEX -110.865547 132.000000 -45.922012
VERTEX -115.911095 132.000000 -31.058289
VERTEX -118.973381 132.000000 -15.663149
VERTEX -120.000000 132.000000 0.000000
VERTEX -118.973381 132.000000 15.663145
VERTEX -115.911102 132.000000 31.058285
VERTEX -110.865547 132.000000 45.922009
VERTEX -103.923042 132.000000 60.000008
VERTEX -95.202400 132.000000 73.051376
VERTEX -84.852814 132.000000 84.852814
VERTEX -73.051376 132.000000 95.202400
VERTEX -60.000004 132.000000 103.923042
VERTEX -45.922020 132.000000 110.865540
VERTEX -31.058296 132.000000 115.911095
VERTEX -15.663130 132.000000 118.973389
VERTEX 0.000000 132.000000 120.000000
VERTEX 15.663151 132.000000 118.973381
VERTEX 31.058289 132.000000 115.911095
VERTEX 45.922012 132.000000 110.865547
VERTEX 60.000000 132.000000 103.923050
VERTEX 73.051369 132.000000 95.202400
VERTEX 84.852806 132.000000 84.852821
VERTEX 95.202393 132.000000 73.051384
VERTEX 103.923058 132.000000 59.999989
VERTEX 110.865540 132.000000 45.922028
VERTEX 115.911102 132.000000 31.058277
VERTEX 118.973381 132.000000 15.663167
VERTEX 120.000000 132.000000 0.000000
VERTEX 118.973381 132.000000 -15.663170
VERTEX 115.911102 132.000000 -31.058281
VERTEX 110.865540 132.000000 -45.922031
VERTEX 103.923058 132.000000 -59.999989
VERTEX 103.923058 32.000000 -59.999989
VERTEX 95.202393 132.000000 -73.051384
VERTEX 95.202393 32.000000 -73.051384
VERTEX 84.852829 132.000000 -84.852798
VERTEX 84.852829 32.000000 -84.852798
VERTEX 73.051369 132.000000 -95.202408
VERTEX 73.051369 32.000000 -95.202408
VERTEX 60.000019 132.000000 -103.923035
VERTEX 60.000019 32.000000 -103.923035
VERTEX 45.922009 132.000000 -110.865547
VERTEX 45.922009 32.000000 -110.865547
VERTEX 31.058260 132.000000 -115.911110
VERTEX 31.058260 32.000000 -115.911110
VERTEX 15.663148 132.000000 -118.973381
VERTEX 15.663148 32.000000 -118.973381
VERTEX 0.000000 132.000000 -120.000000
VERTEX 0.000000 32.000000 -120.000000
POLYGON 4
37
39
38
36
POLYGON 4
35
37
36
34
POLYGON 4
33
35
34
32
POLYGON 4
31
33
32
30
POLYGON 4
29
31
30
28
POLYGON 4
27
29
28
26
POLYGON 4
25
27
26
24
POLYGON 4
23
25
24
22
POLYGON 4
21
23
22
20
POLYGON 4
19
21
20
18
POLYGON 4
17
19
18
16
POLYGON 4
15
17
16
14
POLYGON 4
13
15
14
12
POLYGON 4
11
13
12
10
POLYGON 4
9
11
10
8
POLYGON 4
7
9
8
6
POLYGON 4
5
7
6
4
POLYGON 4
3
5
4
2
POLYGON 4
1
3
2
0
POLYGON 4
39
1
0
38
POLYGON 20
39
37
35
33
31
29
27
25
23
21
19
17
15
13
11
9
7
5
3
1
POLYGON 3
56
85
41
POLYGON 4
78
64
63
77
POLYGON 4
77
63
74
76
POLYGON 4
75
76
84
46
POLYGON 4
83
57
56
87
POLYGON 4
79
65
64
78
POLYGON 4
87
41
40
82
POLYGON 4
81
67
66
80
POLYGON 4
80
66
65
79
POLYGON 4
86
45
55
54
POLYGON 4
48
72
71
49
POLYGON 4
47
73
72
48
POLYGON 4
49
71
70
50
POLYGON 4
50
70
69
51
POLYGON 4
84
74
73
47
POLYGON 4
61
68
44
58
POLYGON 4
55
45
68
52
POLYGON 4
58
59
60
61
POLYGON 4
53
56
57
54
POLYGON 4
52
53
54
55
POLYGON 4
40
41
42
43
POLYGON 5
57
83
75
46
86
POLYGON 5
40
43
67
81
82
POLYGON 6
42
85
53
52
61
60
POLYGON 5
51
69
59
58
44
POLYGON 9
75
83
82
81
80
79
78
77
76
POLYGON 9
60
59
69
70
71
72
73
74
62
POLYGON 8
42
62
63
64
65
66
67
43
POLYGON 8
44
45
46
47
48
49
50
51
POLYGON 3
99
120
100
POLYGON 3
101
119
102
POLYGON 3
118
90
89
POLYGON 3
99
100
101
POLYGON 4
119
100
109
110
POLYGON 4
104
112
113
105
POLYGON 4
103
111
112
104
POLYGON 4
102
110
111
103
POLYGON 4
108
94
93
117
POLYGON 4
117
93
92
116
POLYGON 4
116
92
91
115
POLYGON 4
106
121
122
107
POLYGON 6
120
98
95
94
108
109
POLYGON 5
105
113
114
121
106
POLYGON 8
123
122
121
114
115
91
90
118
POLYGON 5
97
96
107
122
123
POLYGON 5
97
123
118
89
88
POLYGON 10
108
117
116
115
114
113
112
111
110
109
POLYGON 10
98
99
101
102
103
104
105
106
107
96
POLYGON 5
96
97
88
95
98
POLYGON 8
88
89
90
91
92
93
94
95
POLYGON 3
132
128
151
POLYGON 3
148
130
129
POLYGON 4
138
144
145
139
POLYGON 4
137
143
144
138
POLYGON 4
136
142
143
137
POLYGON 4
135
141
142
136
POLYGON 4
140
141
135
134
POLYGON 4
150
124
127
130
POLYGON 4
131
129
128
132
POLYGON 4
124
125
126
127
POLYGON 6
125
147
140
134
151
126
POLYGON 5
149
133
139
145
146
POLYGON 6
124
150
149
146
147
125
POLYGON 5
133
149
150
148
131
POLYGON 8
140
147
146
145
144
143
142
141
POLYGON 9
133
131
132
134
135
136
137
138
139
POLYGON 5
127
126
128
129
130
POLYGON 4
216
153
152
215
POLYGON 4
153
155
154
152
POLYGON 4
155
157
156
154
POLYGON 4
157
159
158
156
POLYGON 4
159
161
160
158
POLYGON 4
161
163
162
160
POLYGON 4
163
165
164
162
POLYGON 4
165
167
166
164
POLYGON 4
200
202
201
199
POLYGON 4
202
204
203
201
POLYGON 4
204
206
205
203
POLYGON 4
206
208
207
205
POLYGON 4
208
210
209
207
POLYGON 4
210
212
211
209
POLYGON 4
212
214
213
211
POLYGON 4
214
216
215
213
POLYGON 48
215
152
154
156
158
160
162
164
166
168
169
170
171
172
173
174
175
176
177
178
179
180
181
182
183
184
185
186
187
188
189
190
191
192
193
194
195
196
197
198
199
201
203
205
207
209
211
213
NULL
