VERTEX -66.500000 -28.000048 0.000000
VERTEX -66.500000 -68.000046 0.000000
VERTEX -61.437988 -28.000050 25.448425
VERTEX -61.437988 -68.000046 25.448425
VERTEX -47.022598 -28.000051 47.022583
VERTEX -47.022598 -68.000053 47.022583
VERTEX -25.448448 -28.000051 61.437988
VERTEX -25.448448 -68.000053 61.437988
VERTEX 0.000000 -28.000051 66.500000
VERTEX 0.000000 -68.000053 66.500000
VERTEX 25.448446 -28.000051 61.437988
VERTEX 25.448446 -68.000053 61.437988
VERTEX 47.022602 -28.000051 47.022583
VERTEX 47.022602 -68.000053 47.022583
VERTEX 61.437988 -28.000050 25.448425
VERTEX 61.437988 -68.000046 25.448425
VERTEX 66.500000 -28.000048 0.000000
VERTEX 66.500000 -68.000046 0.000000
VERTEX 61.437988 -28.000046 -25.448425
VERTEX 61.437988 -68.000046 -25.448425
VERTEX 47.022606 -28.000044 -47.022583
VERTEX 47.022606 -68.000046 -47.022583
VERTEX 25.448458 -28.000042 -61.437988
VERTEX 25.448458 -68.000046 -61.437988
VERTEX 0.000000 -28.000042 -66.500000
VERTEX 0.000000 -68.000046 -66.500000
VERTEX -25.448460 -28.000042 -61.437988
VERTEX -25.448460 -68.000046 -61.437988
VERTEX -47.022594 -28.000044 -47.022583
VERTEX -47.022594 -68.000046 -47.022583
VERTEX -61.437988 -28.000046 -25.448425
VERTEX -61.437988 -68.000046 -25.448425
VERTEX -66.500000 27.999952 0.000000
VERTEX -66.500000 67.999954 0.000000
VERTEX -61.437988 27.999954 -25.448425
VERTEX -61.437988 67.999954 -25.448425
VERTEX -47.022594 27.999956 -47.022583
VERTEX -47.022594 67.999954 -47.022583
VERTEX -25.448460 27.999958 -61.437988
VERTEX -25.448460 67.999954 -61.437988
VERTEX 0.000000 27.999958 -66.500000
VERTEX 0.000000 67.999954 -66.500000
VERTEX 25.448458 27.999958 -61.437988
VERTEX 25.448458 67.999954 -61.437988
VERTEX 47.022606 27.999956 -47.022583
VERTEX 47.022606 67.999954 -47.022583
VERTEX 61.437988 27.999954 -25.448425
VERTEX 61.437988 67.999954 -25.448425
VERTEX 66.500000 27.999952 0.000000
VERTEX 66.500000 67.999954 0.000000
VERTEX 61.437988 27.999950 25.448425
VERTEX 61.437988 67.999954 25.448425
VERTEX 47.022602 27.999949 47.022583
VERTEX 47.022602 67.999947 47.022583
VERTEX 25.448446 27.999949 61.437988
VERTEX 25.448446 67.999947 61.437988
VERTEX 0.000000 27.999949 66.500000
VERTEX 0.000000 67.999947 66.500000
VERTEX -25.448448 27.999949 61.437988
VERTEX -25.448448 67.999947 61.437988
VERTEX -47.022598 27.999949 47.022583
VERTEX -47.022598 67.999947 47.022583
VERTEX -61.437988 27.999950 25.448425
VERTEX -61.437988 67.999954 25.448425
VERTEX 66.500000 27.999952 0.000000
VERTEX 61.437988 27.999954 -25.448425
VERTEX 92.586929 27.999954 -23.277222
VERTEX 66.500000 65.999954 0.000000
VERTEX 92.586929 65.971451 -23.277222
VERTEX 61.437988 65.999954 -25.448425
VERTEX 66.500000 -28.000048 0.000000
VERTEX 66.500000 -66.000046 0.000000
VERTEX 92.593452 -66.000046 -23.388977
VERTEX 92.586929 -28.000046 -23.277283
VERTEX 61.437988 -28.000046 -25.448425
VERTEX 61.437988 -66.000046 -25.448425
VERTEX -101.789871 -58.768433 -452.012817
VERTEX -93.112213 -71.447525 -449.159729
VERTEX -73.051376 91.533379 -447.000000
VERTEX -73.051376 -91.533409 -447.000000
VERTEX -82.898071 -82.898087 -447.000000
VERTEX -86.543320 -78.741478 -447.000000
VERTEX -101.789879 58.768402 -452.012817
VERTEX -93.112213 71.447487 -449.159729
VERTEX -82.898071 82.898056 -447.000000
VERTEX -86.543320 78.741447 -447.000000
VERTEX -108.716316 -45.031776 -454.290100
VERTEX -108.716316 45.031757 -454.290100
VERTEX -113.760323 -30.482000 -455.948486
VERTEX -116.825829 -15.380429 -456.956390
VERTEX -113.760315 30.481972 -455.948486
VERTEX -117.854240 0.000000 -457.294495
VERTEX -116.825829 15.380404 -456.956360
VERTEX -73.051369 95.202393 -493.000000
VERTEX -84.852814 84.852806 -493.000000
VERTEX -95.202400 73.051361 -493.000000
VERTEX -103.923050 59.999985 -493.000000
VERTEX -110.865547 45.922001 -493.000000
VERTEX -115.911095 31.058279 -493.000000
VERTEX -118.973381 15.663139 -493.000000
VERTEX -120.000000 0.000000 -493.000000
VERTEX -118.973381 -15.663155 -493.000000
VERTEX -115.911102 -31.058294 -493.000000
VERTEX -110.865547 -45.922020 -493.000000
VERTEX -103.923042 -60.000019 -493.000000
VERTEX -95.202400 -73.051384 -493.000000
VERTEX -84.852814 -84.852821 -493.000000
VERTEX -73.051376 -95.202408 -493.000000
VERTEX 95.202400 73.051323 -117.837524
VERTEX 84.852814 84.852760 -114.801300
VERTEX 15.663130 118.973381 -480.013519
VERTEX 31.058296 115.911079 -441.276276
VERTEX 45.922020 110.865517 -377.451263
VERTEX 60.000004 103.923012 -289.630432
VERTEX 73.051376 95.202354 -179.316498
VERTEX 79.021164 89.966988 -113.090485
VERTEX 98.156044 68.630882 -118.704041
VERTEX 103.923042 59.999966 -217.521545
VERTEX 110.865547 45.921978 -336.481262
VERTEX 115.911102 31.058266 -422.936798
VERTEX 118.973381 15.663133 -475.408905
VERTEX 118.973381 -15.663161 -475.408905
VERTEX 115.911095 -31.058308 -422.936676
VERTEX 110.865547 -45.922043 -336.481262
VERTEX 98.156044 -68.630989 -118.704041
VERTEX 103.923050 -60.000038 -217.521667
VERTEX 0.000000 88.134354 -89.908142
VERTEX 60.000000 -103.923080 -289.630554
VERTEX 45.922012 -110.865570 -377.451385
VERTEX 31.058287 -115.911118 -441.276398
VERTEX 15.663143 -118.973389 -480.013489
VERTEX 0.000000 -88.134460 -89.908203
VERTEX 95.202400 -73.051422 -117.837524
VERTEX 84.852814 -84.852867 -114.801270
VERTEX 73.051369 -95.202446 -179.316498
VERTEX 79.021156 -89.967094 -113.090454
VERTEX 0.000000 -120.000008 -493.000000
VERTEX 15.663143 -118.973389 -493.000000
VERTEX 31.058287 -115.911110 -493.000000
VERTEX 45.922012 -110.865555 -493.000000
VERTEX 60.000000 -103.923058 -493.000000
VERTEX 73.051369 -95.202408 -493.000000
VERTEX 84.852814 -84.852821 -493.000000
VERTEX 95.202400 -73.051376 -493.000000
VERTEX 103.923050 -60.000008 -493.000000
VERTEX 110.865547 -45.922024 -493.000000
VERTEX 115.911095 -31.058298 -493.000000
VERTEX 118.973381 -15.663158 -493.000000
VERTEX 120.000000 0.000000 -493.000000
VERTEX 118.973381 15.663136 -493.000000
VERTEX 115.911102 31.058275 -493.000000
VERTEX 110.865547 45.921997 -493.000000
VERTEX 103.923042 59.999996 -493.000000
VERTEX 95.202400 73.051369 -493.000000
VERTEX 84.852814 84.852806 -493.000000
VERTEX 73.051376 95.202393 -493.000000
VERTEX 60.000004 103.923035 -493.000000
VERTEX 45.922020 110.865532 -493.000000
VERTEX 31.058296 115.911087 -493.000000
VERTEX 15.663130 118.973381 -493.000000
VERTEX 0.000000 119.999992 -493.000000
VERTEX -64.382408 83.904747 -256.040863
VERTEX -48.759674 84.454178 -118.921936
VERTEX -43.983814 84.006676 -77.004700
VERTEX -64.382408 -83.904823 -256.040924
VERTEX -80.970047 -80.970070 -401.628723
VERTEX -80.970047 80.970024 -401.628723
VERTEX -48.759678 -84.454285 -118.921967
VERTEX -43.983814 -84.006775 -77.004761
VERTEX -15.249543 -115.831902 -440.274323
VERTEX -28.030422 -104.610954 -298.331970
VERTEX -36.994663 -89.313065 -104.817200
VERTEX -37.636127 -87.261627 -78.866943
VERTEX -37.636124 87.261520 -78.866943
VERTEX -36.994659 89.312958 -104.817139
VERTEX -28.030416 104.610909 -298.332153
VERTEX -15.249554 115.831841 -440.273956
VERTEX 0.000000 88.134354 -89.908142
VERTEX 0.000000 -88.134460 -89.908203
VERTEX 0.000000 119.999992 -493.000000
VERTEX -15.663143 118.973373 -493.000000
VERTEX -31.058287 115.911095 -493.000000
VERTEX -45.922012 110.865540 -493.000000
VERTEX -60.000000 103.923042 -493.000000
VERTEX -73.051369 95.202393 -493.000000
VERTEX -84.852814 84.852806 -493.000000
VERTEX -91.380486 77.409416 -493.000000
VERTEX -91.380486 -77.409439 -493.000000
VERTEX -84.852814 -84.852821 -493.000000
VERTEX -73.051376 -95.202408 -493.000000
VERTEX -60.000004 -103.923050 -493.000000
VERTEX -45.922020 -110.865547 -493.000000
VERTEX -31.058296 -115.911102 -493.000000
VERTEX -15.663130 -118.973396 -493.000000
VERTEX 0.000000 -120.000008 -493.000000
VERTEX 63.261768 -66.000046 -17.417297
VERTEX 38.669292 -66.000038 -101.245422
VERTEX 38.669292 -88.929230 -101.245422
VERTEX 63.260590 65.999954 -17.421387
VERTEX 38.669296 88.929146 -101.245422
VERTEX 38.669292 65.999962 -101.245422
VERTEX 0.001917 65.999962 -89.901611
VERTEX 12.587857 -28.000044 -47.000000
VERTEX 25.335390 64.410378 -3.547729
VERTEX 25.335434 27.999952 -3.547791
VERTEX 92.586929 27.999954 -23.277222
VERTEX 92.586929 65.971451 -23.277222
VERTEX 25.335400 -28.000048 -3.547791
VERTEX 25.335390 -64.410477 -3.547791
VERTEX 92.586929 -65.971550 -23.277283
VERTEX 92.586929 -28.000046 -23.277283
VERTEX 0.001917 -66.000038 -89.901672
VERTEX 0.001915 88.031593 -89.901611
VERTEX 0.000000 88.033379 -89.908142
VERTEX 0.000000 -66.000031 -89.908203
VERTEX 0.000000 -88.033470 -89.908203
VERTEX 0.001924 -88.031662 -89.901672
VERTEX 12.587900 27.999956 -47.000000
VERTEX 93.971390 27.999956 -47.000000
VERTEX 93.971390 -28.000044 -47.000000
VERTEX 23.630589 65.999954 -9.358887
VERTEX 23.630569 -66.000046 -9.358887
VERTEX 63.260582 -66.000046 -17.421387
VERTEX 98.151123 -68.671211 -118.619781
VERTEX 94.814140 -69.246956 -61.440552
VERTEX 93.573769 -69.285522 -61.076660
VERTEX 78.372581 -69.285515 -112.892883
VERTEX 98.130730 -68.671211 -118.689301
VERTEX 42.823784 -89.129684 -102.867188
VERTEX 42.823784 -89.025658 -102.464233
VERTEX -0.107927 -88.134094 -90.276123
VERTEX 84.854813 -84.852837 -114.794586
VERTEX 84.852814 -84.852867 -114.801270
VERTEX 95.202400 -73.051422 -117.837524
VERTEX 95.204376 -73.051422 -117.830780
VERTEX 98.128769 -68.671799 -118.696045
VERTEX 98.155609 -68.634590 -118.696594
VERTEX 98.156044 -68.630974 -118.704041
VERTEX 42.823784 -89.025970 -102.465454
VERTEX 78.961700 -89.864456 -113.065735
VERTEX 79.135559 -89.868492 -113.116730
VERTEX 84.854286 -84.852867 -114.796265
VERTEX 95.204857 -73.051422 -117.829163
VERTEX 92.593452 -66.000046 -23.388977
VERTEX 93.756866 -75.681526 -61.130371
VERTEX 53.870785 -74.755196 -49.428284
VERTEX 94.814140 -75.705772 -61.440552
VERTEX 79.131546 -89.870285 -113.122833
VERTEX 78.915543 -89.966660 -113.452271
VERTEX 78.961700 89.864380 -113.065735
VERTEX 78.372581 69.285439 -112.892883
VERTEX 93.573769 69.285431 -61.076660
VERTEX 93.756859 75.681129 -61.130371
VERTEX 98.130730 68.671135 -118.689301
VERTEX 98.151131 68.671135 -118.619781
VERTEX 94.814140 69.246864 -61.440552
VERTEX 94.814140 75.705681 -61.440552
VERTEX 79.135551 89.868408 -113.116730
VERTEX 84.854767 84.852783 -114.794556
VERTEX 95.205589 73.049934 -117.831146
VERTEX 93.756844 -75.680641 -61.130371
VERTEX 95.206581 -73.048897 -117.831451
VERTEX 93.971390 -69.392357 -47.000000
VERTEX 93.971390 -72.022469 -47.000000
VERTEX 93.971390 72.022377 -47.000000
VERTEX -0.107939 88.134018 -90.276123
VERTEX 98.156044 47.465992 -118.704041
VERTEX 64.002762 65.307945 -14.891541
VERTEX 78.915535 89.966583 -113.452271
VERTEX 84.852814 84.852760 -114.801300
VERTEX 79.131508 89.870216 -113.122864
VERTEX 53.870789 74.755104 -49.428284
VERTEX 93.971390 69.392265 -47.000000
VERTEX 98.155602 68.634544 -118.696503
VERTEX 98.156044 68.630890 -118.704041
VERTEX 98.128769 68.671715 -118.696045
VERTEX 95.202400 73.051323 -117.837524
VERTEX 95.204376 73.051323 -117.830780
VERTEX 84.854431 84.852760 -114.795776
VERTEX -35.181377 -66.000038 -47.000000
VERTEX -35.181389 65.999947 -47.000000
VERTEX 0.000000 -88.033470 -89.908203
VERTEX 0.000000 88.033379 -89.908142
VERTEX -18.648396 27.999952 9.355652
VERTEX 25.335394 27.999952 -3.547729
VERTEX -18.648420 -28.000048 9.355652
VERTEX 25.335402 -28.000048 -3.547791
VERTEX 12.587872 27.999956 -47.000000
VERTEX -35.181355 27.999956 -47.000000
VERTEX -35.181408 -28.000044 -47.000000
VERTEX 12.587893 -28.000044 -47.000000
VERTEX -21.445667 -66.000038 -0.188354
VERTEX -43.981899 -66.000031 -76.998230
VERTEX -43.981899 84.006676 -76.998169
VERTEX -43.983814 84.006676 -77.004700
VERTEX -37.843971 87.154945 -78.805969
VERTEX -37.845715 87.153069 -78.798340
VERTEX -37.745544 87.261200 -79.237671
VERTEX -0.107942 88.134018 -90.276123
VERTEX 0.001914 88.031593 -89.901611
VERTEX -18.648422 63.389404 9.355713
VERTEX 25.335392 64.410370 -3.547729
VERTEX -43.981895 65.999954 -76.998169
VERTEX 0.001916 65.999962 -89.901611
VERTEX 23.630583 65.999954 -9.358887
VERTEX -21.448196 65.999947 -0.187866
VERTEX -37.844036 -87.155022 -78.805969
VERTEX -43.983814 -84.006775 -77.004761
VERTEX -43.981895 -84.006775 -76.998230
VERTEX -18.648422 -63.389515 9.355652
VERTEX 25.335392 -64.410477 -3.547791
VERTEX -21.448191 -66.000038 -0.187866
VERTEX 0.001919 -88.031677 -89.901672
VERTEX -0.107930 -88.134094 -90.276123
VERTEX -37.745628 -87.261276 -79.237671
VERTEX -37.845825 -87.153122 -78.798340
VERTEX 23.630589 -66.000046 -9.358948
VERTEX 23.607651 -66.000046 -9.354248
VERTEX 23.595045 -66.000046 -9.351685
VERTEX 0.001917 -66.000038 -89.901672
VERTEX 23.590429 -66.000046 -9.350769
POLYGON 4
0
30
31
1
POLYGON 4
30
28
29
31
POLYGON 4
28
26
27
29
POLYGON 4
26
24
25
27
POLYGON 4
24
22
23
25
POLYGON 4
22
20
21
23
POLYGON 4
20
18
19
21
POLYGON 4
18
16
17
19
POLYGON 4
16
14
15
17
POLYGON 4
14
12
13
15
POLYGON 4
12
10
11
13
POLYGON 4
10
8
9
11
POLYGON 4
8
6
7
9
POLYGON 4
6
4
5
7
POLYGON 4
4
2
3
5
POLYGON 4
2
0
1
3
POLYGON 16
0
2
4
6
8
10
12
14
16
18
20
22
24
26
28
30
POLYGON 4
32
62
63
33
POLYGON 4
62
60
61
63
POLYGON 4
60
58
59
61
POLYGON 4
58
56
57
59
POLYGON 4
56
54
55
57
POLYGON 4
54
52
53
55
POLYGON 4
52
50
51
53
POLYGON 4
50
48
49
51
POLYGON 4
48
46
47
49
POLYGON 4
46
44
45
47
POLYGON 4
44
42
43
45
POLYGON 4
42
40
41
43
POLYGON 4
40
38
39
41
POLYGON 4
38
36
37
39
POLYGON 4
36
34
35
37
POLYGON 4
34
32
33
35
POLYGON 16
32
34
36
38
40
42
44
46
48
50
52
54
56
58
60
62
POLYGON 3
64
65
66
POLYGON 3
67
68
69
POLYGON 4
67
64
66
68
POLYGON 3
70
73
74
POLYGON 3
72
71
75
POLYGON 4
70
71
72
73
POLYGON 4
78
93
94
84
POLYGON 4
79
80
106
107
POLYGON 4
86
103
104
76
POLYGON 4
76
104
105
77
POLYGON 4
82
96
97
87
POLYGON 4
83
95
96
82
POLYGON 4
88
102
103
86
POLYGON 4
87
97
98
90
POLYGON 4
89
101
102
88
POLYGON 4
91
100
101
89
POLYGON 4
90
98
99
92
POLYGON 4
92
99
100
91
POLYGON 13
85
83
82
87
90
92
91
89
88
86
76
77
81
POLYGON 5
81
77
105
106
80
POLYGON 6
81
80
79
78
84
85
POLYGON 5
85
84
94
95
83
POLYGON 15
107
106
105
104
103
102
101
100
99
98
97
96
95
94
93
POLYGON 3
136
137
130
POLYGON 3
121
147
148
POLYGON 3
110
159
160
POLYGON 3
148
149
120
POLYGON 4
133
142
143
132
POLYGON 4
108
153
154
109
POLYGON 4
127
140
141
134
POLYGON 4
128
139
140
127
POLYGON 4
129
138
139
128
POLYGON 4
130
137
138
129
POLYGON 4
125
144
145
123
POLYGON 4
123
145
146
122
POLYGON 4
122
146
147
121
POLYGON 4
111
158
159
110
POLYGON 4
112
157
158
111
POLYGON 4
113
156
157
112
POLYGON 4
114
155
156
113
POLYGON 4
120
149
150
119
POLYGON 4
119
150
151
118
POLYGON 4
118
151
152
117
POLYGON 25
160
159
158
157
156
155
154
153
152
151
150
149
148
147
146
145
144
143
142
141
140
139
138
137
136
POLYGON 5
135
134
141
142
133
POLYGON 8
135
131
136
130
129
128
127
134
POLYGON 5
132
143
144
125
124
POLYGON 11
123
122
121
148
120
119
118
117
116
124
125
POLYGON 8
126
115
114
113
112
111
110
160
POLYGON 5
109
154
155
114
115
POLYGON 5
116
117
152
153
108
POLYGON 10
131
135
133
132
124
116
108
109
115
126
POLYGON 3
187
188
165
POLYGON 3
166
185
186
POLYGON 3
169
193
194
POLYGON 3
179
180
176
POLYGON 4
164
189
190
167
POLYGON 4
165
188
189
164
POLYGON 4
162
183
184
161
POLYGON 4
161
184
185
166
POLYGON 4
171
191
192
170
POLYGON 4
170
192
193
169
POLYGON 4
175
181
182
174
POLYGON 4
176
180
181
175
POLYGON 16
194
193
192
191
190
189
188
187
186
185
184
183
182
181
180
179
POLYGON 6
177
179
176
175
174
173
POLYGON 6
178
172
171
170
169
194
POLYGON 6
168
167
190
191
171
172
POLYGON 10
166
186
187
165
164
167
168
163
162
161
POLYGON 6
173
174
182
183
162
163
POLYGON 6
172
178
177
173
163
168
POLYGON 3
195
196
197
POLYGON 3
198
199
200
POLYGON 3
236
223
227
POLYGON 3
238
239
229
POLYGON 3
240
241
231
POLYGON 3
231
234
242
POLYGON 3
253
254
273
POLYGON 3
266
274
273
POLYGON 4
207
208
209
210
POLYGON 4
211
212
213
214
POLYGON 4
211
214
215
216
POLYGON 4
205
204
217
218
POLYGON 4
202
207
210
219
POLYGON 4
219
218
217
202
POLYGON 4
220
198
200
201
POLYGON 4
221
211
196
222
POLYGON 4
228
229
216
230
POLYGON 4
231
232
233
234
POLYGON 4
227
234
233
235
POLYGON 4
236
227
235
237
POLYGON 4
208
221
243
209
POLYGON 4
197
239
244
245
POLYGON 4
246
243
222
245
POLYGON 4
247
232
241
240
POLYGON 4
238
228
248
240
POLYGON 4
249
252
251
250
POLYGON 4
252
256
255
251
POLYGON 4
226
225
260
239
POLYGON 4
246
244
225
224
POLYGON 4
211
216
197
196
POLYGON 4
199
212
201
200
POLYGON 4
224
262
263
246
POLYGON 4
219
210
209
263
POLYGON 4
257
258
269
270
POLYGON 4
255
256
264
272
POLYGON 4
253
273
274
275
POLYGON 4
253
275
276
277
POLYGON 4
205
218
264
206
POLYGON 4
199
271
252
249
POLYGON 4
220
203
267
198
POLYGON 4
257
268
265
212
POLYGON 4
256
271
267
206
POLYGON 4
203
204
205
206
POLYGON 5
223
224
225
226
227
POLYGON 5
253
250
251
255
254
POLYGON 6
250
253
259
258
257
249
POLYGON 6
240
231
261
227
226
239
POLYGON 6
262
223
237
273
254
272
POLYGON 5
276
269
278
258
277
POLYGON 3
317
319
316
POLYGON 4
292
279
280
302
POLYGON 4
320
319
317
318
POLYGON 4
284
301
300
283
POLYGON 4
310
286
285
309
POLYGON 4
282
299
312
281
POLYGON 4
293
294
307
308
POLYGON 4
290
287
288
289
POLYGON 4
296
295
294
293
POLYGON 4
299
298
297
296
POLYGON 4
301
304
305
300
POLYGON 4
305
304
303
302
POLYGON 4
315
308
307
306
POLYGON 4
311
316
310
309
POLYGON 4
315
314
313
312
POLYGON 5
289
279
311
309
285
POLYGON 5
305
280
288
283
300
POLYGON 5
292
308
315
312
319
POLYGON 5
299
296
293
302
303
POLYGON 5
311
292
319
320
291
NULL
