VERTEX 61.437988 -67.999954 25.448425
VERTEX 47.022598 -67.999947 47.022583
VERTEX 25.448448 -67.999947 61.437988
VERTEX 0.000000 -67.999947 66.500000
VERTEX -25.448446 -67.999947 61.437988
VERTEX -47.022602 -67.999947 47.022583
VERTEX -61.437988 -67.999954 25.448425
VERTEX -66.500000 -67.999954 0.000000
VERTEX -61.437988 -67.999954 -25.448425
VERTEX -47.022606 -67.999954 -47.022583
VERTEX -25.448458 -67.999954 -61.437988
VERTEX 0.000000 -67.999954 -66.500000
VERTEX 25.448460 -67.999954 -61.437988
VERTEX 47.022594 -67.999954 -47.022583
VERTEX 61.437988 -67.999954 -25.448425
VERTEX 66.500000 -67.999954 0.000000
VERTEX 61.437988 68.000046 -25.448425
VERTEX 47.022594 68.000046 -47.022583
VERTEX 25.448460 68.000046 -61.437988
VERTEX 0.000000 68.000046 -66.500000
VERTEX -25.448458 68.000046 -61.437988
VERTEX -47.022606 68.000046 -47.022583
VERTEX -61.437988 68.000046 -25.448425
VERTEX -66.500000 68.000046 0.000000
VERTEX -61.437988 68.000046 25.448425
VERTEX -47.022602 68.000053 47.022583
VERTEX -25.448446 68.000053 61.437988
VERTEX 0.000000 68.000053 66.500000
VERTEX 25.448448 68.000053 61.437988
VERTEX 47.022598 68.000053 47.022583
VERTEX 61.437988 68.000046 25.448425
VERTEX 66.500000 68.000046 0.000000
POLYGON 16
15
0
1
2
3
4
5
6
7
8
9
10
11
12
13
14
POLYGON 16
31
16
17
18
19
20
21
22
23
24
25
26
27
28
29
30
NULL
