VERTEX -66.500000 67.999954 0.000000
VERTEX -61.437988 67.999954 -25.448425
VERTEX -47.022594 67.999954 -47.022583
VERTEX -25.448460 67.999954 -61.437988
VERTEX 0.000000 67.999954 -66.500000
VERTEX 25.448458 67.999954 -61.437988
VERTEX 47.022606 67.999954 -47.022583
VERTEX 61.437988 67.999954 -25.448425
VERTEX 66.500000 67.999954 0.000000
VERTEX 61.437988 67.999954 25.448425
VERTEX 47.022602 67.999947 47.022583
VERTEX 25.448446 67.999947 61.437988
VERTEX 0.000000 67.999947 66.500000
VERTEX -25.448448 67.999947 61.437988
VERTEX -47.022598 67.999947 47.022583
VERTEX -61.437988 67.999954 25.448425
VERTEX -66.500000 -68.000046 0.000000
VERTEX -61.437988 -68.000046 25.448425
VERTEX -47.022598 -68.000053 47.022583
VERTEX -25.448448 -68.000053 61.437988
VERTEX 0.000000 -68.000053 66.500000
VERTEX 25.448446 -68.000053 61.437988
VERTEX 47.022602 -68.000053 47.022583
VERTEX 61.437988 -68.000046 25.448425
VERTEX 66.500000 -68.000046 0.000000
VERTEX 61.437988 -68.000046 -25.448425
VERTEX 47.022606 -68.000046 -47.022583
VERTEX 25.448458 -68.000046 -61.437988
VERTEX 0.000000 -68.000046 -66.500000
VERTEX -25.448460 -68.000046 -61.437988
VERTEX -47.022594 -68.000046 -47.022583
VERTEX -61.437988 -68.000046 -25.448425
POLYGON 16
0
15
14
13
12
11
10
9
8
7
6
5
4
3
2
1
POLYGON 16
16
31
30
29
28
27
26
25
24
23
22
21
20
19
18
17
NULL
