VERTEX 16.697309 0.000000 25.999998
VERTEX 16.697309 75.000000 25.999998
VERTEX -16.697308 75.000000 25.999998
VERTEX -16.697308 0.000000 25.999998
VERTEX -29.102203 0.000000 12.054533
VERTEX -22.273867 0.000000 22.273861
VERTEX -22.273867 95.000000 22.273861
VERTEX -29.102203 95.000000 12.054533
VERTEX -31.500000 0.000000 0.000000
VERTEX -31.500000 95.000000 0.000000
VERTEX 29.102205 0.000000 12.054528
VERTEX 31.500000 0.000000 0.000000
VERTEX 31.500000 95.000000 0.000000
VERTEX 29.102205 95.000000 12.054528
VERTEX 22.273865 0.000000 22.273863
VERTEX 22.273865 95.000000 22.273863
VERTEX 0.000000 80.500000 31.500000
VERTEX 12.054526 78.102234 29.102205
VERTEX 12.054528 95.000000 29.102205
VERTEX 0.000000 95.000000 31.500000
VERTEX -12.054525 78.102234 29.102205
VERTEX -12.054527 95.000000 29.102205
VERTEX -22.273867 71.273804 22.273861
VERTEX 22.273865 78.726196 22.273863
VERTEX -29.102203 0.000000 -12.054532
VERTEX -22.273863 0.000000 -22.273865
VERTEX -16.697309 0.000000 -25.999998
VERTEX 16.697302 0.000000 -26.000002
VERTEX 22.273863 0.000000 -22.273863
VERTEX 29.102205 0.000000 -12.054527
VERTEX 12.054527 78.102173 -29.102205
VERTEX 0.000000 80.500000 -31.500000
VERTEX -12.054528 78.102173 -29.102203
VERTEX -16.697309 75.000000 -25.999998
VERTEX 16.697302 75.000000 -26.000002
VERTEX 29.102205 95.000000 -12.054527
VERTEX 22.273863 95.000000 -22.273863
VERTEX 12.054530 95.000000 -29.102205
VERTEX 0.000000 95.000000 -31.500000
VERTEX -12.054528 95.000000 -29.102205
VERTEX -22.273863 95.000000 -22.273865
VERTEX -29.102203 95.000000 -12.054532
VERTEX -22.273863 71.273865 -22.273865
VERTEX 22.273863 71.273926 -22.273863
VERTEX 35.000000 0.000000 -28.000000
VERTEX 35.000000 0.000000 28.000000
VERTEX 32.335785 -13.393920 -28.000000
VERTEX 32.335785 -13.393920 28.000000
VERTEX 24.748734 -24.748741 -28.000000
VERTEX 24.748734 -24.748741 28.000000
VERTEX 13.393926 -32.335781 -28.000000
VERTEX 13.393926 -32.335781 28.000000
VERTEX 0.000000 -35.000000 -28.000000
VERTEX 0.000000 -35.000000 28.000000
VERTEX -13.393925 -32.335781 -28.000000
VERTEX -13.393925 -32.335781 28.000000
VERTEX -24.748739 -24.748735 -28.000000
VERTEX -24.748739 -24.748735 28.000000
VERTEX -32.335785 -13.393921 -28.000000
VERTEX -32.335785 -13.393921 28.000000
VERTEX -35.000000 0.000000 -28.000000
VERTEX -35.000000 0.000000 28.000000
VERTEX -32.335781 13.393923 -28.000000
VERTEX -32.335781 13.393923 28.000000
VERTEX -24.748737 24.748737 -28.000000
VERTEX -24.748737 24.748737 28.000000
VERTEX -13.393919 32.335785 -28.000000
VERTEX -13.393919 32.335785 28.000000
VERTEX 0.000000 35.000000 -28.000000
VERTEX 0.000000 35.000000 28.000000
VERTEX 13.393920 32.335785 -28.000000
VERTEX 13.393920 32.335785 28.000000
VERTEX 24.748737 24.748737 -28.000000
VERTEX 24.748737 24.748737 28.000000
VERTEX 32.335785 13.393921 -28.000000
VERTEX 32.335785 13.393921 28.000000
POLYGON 4
43
30
37
36
POLYGON 4
42
40
39
32
POLYGON 4
34
43
28
27
POLYGON 4
42
33
26
25
POLYGON 4
30
31
38
37
POLYGON 4
31
32
39
38
POLYGON 4
11
29
35
12
POLYGON 4
29
28
36
35
POLYGON 4
25
24
41
40
POLYGON 4
24
8
9
41
POLYGON 4
27
26
33
34
POLYGON 4
0
14
23
1
POLYGON 4
20
21
6
22
POLYGON 4
22
5
3
2
POLYGON 4
20
16
19
21
POLYGON 4
16
17
18
19
POLYGON 4
14
10
13
15
POLYGON 4
10
11
12
13
POLYGON 4
8
4
7
9
POLYGON 4
4
5
6
7
POLYGON 4
0
1
2
3
POLYGON 5
20
2
1
17
16
POLYGON 16
19
18
15
13
12
35
36
37
38
39
40
41
9
7
6
21
POLYGON 5
30
34
33
32
31
POLYGON 5
18
17
1
23
15
POLYGON 4
46
44
45
47
POLYGON 4
48
46
47
49
POLYGON 4
50
48
49
51
POLYGON 4
52
50
51
53
POLYGON 4
54
52
53
55
POLYGON 4
56
54
55
57
POLYGON 4
58
56
57
59
POLYGON 4
60
58
59
61
POLYGON 4
62
60
61
63
POLYGON 4
64
62
63
65
POLYGON 4
66
64
65
67
POLYGON 4
68
66
67
69
POLYGON 4
70
68
69
71
POLYGON 4
72
70
71
73
POLYGON 4
74
72
73
75
POLYGON 4
44
74
75
45
POLYGON 16
45
75
73
71
69
67
65
63
61
59
57
55
53
51
49
47
POLYGON 16
44
46
48
50
52
54
56
58
60
62
64
66
68
70
72
74
NULL
