VERTEX 31.500000 0.000000 110.000000
VERTEX 31.500000 0.000000 95.000000
VERTEX 29.102205 12.054528 110.000000
VERTEX 29.102205 12.054528 95.000000
VERTEX 22.273863 22.273865 110.000000
VERTEX 22.273863 22.273865 95.000000
VERTEX 12.054528 29.102205 110.000000
VERTEX 12.054528 29.102205 95.000000
VERTEX 0.000000 31.500000 110.000000
VERTEX 0.000000 31.500000 95.000000
VERTEX -12.054527 29.102205 110.000000
VERTEX -12.054527 29.102205 95.000000
VERTEX -22.273863 22.273863 110.000000
VERTEX -22.273863 22.273863 95.000000
VERTEX -29.102205 12.054530 110.000000
VERTEX -29.102205 12.054530 95.000000
VERTEX -31.500000 0.000000 110.000000
VERTEX -31.500000 0.000000 95.000000
VERTEX -29.102205 -12.054528 110.000000
VERTEX -29.102205 -12.054528 95.000000
VERTEX -22.273865 -22.273863 110.000000
VERTEX -22.273865 -22.273863 95.000000
VERTEX -12.054532 -29.102203 110.000000
VERTEX -12.054532 -29.102203 95.000000
VERTEX 0.000000 -31.500000 110.000000
VERTEX 0.000000 -31.500000 95.000000
VERTEX 12.054533 -29.102203 110.000000
VERTEX 12.054533 -29.102203 95.000000
VERTEX 22.273861 -22.273867 110.000000
VERTEX 22.273861 -22.273867 95.000000
VERTEX 29.102205 -12.054527 110.000000
VERTEX 29.102205 -12.054527 95.000000
POLYGON 4
0
30
31
1
POLYGON 4
30
28
29
31
POLYGON 4
28
26
27
29
POLYGON 4
26
24
25
27
POLYGON 4
24
22
23
25
POLYGON 4
22
20
21
23
POLYGON 4
20
18
19
21
POLYGON 4
18
16
17
19
POLYGON 4
16
14
15
17
POLYGON 4
14
12
13
15
POLYGON 4
12
10
11
13
POLYGON 4
10
8
9
11
POLYGON 4
8
6
7
9
POLYGON 4
6
4
5
7
POLYGON 4
4
2
3
5
POLYGON 4
2
0
1
3
POLYGON 16
0
2
4
6
8
10
12
14
16
18
20
22
24
26
28
30
POLYGON 16
1
31
29
27
25
23
21
19
17
15
13
11
9
7
5
3
NULL
