VERTEX 30.956249 0.000000 30.162500
VERTEX 30.956249 0.000000 65.087502
VERTEX 28.599846 -11.846443 30.162500
VERTEX 28.599846 -11.846443 65.087502
VERTEX 21.889370 -21.889378 30.162500
VERTEX 21.889370 -21.889378 65.087502
VERTEX 11.846449 -28.599844 30.162500
VERTEX 11.846449 -28.599844 65.087502
VERTEX 0.000000 -30.956249 30.162500
VERTEX 0.000000 -30.956249 65.087502
VERTEX -11.846448 -28.599844 30.162500
VERTEX -11.846448 -28.599844 65.087502
VERTEX -21.889376 -21.889372 30.162500
VERTEX -21.889376 -21.889372 65.087502
VERTEX -28.599846 -11.846444 30.162500
VERTEX -28.599846 -11.846444 65.087502
VERTEX -30.956249 0.000000 30.162500
VERTEX -30.956249 0.000000 65.087502
VERTEX -28.599844 11.846446 30.162500
VERTEX -28.599844 11.846446 65.087502
VERTEX -21.889374 21.889374 30.162500
VERTEX -21.889374 21.889374 65.087502
VERTEX -11.846443 28.599846 30.162500
VERTEX -11.846443 28.599846 65.087502
VERTEX 0.000000 30.956249 30.162500
VERTEX 0.000000 30.956249 65.087502
VERTEX 11.846443 28.599846 30.162500
VERTEX 11.846443 28.599846 65.087502
VERTEX 21.889374 21.889374 30.162500
VERTEX 21.889374 21.889374 65.087502
VERTEX 28.599846 11.846444 30.162500
VERTEX 28.599846 11.846444 65.087502
VERTEX 15.875000 0.000000 65.087502
VERTEX 15.875000 0.000000 84.137497
VERTEX 14.666588 -6.075099 65.087502
VERTEX 14.666588 -6.075099 84.137497
VERTEX 11.225319 -11.225322 65.087502
VERTEX 11.225319 -11.225322 84.137497
VERTEX 6.075102 -14.666587 65.087502
VERTEX 6.075102 -14.666587 84.137497
VERTEX 0.000000 -15.875000 65.087502
VERTEX 0.000000 -15.875000 84.137497
VERTEX -6.075102 -14.666587 65.087502
VERTEX -6.075102 -14.666587 84.137497
VERTEX -11.225321 -11.225319 65.087502
VERTEX -11.225321 -11.225319 84.137497
VERTEX -14.666588 -6.075099 65.087502
VERTEX -14.666588 -6.075099 84.137497
VERTEX -15.875000 0.000000 65.087502
VERTEX -15.875000 0.000000 84.137497
VERTEX -14.666587 6.075100 65.087502
VERTEX -14.666587 6.075100 84.137497
VERTEX -11.225320 11.225320 65.087502
VERTEX -11.225320 11.225320 84.137497
VERTEX -6.075099 14.666588 65.087502
VERTEX -6.075099 14.666588 84.137497
VERTEX 0.000000 15.875000 65.087502
VERTEX 0.000000 15.875000 84.137497
VERTEX 6.075099 14.666588 65.087502
VERTEX 6.075099 14.666588 84.137497
VERTEX 11.225320 11.225321 65.087502
VERTEX 11.225320 11.225321 84.137497
VERTEX 14.666588 6.075099 65.087502
VERTEX 14.666588 6.075099 84.137497
VERTEX 46.831249 0.000000 0.000000
VERTEX 46.831249 0.000000 30.162500
VERTEX 43.266434 -17.921543 0.000000
VERTEX 43.266434 -17.921543 30.162500
VERTEX 33.114689 -33.114700 0.000000
VERTEX 33.114689 -33.114700 30.162500
VERTEX 17.921551 -43.266430 0.000000
VERTEX 17.921551 -43.266430 30.162500
VERTEX 0.000000 -46.831249 0.000000
VERTEX 0.000000 -46.831249 30.162500
VERTEX -17.921549 -43.266430 0.000000
VERTEX -17.921549 -43.266430 30.162500
VERTEX -33.114697 -33.114693 0.000000
VERTEX -33.114697 -33.114693 30.162500
VERTEX -43.266434 -17.921543 0.000000
VERTEX -43.266434 -17.921543 30.162500
VERTEX -46.831249 0.000000 0.000000
VERTEX -46.831249 0.000000 30.162500
VERTEX -43.266430 17.921547 0.000000
VERTEX -43.266430 17.921547 30.162500
VERTEX -33.114693 33.114693 0.000000
VERTEX -33.114693 33.114693 30.162500
VERTEX -17.921541 43.266434 0.000000
VERTEX -17.921541 43.266434 30.162500
VERTEX 0.000000 46.831249 0.000000
VERTEX 0.000000 46.831249 30.162500
VERTEX 17.921543 43.266434 0.000000
VERTEX 17.921543 43.266434 30.162500
VERTEX 33.114693 33.114697 0.000000
VERTEX 33.114693 33.114697 30.162500
VERTEX 43.266434 17.921543 0.000000
VERTEX 43.266434 17.921543 30.162500
POLYGON 4
0
30
31
1
POLYGON 4
30
28
29
31
POLYGON 4
28
26
27
29
POLYGON 4
26
24
25
27
POLYGON 4
24
22
23
25
POLYGON 4
22
20
21
23
POLYGON 4
20
18
19
21
POLYGON 4
18
16
17
19
POLYGON 4
16
14
15
17
POLYGON 4
14
12
13
15
POLYGON 4
12
10
11
13
POLYGON 4
10
8
9
11
POLYGON 4
8
6
7
9
POLYGON 4
6
4
5
7
POLYGON 4
4
2
3
5
POLYGON 4
2
0
1
3
POLYGON 16
1
31
29
27
25
23
21
19
17
15
13
11
9
7
5
3
POLYGON 4
32
62
63
33
POLYGON 4
62
60
61
63
POLYGON 4
60
58
59
61
POLYGON 4
58
56
57
59
POLYGON 4
56
54
55
57
POLYGON 4
54
52
53
55
POLYGON 4
52
50
51
53
POLYGON 4
50
48
49
51
POLYGON 4
48
46
47
49
POLYGON 4
46
44
45
47
POLYGON 4
44
42
43
45
POLYGON 4
42
40
41
43
POLYGON 4
40
38
39
41
POLYGON 4
38
36
37
39
POLYGON 4
36
34
35
37
POLYGON 4
34
32
33
35
POLYGON 16
33
63
61
59
57
55
53
51
49
47
45
43
41
39
37
35
POLYGON 4
66
64
65
67
POLYGON 4
68
66
67
69
POLYGON 4
70
68
69
71
POLYGON 4
72
70
71
73
POLYGON 4
74
72
73
75
POLYGON 4
76
74
75
77
POLYGON 4
78
76
77
79
POLYGON 4
80
78
79
81
POLYGON 4
82
80
81
83
POLYGON 4
84
82
83
85
POLYGON 4
86
84
85
87
POLYGON 4
88
86
87
89
POLYGON 4
90
88
89
91
POLYGON 4
92
90
91
93
POLYGON 4
94
92
93
95
POLYGON 4
64
94
95
65
POLYGON 16
65
95
93
91
89
87
85
83
81
79
77
75
73
71
69
67
POLYGON 16
64
66
68
70
72
74
76
78
80
82
84
86
88
90
92
94
NULL
