VERTEX 6251.575195 38.099998 2444.750000
VERTEX 6251.575195 3781.425049 2444.750000
VERTEX 6213.475098 3781.425049 2444.750000
VERTEX 6213.475098 38.099998 2444.750000
VERTEX 6251.575195 38.099998 2463.800049
VERTEX 6213.475098 38.099998 2463.800049
VERTEX 6213.475098 3781.425049 2463.800049
VERTEX 6251.575195 3781.425049 2463.800049
VERTEX 6251.575195 38.099998 0.000000
VERTEX 6251.575195 3781.425049 0.000000
VERTEX 6213.475098 3781.425049 0.000000
VERTEX 6213.475098 38.099998 0.000000
VERTEX 6251.575195 38.099998 19.049999
VERTEX 6213.475098 38.099998 19.049999
VERTEX 6213.475098 3781.425049 19.049999
VERTEX 6251.575195 3781.425049 19.049999
VERTEX 0.000000 38.099998 2444.750000
VERTEX -0.000164 3781.425049 2444.750000
VERTEX -38.100163 3781.425049 2444.750000
VERTEX -38.099998 38.099998 2444.750000
VERTEX 0.000000 38.099998 2463.800049
VERTEX -38.099998 38.099998 2463.800049
VERTEX -38.100163 3781.425049 2463.800049
VERTEX -0.000164 3781.425049 2463.800049
VERTEX 0.000000 38.099998 0.000000
VERTEX -0.000164 3781.425049 0.000000
VERTEX -38.100163 3781.425049 0.000000
VERTEX -38.099998 38.099998 0.000000
VERTEX 0.000000 38.099998 19.049999
VERTEX -38.099998 38.099998 19.049999
VERTEX -38.100163 3781.425049 19.049999
VERTEX -0.000164 3781.425049 19.049999
VERTEX 0.000000 0.000000 2463.800049
VERTEX 6213.475098 0.000000 2463.800049
VERTEX 6213.475098 38.099998 2463.800049
VERTEX 0.000000 38.099998 2463.800049
VERTEX 0.000000 0.000000 2444.750000
VERTEX 6213.475098 0.000000 2444.750000
VERTEX 6213.475098 38.099998 2444.750000
VERTEX 0.000000 38.099998 2444.750000
VERTEX 0.000000 0.000000 0.000000
VERTEX 6213.475098 0.000000 0.000000
VERTEX 6213.475098 38.099998 0.000000
VERTEX 0.000000 38.099998 0.000000
VERTEX 0.000000 0.000000 19.049999
VERTEX 0.000000 38.099998 19.049999
VERTEX 6213.475098 38.099998 19.049999
VERTEX 6213.475098 0.000000 19.049999
VERTEX 6251.575195 3743.324951 2444.750000
VERTEX 6251.575195 3781.425049 2444.750000
VERTEX 6213.475098 3781.425049 2444.750000
VERTEX 6213.475098 3743.324951 2444.750000
VERTEX 6213.475098 3781.425049 19.049999
VERTEX 6251.575195 3781.425049 19.049999
VERTEX 6251.575195 3743.324951 19.049999
VERTEX 6213.475098 3743.324951 19.049999
VERTEX 6213.475098 2508.250000 19.049999
VERTEX 6251.575195 2508.250000 19.049999
VERTEX 6251.575195 2546.350098 19.049999
VERTEX 6213.475098 2546.350098 19.049999
VERTEX 6213.475098 2508.250000 2444.750000
VERTEX 6213.475098 2546.350098 2444.750000
VERTEX 6251.575195 2546.350098 2444.750000
VERTEX 6251.575195 2508.250000 2444.750000
VERTEX 6251.575195 1273.174927 2444.750000
VERTEX 6251.575195 1311.274902 2444.750000
VERTEX 6213.475098 1311.274902 2444.750000
VERTEX 6213.475098 1273.174927 2444.750000
VERTEX 6213.475098 1311.274902 19.049999
VERTEX 6251.575195 1311.274902 19.049999
VERTEX 6251.575195 1273.174927 19.049999
VERTEX 6213.475098 1273.174927 19.049999
VERTEX 6213.475098 38.099998 19.049999
VERTEX 6251.575195 38.099998 19.049999
VERTEX 6251.575195 76.199997 19.049999
VERTEX 6213.475098 76.199997 19.049999
VERTEX 6213.475098 38.099998 2444.750000
VERTEX 6213.475098 76.199997 2444.750000
VERTEX 6251.575195 76.199997 2444.750000
VERTEX 6251.575195 38.099998 2444.750000
VERTEX -38.099998 3743.324951 19.049999
VERTEX 0.000000 3743.324951 19.049999
VERTEX 0.000000 3781.425049 19.049999
VERTEX -38.099998 3781.425049 19.049999
VERTEX -38.099998 3743.324951 2444.750000
VERTEX -38.099998 3781.425049 2444.750000
VERTEX 0.000000 3781.425049 2444.750000
VERTEX 0.000000 3743.324951 2444.750000
VERTEX 0.000000 2508.250000 2444.750000
VERTEX 0.000000 2546.350098 2444.750000
VERTEX -38.099998 2546.350098 2444.750000
VERTEX -38.099998 2508.250000 2444.750000
VERTEX -38.099998 2546.350098 19.049999
VERTEX 0.000000 2546.350098 19.049999
VERTEX 0.000000 2508.250000 19.049999
VERTEX -38.099998 2508.250000 19.049999
VERTEX -38.099998 1273.174927 19.049999
VERTEX 0.000000 1273.174927 19.049999
VERTEX 0.000000 1311.274902 19.049999
VERTEX -38.099998 1311.274902 19.049999
VERTEX -38.099998 1273.174927 2444.750000
VERTEX -38.099998 1311.274902 2444.750000
VERTEX 0.000000 1311.274902 2444.750000
VERTEX 0.000000 1273.174927 2444.750000
VERTEX 0.000000 38.099998 2444.750000
VERTEX 0.000000 76.199997 2444.750000
VERTEX -38.099998 76.199997 2444.750000
VERTEX -38.099998 38.099998 2444.750000
VERTEX -38.099998 76.199997 19.049999
VERTEX 0.000000 76.199997 19.049999
VERTEX 0.000000 38.099998 19.049999
VERTEX -38.099998 38.099998 19.049999
VERTEX 6213.475098 0.000000 2444.750000
VERTEX 6213.475098 38.099998 2444.750000
VERTEX 6175.375000 38.099998 2444.750000
VERTEX 6175.375000 0.000000 2444.750000
VERTEX 6175.375000 38.099998 19.049999
VERTEX 6213.475098 38.099998 19.049999
VERTEX 6213.475098 0.000000 19.049999
VERTEX 6175.375000 0.000000 19.049999
VERTEX 4940.299805 0.000000 19.049999
VERTEX 4978.399902 0.000000 19.049999
VERTEX 4978.399902 38.099998 19.049999
VERTEX 4940.299805 38.099998 19.049999
VERTEX 4940.299805 0.000000 2444.750000
VERTEX 4940.299805 38.099998 2444.750000
VERTEX 4978.399902 38.099998 2444.750000
VERTEX 4978.399902 0.000000 2444.750000
VERTEX 3743.324951 0.000000 2444.750000
VERTEX 3743.324951 38.099998 2444.750000
VERTEX 3705.224854 38.099998 2444.750000
VERTEX 3705.224854 0.000000 2444.750000
VERTEX 3705.224854 38.099998 19.049999
VERTEX 3743.324951 38.099998 19.049999
VERTEX 3743.324951 0.000000 19.049999
VERTEX 3705.224854 0.000000 19.049999
VERTEX 2470.149902 0.000000 19.049999
VERTEX 2508.250000 0.000000 19.049999
VERTEX 2508.250000 38.099998 19.049999
VERTEX 2470.149902 38.099998 19.049999
VERTEX 2470.149902 0.000000 2444.750000
VERTEX 2470.149902 38.099998 2444.750000
VERTEX 2508.250000 38.099998 2444.750000
VERTEX 2508.250000 0.000000 2444.750000
VERTEX 1273.174927 0.000000 2444.750000
VERTEX 1273.174927 38.099998 2444.750000
VERTEX 1235.074951 38.099998 2444.750000
VERTEX 1235.074951 0.000000 2444.750000
VERTEX 1235.074951 38.099998 19.049999
VERTEX 1273.174927 38.099998 19.049999
VERTEX 1273.174927 0.000000 19.049999
VERTEX 1235.074951 0.000000 19.049999
VERTEX 0.000000 0.000000 19.049999
VERTEX 38.099998 0.000000 19.049999
VERTEX 38.099998 38.099998 19.049999
VERTEX 0.000000 38.099998 19.049999
VERTEX 0.000000 0.000000 2444.750000
VERTEX 0.000000 38.099998 2444.750000
VERTEX 38.099998 38.099998 2444.750000
VERTEX 38.099998 0.000000 2444.750000
POLYGON 4
0
3
2
1
POLYGON 4
4
7
6
5
POLYGON 4
3
0
4
5
POLYGON 4
2
3
5
6
POLYGON 4
1
2
6
7
POLYGON 4
0
1
7
4
POLYGON 4
8
11
10
9
POLYGON 4
12
15
14
13
POLYGON 4
11
8
12
13
POLYGON 4
10
11
13
14
POLYGON 4
9
10
14
15
POLYGON 4
8
9
15
12
POLYGON 4
16
19
18
17
POLYGON 4
20
23
22
21
POLYGON 4
19
16
20
21
POLYGON 4
18
19
21
22
POLYGON 4
17
18
22
23
POLYGON 4
16
17
23
20
POLYGON 4
24
27
26
25
POLYGON 4
28
31
30
29
POLYGON 4
27
24
28
29
POLYGON 4
26
27
29
30
POLYGON 4
25
26
30
31
POLYGON 4
24
25
31
28
POLYGON 4
32
33
34
35
POLYGON 4
36
39
38
37
POLYGON 4
33
32
36
37
POLYGON 4
34
33
37
38
POLYGON 4
35
34
38
39
POLYGON 4
32
35
39
36
POLYGON 4
40
43
42
41
POLYGON 4
44
47
46
45
POLYGON 4
43
40
44
45
POLYGON 4
42
43
45
46
POLYGON 4
41
42
46
47
POLYGON 4
40
41
47
44
POLYGON 4
52
55
51
50
POLYGON 4
53
52
50
49
POLYGON 4
54
53
49
48
POLYGON 4
55
54
48
51
POLYGON 4
59
56
60
61
POLYGON 4
58
59
61
62
POLYGON 4
57
58
62
63
POLYGON 4
56
57
63
60
POLYGON 4
68
71
67
66
POLYGON 4
69
68
66
65
POLYGON 4
70
69
65
64
POLYGON 4
71
70
64
67
POLYGON 4
75
72
76
77
POLYGON 4
74
75
77
78
POLYGON 4
73
74
78
79
POLYGON 4
72
73
79
76
POLYGON 4
83
80
84
85
POLYGON 4
82
83
85
86
POLYGON 4
81
82
86
87
POLYGON 4
80
81
87
84
POLYGON 4
92
95
91
90
POLYGON 4
93
92
90
89
POLYGON 4
94
93
89
88
POLYGON 4
95
94
88
91
POLYGON 4
99
96
100
101
POLYGON 4
98
99
101
102
POLYGON 4
97
98
102
103
POLYGON 4
96
97
103
100
POLYGON 4
108
111
107
106
POLYGON 4
109
108
106
105
POLYGON 4
110
109
105
104
POLYGON 4
111
110
104
107
POLYGON 4
116
119
115
114
POLYGON 4
117
116
114
113
POLYGON 4
118
117
113
112
POLYGON 4
119
118
112
115
POLYGON 4
123
120
124
125
POLYGON 4
122
123
125
126
POLYGON 4
121
122
126
127
POLYGON 4
120
121
127
124
POLYGON 4
132
135
131
130
POLYGON 4
133
132
130
129
POLYGON 4
134
133
129
128
POLYGON 4
135
134
128
131
POLYGON 4
139
136
140
141
POLYGON 4
138
139
141
142
POLYGON 4
137
138
142
143
POLYGON 4
136
137
143
140
POLYGON 4
148
151
147
146
POLYGON 4
149
148
146
145
POLYGON 4
150
149
145
144
POLYGON 4
151
150
144
147
POLYGON 4
155
152
156
157
POLYGON 4
154
155
157
158
POLYGON 4
153
154
158
159
POLYGON 4
152
153
159
156
NULL
