VERTEX 0.0 0.0 0.0
VERTEX 38.1 0.0 0.0
VERTEX 38.1 0.0 2133.6
VERTEX 0.0 0.0 2133.6
VERTEX 0.0 38.1 0.0
VERTEX 38.1 38.1 0.0
VERTEX 38.1 38.1 2133.6
VERTEX 0.0 38.1 2133.6
VERTEX 1181.1 0.0 0.0
VERTEX 1219.2 0.0 0.0
VERTEX 1219.2 0.0 2133.6
VERTEX 1181.1 0.0 2133.6
VERTEX 1181.1 38.1 0.0
VERTEX 1219.2 38.1 0.0
VERTEX 1219.2 38.1 2133.6
VERTEX 1181.1 38.1 2133.6
VERTEX 38.1 0.0 152.4
VERTEX 1181.1 0.0 152.4
VERTEX 1181.1 0.0 190.50
VERTEX 38.1 0.0 190.50
VERTEX 38.1 38.1 152.4
VERTEX 1181.1 38.1 152.4
VERTEX 1181.1 38.1 190.50
VERTEX 38.1 38.1 190.50
VERTEX 38.1 0.0 2095.5
VERTEX 1181.1 0.0 2095.5
VERTEX 1181.1 0.0 2133.6
VERTEX 38.1 0.0 2133.6
VERTEX 38.1 38.1 2095.5
VERTEX 1181.1 38.1 2095.5
VERTEX 1181.1 38.1 2133.6
VERTEX 38.1 38.1 2133.6
POLYGON 4
0
1
2
3
POLYGON 4
7
6
5
4
POLYGON 4
0
3
7
4
POLYGON 4
1
5
6
2
POLYGON 4
0
4
5
1
POLYGON 4
3
2
6
7
POLYGON 4
8
9
10
11
POLYGON 4
15
14
13
12
POLYGON 4
8
11
15
12
POLYGON 4
9
13
14
10
POLYGON 4
8
12
13
9
POLYGON 4
11
10
14
15
POLYGON 4
16
17
18
19
POLYGON 4
23
22
21
20
POLYGON 4
16
19
23
20
POLYGON 4
17
21
22
18
POLYGON 4
16
20
21
17
POLYGON 4
19
18
22
23
POLYGON 4
24
25
26
27
POLYGON 4
31
30
29
28
POLYGON 4
24
27
31
28
POLYGON 4
25
29
30
31
POLYGON 4
24
28
29
25
POLYGON 4
27
26
30
31
NULL
