VERTEX -38.099998 3781.425049 2463.800049
VERTEX -2781.300049 3781.425049 2463.800049
VERTEX -2781.300049 3743.324951 2463.800049
VERTEX -38.099998 3743.324951 2463.800049
VERTEX -38.099998 3781.425049 2425.699951
VERTEX -2781.300049 3781.425049 2425.699951
VERTEX -2781.300049 3743.324951 2425.699951
VERTEX -38.099998 3743.324951 2425.699951
VERTEX 6251.575195 3781.425049 2463.800049
VERTEX 6213.475098 3781.425049 2463.800049
VERTEX 6213.475098 38.099998 2463.800049
VERTEX 6251.575195 38.099998 2463.800049
VERTEX 6213.475098 38.099998 2444.750000
VERTEX 6213.475098 3781.425049 2444.750000
VERTEX 6251.575195 3781.425049 2444.750000
VERTEX 6251.575195 38.099998 2444.750000
VERTEX 6251.575195 3781.425049 19.049999
VERTEX 6213.475098 3781.425049 19.049999
VERTEX 6213.475098 38.099998 19.049999
VERTEX 6251.575195 38.099998 19.049999
VERTEX 6213.475098 38.099998 0.000000
VERTEX 6213.475098 3781.425049 0.000000
VERTEX 6251.575195 3781.425049 0.000000
VERTEX 6251.575195 38.099998 0.000000
VERTEX -0.000164 3781.425049 2463.800049
VERTEX -38.100163 3781.425049 2463.800049
VERTEX -38.099998 38.099998 2463.800049
VERTEX 0.000000 38.099998 2463.800049
VERTEX -38.099998 38.099998 2444.750000
VERTEX -38.100163 3781.425049 2444.750000
VERTEX -0.000164 3781.425049 2444.750000
VERTEX 0.000000 38.099998 2444.750000
VERTEX -0.000164 3781.425049 19.049999
VERTEX -38.100163 3781.425049 19.049999
VERTEX -38.099998 38.099998 19.049999
VERTEX 0.000000 38.099998 19.049999
VERTEX -38.099998 38.099998 0.000000
VERTEX -38.100163 3781.425049 0.000000
VERTEX -0.000164 3781.425049 0.000000
VERTEX 0.000000 38.099998 0.000000
VERTEX 0.000000 38.099998 2444.750000
VERTEX 6213.475098 38.099998 2444.750000
VERTEX 6213.475098 0.000000 2444.750000
VERTEX 0.000000 0.000000 2444.750000
VERTEX 0.000000 38.099998 2463.800049
VERTEX 6213.475098 38.099998 2463.800049
VERTEX 6213.475098 0.000000 2463.800049
VERTEX 0.000000 0.000000 2463.800049
VERTEX 6213.475098 0.000000 19.049999
VERTEX 6213.475098 38.099998 19.049999
VERTEX 0.000000 38.099998 19.049999
VERTEX 0.000000 0.000000 19.049999
VERTEX 0.000000 38.099998 0.000000
VERTEX 6213.475098 38.099998 0.000000
VERTEX 6213.475098 0.000000 0.000000
VERTEX 0.000000 0.000000 0.000000
VERTEX 6213.475098 3743.324951 19.049999
VERTEX 6251.575195 3743.324951 19.049999
VERTEX 6251.575195 3781.425049 19.049999
VERTEX 6213.475098 3781.425049 19.049999
VERTEX 6213.475098 3743.324951 2444.750000
VERTEX 6213.475098 3781.425049 2444.750000
VERTEX 6251.575195 3781.425049 2444.750000
VERTEX 6251.575195 3743.324951 2444.750000
VERTEX 6251.575195 2508.250000 2444.750000
VERTEX 6251.575195 2546.350098 2444.750000
VERTEX 6213.475098 2546.350098 2444.750000
VERTEX 6213.475098 2508.250000 2444.750000
VERTEX 6213.475098 2546.350098 19.049999
VERTEX 6251.575195 2546.350098 19.049999
VERTEX 6251.575195 2508.250000 19.049999
VERTEX 6213.475098 2508.250000 19.049999
VERTEX 6213.475098 1273.174927 19.049999
VERTEX 6251.575195 1273.174927 19.049999
VERTEX 6251.575195 1311.274902 19.049999
VERTEX 6213.475098 1311.274902 19.049999
VERTEX 6213.475098 1273.174927 2444.750000
VERTEX 6213.475098 1311.274902 2444.750000
VERTEX 6251.575195 1311.274902 2444.750000
VERTEX 6251.575195 1273.174927 2444.750000
VERTEX 6251.575195 38.099998 2444.750000
VERTEX 6251.575195 76.199997 2444.750000
VERTEX 6213.475098 76.199997 2444.750000
VERTEX 6213.475098 38.099998 2444.750000
VERTEX 6213.475098 76.199997 19.049999
VERTEX 6251.575195 76.199997 19.049999
VERTEX 6251.575195 38.099998 19.049999
VERTEX 6213.475098 38.099998 19.049999
VERTEX 0.000000 3743.324951 2444.750000
VERTEX 0.000000 3781.425049 2444.750000
VERTEX -38.099998 3781.425049 2444.750000
VERTEX -38.099998 3743.324951 2444.750000
VERTEX -38.099998 3781.425049 19.049999
VERTEX 0.000000 3781.425049 19.049999
VERTEX 0.000000 3743.324951 19.049999
VERTEX -38.099998 3743.324951 19.049999
VERTEX -38.099998 2508.250000 19.049999
VERTEX 0.000000 2508.250000 19.049999
VERTEX 0.000000 2546.350098 19.049999
VERTEX -38.099998 2546.350098 19.049999
VERTEX -38.099998 2508.250000 2444.750000
VERTEX -38.099998 2546.350098 2444.750000
VERTEX 0.000000 2546.350098 2444.750000
VERTEX 0.000000 2508.250000 2444.750000
VERTEX 0.000000 1273.174927 2444.750000
VERTEX 0.000000 1311.274902 2444.750000
VERTEX -38.099998 1311.274902 2444.750000
VERTEX -38.099998 1273.174927 2444.750000
VERTEX -38.099998 1311.274902 19.049999
VERTEX 0.000000 1311.274902 19.049999
VERTEX 0.000000 1273.174927 19.049999
VERTEX -38.099998 1273.174927 19.049999
VERTEX -38.099998 38.099998 19.049999
VERTEX 0.000000 38.099998 19.049999
VERTEX 0.000000 76.199997 19.049999
VERTEX -38.099998 76.199997 19.049999
VERTEX -38.099998 38.099998 2444.750000
VERTEX -38.099998 76.199997 2444.750000
VERTEX 0.000000 76.199997 2444.750000
VERTEX 0.000000 38.099998 2444.750000
VERTEX 6175.375000 0.000000 19.049999
VERTEX 6213.475098 0.000000 19.049999
VERTEX 6213.475098 38.099998 19.049999
VERTEX 6175.375000 38.099998 19.049999
VERTEX 6175.375000 0.000000 2444.750000
VERTEX 6175.375000 38.099998 2444.750000
VERTEX 6213.475098 38.099998 2444.750000
VERTEX 6213.475098 0.000000 2444.750000
VERTEX 4978.399902 0.000000 2444.750000
VERTEX 4978.399902 38.099998 2444.750000
VERTEX 4940.299805 38.099998 2444.750000
VERTEX 4940.299805 0.000000 2444.750000
VERTEX 4940.299805 38.099998 19.049999
VERTEX 4978.399902 38.099998 19.049999
VERTEX 4978.399902 0.000000 19.049999
VERTEX 4940.299805 0.000000 19.049999
VERTEX 3705.224854 0.000000 19.049999
VERTEX 3743.324951 0.000000 19.049999
VERTEX 3743.324951 38.099998 19.049999
VERTEX 3705.224854 38.099998 19.049999
VERTEX 3705.224854 0.000000 2444.750000
VERTEX 3705.224854 38.099998 2444.750000
VERTEX 3743.324951 38.099998 2444.750000
VERTEX 3743.324951 0.000000 2444.750000
VERTEX 2508.250000 0.000000 2444.750000
VERTEX 2508.250000 38.099998 2444.750000
VERTEX 2470.149902 38.099998 2444.750000
VERTEX 2470.149902 0.000000 2444.750000
VERTEX 2470.149902 38.099998 19.049999
VERTEX 2508.250000 38.099998 19.049999
VERTEX 2508.250000 0.000000 19.049999
VERTEX 2470.149902 0.000000 19.049999
VERTEX 1235.074951 0.000000 19.049999
VERTEX 1273.174927 0.000000 19.049999
VERTEX 1273.174927 38.099998 19.049999
VERTEX 1235.074951 38.099998 19.049999
VERTEX 1235.074951 0.000000 2444.750000
VERTEX 1235.074951 38.099998 2444.750000
VERTEX 1273.174927 38.099998 2444.750000
VERTEX 1273.174927 0.000000 2444.750000
VERTEX 38.099998 0.000000 2444.750000
VERTEX 38.099998 38.099998 2444.750000
VERTEX 0.000000 38.099998 2444.750000
VERTEX 0.000000 0.000000 2444.750000
VERTEX 0.000000 38.099998 19.049999
VERTEX 38.099998 38.099998 19.049999
VERTEX 38.099998 0.000000 19.049999
VERTEX 0.000000 0.000000 19.049999
POLYGON 4
0
1
2
3
POLYGON 4
4
7
6
5
POLYGON 4
1
0
4
5
POLYGON 4
2
1
5
6
POLYGON 4
3
2
6
7
POLYGON 4
0
3
7
4
POLYGON 4
15
14
8
11
POLYGON 4
14
13
9
8
POLYGON 4
13
12
10
9
POLYGON 4
12
15
11
10
POLYGON 4
11
8
9
10
POLYGON 4
15
12
13
14
POLYGON 4
23
22
16
19
POLYGON 4
22
21
17
16
POLYGON 4
21
20
18
17
POLYGON 4
20
23
19
18
POLYGON 4
19
16
17
18
POLYGON 4
23
20
21
22
POLYGON 4
31
30
24
27
POLYGON 4
30
29
25
24
POLYGON 4
29
28
26
25
POLYGON 4
28
31
27
26
POLYGON 4
27
24
25
26
POLYGON 4
31
28
29
30
POLYGON 4
39
38
32
35
POLYGON 4
38
37
33
32
POLYGON 4
37
36
34
33
POLYGON 4
36
39
35
34
POLYGON 4
35
32
33
34
POLYGON 4
39
36
37
38
POLYGON 4
47
44
40
43
POLYGON 4
44
45
41
40
POLYGON 4
45
46
42
41
POLYGON 4
46
47
43
42
POLYGON 4
43
40
41
42
POLYGON 4
47
46
45
44
POLYGON 4
55
54
48
51
POLYGON 4
54
53
49
48
POLYGON 4
53
52
50
49
POLYGON 4
52
55
51
50
POLYGON 4
51
48
49
50
POLYGON 4
55
52
53
54
POLYGON 4
56
57
63
60
POLYGON 4
57
58
62
63
POLYGON 4
58
59
61
62
POLYGON 4
59
56
60
61
POLYGON 4
71
70
64
67
POLYGON 4
70
69
65
64
POLYGON 4
69
68
66
65
POLYGON 4
68
71
67
66
POLYGON 4
72
73
79
76
POLYGON 4
73
74
78
79
POLYGON 4
74
75
77
78
POLYGON 4
75
72
76
77
POLYGON 4
87
86
80
83
POLYGON 4
86
85
81
80
POLYGON 4
85
84
82
81
POLYGON 4
84
87
83
82
POLYGON 4
95
94
88
91
POLYGON 4
94
93
89
88
POLYGON 4
93
92
90
89
POLYGON 4
92
95
91
90
POLYGON 4
96
97
103
100
POLYGON 4
97
98
102
103
POLYGON 4
98
99
101
102
POLYGON 4
99
96
100
101
POLYGON 4
111
110
104
107
POLYGON 4
110
109
105
104
POLYGON 4
109
108
106
105
POLYGON 4
108
111
107
106
POLYGON 4
112
113
119
116
POLYGON 4
113
114
118
119
POLYGON 4
114
115
117
118
POLYGON 4
115
112
116
117
POLYGON 4
120
121
127
124
POLYGON 4
121
122
126
127
POLYGON 4
122
123
125
126
POLYGON 4
123
120
124
125
POLYGON 4
135
134
128
131
POLYGON 4
134
133
129
128
POLYGON 4
133
132
130
129
POLYGON 4
132
135
131
130
POLYGON 4
136
137
143
140
POLYGON 4
137
138
142
143
POLYGON 4
138
139
141
142
POLYGON 4
139
136
140
141
POLYGON 4
151
150
144
147
POLYGON 4
150
149
145
144
POLYGON 4
149
148
146
145
POLYGON 4
148
151
147
146
POLYGON 4
152
153
159
156
POLYGON 4
153
154
158
159
POLYGON 4
154
155
157
158
POLYGON 4
155
152
156
157
POLYGON 4
167
166
160
163
POLYGON 4
166
165
161
160
POLYGON 4
165
164
162
161
POLYGON 4
164
167
163
162
NULL
