VERTEX 0.000000 17576.800781 8432.799805
VERTEX 14909.799805 17576.800781 8432.799805
VERTEX 14909.799805 17373.601562 8432.799805
VERTEX 0.000000 17373.601562 8432.799805
VERTEX 0.000000 17576.800781 7645.399902
VERTEX 0.000000 17373.601562 7645.399902
VERTEX 14909.799805 17373.601562 7645.399902
VERTEX 14909.799805 17576.800781 7645.399902
VERTEX 0.000000 17576.800781 3759.199951
VERTEX 14909.799805 17576.800781 3759.199951
VERTEX 14909.799805 17526.000000 3759.199951
VERTEX 0.000000 17526.000000 3759.199951
VERTEX 0.000000 17576.800781 4597.399902
VERTEX 14909.799805 17576.800781 4597.399902
VERTEX 14909.799805 17526.000000 4597.399902
VERTEX 0.000000 17526.000000 4597.399902
VERTEX 7620.000000 17576.800781 0.000000
VERTEX 7289.799805 17576.800781 0.000000
VERTEX 7289.799805 17526.000000 0.000000
VERTEX 7620.000000 17526.000000 0.000000
VERTEX 7620.000000 17576.800781 8432.799805
VERTEX 7620.000000 17526.000000 8432.799805
VERTEX 7289.799805 17526.000000 8432.799805
VERTEX 7289.799805 17576.800781 8432.799805
VERTEX 14909.799805 17576.800781 0.000000
VERTEX 14579.599609 17576.800781 0.000000
VERTEX 14579.599609 17526.000000 0.000000
VERTEX 14909.799805 17526.000000 0.000000
VERTEX 14909.799805 17576.800781 8432.799805
VERTEX 14909.799805 17526.000000 8432.799805
VERTEX 14579.599609 17526.000000 8432.799805
VERTEX 14579.599609 17576.800781 8432.799805
VERTEX 0.000000 17576.800781 0.000000
VERTEX 330.200012 17576.800781 0.000000
VERTEX 330.200012 17526.000000 0.000000
VERTEX 0.000000 17526.000000 0.000000
VERTEX 0.000000 17576.800781 8432.799805
VERTEX 330.200012 17576.800781 8432.799805
VERTEX 330.200012 17526.000000 8432.799805
VERTEX 0.000000 17526.000000 8432.799805
VERTEX 4737.100098 16662.400391 3048.000000
VERTEX 7404.100098 16662.400391 3048.000000
VERTEX 7404.100098 16814.800781 3048.000000
VERTEX 4737.100098 16814.800781 3048.000000
VERTEX 4737.100098 16814.800781 0.000000
VERTEX 4737.100098 16662.400391 0.000000
VERTEX 7404.100098 16662.400391 0.000000
VERTEX 7404.100098 16814.800781 0.000000
VERTEX 7404.100098 16814.800781 2133.599854
VERTEX 4737.100098 16814.800781 2133.599854
VERTEX 4737.100098 16662.400391 2133.599854
VERTEX 7404.100098 16662.400391 2133.599854
VERTEX 6934.199707 16814.800781 2133.599854
VERTEX 6934.199707 16814.800781 0.000000
VERTEX 6934.199707 16662.400391 2133.599854
VERTEX 6934.199707 16662.400391 0.000000
VERTEX 6019.799805 16814.800781 2133.599854
VERTEX 6019.799805 16814.800781 0.000000
VERTEX 6019.799805 16662.400391 2133.599854
VERTEX 6019.799805 16662.400391 0.000000
VERTEX 4737.100098 16675.099609 0.000000
VERTEX 4737.100098 16675.099609 3048.000000
VERTEX 4737.100098 17589.500000 3530.600098
VERTEX 4737.100098 17589.500000 0.000000
VERTEX 4889.500000 17589.500000 3530.600098
VERTEX 4889.500000 16675.099609 3048.000000
VERTEX 4889.500000 16675.099609 0.000000
VERTEX 4889.500000 17589.500000 0.000000
VERTEX 7416.799805 17576.800781 0.000000
VERTEX 7416.799805 16662.400391 0.000000
VERTEX 7416.799805 16662.400391 3048.000000
VERTEX 7416.799805 17576.800781 3530.600098
VERTEX 7264.399902 17576.800781 0.000000
VERTEX 7264.399902 17576.800781 3530.600098
VERTEX 7264.399902 16662.400391 3048.000000
VERTEX 7264.399902 16662.400391 0.000000
VERTEX -609.599976 17576.800781 8432.799805
VERTEX 15519.400391 17576.800781 8432.799805
VERTEX 15519.400391 18186.400391 8432.799805
VERTEX -609.599976 18186.400391 8432.799805
VERTEX -609.599976 18186.400391 0.000000
VERTEX -609.599976 17576.800781 0.000000
VERTEX 15519.400391 17576.800781 0.000000
VERTEX 15519.400391 18186.400391 0.000000
VERTEX 15519.400391 18186.400391 3048.000000
VERTEX -609.599976 18186.400391 3048.000000
VERTEX -609.599976 17576.800781 3048.000000
VERTEX 15519.400391 17576.800781 3048.000000
VERTEX 7264.400391 18186.400391 3048.000000
VERTEX 7264.400391 18186.400391 0.000000
VERTEX 7264.400391 17576.800781 3048.000000
VERTEX 7264.400391 17576.800781 0.000000
VERTEX 4889.500000 18186.400391 3048.000000
VERTEX 4889.500000 18186.400391 0.000000
VERTEX 4889.500000 17576.800781 3048.000000
VERTEX 4889.500000 17576.800781 0.000000
VERTEX 4737.100098 16662.400391 3048.000000
VERTEX 7404.100098 16662.400391 3048.000000
VERTEX 7416.799805 17589.500000 3530.600098
VERTEX 4737.100098 17589.500000 3530.600098
POLYGON 4
0
3
2
1
POLYGON 4
4
7
6
5
POLYGON 4
3
0
4
5
POLYGON 4
2
3
5
6
POLYGON 4
1
2
6
7
POLYGON 4
0
1
7
4
POLYGON 4
8
9
10
11
POLYGON 4
12
15
14
13
POLYGON 4
9
8
12
13
POLYGON 4
10
9
13
14
POLYGON 4
11
10
14
15
POLYGON 4
8
11
15
12
POLYGON 4
16
19
18
17
POLYGON 4
20
23
22
21
POLYGON 4
19
16
20
21
POLYGON 4
18
19
21
22
POLYGON 4
17
18
22
23
POLYGON 4
16
17
23
20
POLYGON 4
24
27
26
25
POLYGON 4
28
31
30
29
POLYGON 4
27
24
28
29
POLYGON 4
26
27
29
30
POLYGON 4
25
26
30
31
POLYGON 4
24
25
31
28
POLYGON 4
32
33
34
35
POLYGON 4
36
39
38
37
POLYGON 4
33
32
36
37
POLYGON 4
34
33
37
38
POLYGON 4
35
34
38
39
POLYGON 4
32
35
39
36
POLYGON 4
40
41
42
43
POLYGON 4
44
45
40
43
POLYGON 4
46
47
42
41
POLYGON 4
48
49
43
42
POLYGON 4
50
51
41
40
POLYGON 4
52
48
47
53
POLYGON 4
54
55
46
51
POLYGON 4
56
57
44
49
POLYGON 4
58
50
45
59
POLYGON 4
59
45
44
57
POLYGON 4
55
53
47
46
POLYGON 4
57
56
58
59
POLYGON 4
55
54
52
53
POLYGON 4
56
52
54
58
POLYGON 4
67
64
65
66
POLYGON 4
63
60
61
62
POLYGON 4
64
67
63
62
POLYGON 4
65
64
62
61
POLYGON 4
66
65
61
60
POLYGON 4
67
66
60
63
POLYGON 4
68
71
70
69
POLYGON 4
72
75
74
73
POLYGON 4
71
68
72
73
POLYGON 4
70
71
73
74
POLYGON 4
69
70
74
75
POLYGON 4
68
69
75
72
POLYGON 4
76
77
78
79
POLYGON 4
80
81
76
79
POLYGON 4
82
83
78
77
POLYGON 4
84
85
79
78
POLYGON 4
86
87
77
76
POLYGON 4
88
84
83
89
POLYGON 4
90
91
82
87
POLYGON 4
92
93
80
85
POLYGON 4
94
86
81
95
POLYGON 4
95
81
80
93
POLYGON 4
91
89
83
82
POLYGON 4
93
92
94
95
POLYGON 4
91
90
88
89
POLYGON 4
92
88
90
94
POLYGON 4
96
97
98
99
NULL
