VERTEX 0.0 0.0 50.8
VERTEX 12.7 0.0 50.8
VERTEX 12.7 0.0 1524.0
VERTEX 0.0 0.0 1524.0
VERTEX 0.0 50.8 50.8
VERTEX 12.7 50.8 50.8
VERTEX 12.7 50.8 1524.0
VERTEX 0.0 50.8 1524.0
VERTEX 749.30 0.0 50.8
VERTEX 762.00 0.0 50.8
VERTEX 762.00 0.0 1524.0
VERTEX 749.30 0.0 1524.0
VERTEX 749.30 50.8 50.8
VERTEX 762.00 50.8 50.8
VERTEX 762.00 50.8 1524.0
VERTEX 749.30 50.8 1524.0
VERTEX 0.00 0.0 0.000
VERTEX 762.00 0.0 0.000
VERTEX 762.00 0.0 50.800
VERTEX 0.00 0.0 50.800
VERTEX 0.00 50.8 0.000
VERTEX 762.00 50.8 0.000
VERTEX 762.00 50.8 50.800
VERTEX 0.00 50.8 50.800
VERTEX 12.7 0.0 1511.3
VERTEX 749.30 0.0 1511.3
VERTEX 749.30 0.0 1524.0
VERTEX 12.7 0.0 1524.0
VERTEX 12.7 50.8 1511.3
VERTEX 749.30 50.8 1511.3
VERTEX 749.30 50.8 1524.0
VERTEX 12.7 50.8 1524.0
POLYGON 4
0
1
2
3
POLYGON 4
7
6
5
4
POLYGON 4
0
3
7
4
POLYGON 4
1
5
6
2
POLYGON 4
0
4
5
1
POLYGON 4
3
2
6
7
POLYGON 4
8
9
10
11
POLYGON 4
15
14
13
12
POLYGON 4
8
11
15
12
POLYGON 4
9
13
14
10
POLYGON 4
8
12
13
9
POLYGON 4
11
10
14
15
POLYGON 4
16
17
18
19
POLYGON 4
23
22
21
20
POLYGON 4
16
19
23
20
POLYGON 4
17
21
22
18
POLYGON 4
16
20
21
17
POLYGON 4
19
18
22
23
POLYGON 4
24
25
26
27
POLYGON 4
31
30
29
28
POLYGON 4
24
27
31
28
POLYGON 4
25
29
30
31
POLYGON 4
24
28
29
25
POLYGON 4
27
26
30
31
NULL
