VERTEX -76.199997 219.075012 6.350000
VERTEX -76.199997 238.125000 6.350000
VERTEX 25.400002 238.125000 6.350000
VERTEX 25.400002 219.075012 6.350000
VERTEX -74.766724 238.125000 69.849998
VERTEX -25.400000 238.125000 25.399998
VERTEX -25.399998 219.075012 25.399996
VERTEX -74.766724 219.075012 69.849998
VERTEX 23.966722 219.075012 69.849998
VERTEX 25.400002 219.075012 69.849998
VERTEX 25.400002 238.125000 69.849998
VERTEX 23.966726 238.125000 69.849998
VERTEX -76.199997 219.075012 69.849998
VERTEX -76.199997 238.125000 69.849998
VERTEX -42.552696 238.125000 6.350000
VERTEX -4.242836 219.075012 6.350000
VERTEX -112.712502 196.850006 0.000000
VERTEX 61.912498 196.850006 0.000000
VERTEX 61.912498 260.350006 0.000000
VERTEX -112.712502 260.350006 0.000000
VERTEX -112.712502 196.850006 6.350000
VERTEX -112.712502 260.350006 6.350000
VERTEX 61.912498 260.350006 6.350000
VERTEX 61.912498 196.850006 6.350000
VERTEX 61.912498 -260.350006 6.350000
VERTEX 61.912498 -196.850006 6.350000
VERTEX -112.712502 -196.850006 6.350000
VERTEX -112.712502 -260.350006 6.350000
VERTEX -112.712502 -196.850006 0.000000
VERTEX 61.912498 -196.850006 0.000000
VERTEX 61.912498 -260.350006 0.000000
VERTEX -112.712502 -260.350006 0.000000
VERTEX -4.242836 -238.125000 6.350000
VERTEX -42.552696 -219.075012 6.350000
VERTEX -76.199997 -219.075012 69.849998
VERTEX -76.199997 -238.125000 69.849998
VERTEX 23.966726 -219.075012 69.849998
VERTEX 25.400002 -219.075012 69.849998
VERTEX 25.400002 -238.125000 69.849998
VERTEX 23.966722 -238.125000 69.849998
VERTEX -74.766724 -238.125000 69.849998
VERTEX -25.399998 -238.125000 25.399996
VERTEX -25.400000 -219.075012 25.399998
VERTEX -74.766724 -219.075012 69.849998
VERTEX 25.400002 -238.125000 6.350000
VERTEX 25.400002 -219.075012 6.350000
VERTEX -76.199997 -219.075012 6.350000
VERTEX -76.199997 -238.125000 6.350000
POLYGON 4
0
1
2
3
POLYGON 4
4
7
6
5
POLYGON 4
8
9
10
11
POLYGON 4
11
5
6
8
POLYGON 4
1
0
12
13
POLYGON 4
3
2
10
9
POLYGON 4
12
7
4
13
POLYGON 5
6
15
3
9
8
POLYGON 5
11
10
2
14
5
POLYGON 4
15
7
12
0
POLYGON 5
1
13
4
5
14
POLYGON 4
16
19
18
17
POLYGON 4
20
23
22
21
POLYGON 4
19
16
20
21
POLYGON 4
18
19
21
22
POLYGON 4
17
18
22
23
POLYGON 4
16
17
23
20
POLYGON 4
31
28
29
30
POLYGON 4
27
24
25
26
POLYGON 4
28
31
27
26
POLYGON 4
29
28
26
25
POLYGON 4
30
29
25
24
POLYGON 4
31
30
24
27
POLYGON 4
47
46
45
44
POLYGON 4
43
40
41
42
POLYGON 4
39
38
37
36
POLYGON 4
36
42
41
39
POLYGON 4
46
47
35
34
POLYGON 4
44
45
37
38
POLYGON 4
35
40
43
34
POLYGON 5
41
32
44
38
39
POLYGON 5
36
37
45
33
42
POLYGON 4
32
40
35
47
POLYGON 5
46
34
43
42
33
NULL
