VERTEX 0.000000 279.399994 48.733536
VERTEX 187.324997 276.224976 32.237392
VERTEX 190.500000 276.224976 177.800003
VERTEX 3.174997 279.399994 177.800003
VERTEX 3.175000 0.000000 177.800003
VERTEX 190.500000 3.175000 177.800003
VERTEX 47.157192 276.224976 177.800003
VERTEX 47.157192 279.399994 177.800003
VERTEX 95.249992 279.399994 134.497040
VERTEX 95.249992 276.224976 134.497040
VERTEX 143.342789 276.224976 177.800003
VERTEX 143.342789 279.399994 177.800003
VERTEX 47.157192 3.174997 177.800003
VERTEX 47.157192 0.000000 177.800003
VERTEX 187.324997 3.175000 51.592312
VERTEX 143.342789 3.174999 177.800003
VERTEX 95.249992 3.174999 134.497040
VERTEX 95.249992 0.000000 134.497040
VERTEX 143.342789 0.000000 177.800003
VERTEX 190.500000 0.000000 48.733543
VERTEX 187.324997 276.224976 177.800003
VERTEX 187.324997 3.175000 177.800003
VERTEX 3.175000 3.174997 177.800003
VERTEX 3.174997 276.224976 177.800003
VERTEX 3.175000 276.224976 3.175000
VERTEX 187.324997 276.224976 3.175000
VERTEX 187.324997 3.175000 3.175000
VERTEX 3.175000 3.175000 3.175000
VERTEX 190.500000 0.000000 177.800003
VERTEX 190.500000 279.399994 177.800003
VERTEX 0.000000 279.399994 177.800003
VERTEX 0.000000 0.000000 177.800003
VERTEX 190.500000 0.000000 0.000000
VERTEX 190.500000 279.399994 0.000000
VERTEX 0.000000 279.399994 0.000000
VERTEX 0.000000 0.000000 0.000000
POLYGON 4
35
34
33
32
POLYGON 4
34
35
31
30
POLYGON 4
32
33
29
28
POLYGON 4
27
26
25
24
POLYGON 4
23
22
27
24
POLYGON 4
21
20
25
26
POLYGON 4
19
28
18
17
POLYGON 4
16
15
21
14
POLYGON 5
35
32
19
13
31
POLYGON 5
14
26
27
22
12
POLYGON 4
11
8
9
10
POLYGON 4
7
6
9
8
POLYGON 4
13
17
16
12
POLYGON 4
15
16
17
18
POLYGON 4
15
18
28
5
POLYGON 4
12
22
4
13
POLYGON 4
23
6
7
3
POLYGON 4
10
2
29
11
POLYGON 4
1
20
10
9
POLYGON 4
0
30
7
8
POLYGON 4
31
4
3
30
POLYGON 4
21
5
2
20
POLYGON 6
24
25
1
9
6
23
POLYGON 5
33
34
0
11
29
NULL
