VERTEX 0.000000 0.000000 0.000000
VERTEX 174.625000 0.000000 0.000000
VERTEX 174.625000 63.500000 0.000000
VERTEX 0.000000 63.500000 0.000000
VERTEX 0.000000 0.000000 6.350000
VERTEX 0.000000 63.500000 6.350000
VERTEX 174.625000 63.500000 6.350000
VERTEX 174.625000 0.000000 6.350000
VERTEX 108.469666 41.275002 6.350000
VERTEX 108.469666 22.225000 6.350000
VERTEX 36.512505 41.275002 69.849998
VERTEX 36.512505 22.225000 69.849998
VERTEX 136.679230 41.275002 69.849998
VERTEX 138.112503 41.275002 69.849998
VERTEX 138.112503 22.225000 69.849998
VERTEX 136.679230 22.225000 69.849998
VERTEX 87.312500 22.225000 25.399996
VERTEX 87.312500 41.275002 25.399998
VERTEX 37.945778 41.275002 69.849998
VERTEX 37.945778 22.225000 69.849998
VERTEX 138.112503 22.225000 6.350000
VERTEX 138.112503 41.275002 6.350000
VERTEX 36.512505 41.275002 6.350000
VERTEX 36.512505 22.225000 6.350000
POLYGON 4
0
1
7
4
POLYGON 4
1
2
6
7
POLYGON 4
2
3
5
6
POLYGON 4
3
0
4
5
POLYGON 4
4
7
6
5
POLYGON 4
0
3
2
1
POLYGON 4
23
22
21
20
POLYGON 4
19
16
17
18
POLYGON 4
15
14
13
12
POLYGON 4
12
17
16
15
POLYGON 4
20
21
13
14
POLYGON 4
22
23
11
10
POLYGON 4
11
19
18
10
POLYGON 5
16
9
20
14
15
POLYGON 5
21
8
17
12
13
POLYGON 4
19
11
23
9
POLYGON 4
22
10
18
8
NULL
