VERTEX 165.100006 0.000000 12.700000
VERTEX 165.100006 0.000000 215.899994
VERTEX 155.143250 -56.467564 12.700000
VERTEX 155.143250 -56.467564 215.899994
VERTEX 126.473923 -106.124260 12.700000
VERTEX 126.473923 -106.124260 215.899994
VERTEX 82.549988 -142.980804 12.700000
VERTEX 82.549988 -142.980804 215.899994
VERTEX 28.669312 -162.591766 12.700000
VERTEX 28.669312 -162.591766 215.899994
VERTEX -28.669308 -162.591766 12.700000
VERTEX -28.669308 -162.591766 215.899994
VERTEX -82.549988 -142.980804 12.700000
VERTEX -82.549988 -142.980804 215.899994
VERTEX -126.473946 -106.124229 12.700000
VERTEX -126.473946 -106.124229 215.899994
VERTEX -155.143250 -56.467529 12.700000
VERTEX -155.143250 -56.467529 215.899994
VERTEX -165.100006 0.000000 12.700000
VERTEX -165.100006 0.000000 215.899994
VERTEX -155.143250 56.467541 12.700000
VERTEX -155.143250 56.467541 215.899994
VERTEX -126.473938 106.124237 12.700000
VERTEX -126.473938 106.124237 215.899994
VERTEX -82.550011 142.980789 12.700000
VERTEX -82.550011 142.980789 215.899994
VERTEX -28.669317 162.591766 12.700000
VERTEX -28.669317 162.591766 215.899994
VERTEX 28.669321 162.591766 12.700000
VERTEX 28.669321 162.591766 215.899994
VERTEX 82.549995 142.980804 12.700000
VERTEX 82.549995 142.980804 215.899994
VERTEX 126.473946 106.124237 12.700000
VERTEX 126.473946 106.124237 215.899994
VERTEX 155.143265 56.467525 12.700000
VERTEX 155.143265 56.467525 215.899994
VERTEX -215.899994 -215.899994 215.899994
VERTEX 215.899994 -215.899994 215.899994
VERTEX 215.899994 215.899994 215.899994
VERTEX -215.899994 215.899994 215.899994
VERTEX -215.899994 -215.899994 228.599991
VERTEX -215.899994 215.899994 228.599991
VERTEX 215.899994 215.899994 228.599991
VERTEX 215.899994 -215.899994 228.599991
VERTEX -215.899994 -215.899994 0.000000
VERTEX 215.899994 -215.899994 0.000000
VERTEX 215.899994 215.899994 0.000000
VERTEX -215.899994 215.899994 0.000000
VERTEX -215.899994 -215.899994 12.700000
VERTEX -215.899994 215.899994 12.700000
VERTEX 215.899994 215.899994 12.700000
VERTEX 215.899994 -215.899994 12.700000
POLYGON 4
0
34
35
1
POLYGON 4
34
32
33
35
POLYGON 4
32
30
31
33
POLYGON 4
30
28
29
31
POLYGON 4
28
26
27
29
POLYGON 4
26
24
25
27
POLYGON 4
24
22
23
25
POLYGON 4
22
20
21
23
POLYGON 4
20
18
19
21
POLYGON 4
18
16
17
19
POLYGON 4
16
14
15
17
POLYGON 4
14
12
13
15
POLYGON 4
12
10
11
13
POLYGON 4
10
8
9
11
POLYGON 4
8
6
7
9
POLYGON 4
6
4
5
7
POLYGON 4
4
2
3
5
POLYGON 4
2
0
1
3
POLYGON 4
36
39
38
37
POLYGON 4
40
43
42
41
POLYGON 4
39
36
40
41
POLYGON 4
38
39
41
42
POLYGON 4
37
38
42
43
POLYGON 4
36
37
43
40
POLYGON 4
44
47
46
45
POLYGON 4
48
51
50
49
POLYGON 4
47
44
48
49
POLYGON 4
46
47
49
50
POLYGON 4
45
46
50
51
POLYGON 4
44
45
51
48
NULL
