VERTEX 6.350000 0.000000 141.287506
VERTEX 0.000000 0.000000 157.162506
VERTEX 3.174999 -5.499261 141.287506
VERTEX -3.174999 -5.499261 141.287506
VERTEX -6.350000 0.000000 141.287506
VERTEX -3.175000 5.499261 141.287506
VERTEX 3.175000 5.499261 141.287506
VERTEX 6.350000 0.000000 55.562500
VERTEX 6.350000 0.000000 141.287506
VERTEX 3.174999 -5.499261 55.562500
VERTEX 3.174999 -5.499261 141.287506
VERTEX -3.174999 -5.499261 55.562500
VERTEX -3.174999 -5.499261 141.287506
VERTEX -6.350000 0.000000 55.562500
VERTEX -6.350000 0.000000 141.287506
VERTEX -3.175000 5.499261 55.562500
VERTEX -3.175000 5.499261 141.287506
VERTEX 3.175000 5.499261 55.562500
VERTEX 3.175000 5.499261 141.287506
VERTEX 19.049999 0.000000 26.987499
VERTEX 19.049999 0.000000 55.562500
VERTEX 16.497782 -9.525002 26.987499
VERTEX 16.497782 -9.525002 55.562500
VERTEX 9.524998 -16.497784 26.987499
VERTEX 9.524998 -16.497784 55.562500
VERTEX 0.000000 -19.049999 26.987499
VERTEX 0.000000 -19.049999 55.562500
VERTEX -9.524998 -16.497784 26.987499
VERTEX -9.524998 -16.497784 55.562500
VERTEX -16.497784 -9.525000 26.987499
VERTEX -16.497784 -9.525000 55.562500
VERTEX -19.049999 0.000000 26.987499
VERTEX -19.049999 0.000000 55.562500
VERTEX -16.497784 9.525001 26.987499
VERTEX -16.497784 9.525001 55.562500
VERTEX -9.525001 16.497784 26.987499
VERTEX -9.525001 16.497784 55.562500
VERTEX 0.000000 19.049999 26.987499
VERTEX 0.000000 19.049999 55.562500
VERTEX 9.524999 16.497784 26.987499
VERTEX 9.524999 16.497784 55.562500
VERTEX 16.497784 9.525000 26.987499
VERTEX 16.497784 9.525000 55.562500
POLYGON 3
0
6
1
POLYGON 3
6
5
1
POLYGON 3
5
4
1
POLYGON 3
4
3
1
POLYGON 3
3
2
1
POLYGON 3
2
0
1
POLYGON 4
7
17
18
8
POLYGON 4
17
15
16
18
POLYGON 4
15
13
14
16
POLYGON 4
13
11
12
14
POLYGON 4
11
9
10
12
POLYGON 4
9
7
8
10
POLYGON 4
19
41
42
20
POLYGON 4
41
39
40
42
POLYGON 4
39
37
38
40
POLYGON 4
37
35
36
38
POLYGON 4
35
33
34
36
POLYGON 4
33
31
32
34
POLYGON 4
31
29
30
32
POLYGON 4
29
27
28
30
POLYGON 4
27
25
26
28
POLYGON 4
25
23
24
26
POLYGON 4
23
21
22
24
POLYGON 4
21
19
20
22
POLYGON 12
20
42
40
38
36
34
32
30
28
26
24
22
NULL
