VERTEX 609.599976 0.000000 8432.799805
VERTEX 0.000000 0.000000 8432.799805
VERTEX 0.000000 0.000000 7518.399902
VERTEX 609.599976 0.000000 7518.399902
VERTEX 0.000000 15722.599609 8432.799805
VERTEX 609.599976 15722.599609 8432.799805
VERTEX 0.000000 15722.599609 7518.399902
VERTEX 609.599976 15722.599609 7518.399902
VERTEX 0.000000 0.000000 3860.800049
VERTEX 254.000000 0.000000 3860.800049
VERTEX 254.000000 0.000000 4470.399902
VERTEX 0.000000 0.000000 4470.399902
VERTEX 0.000000 15722.599609 3860.800049
VERTEX 254.000000 15722.599609 3860.800049
VERTEX 0.000000 15722.599609 4470.399902
VERTEX 254.000000 15722.599609 4470.399902
VERTEX 0.000000 7137.399414 0.000000
VERTEX 292.100006 7137.399414 0.000000
VERTEX 292.100006 7442.199219 0.000000
VERTEX 0.000000 7442.199219 0.000000
VERTEX 0.000000 7137.399414 8432.799805
VERTEX 0.000000 7442.199219 8432.799805
VERTEX 292.100006 7442.199219 8432.799805
VERTEX 292.100006 7137.399414 8432.799805
VERTEX 165.100037 16332.199219 5511.799805
VERTEX 165.100037 -609.599976 5511.799805
VERTEX -609.599976 965.199951 8432.799805
VERTEX 165.100037 965.200012 8432.799805
VERTEX 165.100037 6375.399902 8432.799805
VERTEX -609.599976 7899.400391 0.000000
VERTEX -609.599976 -609.599976 5511.799805
VERTEX -609.599976 -609.599976 3987.799805
VERTEX -609.599976 4851.399902 8432.799805
VERTEX -609.599976 2489.199951 8432.799805
VERTEX -609.599976 6375.399902 3987.799805
VERTEX -609.599976 7899.400391 3987.799805
VERTEX -609.599976 7899.399902 8432.799805
VERTEX -609.599976 6375.399902 8432.799805
VERTEX 165.100037 4851.399902 8432.799805
VERTEX 165.100037 2489.200439 8432.799805
VERTEX 165.100037 16332.199219 0.000000
VERTEX -609.599976 16332.199219 0.000200
VERTEX -609.599976 16332.199219 8432.799805
VERTEX 165.100037 16332.199219 8432.799805
VERTEX -609.599976 -609.599976 8432.799805
VERTEX 165.100037 -609.599976 8432.799805
VERTEX 165.100037 -609.599976 0.000000
VERTEX -609.599976 -609.599976 0.000000
VERTEX -609.599976 2489.200439 5511.799805
VERTEX -609.599976 2489.200195 7035.799805
VERTEX 165.100037 2489.200195 7035.799805
VERTEX 165.100037 2489.199951 5511.799805
VERTEX 165.100037 965.199951 5511.799805
VERTEX 165.100037 965.200012 7035.799805
VERTEX -609.599976 965.199951 7035.799805
VERTEX -609.599976 965.200012 5511.799805
VERTEX -609.599976 6375.399902 5511.799805
VERTEX -609.599976 6375.399902 7035.799805
VERTEX 165.100021 6375.399902 7035.799805
VERTEX 165.100021 6375.399902 5511.799805
VERTEX 165.100021 4851.399902 5511.799805
VERTEX 165.100021 4851.399902 7035.799805
VERTEX -609.599976 4851.399902 7035.799805
VERTEX -609.599976 4851.399902 5511.799805
POLYGON 4
0
1
2
3
POLYGON 4
4
1
0
5
POLYGON 4
1
4
6
2
POLYGON 4
5
0
3
7
POLYGON 4
2
6
7
3
POLYGON 4
4
5
7
6
POLYGON 4
8
9
10
11
POLYGON 4
8
12
13
9
POLYGON 4
12
8
11
14
POLYGON 4
9
13
15
10
POLYGON 4
14
11
10
15
POLYGON 4
13
12
14
15
POLYGON 4
16
19
18
17
POLYGON 4
20
23
22
21
POLYGON 4
19
16
20
21
POLYGON 4
18
19
21
22
POLYGON 4
17
18
22
23
POLYGON 4
16
17
23
20
POLYGON 4
63
62
61
60
POLYGON 4
59
58
57
56
POLYGON 4
55
54
53
52
POLYGON 4
51
50
49
48
POLYGON 4
47
46
45
44
POLYGON 4
43
40
41
42
POLYGON 4
39
51
60
38
POLYGON 4
37
36
35
34
POLYGON 4
48
33
32
63
POLYGON 4
56
34
31
30
POLYGON 4
47
31
35
29
POLYGON 4
61
58
28
38
POLYGON 4
57
62
32
37
POLYGON 4
54
49
50
53
POLYGON 4
52
51
48
55
POLYGON 4
53
50
39
27
POLYGON 4
49
54
26
33
POLYGON 4
25
52
27
45
POLYGON 4
55
30
44
26
POLYGON 4
62
57
58
61
POLYGON 4
60
59
56
63
POLYGON 4
47
41
40
46
POLYGON 4
24
25
46
40
POLYGON 4
42
44
45
43
POLYGON 4
36
42
41
29
POLYGON 4
24
43
28
59
NULL
