VERTEX 14909.799805 0.000000 8432.799805
VERTEX 14300.200195 0.000000 8432.799805
VERTEX 14300.200195 0.000000 7518.399902
VERTEX 14909.799805 0.000000 7518.399902
VERTEX 14909.799805 15722.599609 8432.799805
VERTEX 14300.200195 15722.599609 8432.799805
VERTEX 14909.799805 15722.599609 7518.399902
VERTEX 14300.200195 15722.599609 7518.399902
VERTEX 14909.799805 -609.599976 0.000000
VERTEX 15519.399414 -609.599976 0.000000
VERTEX 15519.399414 -609.599976 8432.799805
VERTEX 14909.799805 -609.599976 8432.799805
VERTEX 14909.799805 16332.199219 0.000000
VERTEX 15519.399414 16332.199219 0.000000
VERTEX 14909.799805 16332.199219 8432.799805
VERTEX 15519.399414 16332.199219 8432.799805
VERTEX 14655.799805 15722.599609 4470.399902
VERTEX 14909.799805 15722.599609 4470.399902
VERTEX 14655.799805 15722.599609 3860.800049
VERTEX 14909.799805 15722.599609 3860.800049
VERTEX 14655.799805 0.000000 4470.399902
VERTEX 14909.799805 0.000000 4470.399902
VERTEX 14909.799805 0.000000 3860.800049
VERTEX 14655.799805 0.000000 3860.800049
VERTEX 14909.799805 7442.199219 8432.799805
VERTEX 14617.700195 7442.199219 8432.799805
VERTEX 14617.700195 7137.399414 8432.799805
VERTEX 14909.799805 7137.399414 8432.799805
VERTEX 14909.799805 7442.199219 0.000000
VERTEX 14617.700195 7442.199219 0.000000
VERTEX 14617.700195 7137.399414 0.000000
VERTEX 14909.799805 7137.399414 0.000000
POLYGON 4
0
1
2
3
POLYGON 4
0
4
5
1
POLYGON 4
4
0
3
6
POLYGON 4
1
5
7
2
POLYGON 4
6
3
2
7
POLYGON 4
5
4
6
7
POLYGON 4
8
9
10
11
POLYGON 4
8
12
13
9
POLYGON 4
12
8
11
14
POLYGON 4
9
13
15
10
POLYGON 4
14
11
10
15
POLYGON 4
13
12
14
15
POLYGON 4
23
22
21
20
POLYGON 4
19
22
23
18
POLYGON 4
22
19
17
21
POLYGON 4
18
23
20
16
POLYGON 4
21
17
16
20
POLYGON 4
19
18
16
17
POLYGON 4
31
30
29
28
POLYGON 4
27
24
25
26
POLYGON 4
30
31
27
26
POLYGON 4
29
30
26
25
POLYGON 4
28
29
25
24
POLYGON 4
31
28
24
27
NULL
