VERTEX 4165.600098 -609.599976 0.000000
VERTEX 4165.600586 0.000000 0.000000
VERTEX 5410.200195 0.000000 0.000000
VERTEX 5410.200195 -609.599976 0.000000
VERTEX 15519.400391 0.000000 0.000000
VERTEX 15519.400391 -609.599976 0.000000
VERTEX 6324.600098 -609.599976 0.000000
VERTEX 6324.600098 0.000000 0.000000
VERTEX 965.200012 -609.599976 0.000000
VERTEX -609.599976 -609.599976 0.000000
VERTEX -609.599976 0.000000 0.000000
VERTEX 965.200012 0.000000 0.000000
VERTEX 6324.600098 -609.599976 2133.599854
VERTEX 6324.600098 0.000000 2133.599854
VERTEX 5410.200195 0.000000 2133.599854
VERTEX 5410.200195 -609.599976 2133.599854
VERTEX 965.200012 0.000000 3073.399902
VERTEX 4165.600098 0.000000 3073.399902
VERTEX 4165.600586 -609.599976 3073.400146
VERTEX 965.200012 -609.599976 3073.400146
VERTEX 15519.400391 0.000000 8432.799805
VERTEX 15519.400391 -609.599976 8432.799805
VERTEX -609.599976 -609.599976 8432.799805
VERTEX -609.599976 0.000000 8432.799805
VERTEX 2641.600098 -609.599976 5511.799805
VERTEX 2641.600098 -609.599976 7035.799805
VERTEX 2641.600098 0.000000 7035.799805
VERTEX 2641.600098 0.000000 5511.799805
VERTEX 1117.599976 0.000000 5511.799805
VERTEX 1117.599976 0.000000 7035.799805
VERTEX 1117.599976 -609.599976 7035.799805
VERTEX 1117.599976 -609.599976 5511.799805
VERTEX 5994.399902 -609.599976 5511.799805
VERTEX 5994.399902 -609.599976 7035.799805
VERTEX 5994.399902 0.000000 7035.799805
VERTEX 5994.399902 0.000000 5511.799805
VERTEX 4470.399902 0.000000 5511.799805
VERTEX 4470.399902 0.000000 7035.799805
VERTEX 4470.399902 -609.599976 7035.799805
VERTEX 4470.399902 -609.599976 5511.799805
VERTEX 10439.400391 -609.599976 5511.799805
VERTEX 10439.400391 -609.599976 7035.799805
VERTEX 10439.400391 0.000000 7035.799805
VERTEX 10439.400391 0.000000 5511.799805
VERTEX 8915.400391 0.000000 5511.799805
VERTEX 8915.400391 0.000000 7035.799805
VERTEX 8915.400391 -609.599976 7035.799805
VERTEX 8915.400391 -609.599976 5511.799805
VERTEX 13792.200195 -609.599976 7035.799805
VERTEX 13792.200195 0.000000 7035.799805
VERTEX 12268.200195 0.000000 7035.799805
VERTEX 12268.200195 -609.599976 7035.799805
VERTEX 13792.200195 -609.599976 5511.799805
VERTEX 13792.200195 0.000000 5511.799805
VERTEX 12268.200195 -609.599976 5511.799805
VERTEX 12268.200195 0.000000 5511.799805
VERTEX 5410.200195 0.000000 3073.399902
VERTEX 7239.000000 -609.599976 3073.400146
VERTEX 6324.600098 -609.599976 3073.400146
VERTEX 7239.000000 -609.599976 0.000000
VERTEX 7239.000000 0.000000 3073.399902
VERTEX 7239.000000 0.000000 2133.599854
VERTEX 4495.800781 -609.599976 3073.400146
VERTEX 4495.800781 -609.599976 2133.599854
VERTEX 7239.000000 0.000000 0.000000
VERTEX 4495.800781 -609.599976 0.000000
VERTEX -609.599976 -609.599976 3073.400146
VERTEX -609.599976 0.000000 3073.399902
VERTEX -406.400208 0.000000 3987.799805
VERTEX -609.599976 0.000000 3987.799805
VERTEX -406.400085 0.000000 8432.799805
VERTEX 1117.599976 0.000000 8432.799805
VERTEX 2641.600098 0.000000 8432.799805
VERTEX 1117.599976 -609.599976 3987.799805
VERTEX 2641.600098 -609.599976 3987.799805
VERTEX -406.400085 -609.599976 3073.400146
VERTEX -406.400238 -609.599976 8432.799805
VERTEX -406.400238 -609.599976 7035.799805
VERTEX 2641.600098 -609.599976 8432.799805
VERTEX -406.400177 0.000000 5511.799805
VERTEX -406.400238 -609.599976 3987.800049
VERTEX 5994.399902 -609.599976 8432.799805
VERTEX 4470.399902 -609.599976 8432.799805
VERTEX 7239.000000 0.000000 7035.799805
VERTEX 7239.000000 0.000000 5511.799805
VERTEX 7239.000000 0.000000 3987.799805
VERTEX 7239.000000 -609.599976 3987.799805
VERTEX 7239.000000 0.000000 8432.799805
VERTEX 4470.399902 0.000000 8432.799805
VERTEX 7239.000000 -609.599976 8432.799805
VERTEX 7239.000000 -609.599976 5511.799805
VERTEX 4470.399902 -609.599976 3987.799805
VERTEX 10439.400391 -609.599976 8432.799805
VERTEX 8915.400391 -609.599976 8432.799805
VERTEX 7391.400391 0.000000 0.000000
VERTEX 7391.400391 0.000000 8432.799805
VERTEX 8915.400391 0.000000 8432.799805
VERTEX 7391.400391 0.000000 5511.799805
VERTEX 8915.400391 -609.599976 3987.799805
VERTEX 15519.400391 0.000000 3987.800049
VERTEX 15316.200195 0.000000 3987.799561
VERTEX 15316.200195 0.000000 8432.799805
VERTEX 15316.200195 -609.599976 3987.799561
VERTEX 15519.400391 -609.599976 3987.799561
VERTEX 10744.200195 0.000000 5511.799805
VERTEX 10744.200195 0.000000 3987.799805
VERTEX 10744.200195 0.000000 0.000000
VERTEX 15316.200195 -609.599976 8432.799805
VERTEX 13792.200195 0.000000 8432.799805
VERTEX 13792.200195 -609.599976 8432.799805
VERTEX 12268.200195 -609.599976 8432.799805
VERTEX 15316.200195 -609.599976 5511.799805
VERTEX 15316.200195 0.000000 5511.799805
VERTEX 0.000000 0.000000 0.000000
VERTEX 355.600006 0.000000 0.000000
VERTEX 355.600006 203.199997 0.000000
VERTEX 0.000000 203.199997 0.000000
VERTEX 0.000000 0.000000 8432.799805
VERTEX 0.000000 203.199997 8432.799805
VERTEX 355.600006 203.199997 8432.799805
VERTEX 355.600006 0.000000 8432.799805
VERTEX 14909.799805 0.000000 0.000000
VERTEX 14554.200195 0.000000 0.000000
VERTEX 14554.200195 203.199997 0.000000
VERTEX 14909.799805 203.199997 0.000000
VERTEX 14909.799805 0.000000 8432.799805
VERTEX 14554.200195 0.000000 8432.799805
VERTEX 14554.200195 203.199997 8432.799805
VERTEX 14909.799805 203.199997 8432.799805
VERTEX 7162.799805 0.000000 0.000000
VERTEX 7734.299805 0.000000 0.000000
VERTEX 7734.299805 203.199997 0.000000
VERTEX 7162.799805 203.199997 0.000000
VERTEX 7162.799805 0.000000 8432.799805
VERTEX 7162.799805 203.199997 8432.799805
VERTEX 7734.299805 203.199997 8432.799805
VERTEX 7734.299805 0.000000 8432.799805
VERTEX 0.000000 0.000000 3835.399902
VERTEX 14909.799805 0.000000 3835.399902
VERTEX 14909.799805 203.199997 3835.399902
VERTEX 0.000000 203.199997 3835.399902
VERTEX 0.000000 0.000000 4597.399902
VERTEX 0.000000 203.199997 4597.399902
VERTEX 14909.799805 203.199997 4597.399902
VERTEX 14909.799805 0.000000 4597.399902
VERTEX 0.000000 0.000000 7645.399902
VERTEX 14909.799805 0.000000 7645.399902
VERTEX 14909.799805 203.199997 7645.399902
VERTEX 0.000000 203.199997 7645.399902
VERTEX 0.000000 0.000000 8432.799805
VERTEX 0.000000 203.199997 8432.799805
VERTEX 14909.799805 203.199997 8432.799805
VERTEX 14909.799805 0.000000 8432.799805
POLYGON 4
92
40
54
110
POLYGON 4
47
98
102
111
POLYGON 4
108
49
45
96
POLYGON 4
112
100
105
104
POLYGON 4
107
109
52
111
POLYGON 4
108
101
112
53
POLYGON 4
97
104
106
94
POLYGON 4
50
55
43
42
POLYGON 4
86
59
5
103
POLYGON 4
106
105
99
4
POLYGON 4
51
48
109
110
POLYGON 4
102
103
21
107
POLYGON 4
99
100
101
20
POLYGON 4
89
86
98
93
POLYGON 4
95
96
44
97
POLYGON 4
94
64
87
95
POLYGON 4
46
41
92
93
POLYGON 4
27
72
88
36
POLYGON 4
78
74
91
82
POLYGON 4
86
90
39
91
POLYGON 4
84
85
68
79
POLYGON 4
89
81
32
90
POLYGON 4
87
83
37
88
POLYGON 4
80
75
57
86
POLYGON 4
67
69
85
60
POLYGON 4
35
34
83
84
POLYGON 4
38
33
81
82
POLYGON 4
80
73
30
77
POLYGON 4
70
71
28
79
POLYGON 4
76
77
25
78
POLYGON 4
66
75
76
22
POLYGON 4
24
31
73
74
POLYGON 4
26
29
71
72
POLYGON 4
68
69
23
70
POLYGON 4
16
11
10
67
POLYGON 4
19
66
9
8
POLYGON 4
62
18
0
65
POLYGON 4
15
63
65
3
POLYGON 4
13
61
64
7
POLYGON 4
62
63
12
58
POLYGON 4
60
61
14
56
POLYGON 4
57
58
6
59
POLYGON 4
1
17
56
2
POLYGON 4
31
24
27
28
POLYGON 4
29
26
25
30
POLYGON 4
39
32
35
36
POLYGON 4
37
34
33
38
POLYGON 4
43
44
47
40
POLYGON 4
41
46
45
42
POLYGON 4
55
50
51
54
POLYGON 4
53
55
54
52
POLYGON 4
52
48
49
53
POLYGON 4
48
51
50
49
POLYGON 4
44
45
46
47
POLYGON 4
40
41
42
43
POLYGON 4
2
14
15
3
POLYGON 4
36
37
38
39
POLYGON 4
32
33
34
35
POLYGON 4
28
29
30
31
POLYGON 4
24
25
26
27
POLYGON 4
22
21
20
23
POLYGON 4
10
9
22
23
POLYGON 4
5
4
20
21
POLYGON 4
11
16
19
8
POLYGON 4
0
18
17
1
POLYGON 4
16
17
18
19
POLYGON 4
14
13
12
15
POLYGON 4
6
12
13
7
POLYGON 4
8
9
10
11
POLYGON 4
4
5
6
7
POLYGON 4
0
1
2
3
POLYGON 4
113
114
120
117
POLYGON 4
114
115
119
120
POLYGON 4
115
116
118
119
POLYGON 4
116
113
117
118
POLYGON 4
117
120
119
118
POLYGON 4
113
116
115
114
POLYGON 4
121
124
128
125
POLYGON 4
124
123
127
128
POLYGON 4
123
122
126
127
POLYGON 4
122
121
125
126
POLYGON 4
125
128
127
126
POLYGON 4
121
122
123
124
POLYGON 4
129
130
136
133
POLYGON 4
130
131
135
136
POLYGON 4
131
132
134
135
POLYGON 4
132
129
133
134
POLYGON 4
133
136
135
134
POLYGON 4
129
132
131
130
POLYGON 4
137
138
144
141
POLYGON 4
138
139
143
144
POLYGON 4
139
140
142
143
POLYGON 4
140
137
141
142
POLYGON 4
141
144
143
142
POLYGON 4
137
140
139
138
POLYGON 4
145
146
152
149
POLYGON 4
146
147
151
152
POLYGON 4
147
148
150
151
POLYGON 4
148
145
149
150
POLYGON 4
149
152
151
150
POLYGON 4
145
148
147
146
NULL
