VERTEX -304.799988 -104.775002 425.450012
VERTEX -339.724976 -104.775002 425.450012
VERTEX -339.724976 -47.625000 425.450012
VERTEX -304.799988 -47.625000 425.450012
VERTEX -304.799988 -104.775002 495.300018
VERTEX -339.724976 -104.775002 495.300018
VERTEX -339.724976 -47.625000 495.300018
VERTEX -304.799988 -47.625000 495.300018
VERTEX -152.399994 -104.775002 438.149994
VERTEX -304.799988 -104.775002 438.149994
VERTEX -304.799988 -47.625000 438.149994
VERTEX -152.399994 -47.625000 438.149994
VERTEX -152.399994 -104.775002 495.299988
VERTEX -304.799988 -104.775002 495.299988
VERTEX -304.799988 -47.625000 495.299988
VERTEX -152.399994 -47.625000 495.299988
VERTEX -127.000000 -104.775002 438.149994
VERTEX -152.399994 -104.775002 438.149994
VERTEX -152.399994 -47.625000 438.149994
VERTEX -127.000000 -47.625000 438.149994
VERTEX -127.000000 -104.775002 476.250000
VERTEX -152.399994 -104.775002 476.250000
VERTEX -152.399994 -47.625000 476.250000
VERTEX -127.000000 -47.625000 476.250000
VERTEX -127.000000 -127.000000 419.100006
VERTEX 127.000000 -127.000000 419.100006
VERTEX 127.000000 127.000000 419.100006
VERTEX -127.000000 127.000000 419.100006
VERTEX -127.000000 -127.000000 476.250000
VERTEX -127.000000 127.000000 476.250000
VERTEX 127.000000 127.000000 476.250000
VERTEX 127.000000 -127.000000 476.250000
VERTEX -152.399994 -152.399994 406.399994
VERTEX 152.399994 -152.399994 406.399994
VERTEX 152.399994 152.399994 406.399994
VERTEX -152.399994 152.399994 406.399994
VERTEX -152.399994 -152.399994 419.100006
VERTEX -152.399994 152.399994 419.100006
VERTEX 152.399994 152.399994 419.100006
VERTEX 152.399994 -152.399994 419.100006
VERTEX -38.099998 -38.099998 19.049999
VERTEX 38.099998 -38.099998 19.049999
VERTEX 38.099998 38.099998 19.049999
VERTEX -38.099998 38.099998 19.049999
VERTEX -38.099998 -38.099998 406.399994
VERTEX -38.099998 38.099998 406.399994
VERTEX 38.099998 38.099998 406.399994
VERTEX 38.099998 -38.099998 406.399994
VERTEX -304.799988 -152.399994 0.000000
VERTEX 304.799988 -152.399994 0.000000
VERTEX 304.799988 152.399994 0.000000
VERTEX -304.799988 152.399994 0.000000
VERTEX -304.799988 -152.399994 19.049999
VERTEX -304.799988 152.399994 19.049999
VERTEX 304.799988 152.399994 19.049999
VERTEX 304.799988 -152.399994 19.049999
POLYGON 4
0
1
2
3
POLYGON 4
4
7
6
5
POLYGON 4
1
0
4
5
POLYGON 4
2
1
5
6
POLYGON 4
3
2
6
7
POLYGON 4
0
3
7
4
POLYGON 4
8
9
10
11
POLYGON 4
12
15
14
13
POLYGON 4
9
8
12
13
POLYGON 4
10
9
13
14
POLYGON 4
11
10
14
15
POLYGON 4
8
11
15
12
POLYGON 4
16
17
18
19
POLYGON 4
20
23
22
21
POLYGON 4
17
16
20
21
POLYGON 4
18
17
21
22
POLYGON 4
19
18
22
23
POLYGON 4
16
19
23
20
POLYGON 4
24
27
26
25
POLYGON 4
28
31
30
29
POLYGON 4
27
24
28
29
POLYGON 4
26
27
29
30
POLYGON 4
25
26
30
31
POLYGON 4
24
25
31
28
POLYGON 4
32
35
34
33
POLYGON 4
36
39
38
37
POLYGON 4
35
32
36
37
POLYGON 4
34
35
37
38
POLYGON 4
33
34
38
39
POLYGON 4
32
33
39
36
POLYGON 4
40
43
42
41
POLYGON 4
44
47
46
45
POLYGON 4
43
40
44
45
POLYGON 4
42
43
45
46
POLYGON 4
41
42
46
47
POLYGON 4
40
41
47
44
POLYGON 4
48
51
50
49
POLYGON 4
52
55
54
53
POLYGON 4
51
48
52
53
POLYGON 4
50
51
53
54
POLYGON 4
49
50
54
55
POLYGON 4
48
49
55
52
NULL
