VERTEX -69.849998 0.000000 6.350000
VERTEX 69.849998 0.000000 6.350000
VERTEX 69.849998 0.000000 63.500000
VERTEX -69.849998 0.000000 63.500000
VERTEX -69.849998 212.534302 6.350000
VERTEX 69.849998 212.534302 6.350000
VERTEX 69.849998 199.864471 63.500000
VERTEX -69.849998 199.864471 63.500000
VERTEX -130.175003 130.175003 0.000000
VERTEX -130.175003 130.175003 19.049999
VERTEX -133.577957 117.474998 0.000000
VERTEX -133.577957 117.474998 19.049999
VERTEX -142.875000 108.177956 0.000000
VERTEX -142.875000 108.177956 19.049999
VERTEX -155.574997 104.775002 0.000000
VERTEX -155.574997 104.775002 19.049999
VERTEX -168.274994 108.177956 0.000000
VERTEX -168.274994 108.177956 19.049999
VERTEX -177.572037 117.475006 0.000000
VERTEX -177.572037 117.475006 19.049999
VERTEX -180.974991 130.175003 0.000000
VERTEX -180.974991 130.175003 19.049999
VERTEX -177.572037 142.875000 0.000000
VERTEX -177.572037 142.875000 19.049999
VERTEX -168.274994 152.172043 0.000000
VERTEX -168.274994 152.172043 19.049999
VERTEX -155.574997 155.574997 0.000000
VERTEX -155.574997 155.574997 19.049999
VERTEX -142.875000 152.172043 0.000000
VERTEX -142.875000 152.172043 19.049999
VERTEX -133.577957 142.875000 0.000000
VERTEX -133.577957 142.875000 19.049999
VERTEX 180.974991 130.175003 0.000000
VERTEX 180.974991 130.175003 19.049999
VERTEX 177.572037 117.474998 0.000000
VERTEX 177.572037 117.474998 19.049999
VERTEX 168.274994 108.177956 0.000000
VERTEX 168.274994 108.177956 19.049999
VERTEX 155.574997 104.775002 0.000000
VERTEX 155.574997 104.775002 19.049999
VERTEX 142.875000 108.177956 0.000000
VERTEX 142.875000 108.177956 19.049999
VERTEX 133.577957 117.475006 0.000000
VERTEX 133.577957 117.475006 19.049999
VERTEX 130.175003 130.175003 0.000000
VERTEX 130.175003 130.175003 19.049999
VERTEX 133.577957 142.875000 0.000000
VERTEX 133.577957 142.875000 19.049999
VERTEX 142.875000 152.172043 0.000000
VERTEX 142.875000 152.172043 19.049999
VERTEX 155.574997 155.574997 0.000000
VERTEX 155.574997 155.574997 19.049999
VERTEX 168.274994 152.172043 0.000000
VERTEX 168.274994 152.172043 19.049999
VERTEX 177.572037 142.875000 0.000000
VERTEX 177.572037 142.875000 19.049999
VERTEX -130.175003 -130.175003 0.000000
VERTEX -130.175003 -130.175003 19.049999
VERTEX -133.577957 -142.875000 0.000000
VERTEX -133.577957 -142.875000 19.049999
VERTEX -142.875000 -152.172043 0.000000
VERTEX -142.875000 -152.172043 19.049999
VERTEX -155.574997 -155.574997 0.000000
VERTEX -155.574997 -155.574997 19.049999
VERTEX -168.274994 -152.172043 0.000000
VERTEX -168.274994 -152.172043 19.049999
VERTEX -177.572037 -142.875000 0.000000
VERTEX -177.572037 -142.875000 19.049999
VERTEX -180.974991 -130.175003 0.000000
VERTEX -180.974991 -130.175003 19.049999
VERTEX -177.572037 -117.475006 0.000000
VERTEX -177.572037 -117.475006 19.049999
VERTEX -168.274994 -108.177963 0.000000
VERTEX -168.274994 -108.177963 19.049999
VERTEX -155.574997 -104.775002 0.000000
VERTEX -155.574997 -104.775002 19.049999
VERTEX -142.875000 -108.177956 0.000000
VERTEX -142.875000 -108.177956 19.049999
VERTEX -133.577957 -117.475006 0.000000
VERTEX -133.577957 -117.475006 19.049999
VERTEX 180.974991 -130.175003 0.000000
VERTEX 180.974991 -130.175003 19.049999
VERTEX 177.572037 -142.875000 0.000000
VERTEX 177.572037 -142.875000 19.049999
VERTEX 168.274994 -152.172043 0.000000
VERTEX 168.274994 -152.172043 19.049999
VERTEX 155.574997 -155.574997 0.000000
VERTEX 155.574997 -155.574997 19.049999
VERTEX 142.875000 -152.172043 0.000000
VERTEX 142.875000 -152.172043 19.049999
VERTEX 133.577957 -142.875000 0.000000
VERTEX 133.577957 -142.875000 19.049999
VERTEX 130.175003 -130.175003 0.000000
VERTEX 130.175003 -130.175003 19.049999
VERTEX 133.577957 -117.475006 0.000000
VERTEX 133.577957 -117.475006 19.049999
VERTEX 142.875000 -108.177963 0.000000
VERTEX 142.875000 -108.177963 19.049999
VERTEX 155.574997 -104.775002 0.000000
VERTEX 155.574997 -104.775002 19.049999
VERTEX 168.274994 -108.177956 0.000000
VERTEX 168.274994 -108.177956 19.049999
VERTEX 177.572037 -117.475006 0.000000
VERTEX 177.572037 -117.475006 19.049999
VERTEX -165.100006 -139.699997 19.049999
VERTEX 165.100006 -139.699997 19.049999
VERTEX 165.100006 139.699997 19.049999
VERTEX -165.100006 139.699997 19.049999
VERTEX -165.100006 -139.699997 31.750000
VERTEX -165.100006 139.699997 31.750000
VERTEX 165.100006 139.699997 31.750000
VERTEX 165.100006 -139.699997 31.750000
VERTEX -174.625000 -149.225006 31.750000
VERTEX 174.625000 -149.225006 31.750000
VERTEX 174.625000 149.225006 31.750000
VERTEX -174.625000 149.225006 31.750000
VERTEX -174.625000 -149.225006 88.900002
VERTEX -174.625000 149.225006 88.900002
VERTEX 174.625000 149.225006 88.900002
VERTEX 174.625000 -149.225006 88.900002
POLYGON 4
0
1
2
3
POLYGON 4
0
4
5
1
POLYGON 4
1
5
6
2
POLYGON 4
4
0
3
7
POLYGON 4
7
3
2
6
POLYGON 4
7
6
5
4
POLYGON 4
8
30
31
9
POLYGON 4
30
28
29
31
POLYGON 4
28
26
27
29
POLYGON 4
26
24
25
27
POLYGON 4
24
22
23
25
POLYGON 4
22
20
21
23
POLYGON 4
20
18
19
21
POLYGON 4
18
16
17
19
POLYGON 4
16
14
15
17
POLYGON 4
14
12
13
15
POLYGON 4
12
10
11
13
POLYGON 4
10
8
9
11
POLYGON 12
8
10
12
14
16
18
20
22
24
26
28
30
POLYGON 12
9
31
29
27
25
23
21
19
17
15
13
11
POLYGON 4
32
54
55
33
POLYGON 4
54
52
53
55
POLYGON 4
52
50
51
53
POLYGON 4
50
48
49
51
POLYGON 4
48
46
47
49
POLYGON 4
46
44
45
47
POLYGON 4
44
42
43
45
POLYGON 4
42
40
41
43
POLYGON 4
40
38
39
41
POLYGON 4
38
36
37
39
POLYGON 4
36
34
35
37
POLYGON 4
34
32
33
35
POLYGON 12
32
34
36
38
40
42
44
46
48
50
52
54
POLYGON 12
33
55
53
51
49
47
45
43
41
39
37
35
POLYGON 4
56
78
79
57
POLYGON 4
78
76
77
79
POLYGON 4
76
74
75
77
POLYGON 4
74
72
73
75
POLYGON 4
72
70
71
73
POLYGON 4
70
68
69
71
POLYGON 4
68
66
67
69
POLYGON 4
66
64
65
67
POLYGON 4
64
62
63
65
POLYGON 4
62
60
61
63
POLYGON 4
60
58
59
61
POLYGON 4
58
56
57
59
POLYGON 12
56
58
60
62
64
66
68
70
72
74
76
78
POLYGON 12
57
79
77
75
73
71
69
67
65
63
61
59
POLYGON 4
80
102
103
81
POLYGON 4
102
100
101
103
POLYGON 4
100
98
99
101
POLYGON 4
98
96
97
99
POLYGON 4
96
94
95
97
POLYGON 4
94
92
93
95
POLYGON 4
92
90
91
93
POLYGON 4
90
88
89
91
POLYGON 4
88
86
87
89
POLYGON 4
86
84
85
87
POLYGON 4
84
82
83
85
POLYGON 4
82
80
81
83
POLYGON 12
80
82
84
86
88
90
92
94
96
98
100
102
POLYGON 12
81
103
101
99
97
95
93
91
89
87
85
83
POLYGON 4
104
107
106
105
POLYGON 4
108
111
110
109
POLYGON 4
107
104
108
109
POLYGON 4
106
107
109
110
POLYGON 4
105
106
110
111
POLYGON 4
104
105
111
108
POLYGON 4
112
115
114
113
POLYGON 4
116
119
118
117
POLYGON 4
115
112
116
117
POLYGON 4
114
115
117
118
POLYGON 4
113
114
118
119
POLYGON 4
112
113
119
116
NULL
