VERTEX -736.600037 0.000000 457.200012
VERTEX -736.600037 50.799999 457.200012
VERTEX -787.400024 50.799999 457.200012
VERTEX -787.400024 0.000000 457.200012
VERTEX -787.400024 50.799999 0.000000
VERTEX -736.600037 50.799999 0.000000
VERTEX -736.600037 0.000000 0.000000
VERTEX -787.400024 0.000000 0.000000
VERTEX -25.400024 0.000000 0.000000
VERTEX 25.399963 0.000000 0.000000
VERTEX 25.399963 50.799999 0.000000
VERTEX -25.400024 50.799999 0.000000
VERTEX -25.400024 0.000000 457.200012
VERTEX -25.400024 50.799999 457.200012
VERTEX 25.399963 50.799999 457.200012
VERTEX 25.399963 0.000000 457.200012
VERTEX -787.400024 558.799988 0.000000
VERTEX -736.600037 558.799988 0.000000
VERTEX -736.600037 609.599976 0.000000
VERTEX -787.400024 609.599976 0.000000
VERTEX -787.400024 558.799988 457.200012
VERTEX -787.400024 609.599976 457.200012
VERTEX -736.600037 609.599976 457.200012
VERTEX -736.600037 558.799988 457.200012
VERTEX 25.399963 558.799988 457.200012
VERTEX 25.399963 609.599976 457.200012
VERTEX -25.400024 609.599976 457.200012
VERTEX -25.400024 558.799988 457.200012
VERTEX -25.400024 609.599976 0.000000
VERTEX 25.399963 609.599976 0.000000
VERTEX 25.399963 558.799988 0.000000
VERTEX -25.400024 558.799988 0.000000
VERTEX 25.399963 0.000000 508.000000
VERTEX 25.399963 609.599976 508.000000
VERTEX -787.400024 609.599976 508.000000
VERTEX -787.400024 0.000000 508.000000
VERTEX -787.400024 609.599976 457.200012
VERTEX 25.399963 609.599976 457.200012
VERTEX 25.399963 0.000000 457.200012
VERTEX -787.400024 0.000000 457.200012
VERTEX 25.399963 6.350000 584.200012
VERTEX 25.399963 603.250000 584.200012
VERTEX -25.400024 603.250000 584.200012
VERTEX -25.400024 6.350000 584.200012
VERTEX -25.400024 603.250000 508.000000
VERTEX 25.399963 603.250000 508.000000
VERTEX 25.399963 6.350000 508.000000
VERTEX -25.400024 6.350000 508.000000
VERTEX -685.800049 0.000000 508.000000
VERTEX -584.200012 0.000000 508.000000
VERTEX -584.200012 101.599998 508.000000
VERTEX -685.800049 101.599998 508.000000
VERTEX -685.800049 0.000000 533.400024
VERTEX -685.800049 101.599998 533.400024
VERTEX -584.200012 101.599998 533.400024
VERTEX -584.200012 0.000000 533.400024
VERTEX -596.900024 12.700000 584.200012
VERTEX -596.900024 88.899994 584.200012
VERTEX -673.100037 88.899994 584.200012
VERTEX -673.100037 12.700000 584.200012
VERTEX -673.100037 88.899994 533.400024
VERTEX -596.900024 88.899994 533.400024
VERTEX -596.900024 12.700000 533.400024
VERTEX -673.100037 12.700000 533.400024
VERTEX -584.200012 0.000000 609.600037
VERTEX -584.200012 101.599998 609.600037
VERTEX -685.800049 101.599998 609.600037
VERTEX -685.800049 0.000000 609.600037
VERTEX -685.800049 101.599998 584.200012
VERTEX -584.200012 101.599998 584.200012
VERTEX -584.200012 0.000000 584.200012
VERTEX -685.800049 0.000000 584.200012
VERTEX -685.800049 508.000000 584.200012
VERTEX -584.200012 508.000000 584.200012
VERTEX -584.200012 609.599976 584.200012
VERTEX -685.800049 609.599976 584.200012
VERTEX -685.800049 508.000000 609.600037
VERTEX -685.800049 609.599976 609.600037
VERTEX -584.200012 609.599976 609.600037
VERTEX -584.200012 508.000000 609.600037
VERTEX -673.100037 520.700012 533.400024
VERTEX -596.900024 520.700012 533.400024
VERTEX -596.900024 596.900024 533.400024
VERTEX -673.100037 596.900024 533.400024
VERTEX -673.100037 520.700012 584.200012
VERTEX -673.100037 596.900024 584.200012
VERTEX -596.900024 596.900024 584.200012
VERTEX -596.900024 520.700012 584.200012
VERTEX -584.200012 508.000000 533.400024
VERTEX -584.200012 609.599976 533.400024
VERTEX -685.800049 609.599976 533.400024
VERTEX -685.800049 508.000000 533.400024
VERTEX -685.800049 609.599976 508.000000
VERTEX -584.200012 609.599976 508.000000
VERTEX -584.200012 508.000000 508.000000
VERTEX -685.800049 508.000000 508.000000
VERTEX -177.800049 0.000000 584.200012
VERTEX -76.200073 0.000000 584.200012
VERTEX -76.200073 101.599998 584.200012
VERTEX -177.800049 101.599998 584.200012
VERTEX -177.800049 0.000000 609.600037
VERTEX -177.800049 101.599998 609.600037
VERTEX -76.200073 101.599998 609.600037
VERTEX -76.200073 0.000000 609.600037
VERTEX -165.100037 12.700000 533.400024
VERTEX -88.900024 12.700000 533.400024
VERTEX -88.900024 88.899994 533.400024
VERTEX -165.100037 88.899994 533.400024
VERTEX -165.100037 12.700000 584.200012
VERTEX -165.100037 88.899994 584.200012
VERTEX -88.900024 88.899994 584.200012
VERTEX -88.900024 12.700000 584.200012
VERTEX -76.200073 0.000000 533.400024
VERTEX -76.200073 101.599998 533.400024
VERTEX -177.800049 101.599998 533.400024
VERTEX -177.800049 0.000000 533.400024
VERTEX -177.800049 101.599998 508.000000
VERTEX -76.200073 101.599998 508.000000
VERTEX -76.200073 0.000000 508.000000
VERTEX -177.800049 0.000000 508.000000
VERTEX -177.800049 508.000000 508.000000
VERTEX -76.200073 508.000000 508.000000
VERTEX -76.200073 609.599976 508.000000
VERTEX -177.800049 609.599976 508.000000
VERTEX -177.800049 508.000000 533.400024
VERTEX -177.800049 609.599976 533.400024
VERTEX -76.200073 609.599976 533.400024
VERTEX -76.200073 508.000000 533.400024
VERTEX -88.900024 520.700012 584.200012
VERTEX -88.900024 596.900024 584.200012
VERTEX -165.100037 596.900024 584.200012
VERTEX -165.100037 520.700012 584.200012
VERTEX -165.100037 596.900024 533.400024
VERTEX -88.900024 596.900024 533.400024
VERTEX -88.900024 520.700012 533.400024
VERTEX -165.100037 520.700012 533.400024
VERTEX -76.200073 508.000000 609.600037
VERTEX -76.200073 609.599976 609.600037
VERTEX -177.800049 609.599976 609.600037
VERTEX -177.800049 508.000000 609.600037
VERTEX -177.800049 609.599976 584.200012
VERTEX -76.200073 609.599976 584.200012
VERTEX -76.200073 508.000000 584.200012
VERTEX -177.800049 508.000000 584.200012
POLYGON 4
7
4
5
6
POLYGON 4
4
7
3
2
POLYGON 4
5
4
2
1
POLYGON 4
6
5
1
0
POLYGON 4
7
6
0
3
POLYGON 4
8
11
10
9
POLYGON 4
11
8
12
13
POLYGON 4
10
11
13
14
POLYGON 4
9
10
14
15
POLYGON 4
8
9
15
12
POLYGON 4
16
19
18
17
POLYGON 4
19
16
20
21
POLYGON 4
18
19
21
22
POLYGON 4
17
18
22
23
POLYGON 4
16
17
23
20
POLYGON 4
31
28
29
30
POLYGON 4
28
31
27
26
POLYGON 4
29
28
26
25
POLYGON 4
30
29
25
24
POLYGON 4
31
30
24
27
POLYGON 4
39
36
37
38
POLYGON 4
35
32
33
34
POLYGON 4
36
39
35
34
POLYGON 4
37
36
34
33
POLYGON 4
38
37
33
32
POLYGON 4
39
38
32
35
POLYGON 4
43
40
41
42
POLYGON 4
44
47
43
42
POLYGON 4
45
44
42
41
POLYGON 4
46
45
41
40
POLYGON 4
47
46
40
43
POLYGON 4
52
55
54
53
POLYGON 4
51
48
52
53
POLYGON 4
50
51
53
54
POLYGON 4
49
50
54
55
POLYGON 4
48
49
55
52
POLYGON 4
60
63
59
58
POLYGON 4
61
60
58
57
POLYGON 4
62
61
57
56
POLYGON 4
63
62
56
59
POLYGON 4
71
68
69
70
POLYGON 4
67
64
65
66
POLYGON 4
68
71
67
66
POLYGON 4
69
68
66
65
POLYGON 4
70
69
65
64
POLYGON 4
71
70
64
67
POLYGON 4
72
75
74
73
POLYGON 4
76
79
78
77
POLYGON 4
75
72
76
77
POLYGON 4
74
75
77
78
POLYGON 4
73
74
78
79
POLYGON 4
72
73
79
76
POLYGON 4
83
80
84
85
POLYGON 4
82
83
85
86
POLYGON 4
81
82
86
87
POLYGON 4
80
81
87
84
POLYGON 4
91
88
89
90
POLYGON 4
92
95
91
90
POLYGON 4
93
92
90
89
POLYGON 4
94
93
89
88
POLYGON 4
95
94
88
91
POLYGON 4
96
99
98
97
POLYGON 4
100
103
102
101
POLYGON 4
99
96
100
101
POLYGON 4
98
99
101
102
POLYGON 4
97
98
102
103
POLYGON 4
96
97
103
100
POLYGON 4
107
104
108
109
POLYGON 4
106
107
109
110
POLYGON 4
105
106
110
111
POLYGON 4
104
105
111
108
POLYGON 4
115
112
113
114
POLYGON 4
116
119
115
114
POLYGON 4
117
116
114
113
POLYGON 4
118
117
113
112
POLYGON 4
119
118
112
115
POLYGON 4
124
127
126
125
POLYGON 4
123
120
124
125
POLYGON 4
122
123
125
126
POLYGON 4
121
122
126
127
POLYGON 4
120
121
127
124
POLYGON 4
132
135
131
130
POLYGON 4
133
132
130
129
POLYGON 4
134
133
129
128
POLYGON 4
135
134
128
131
POLYGON 4
143
140
141
142
POLYGON 4
139
136
137
138
POLYGON 4
140
143
139
138
POLYGON 4
141
140
138
137
POLYGON 4
142
141
137
136
POLYGON 4
143
142
136
139
NULL
