VERTEX 25.399963 304.799988 53.974998
VERTEX 53.974976 304.799988 53.974998
VERTEX 53.974976 304.799988 50.799999
VERTEX 59.059692 266.177704 53.974998
VERTEX 59.059692 266.177704 50.799999
VERTEX 73.967285 230.187469 53.974998
VERTEX 73.967285 230.187469 50.799999
VERTEX 97.681946 199.281982 53.974998
VERTEX 97.681946 199.281982 50.799999
VERTEX 128.587463 175.567352 53.974998
VERTEX 128.587463 175.567352 50.799999
VERTEX 164.577698 160.659698 53.974998
VERTEX 164.577698 160.659698 50.799999
VERTEX 203.199951 155.574982 53.974998
VERTEX 203.199951 155.574982 50.799999
VERTEX 241.822266 160.659698 53.974998
VERTEX 241.822266 160.659698 50.799999
VERTEX 277.812500 175.567322 53.974998
VERTEX 277.812500 175.567322 50.799999
VERTEX 25.399963 0.000000 53.974998
VERTEX 25.399963 304.799988 50.799999
VERTEX 53.974976 304.799988 50.799999
VERTEX 59.059692 266.177704 50.799999
VERTEX 73.967285 230.187469 50.799999
VERTEX 97.681946 199.281982 50.799999
VERTEX 128.587463 175.567352 50.799999
VERTEX 164.577698 160.659698 50.799999
VERTEX 203.199951 155.574982 50.799999
VERTEX 241.822266 160.659698 50.799999
VERTEX 277.812500 175.567322 50.799999
VERTEX 25.399963 0.000000 50.799999
VERTEX 25.399963 609.599976 50.799999
VERTEX 277.812500 434.032654 50.799999
VERTEX 241.822266 448.940277 50.799999
VERTEX 203.199951 454.024994 50.799999
VERTEX 164.577698 448.940277 50.799999
VERTEX 128.587463 434.032623 50.799999
VERTEX 97.681946 410.317993 50.799999
VERTEX 73.967285 379.412506 50.799999
VERTEX 59.059692 343.422272 50.799999
VERTEX 53.974976 304.799988 50.799999
VERTEX 25.399963 304.799988 50.799999
VERTEX 25.399963 609.599976 53.974998
VERTEX 277.812500 434.032654 50.799999
VERTEX 277.812500 434.032654 53.974998
VERTEX 241.822266 448.940277 50.799999
VERTEX 241.822266 448.940277 53.974998
VERTEX 203.199951 454.024994 50.799999
VERTEX 203.199951 454.024994 53.974998
VERTEX 164.577698 448.940277 50.799999
VERTEX 164.577698 448.940277 53.974998
VERTEX 128.587463 434.032623 50.799999
VERTEX 128.587463 434.032623 53.974998
VERTEX 97.681946 410.317993 50.799999
VERTEX 97.681946 410.317993 53.974998
VERTEX 73.967285 379.412506 50.799999
VERTEX 73.967285 379.412506 53.974998
VERTEX 59.059692 343.422272 50.799999
VERTEX 59.059692 343.422272 53.974998
VERTEX 53.974976 304.799988 50.799999
VERTEX 53.974976 304.799988 53.974998
VERTEX 25.399963 304.799988 53.974998
VERTEX 25.399963 609.599976 50.799999
VERTEX 25.399963 609.599976 152.399994
VERTEX 279.399902 436.782257 152.399994
VERTEX 279.399902 436.782257 50.799999
VERTEX 25.399963 609.599976 50.799999
VERTEX 23.812561 606.850342 50.799999
VERTEX 25.399963 609.599976 152.399994
VERTEX 23.812561 606.850342 152.399994
VERTEX 279.399902 436.782257 152.399994
VERTEX 277.812500 434.032654 152.399994
VERTEX 279.399902 436.782257 50.799999
VERTEX 277.812500 434.032654 50.799999
VERTEX 25.399963 0.000000 50.799999
VERTEX 25.399963 0.000000 152.399994
VERTEX 279.399902 172.817719 152.399994
VERTEX 279.399902 172.817719 50.799999
VERTEX 279.399902 172.817719 50.799999
VERTEX 277.812378 175.567337 50.799999
VERTEX 279.399902 172.817719 152.399994
VERTEX 277.812378 175.567337 152.399994
VERTEX 25.399963 0.000000 152.399994
VERTEX 23.812439 2.749619 152.399994
VERTEX 25.399963 0.000000 50.799999
VERTEX 23.812439 2.749619 50.799999
VERTEX 352.424927 304.799988 50.799999
VERTEX 352.424927 304.799988 152.399994
VERTEX 347.340210 266.177734 50.799999
VERTEX 347.340210 266.177734 152.399994
VERTEX 332.432617 230.187469 50.799999
VERTEX 332.432617 230.187469 152.399994
VERTEX 308.717896 199.281952 50.799999
VERTEX 308.717896 199.281952 152.399994
VERTEX 277.812378 175.567337 50.799999
VERTEX 277.812378 175.567337 152.399994
VERTEX 277.812500 434.032654 50.799999
VERTEX 277.812500 434.032654 152.399994
VERTEX 308.718018 410.317993 50.799999
VERTEX 308.718018 410.317993 152.399994
VERTEX 332.432617 379.412476 50.799999
VERTEX 332.432617 379.412476 152.399994
VERTEX 347.340210 343.422272 50.799999
VERTEX 347.340210 343.422272 152.399994
VERTEX 355.599976 304.799988 50.799999
VERTEX 355.599976 304.799988 152.399994
VERTEX 350.407104 265.355988 50.799999
VERTEX 350.407104 265.355988 152.399994
VERTEX 335.182251 228.599976 50.799999
VERTEX 335.182251 228.599976 152.399994
VERTEX 310.963013 197.036896 50.799999
VERTEX 310.963013 197.036896 152.399994
VERTEX 279.399902 172.817719 50.799999
VERTEX 279.399902 172.817719 152.399994
VERTEX 279.399902 436.782257 50.799999
VERTEX 279.399902 436.782257 152.399994
VERTEX 310.963013 412.563049 50.799999
VERTEX 310.963013 412.563049 152.399994
VERTEX 335.182251 381.000000 50.799999
VERTEX 335.182251 381.000000 152.399994
VERTEX 350.407104 344.244019 50.799999
VERTEX 350.407104 344.244019 152.399994
VERTEX -787.400024 0.000000 50.799999
VERTEX -787.400024 609.599976 50.799999
VERTEX 25.399963 609.599976 50.799999
VERTEX 25.399963 0.000000 50.799999
VERTEX -787.400024 0.000000 152.399994
VERTEX -787.400024 609.599976 152.399994
VERTEX 25.399963 609.599976 152.399994
VERTEX 25.399963 0.000000 152.399994
VERTEX -784.225037 0.000000 152.399994
VERTEX -784.225037 609.599976 152.399994
VERTEX -784.225037 3.174988 152.399994
VERTEX 25.399963 3.175000 152.399994
VERTEX 25.399963 606.424988 53.974998
VERTEX 25.399963 606.424988 152.399994
VERTEX -784.225037 606.424988 152.399994
VERTEX 25.399963 3.175000 53.974998
VERTEX -784.225037 606.424988 53.974998
VERTEX -784.225037 3.175000 53.974998
VERTEX -25.400024 6.350000 -25.399998
VERTEX 25.399963 6.350000 -25.399998
VERTEX 25.399963 0.000000 -25.399998
VERTEX -25.400024 0.000000 -25.399998
VERTEX -25.400024 6.350000 50.799999
VERTEX 25.399963 6.350000 50.799999
VERTEX 25.399963 0.000000 50.799999
VERTEX -25.400024 0.000000 50.799999
VERTEX -25.400024 603.250000 50.799999
VERTEX 25.399963 603.250000 50.799999
VERTEX 25.399963 609.599976 50.799999
VERTEX -25.400024 609.599976 50.799999
VERTEX -25.400024 603.250000 -25.399998
VERTEX 25.399963 603.250000 -25.399998
VERTEX 25.399963 609.599976 -25.399998
VERTEX -25.400024 609.599976 -25.399998
POLYGON 3
19
17
15
POLYGON 4
16
15
17
18
POLYGON 3
19
15
13
POLYGON 4
14
13
15
16
POLYGON 3
19
13
11
POLYGON 4
12
11
13
14
POLYGON 3
19
11
9
POLYGON 4
10
9
11
12
POLYGON 3
19
9
7
POLYGON 4
8
7
9
10
POLYGON 3
19
7
5
POLYGON 4
6
5
7
8
POLYGON 3
19
5
3
POLYGON 4
4
3
5
6
POLYGON 3
19
3
1
POLYGON 4
2
1
3
4
POLYGON 3
19
1
0
POLYGON 3
30
28
29
POLYGON 3
30
27
28
POLYGON 3
30
26
27
POLYGON 3
30
25
26
POLYGON 3
30
24
25
POLYGON 3
30
23
24
POLYGON 3
30
22
23
POLYGON 3
30
21
22
POLYGON 3
30
20
21
POLYGON 3
31
32
33
POLYGON 3
31
33
34
POLYGON 3
31
34
35
POLYGON 3
31
35
36
POLYGON 3
31
36
37
POLYGON 3
31
37
38
POLYGON 3
31
38
39
POLYGON 3
31
39
40
POLYGON 3
31
40
41
POLYGON 3
42
46
44
POLYGON 4
45
43
44
46
POLYGON 3
42
48
46
POLYGON 4
47
45
46
48
POLYGON 3
42
50
48
POLYGON 4
49
47
48
50
POLYGON 3
42
52
50
POLYGON 4
51
49
50
52
POLYGON 3
42
54
52
POLYGON 4
53
51
52
54
POLYGON 3
42
56
54
POLYGON 4
55
53
54
56
POLYGON 3
42
58
56
POLYGON 4
57
55
56
58
POLYGON 3
42
60
58
POLYGON 4
59
57
58
60
POLYGON 3
42
61
60
POLYGON 4
62
63
64
65
POLYGON 4
67
73
71
69
POLYGON 4
70
68
69
71
POLYGON 4
66
72
73
67
POLYGON 4
77
76
75
74
POLYGON 4
79
85
83
81
POLYGON 4
82
80
81
83
POLYGON 4
78
84
85
79
POLYGON 4
86
87
103
102
POLYGON 4
102
103
101
100
POLYGON 4
100
101
99
98
POLYGON 4
98
99
97
96
POLYGON 4
94
95
93
92
POLYGON 4
92
93
91
90
POLYGON 4
90
91
89
88
POLYGON 4
88
89
87
86
POLYGON 4
104
120
121
105
POLYGON 4
120
118
119
121
POLYGON 4
118
116
117
119
POLYGON 4
116
114
115
117
POLYGON 4
112
110
111
113
POLYGON 4
110
108
109
111
POLYGON 4
108
106
107
109
POLYGON 4
106
104
105
107
POLYGON 4
104
86
102
120
POLYGON 4
120
102
100
118
POLYGON 4
118
100
98
116
POLYGON 4
116
98
96
114
POLYGON 4
112
94
92
110
POLYGON 4
110
92
90
108
POLYGON 4
108
90
88
106
POLYGON 4
106
88
86
104
POLYGON 4
105
87
89
107
POLYGON 4
107
89
91
109
POLYGON 4
109
91
93
111
POLYGON 4
111
93
95
113
POLYGON 4
115
97
99
117
POLYGON 4
117
99
101
119
POLYGON 4
119
101
103
121
POLYGON 4
121
103
87
105
POLYGON 4
122
123
124
125
POLYGON 4
123
122
126
127
POLYGON 4
124
123
127
128
POLYGON 4
122
125
129
126
POLYGON 4
126
130
131
127
POLYGON 4
132
130
129
133
POLYGON 4
136
135
128
131
POLYGON 4
135
136
138
134
POLYGON 4
133
137
139
132
POLYGON 4
136
132
139
138
POLYGON 4
137
134
138
139
POLYGON 4
143
140
141
142
POLYGON 4
146
147
143
142
POLYGON 4
145
146
142
141
POLYGON 4
144
145
141
140
POLYGON 4
147
144
140
143
POLYGON 4
152
155
154
153
POLYGON 4
149
148
152
153
POLYGON 4
150
149
153
154
POLYGON 4
151
150
154
155
POLYGON 4
148
151
155
152
NULL
