VERTEX 0.000000 0.000000 7645.399902
VERTEX 14909.799805 0.000000 7645.399902
VERTEX 14909.799805 203.199997 7645.399902
VERTEX 0.000000 203.199997 7645.399902
VERTEX 0.000000 0.000000 8432.799805
VERTEX 0.000000 203.199997 8432.799805
VERTEX 14909.799805 203.199997 8432.799805
VERTEX 14909.799805 0.000000 8432.799805
VERTEX 0.000000 0.000000 3835.399902
VERTEX 14909.799805 0.000000 3835.399902
VERTEX 14909.799805 203.199997 3835.399902
VERTEX 0.000000 203.199997 3835.399902
VERTEX 0.000000 0.000000 4597.399902
VERTEX 0.000000 203.199997 4597.399902
VERTEX 14909.799805 203.199997 4597.399902
VERTEX 14909.799805 0.000000 4597.399902
VERTEX 7162.799805 0.000000 0.000000
VERTEX 7734.299805 0.000000 0.000000
VERTEX 7734.299805 203.199997 0.000000
VERTEX 7162.799805 203.199997 0.000000
VERTEX 7162.799805 0.000000 8432.799805
VERTEX 7162.799805 203.199997 8432.799805
VERTEX 7734.299805 203.199997 8432.799805
VERTEX 7734.299805 0.000000 8432.799805
VERTEX 14909.799805 0.000000 0.000000
VERTEX 14554.200195 0.000000 0.000000
VERTEX 14554.200195 203.199997 0.000000
VERTEX 14909.799805 203.199997 0.000000
VERTEX 14909.799805 0.000000 8432.799805
VERTEX 14554.200195 0.000000 8432.799805
VERTEX 14554.200195 203.199997 8432.799805
VERTEX 14909.799805 203.199997 8432.799805
VERTEX 0.000000 0.000000 0.000000
VERTEX 355.600006 0.000000 0.000000
VERTEX 355.600006 203.199997 0.000000
VERTEX 0.000000 203.199997 0.000000
VERTEX 0.000000 0.000000 8432.799805
VERTEX 0.000000 203.199997 8432.799805
VERTEX 355.600006 203.199997 8432.799805
VERTEX 355.600006 0.000000 8432.799805
VERTEX 4165.600098 -609.599976 0.000000
VERTEX 4165.600586 0.000000 0.000000
VERTEX 5410.200195 0.000000 0.000000
VERTEX 5410.200195 -609.599976 0.000000
VERTEX 15519.400391 0.000000 0.000000
VERTEX 15519.400391 -609.599976 0.000000
VERTEX 6324.600098 -609.599976 0.000000
VERTEX 6324.600098 0.000000 0.000000
VERTEX 965.200012 -609.599976 0.000000
VERTEX -609.599976 -609.599976 0.000000
VERTEX -609.599976 0.000000 0.000000
VERTEX 965.200012 0.000000 0.000000
VERTEX 6324.600098 -609.599976 2133.599854
VERTEX 6324.600098 0.000000 2133.599854
VERTEX 5410.200195 0.000000 2133.599854
VERTEX 5410.200195 -609.599976 2133.599854
VERTEX 965.200012 0.000000 3073.399902
VERTEX 4165.600098 0.000000 3073.399902
VERTEX 4165.600586 -609.599976 3073.400146
VERTEX 965.200012 -609.599976 3073.400146
VERTEX 15519.400391 0.000000 8432.799805
VERTEX 15519.400391 -609.599976 8432.799805
VERTEX -609.599976 -609.599976 8432.799805
VERTEX -609.599976 0.000000 8432.799805
VERTEX 2641.600098 -609.599976 5511.799805
VERTEX 2641.600098 -609.599976 7035.799805
VERTEX 2641.600098 0.000000 7035.799805
VERTEX 2641.600098 0.000000 5511.799805
VERTEX 1117.599976 0.000000 5511.799805
VERTEX 1117.599976 0.000000 7035.799805
VERTEX 1117.599976 -609.599976 7035.799805
VERTEX 1117.599976 -609.599976 5511.799805
VERTEX 5994.399902 -609.599976 5511.799805
VERTEX 5994.399902 -609.599976 7035.799805
VERTEX 5994.399902 0.000000 7035.799805
VERTEX 5994.399902 0.000000 5511.799805
VERTEX 4470.399902 0.000000 5511.799805
VERTEX 4470.399902 0.000000 7035.799805
VERTEX 4470.399902 -609.599976 7035.799805
VERTEX 4470.399902 -609.599976 5511.799805
VERTEX 10439.400391 -609.599976 5511.799805
VERTEX 10439.400391 -609.599976 7035.799805
VERTEX 10439.400391 0.000000 7035.799805
VERTEX 10439.400391 0.000000 5511.799805
VERTEX 8915.400391 0.000000 5511.799805
VERTEX 8915.400391 0.000000 7035.799805
VERTEX 8915.400391 -609.599976 7035.799805
VERTEX 8915.400391 -609.599976 5511.799805
VERTEX 13792.200195 -609.599976 7035.799805
VERTEX 13792.200195 0.000000 7035.799805
VERTEX 12268.200195 0.000000 7035.799805
VERTEX 12268.200195 -609.599976 7035.799805
VERTEX 13792.200195 -609.599976 5511.799805
VERTEX 13792.200195 0.000000 5511.799805
VERTEX 12268.200195 -609.599976 5511.799805
VERTEX 12268.200195 0.000000 5511.799805
VERTEX 5410.200195 0.000000 3073.399902
VERTEX 7239.000000 -609.599976 3073.400146
VERTEX 6324.600098 -609.599976 3073.400146
VERTEX 7239.000000 -609.599976 0.000000
VERTEX 7239.000000 0.000000 3073.399902
VERTEX 7239.000000 0.000000 2133.599854
VERTEX 4495.800781 -609.599976 3073.400146
VERTEX 4495.800781 -609.599976 2133.599854
VERTEX 7239.000000 0.000000 0.000000
VERTEX 4495.800781 -609.599976 0.000000
VERTEX -609.599976 -609.599976 3073.400146
VERTEX -609.599976 0.000000 3073.399902
VERTEX -406.400208 0.000000 3987.799805
VERTEX -609.599976 0.000000 3987.799805
VERTEX -406.400085 0.000000 8432.799805
VERTEX 1117.599976 0.000000 8432.799805
VERTEX 2641.600098 0.000000 8432.799805
VERTEX 1117.599976 -609.599976 3987.799805
VERTEX 2641.600098 -609.599976 3987.799805
VERTEX -406.400085 -609.599976 3073.400146
VERTEX -406.400238 -609.599976 8432.799805
VERTEX -406.400238 -609.599976 7035.799805
VERTEX 2641.600098 -609.599976 8432.799805
VERTEX -406.400177 0.000000 5511.799805
VERTEX -406.400238 -609.599976 3987.800049
VERTEX 5994.399902 -609.599976 8432.799805
VERTEX 4470.399902 -609.599976 8432.799805
VERTEX 7239.000000 0.000000 7035.799805
VERTEX 7239.000000 0.000000 5511.799805
VERTEX 7239.000000 0.000000 3987.799805
VERTEX 7239.000000 -609.599976 3987.799805
VERTEX 7239.000000 0.000000 8432.799805
VERTEX 4470.399902 0.000000 8432.799805
VERTEX 7239.000000 -609.599976 8432.799805
VERTEX 7239.000000 -609.599976 5511.799805
VERTEX 4470.399902 -609.599976 3987.799805
VERTEX 10439.400391 -609.599976 8432.799805
VERTEX 8915.400391 -609.599976 8432.799805
VERTEX 7391.400391 0.000000 0.000000
VERTEX 7391.400391 0.000000 8432.799805
VERTEX 8915.400391 0.000000 8432.799805
VERTEX 7391.400391 0.000000 5511.799805
VERTEX 8915.400391 -609.599976 3987.799805
VERTEX 15519.400391 0.000000 3987.800049
VERTEX 15316.200195 0.000000 3987.799561
VERTEX 15316.200195 0.000000 8432.799805
VERTEX 15316.200195 -609.599976 3987.799561
VERTEX 15519.400391 -609.599976 3987.799561
VERTEX 10744.200195 0.000000 5511.799805
VERTEX 10744.200195 0.000000 3987.799805
VERTEX 10744.200195 0.000000 0.000000
VERTEX 15316.200195 -609.599976 8432.799805
VERTEX 13792.200195 0.000000 8432.799805
VERTEX 13792.200195 -609.599976 8432.799805
VERTEX 12268.200195 -609.599976 8432.799805
VERTEX 15316.200195 -609.599976 5511.799805
VERTEX 15316.200195 0.000000 5511.799805
POLYGON 4
0
3
2
1
POLYGON 4
4
7
6
5
POLYGON 4
3
0
4
5
POLYGON 4
2
3
5
6
POLYGON 4
1
2
6
7
POLYGON 4
0
1
7
4
POLYGON 4
8
11
10
9
POLYGON 4
12
15
14
13
POLYGON 4
11
8
12
13
POLYGON 4
10
11
13
14
POLYGON 4
9
10
14
15
POLYGON 4
8
9
15
12
POLYGON 4
16
19
18
17
POLYGON 4
20
23
22
21
POLYGON 4
19
16
20
21
POLYGON 4
18
19
21
22
POLYGON 4
17
18
22
23
POLYGON 4
16
17
23
20
POLYGON 4
24
25
26
27
POLYGON 4
28
31
30
29
POLYGON 4
25
24
28
29
POLYGON 4
26
25
29
30
POLYGON 4
27
26
30
31
POLYGON 4
24
27
31
28
POLYGON 4
32
35
34
33
POLYGON 4
36
39
38
37
POLYGON 4
35
32
36
37
POLYGON 4
34
35
37
38
POLYGON 4
33
34
38
39
POLYGON 4
32
33
39
36
POLYGON 4
40
41
42
43
POLYGON 4
44
45
46
47
POLYGON 4
48
49
50
51
POLYGON 4
46
52
53
47
POLYGON 4
54
53
52
55
POLYGON 4
56
57
58
59
POLYGON 4
40
58
57
41
POLYGON 4
51
56
59
48
POLYGON 4
45
44
60
61
POLYGON 4
50
49
62
63
POLYGON 4
62
61
60
63
POLYGON 4
64
65
66
67
POLYGON 4
68
69
70
71
POLYGON 4
72
73
74
75
POLYGON 4
76
77
78
79
POLYGON 4
42
54
55
43
POLYGON 4
80
81
82
83
POLYGON 4
84
85
86
87
POLYGON 4
88
91
90
89
POLYGON 4
92
88
89
93
POLYGON 4
93
95
94
92
POLYGON 4
95
90
91
94
POLYGON 4
81
86
85
82
POLYGON 4
83
84
87
80
POLYGON 4
77
74
73
78
POLYGON 4
79
72
75
76
POLYGON 4
69
66
65
70
POLYGON 4
71
64
67
68
POLYGON 4
41
57
96
42
POLYGON 4
97
98
46
99
POLYGON 4
100
101
54
96
POLYGON 4
102
103
52
98
POLYGON 4
53
101
104
47
POLYGON 4
55
103
105
43
POLYGON 4
102
58
40
105
POLYGON 4
59
106
49
48
POLYGON 4
56
51
50
107
POLYGON 4
108
109
63
110
POLYGON 4
66
69
111
112
POLYGON 4
64
71
113
114
POLYGON 4
106
115
116
62
POLYGON 4
116
117
65
118
POLYGON 4
110
111
68
119
POLYGON 4
120
113
70
117
POLYGON 4
78
73
121
122
POLYGON 4
75
74
123
124
POLYGON 4
107
109
125
100
POLYGON 4
120
115
97
126
POLYGON 4
127
123
77
128
POLYGON 4
129
121
72
130
POLYGON 4
124
125
108
119
POLYGON 4
126
130
79
131
POLYGON 4
118
114
131
122
POLYGON 4
67
112
128
76
POLYGON 4
86
81
132
133
POLYGON 4
134
104
127
135
POLYGON 4
135
136
84
137
POLYGON 4
129
126
138
133
POLYGON 4
139
140
141
60
POLYGON 4
142
143
61
147
POLYGON 4
91
88
149
150
POLYGON 4
146
145
139
44
POLYGON 4
126
99
45
143
POLYGON 4
90
95
83
82
POLYGON 4
137
144
146
134
POLYGON 4
148
141
152
93
POLYGON 4
147
149
92
151
POLYGON 4
152
140
145
144
POLYGON 4
148
89
85
136
POLYGON 4
87
138
142
151
POLYGON 4
132
80
94
150
NULL
