VERTEX 304.799988 -203.199997 0.000000
VERTEX 304.799988 203.199997 0.000000
VERTEX -304.799988 203.199997 0.000000
VERTEX -304.799988 -203.199997 0.000000
VERTEX -304.799988 203.199997 -12.700000
VERTEX 304.799988 203.199997 -12.700000
VERTEX 304.799988 -203.199997 -12.700000
VERTEX -304.799988 -203.199997 -12.700000
VERTEX -457.200012 -342.899963 476.250031
VERTEX 457.200012 -342.899963 476.250031
VERTEX 457.200012 -342.899963 488.950043
VERTEX -457.200012 -342.899963 488.950043
VERTEX 457.200012 266.699982 476.250031
VERTEX -457.200012 266.699982 476.250031
VERTEX -457.200012 266.699982 488.950043
VERTEX 457.200012 266.699982 488.950043
VERTEX 457.200012 -93.153717 488.950043
VERTEX 450.850006 -86.803711 488.950043
VERTEX 450.850006 -86.803711 476.250031
VERTEX 457.200012 -93.153717 476.250031
VERTEX 450.849945 -141.796356 488.950043
VERTEX 457.200012 -135.446289 488.950043
VERTEX 457.200012 -135.446289 476.250031
VERTEX 450.849945 -141.796356 476.250031
VERTEX 434.974976 -82.550011 488.950043
VERTEX 434.975006 -82.550018 476.250031
VERTEX 419.100067 -86.803680 488.950043
VERTEX 419.100067 -86.803696 476.250031
VERTEX 407.478699 -98.425041 488.950043
VERTEX 407.478699 -98.425056 476.250031
VERTEX 407.478699 -130.175034 488.950043
VERTEX 419.099976 -141.796326 488.950043
VERTEX 419.099976 -141.796326 476.250031
VERTEX 407.478699 -130.175034 476.250031
VERTEX 434.975037 -146.050034 488.950043
VERTEX 434.975037 -146.050034 476.250031
VERTEX 434.975006 6.349975 488.950043
VERTEX 450.850006 10.603667 488.950043
VERTEX 450.850006 10.603667 476.250031
VERTEX 434.975006 6.349975 476.250031
VERTEX 419.100006 10.603665 488.950043
VERTEX 419.100006 10.603665 476.250031
VERTEX 407.478699 22.224976 488.950043
VERTEX 407.478699 22.224976 476.250031
VERTEX 403.225006 38.099976 488.950043
VERTEX 403.225006 38.099976 476.250031
VERTEX 419.100006 65.596275 488.950043
VERTEX 407.478699 53.974976 488.950043
VERTEX 407.478699 53.974976 476.250031
VERTEX 419.100006 65.596275 476.250031
VERTEX 434.975006 69.849976 488.950043
VERTEX 434.975006 69.849976 476.250031
VERTEX 450.850006 65.596283 488.950043
VERTEX 450.850006 65.596283 476.250031
VERTEX 457.200012 59.246277 488.950043
VERTEX 457.200012 59.246277 476.250031
VERTEX 457.200012 16.953671 488.950043
VERTEX 457.200012 16.953671 476.250031
VERTEX 403.225006 -114.300034 488.950043
VERTEX 403.225006 -114.300041 476.250031
VERTEX 450.850006 -239.203720 488.950043
VERTEX 434.975006 -234.950027 488.950043
VERTEX 434.975006 -234.950027 476.250031
VERTEX 450.850006 -239.203720 476.250031
VERTEX 419.100006 -239.203720 488.950043
VERTEX 419.100006 -239.203720 476.250031
VERTEX 407.478699 -250.825027 488.950043
VERTEX 407.478699 -250.825027 476.250031
VERTEX 403.225006 -266.700012 488.950043
VERTEX 403.225006 -266.700012 476.250031
VERTEX 407.478699 -282.575012 488.950043
VERTEX 407.478699 -282.575012 476.250031
VERTEX 419.100006 -294.196320 488.950043
VERTEX 419.100006 -294.196320 476.250031
VERTEX 434.975006 -298.450012 488.950043
VERTEX 434.975006 -298.450012 476.250031
VERTEX 450.850006 -294.196320 488.950043
VERTEX 450.850006 -294.196320 476.250031
VERTEX 457.200012 -245.553726 488.950043
VERTEX 457.200012 -245.553726 476.250031
VERTEX 457.200012 -287.846313 488.950043
VERTEX 457.200012 -287.846313 476.250031
VERTEX 450.850006 217.996277 488.950043
VERTEX 450.850006 217.996277 476.250031
VERTEX 434.975006 222.249969 476.250031
VERTEX 434.975006 222.249969 488.950043
VERTEX 419.100006 217.996277 476.250031
VERTEX 419.100006 217.996277 488.950043
VERTEX 407.478699 206.374969 476.250031
VERTEX 407.478699 206.374969 488.950043
VERTEX 403.225006 190.499969 476.250031
VERTEX 403.225006 190.499969 488.950043
VERTEX 407.478699 174.624969 476.250031
VERTEX 407.478699 174.624969 488.950043
VERTEX 419.100006 163.003662 476.250031
VERTEX 419.100006 163.003662 488.950043
VERTEX 434.975006 158.749969 476.250031
VERTEX 434.975006 158.749969 488.950043
VERTEX 450.850006 163.003662 476.250031
VERTEX 450.850006 163.003662 488.950043
VERTEX 457.200012 211.646271 488.950043
VERTEX 457.200012 211.646271 476.250031
VERTEX 457.200012 169.353668 488.950043
VERTEX 457.200012 169.353668 476.250031
VERTEX -457.200012 -321.607544 488.950043
VERTEX 163.003754 -342.899963 488.950043
VERTEX 163.003784 -342.899963 476.250031
VERTEX -457.200012 -321.607513 476.250031
VERTEX 457.200012 -152.005188 488.950043
VERTEX 457.200012 -140.094864 488.950043
VERTEX 457.200012 -140.094864 476.250031
VERTEX 457.200012 -152.005188 476.250031
VERTEX 421.196320 -57.150021 476.250031
VERTEX 457.200012 -57.150021 476.250031
VERTEX 340.180908 -57.150021 476.250031
VERTEX 457.200012 12.305137 476.250031
VERTEX 444.140442 72.305847 488.950043
VERTEX -457.200012 -57.150021 476.250031
VERTEX 339.725006 -57.150021 476.250031
VERTEX 339.725006 24.321283 476.250031
VERTEX 97.346321 266.699982 488.950043
VERTEX -457.200012 156.507507 488.950043
VERTEX 358.774994 5.271302 476.250031
VERTEX 339.725006 44.327793 476.250031
VERTEX 386.894104 -22.847805 476.250031
VERTEX 428.747162 -57.150021 476.250031
VERTEX 457.200012 -27.496338 476.250031
VERTEX 457.200012 0.394809 476.250031
VERTEX 402.146301 -38.100006 488.950043
VERTEX 374.027222 -9.980937 488.950043
VERTEX 339.725006 31.872120 488.950043
VERTEX 339.725006 24.321295 488.950043
VERTEX 339.725006 89.978683 488.950043
VERTEX 457.200012 75.805153 488.950043
VERTEX 451.305908 -293.740417 476.250031
VERTEX 457.200012 -315.737488 476.250031
VERTEX 457.200012 -240.905197 488.950043
VERTEX 451.305908 -293.740417 488.950043
VERTEX 457.200012 -315.737488 488.950043
VERTEX 457.200012 -240.905197 476.250031
VERTEX 451.389343 -294.051788 476.250031
VERTEX 451.389343 -294.051788 488.950043
VERTEX 457.200012 -179.896362 488.950043
VERTEX 457.200012 -179.896347 476.250031
VERTEX 435.597778 -235.116913 488.950043
VERTEX 375.189362 -218.930511 488.950043
VERTEX 365.940491 -253.447769 488.950043
VERTEX 351.696442 -306.607269 488.950043
VERTEX 341.971863 -342.899963 488.950043
VERTEX 382.807312 -342.899963 488.950043
VERTEX 423.642700 -342.899963 488.950043
VERTEX 457.200012 -332.296326 488.950043
VERTEX 453.928650 -303.528625 488.950043
VERTEX 435.597778 -235.116913 476.250031
VERTEX 375.189362 -218.930511 476.250031
VERTEX 365.940491 -253.447769 476.250031
VERTEX 351.696442 -306.607269 476.250031
VERTEX 382.807312 -342.899963 476.250031
VERTEX 341.971863 -342.899963 476.250031
VERTEX 423.642700 -342.899963 476.250031
VERTEX 457.200012 -332.296326 476.250031
VERTEX 453.928650 -303.528625 476.250031
VERTEX 383.096344 133.349976 476.250031
VERTEX 457.200012 133.349991 476.250031
VERTEX 339.725006 95.372124 476.250031
VERTEX 339.725006 133.349976 476.250031
VERTEX 339.725006 266.699982 476.250031
VERTEX 339.725006 266.699982 488.950043
VERTEX 377.702820 133.349976 488.950043
VERTEX 339.725006 133.349976 488.950043
VERTEX 428.747162 133.349976 488.950043
VERTEX 457.200012 103.696281 488.950043
VERTEX 457.200012 133.349976 488.950043
VERTEX 402.146301 266.699982 488.950043
VERTEX 339.725006 247.772110 488.950043
VERTEX 339.725006 196.727814 488.950043
VERTEX 339.725006 138.621277 488.950043
VERTEX 387.911713 133.349976 488.950043
VERTEX 418.538330 133.349976 488.950043
VERTEX 448.753693 133.349976 488.950043
VERTEX 457.200012 152.794800 488.950043
VERTEX 402.146301 266.699982 476.250031
VERTEX 339.725006 247.772110 476.250031
VERTEX 339.725006 196.727814 476.250031
VERTEX 339.725006 138.621277 476.250031
VERTEX 387.911713 133.349976 476.250031
VERTEX 418.538330 133.349976 476.250031
VERTEX 434.975006 147.128662 476.250031
VERTEX 421.196320 133.349976 476.250031
VERTEX 457.200012 164.705139 488.950043
VERTEX 425.809570 156.294098 476.250031
VERTEX 241.299988 -127.000000 0.000000
VERTEX 304.799988 -127.000000 0.000000
VERTEX 304.799988 -63.500000 0.000000
VERTEX 241.299988 -63.500000 0.000000
VERTEX 241.299988 -127.000000 476.250000
VERTEX 241.299988 -63.500000 476.250000
VERTEX 304.799988 -63.500000 476.250000
VERTEX 304.799988 -127.000000 476.250000
VERTEX 241.299988 63.500000 0.000000
VERTEX 304.799988 63.500000 0.000000
VERTEX 304.799988 127.000000 0.000000
VERTEX 241.299988 127.000000 0.000000
VERTEX 241.299988 63.500000 476.250000
VERTEX 241.299988 127.000000 476.250000
VERTEX 304.799988 127.000000 476.250000
VERTEX 304.799988 63.500000 476.250000
VERTEX -304.799988 -127.000000 0.000000
VERTEX -241.299988 -127.000000 0.000000
VERTEX -241.299988 -63.500000 0.000000
VERTEX -304.799988 -63.500000 0.000000
VERTEX -304.799988 -127.000000 476.250000
VERTEX -304.799988 -63.500000 476.250000
VERTEX -241.299988 -63.500000 476.250000
VERTEX -241.299988 -127.000000 476.250000
VERTEX -304.799988 63.500000 0.000000
VERTEX -241.299988 63.500000 0.000000
VERTEX -241.299988 127.000000 0.000000
VERTEX -304.799988 127.000000 0.000000
VERTEX -304.799988 63.500000 476.250000
VERTEX -304.799988 127.000000 476.250000
VERTEX -241.299988 127.000000 476.250000
VERTEX -241.299988 63.500000 476.250000
POLYGON 4
7
6
0
3
POLYGON 4
6
5
1
0
POLYGON 4
5
4
2
1
POLYGON 4
4
7
3
2
POLYGON 4
3
0
1
2
POLYGON 4
7
4
5
6
POLYGON 4
8
9
10
11
POLYGON 4
12
13
14
15
POLYGON 4
13
8
11
14
POLYGON 4
16
17
18
19
POLYGON 4
20
21
22
23
POLYGON 4
17
24
25
18
POLYGON 4
24
26
27
25
POLYGON 4
26
28
29
27
POLYGON 4
30
31
32
33
POLYGON 4
31
34
35
32
POLYGON 4
34
20
23
35
POLYGON 4
36
37
38
39
POLYGON 4
40
36
39
41
POLYGON 4
42
40
41
43
POLYGON 4
44
42
43
45
POLYGON 4
46
47
48
49
POLYGON 4
50
46
49
51
POLYGON 4
52
50
51
53
POLYGON 4
54
52
53
55
POLYGON 4
56
57
38
37
POLYGON 4
28
58
59
29
POLYGON 4
60
61
62
63
POLYGON 4
61
64
65
62
POLYGON 4
64
66
67
65
POLYGON 4
66
68
69
67
POLYGON 4
68
70
71
69
POLYGON 4
70
72
73
71
POLYGON 4
72
74
75
73
POLYGON 4
74
76
77
75
POLYGON 4
78
60
63
79
POLYGON 4
80
81
77
76
POLYGON 4
58
30
33
59
POLYGON 4
82
85
84
83
POLYGON 4
85
87
86
84
POLYGON 4
87
89
88
86
POLYGON 4
89
91
90
88
POLYGON 4
91
93
92
90
POLYGON 4
93
95
94
92
POLYGON 4
95
97
96
94
POLYGON 4
97
99
98
96
POLYGON 4
100
82
83
101
POLYGON 4
102
103
98
99
POLYGON 4
47
44
45
48
POLYGON 4
26
104
11
105
POLYGON 4
106
8
107
27
POLYGON 3
34
108
109
POLYGON 3
35
110
111
POLYGON 3
20
109
21
POLYGON 3
23
22
110
POLYGON 3
112
113
19
POLYGON 3
114
112
18
POLYGON 3
38
57
115
POLYGON 3
116
50
52
POLYGON 4
107
117
114
25
POLYGON 4
16
19
57
56
POLYGON 3
118
119
112
POLYGON 4
17
120
14
121
POLYGON 4
122
119
123
49
POLYGON 3
124
122
48
POLYGON 4
125
112
124
45
POLYGON 4
126
113
125
43
POLYGON 3
127
126
41
POLYGON 3
56
128
16
POLYGON 3
129
128
37
POLYGON 4
130
131
129
36
POLYGON 3
132
130
40
POLYGON 3
115
127
39
POLYGON 3
54
133
116
POLYGON 3
104
24
121
POLYGON 3
134
81
135
POLYGON 3
60
78
136
POLYGON 4
9
81
80
10
POLYGON 3
137
138
80
POLYGON 3
63
139
79
POLYGON 3
77
134
140
POLYGON 3
76
141
137
POLYGON 4
22
21
78
79
POLYGON 3
108
31
142
POLYGON 3
32
111
143
POLYGON 3
144
58
145
POLYGON 3
145
146
61
POLYGON 3
146
147
64
POLYGON 4
147
148
149
66
POLYGON 3
149
150
68
POLYGON 4
150
10
151
70
POLYGON 4
151
138
152
72
POLYGON 4
144
136
142
30
POLYGON 3
153
154
59
POLYGON 3
155
154
62
POLYGON 3
156
155
65
POLYGON 4
157
158
156
67
POLYGON 3
159
157
69
POLYGON 4
160
9
159
71
POLYGON 4
161
135
160
73
POLYGON 4
153
33
143
139
POLYGON 3
140
161
75
POLYGON 3
152
141
74
POLYGON 3
28
105
148
POLYGON 3
29
158
106
POLYGON 4
101
12
15
100
POLYGON 3
99
189
102
POLYGON 3
96
190
94
POLYGON 4
54
55
103
102
POLYGON 3
55
162
163
POLYGON 4
53
164
165
162
POLYGON 3
51
123
164
POLYGON 4
118
117
13
166
POLYGON 3
131
167
120
POLYGON 4
132
42
168
169
POLYGON 3
44
170
168
POLYGON 4
47
171
172
170
POLYGON 3
46
133
171
POLYGON 3
15
173
100
POLYGON 4
173
167
174
82
POLYGON 3
174
175
85
POLYGON 3
175
176
87
POLYGON 4
176
169
177
89
POLYGON 3
177
178
91
POLYGON 3
178
179
93
POLYGON 4
179
172
180
95
POLYGON 3
181
12
101
POLYGON 4
182
166
181
83
POLYGON 3
183
182
84
POLYGON 3
184
183
86
POLYGON 4
185
165
184
88
POLYGON 3
186
185
90
POLYGON 4
187
188
186
92
POLYGON 3
163
188
103
POLYGON 3
180
189
97
POLYGON 3
187
190
98
POLYGON 4
191
194
193
192
POLYGON 4
195
198
197
196
POLYGON 4
194
191
195
196
POLYGON 4
193
194
196
197
POLYGON 4
192
193
197
198
POLYGON 4
191
192
198
195
POLYGON 4
199
202
201
200
POLYGON 4
203
206
205
204
POLYGON 4
202
199
203
204
POLYGON 4
201
202
204
205
POLYGON 4
200
201
205
206
POLYGON 4
199
200
206
203
POLYGON 4
207
210
209
208
POLYGON 4
211
214
213
212
POLYGON 4
210
207
211
212
POLYGON 4
209
210
212
213
POLYGON 4
208
209
213
214
POLYGON 4
207
208
214
211
POLYGON 4
215
218
217
216
POLYGON 4
219
222
221
220
POLYGON 4
218
215
219
220
POLYGON 4
217
218
220
221
POLYGON 4
216
217
221
222
POLYGON 4
215
216
222
219
NULL
