VERTEX 393.700012 -241.299866 498.475006
VERTEX 406.399872 -228.599976 498.475006
VERTEX 406.399872 -228.599976 488.950012
VERTEX 393.700012 -241.299866 488.950012
VERTEX 444.500122 -228.599976 488.950012
VERTEX 444.500122 -228.599976 498.475006
VERTEX 457.200012 -241.299866 498.475006
VERTEX 457.200012 -241.299866 488.950012
VERTEX 457.200012 -355.600098 498.475006
VERTEX 444.500122 -368.299988 498.475006
VERTEX 444.500122 -368.299988 488.950012
VERTEX 457.200012 -355.600098 488.950012
VERTEX 393.700012 -355.600098 488.950012
VERTEX 393.700012 -355.600098 498.475006
VERTEX 406.399872 -368.299988 488.950012
VERTEX 406.399902 -368.299988 498.475006
VERTEX 408.496307 -228.599976 488.950012
VERTEX 457.200012 -277.303680 488.950012
VERTEX 457.200012 -277.303680 498.475006
VERTEX 408.496307 -228.599976 498.475006
VERTEX 393.700012 -255.640381 488.950012
VERTEX 450.850006 -270.953674 488.950012
VERTEX 393.700012 -255.640381 498.475006
VERTEX 450.850006 -270.953674 498.475006
VERTEX 393.700012 -277.759583 488.950012
VERTEX 434.975006 -266.699982 488.950012
VERTEX 434.975006 -266.699982 498.475006
VERTEX 393.700012 -277.759583 498.475006
VERTEX 393.700012 -296.353668 488.950012
VERTEX 419.100006 -270.953674 488.950012
VERTEX 419.100006 -270.953674 498.475006
VERTEX 393.700012 -296.353668 498.475006
VERTEX 393.700012 -333.997772 488.950012
VERTEX 407.478699 -282.574982 488.950012
VERTEX 407.478699 -282.574982 498.475006
VERTEX 393.700012 -333.997772 498.475006
VERTEX 421.941254 -368.299988 488.950012
VERTEX 403.225006 -298.449982 488.950012
VERTEX 403.225006 -298.449982 498.475006
VERTEX 421.941254 -368.299988 498.475006
VERTEX 452.976929 -359.823181 488.950012
VERTEX 407.478699 -314.324982 488.950012
VERTEX 407.478699 -314.324982 498.475006
VERTEX 452.976929 -359.823181 498.475006
VERTEX 419.100006 -325.946289 488.950012
VERTEX 457.200012 -336.155151 488.950012
VERTEX 419.100006 -325.946289 498.475006
VERTEX 457.200012 -336.155151 498.475006
VERTEX 434.975006 -330.199982 488.950012
VERTEX 457.200012 -324.244812 488.950012
VERTEX 434.975006 -330.199982 498.475006
VERTEX 457.200012 -324.244812 498.475006
VERTEX 450.850006 -325.946289 488.950012
VERTEX 457.200012 -319.596283 488.950012
VERTEX 450.850006 -325.946289 498.475006
VERTEX 457.200012 -319.596283 498.475006
VERTEX 457.200012 -167.196289 498.475006
VERTEX 450.850006 -173.546295 498.475006
VERTEX 457.200012 -167.196289 488.950012
VERTEX 450.850006 -173.546295 488.950012
VERTEX 457.200012 -171.844818 498.475006
VERTEX 434.975006 -177.799988 498.475006
VERTEX 457.200012 -171.844818 488.950012
VERTEX 434.975006 -177.799988 488.950012
VERTEX 457.200012 -183.755157 498.475006
VERTEX 419.100006 -173.546295 498.475006
VERTEX 457.200012 -183.755157 488.950012
VERTEX 419.100006 -173.546295 488.950012
VERTEX 452.976929 -207.423203 498.475006
VERTEX 407.478699 -161.924988 498.475006
VERTEX 407.478699 -161.924988 488.950012
VERTEX 452.976929 -207.423203 488.950012
VERTEX 421.941254 -215.899994 498.475006
VERTEX 403.225006 -146.049988 498.475006
VERTEX 403.225006 -146.049988 488.950012
VERTEX 421.941254 -215.899994 488.950012
VERTEX 393.700012 -181.597778 498.475006
VERTEX 407.478699 -130.174988 498.475006
VERTEX 407.478699 -130.174988 488.950012
VERTEX 393.700012 -181.597778 488.950012
VERTEX 393.700012 -143.953690 498.475006
VERTEX 419.100006 -118.553680 498.475006
VERTEX 419.100006 -118.553680 488.950012
VERTEX 393.700012 -143.953690 488.950012
VERTEX 393.700012 -125.359589 498.475006
VERTEX 434.975006 -114.299988 498.475006
VERTEX 434.975006 -114.299988 488.950012
VERTEX 393.700012 -125.359589 488.950012
VERTEX 450.850006 -118.553680 498.475006
VERTEX 393.700012 -103.240387 498.475006
VERTEX 450.850006 -118.553680 488.950012
VERTEX 393.700012 -103.240387 488.950012
VERTEX 408.496307 -76.199989 498.475006
VERTEX 457.200012 -124.903679 498.475006
VERTEX 457.200012 -124.903679 488.950012
VERTEX 408.496307 -76.199989 488.950012
VERTEX 406.399902 -215.899994 498.475006
VERTEX 406.399872 -215.899994 488.950012
VERTEX 393.700012 -203.200104 498.475006
VERTEX 393.700012 -203.200104 488.950012
VERTEX 457.200012 -203.200104 488.950012
VERTEX 444.500122 -215.899994 488.950012
VERTEX 444.500122 -215.899994 498.475006
VERTEX 457.200012 -203.200104 498.475006
VERTEX 457.200012 -88.899872 488.950012
VERTEX 457.200012 -88.899872 498.475006
VERTEX 444.500122 -76.199989 498.475006
VERTEX 444.500122 -76.199989 488.950012
VERTEX 393.700012 -88.899872 488.950012
VERTEX 406.399872 -76.199989 488.950012
VERTEX 406.399872 -76.199989 498.475006
VERTEX 393.700012 -88.899872 498.475006
VERTEX 393.700012 63.500126 498.475006
VERTEX 406.399872 76.200005 498.475006
VERTEX 406.399872 76.200005 488.950012
VERTEX 393.700012 63.500126 488.950012
VERTEX 444.500122 76.200005 488.950012
VERTEX 444.500122 76.200005 498.475006
VERTEX 457.200012 63.500126 498.475006
VERTEX 457.200012 63.500126 488.950012
VERTEX 457.200012 -50.800114 498.475006
VERTEX 444.500122 -63.499992 498.475006
VERTEX 444.500122 -63.499992 488.950012
VERTEX 457.200012 -50.800114 488.950012
VERTEX 393.700012 -50.800106 488.950012
VERTEX 393.700012 -50.800110 498.475006
VERTEX 406.399872 -63.499992 488.950012
VERTEX 406.399902 -63.499992 498.475006
VERTEX 408.496307 76.200005 488.950012
VERTEX 457.200012 27.496313 488.950012
VERTEX 457.200012 27.496313 498.475006
VERTEX 408.496307 76.200005 498.475006
VERTEX 393.700012 49.159607 488.950012
VERTEX 450.850006 33.846313 488.950012
VERTEX 393.700012 49.159607 498.475006
VERTEX 450.850006 33.846313 498.475006
VERTEX 393.700012 27.040405 488.950012
VERTEX 434.975006 38.100006 488.950012
VERTEX 434.975006 38.100006 498.475006
VERTEX 393.700012 27.040401 498.475006
VERTEX 393.700012 8.446311 488.950012
VERTEX 419.100006 33.846313 488.950012
VERTEX 419.100006 33.846313 498.475006
VERTEX 393.700012 8.446309 498.475006
VERTEX 393.700012 -29.197781 488.950012
VERTEX 407.478699 22.225006 488.950012
VERTEX 407.478699 22.225006 498.475006
VERTEX 393.700012 -29.197781 498.475006
VERTEX 421.941254 -63.499992 488.950012
VERTEX 403.225006 6.350006 488.950012
VERTEX 403.225006 6.350006 498.475006
VERTEX 421.941254 -63.499992 498.475006
VERTEX 452.976929 -55.023205 488.950012
VERTEX 407.478699 -9.524995 488.950012
VERTEX 407.478699 -9.524994 498.475006
VERTEX 452.976929 -55.023205 498.475006
VERTEX 419.100006 -21.146301 488.950012
VERTEX 457.200012 -31.355160 488.950012
VERTEX 419.100006 -21.146303 498.475006
VERTEX 457.200012 -31.355160 498.475006
VERTEX 434.975006 -25.399994 488.950012
VERTEX 457.200012 -19.444822 488.950012
VERTEX 434.975006 -25.399994 498.475006
VERTEX 457.200012 -19.444822 498.475006
VERTEX 450.850006 -21.146299 488.950012
VERTEX 457.200012 -14.796303 488.950012
VERTEX 450.850006 -21.146299 498.475006
VERTEX 457.200012 -14.796303 498.475006
VERTEX 457.200012 137.603699 498.475006
VERTEX 450.850006 131.253693 498.475006
VERTEX 457.200012 137.603699 488.950012
VERTEX 450.850006 131.253693 488.950012
VERTEX 457.200012 132.955170 498.475006
VERTEX 434.975006 127.000000 498.475006
VERTEX 457.200012 132.955170 488.950012
VERTEX 434.975006 127.000000 488.950012
VERTEX 457.200012 121.044830 498.475006
VERTEX 419.100006 131.253693 498.475006
VERTEX 457.200012 121.044830 488.950012
VERTEX 419.100006 131.253693 488.950012
VERTEX 452.976929 97.376785 498.475006
VERTEX 407.478699 142.875000 498.475006
VERTEX 407.478699 142.875000 488.950012
VERTEX 452.976929 97.376785 488.950012
VERTEX 421.941254 88.900002 498.475006
VERTEX 403.225006 158.750000 498.475006
VERTEX 403.225006 158.750000 488.950012
VERTEX 421.941254 88.900002 488.950012
VERTEX 393.700012 123.202209 498.475006
VERTEX 407.478699 174.625000 498.475006
VERTEX 407.478699 174.625000 488.950012
VERTEX 393.700012 123.202209 488.950012
VERTEX 393.700012 160.846298 498.475006
VERTEX 419.100006 186.246307 498.475006
VERTEX 419.100006 186.246307 488.950012
VERTEX 393.700012 160.846298 488.950012
VERTEX 393.700012 179.440399 498.475006
VERTEX 434.975006 190.500000 498.475006
VERTEX 434.975006 190.500000 488.950012
VERTEX 393.700012 179.440399 488.950012
VERTEX 450.850006 186.246307 498.475006
VERTEX 393.700012 201.559601 498.475006
VERTEX 450.850006 186.246307 488.950012
VERTEX 393.700012 201.559601 488.950012
VERTEX 408.496307 228.600006 498.475006
VERTEX 457.200012 179.896301 498.475006
VERTEX 457.200012 179.896301 488.950012
VERTEX 408.496307 228.600006 488.950012
VERTEX 406.399902 88.900002 498.475006
VERTEX 406.399872 88.900002 488.950012
VERTEX 393.700012 101.599884 498.475006
VERTEX 393.700012 101.599884 488.950012
VERTEX 457.200012 101.599884 488.950012
VERTEX 444.500122 88.900002 488.950012
VERTEX 444.500122 88.900002 498.475006
VERTEX 457.200012 101.599884 498.475006
VERTEX 457.200012 215.900116 488.950012
VERTEX 457.200012 215.900116 498.475006
VERTEX 444.500122 228.600006 498.475006
VERTEX 444.500122 228.600006 488.950012
VERTEX 393.700012 215.900116 488.950012
VERTEX 406.399872 228.600006 488.950012
VERTEX 406.399872 228.600006 498.475006
VERTEX 393.700012 215.900116 498.475006
VERTEX 393.700012 368.300110 498.475006
VERTEX 406.399872 381.000000 498.475006
VERTEX 406.399872 381.000000 488.950012
VERTEX 393.700012 368.300110 488.950012
VERTEX 444.500122 381.000000 488.950012
VERTEX 444.500122 381.000000 498.475006
VERTEX 457.200012 368.300110 498.475006
VERTEX 457.200012 368.300110 488.950012
VERTEX 457.200012 253.999878 498.475006
VERTEX 444.500122 241.299988 498.475006
VERTEX 444.500122 241.299988 488.950012
VERTEX 457.200012 253.999878 488.950012
VERTEX 393.700012 253.999878 488.950012
VERTEX 393.700012 253.999878 498.475006
VERTEX 406.399872 241.299988 488.950012
VERTEX 406.399902 241.299988 498.475006
VERTEX 408.496307 381.000000 488.950012
VERTEX 457.200012 332.296295 488.950012
VERTEX 457.200012 332.296295 498.475006
VERTEX 408.496307 381.000000 498.475006
VERTEX 393.700012 353.959595 488.950012
VERTEX 450.850006 338.646301 488.950012
VERTEX 393.700012 353.959595 498.475006
VERTEX 450.850006 338.646301 498.475006
VERTEX 393.700012 331.840393 488.950012
VERTEX 434.975006 342.899994 488.950012
VERTEX 434.975006 342.899994 498.475006
VERTEX 393.700012 331.840393 498.475006
VERTEX 393.700012 313.246307 488.950012
VERTEX 419.100006 338.646301 488.950012
VERTEX 419.100006 338.646301 498.475006
VERTEX 393.700012 313.246307 498.475006
VERTEX 393.700012 275.602203 488.950012
VERTEX 407.478699 327.024994 488.950012
VERTEX 407.478699 327.024994 498.475006
VERTEX 393.700012 275.602203 498.475006
VERTEX 421.941254 241.299988 488.950012
VERTEX 403.225006 311.149994 488.950012
VERTEX 403.225006 311.149994 498.475006
VERTEX 421.941254 241.299988 498.475006
VERTEX 452.976929 249.776779 488.950012
VERTEX 407.478699 295.274994 488.950012
VERTEX 407.478699 295.274994 498.475006
VERTEX 452.976929 249.776779 498.475006
VERTEX 419.100006 283.653687 488.950012
VERTEX 457.200012 273.444824 488.950012
VERTEX 419.100006 283.653687 498.475006
VERTEX 457.200012 273.444824 498.475006
VERTEX 434.975006 279.399994 488.950012
VERTEX 457.200012 285.355164 488.950012
VERTEX 434.975006 279.399994 498.475006
VERTEX 457.200012 285.355164 498.475006
VERTEX 450.850006 283.653687 488.950012
VERTEX 457.200012 290.003693 488.950012
VERTEX 450.850006 283.653687 498.475006
VERTEX 457.200012 290.003693 498.475006
VERTEX 457.200012 442.403687 498.475006
VERTEX 450.850006 436.053680 498.475006
VERTEX 457.200012 442.403687 488.950012
VERTEX 450.850006 436.053680 488.950012
VERTEX 457.200012 437.755157 498.475006
VERTEX 434.975006 431.799988 498.475006
VERTEX 457.200012 437.755157 488.950012
VERTEX 434.975006 431.799988 488.950012
VERTEX 457.200012 425.844818 498.475006
VERTEX 419.100006 436.053680 498.475006
VERTEX 457.200012 425.844818 488.950012
VERTEX 419.100006 436.053680 488.950012
VERTEX 452.976929 402.176788 498.475006
VERTEX 407.478699 447.674988 498.475006
VERTEX 407.478699 447.674988 488.950012
VERTEX 452.976929 402.176788 488.950012
VERTEX 421.941254 393.699982 498.475006
VERTEX 403.225006 463.549988 498.475006
VERTEX 403.225006 463.549988 488.950012
VERTEX 421.941254 393.699982 488.950012
VERTEX 393.700012 428.002197 498.475006
VERTEX 407.478699 479.424988 498.475006
VERTEX 407.478699 479.424988 488.950012
VERTEX 393.700012 428.002197 488.950012
VERTEX 393.700012 465.646301 498.475006
VERTEX 419.100006 491.046295 498.475006
VERTEX 419.100006 491.046295 488.950012
VERTEX 393.700012 465.646301 488.950012
VERTEX 393.700012 484.240387 498.475006
VERTEX 434.975006 495.299988 498.475006
VERTEX 434.975006 495.299988 488.950012
VERTEX 393.700012 484.240387 488.950012
VERTEX 450.850006 491.046295 498.475006
VERTEX 393.700012 506.359589 498.475006
VERTEX 450.850006 491.046295 488.950012
VERTEX 393.700012 506.359589 488.950012
VERTEX 408.496307 533.399963 498.475006
VERTEX 457.200012 484.696289 498.475006
VERTEX 457.200012 484.696289 488.950012
VERTEX 408.496307 533.399963 488.950012
VERTEX 406.399902 393.699982 498.475006
VERTEX 406.399872 393.699982 488.950012
VERTEX 393.700012 406.399872 498.475006
VERTEX 393.700012 406.399872 488.950012
VERTEX 457.200012 406.399872 488.950012
VERTEX 444.500122 393.699982 488.950012
VERTEX 444.500122 393.699982 498.475006
VERTEX 457.200012 406.399872 498.475006
VERTEX 457.200012 520.700134 488.950012
VERTEX 457.200012 520.700134 498.475006
VERTEX 444.500122 533.399963 498.475006
VERTEX 444.500122 533.399963 488.950012
VERTEX 393.700012 520.700134 488.950012
VERTEX 406.399872 533.399963 488.950012
VERTEX 406.399872 533.399963 498.475006
VERTEX 393.700012 520.700134 498.475006
VERTEX 457.200012 234.949982 476.250031
VERTEX 403.225006 234.949982 476.250031
VERTEX 403.225006 234.949982 488.950043
VERTEX 457.200012 234.949982 488.950043
VERTEX 403.225006 82.550018 488.950043
VERTEX 403.224976 82.550018 476.250031
VERTEX 457.199982 82.550018 476.250031
VERTEX 457.200012 82.550018 488.950043
VERTEX 403.224976 83.628624 476.250031
VERTEX 457.199982 137.603638 476.250031
VERTEX 403.225006 83.628662 488.950043
VERTEX 457.200012 137.603668 488.950043
VERTEX 450.850006 131.253662 476.250031
VERTEX 403.224976 118.492584 476.250031
VERTEX 403.225006 118.492584 488.950043
VERTEX 450.850006 131.253662 488.950043
VERTEX 434.975006 126.999969 476.250031
VERTEX 403.224976 135.507355 476.250031
VERTEX 403.225006 135.507355 488.950043
VERTEX 434.975006 126.999969 488.950043
VERTEX 419.100067 131.253647 476.250031
VERTEX 403.224976 147.128723 476.250031
VERTEX 403.225006 147.128693 488.950043
VERTEX 419.100037 131.253647 488.950043
VERTEX 407.478699 142.875000 476.250031
VERTEX 403.224976 158.750137 476.250031
VERTEX 403.225006 158.750031 488.950043
VERTEX 407.478699 142.874985 488.950043
VERTEX 423.642731 234.949982 476.250031
VERTEX 423.642731 234.949982 488.950043
VERTEX 407.478607 174.624878 476.250031
VERTEX 457.200012 224.346283 476.250031
VERTEX 407.478668 174.624939 488.950043
VERTEX 457.200012 224.346283 488.950043
VERTEX 419.100006 186.246277 476.250031
VERTEX 457.200012 196.455139 476.250031
VERTEX 419.100006 186.246277 488.950043
VERTEX 457.200012 196.455139 488.950043
VERTEX 434.975037 190.499969 476.250031
VERTEX 457.200012 184.544800 476.250031
VERTEX 434.975006 190.499969 488.950043
VERTEX 457.200012 184.544800 488.950043
VERTEX 450.849945 186.246292 476.250031
VERTEX 457.200012 179.896240 476.250031
VERTEX 450.849945 186.246292 488.950043
VERTEX 457.200012 179.896240 488.950043
VERTEX -304.799988 304.799988 0.000000
VERTEX -304.799988 -304.799988 0.000000
VERTEX 304.799988 -304.799988 0.000000
VERTEX 304.799988 304.799988 0.000000
VERTEX 304.799988 -304.799988 -12.700000
VERTEX -304.799988 -304.799988 -12.700000
VERTEX -304.799988 304.799988 -12.700000
VERTEX 304.799988 304.799988 -12.700000
VERTEX 304.799988 228.600006 0.000000
VERTEX 241.299988 228.600006 0.000000
VERTEX 241.299988 165.100006 0.000000
VERTEX 304.799988 165.100006 0.000000
VERTEX 304.799988 228.600006 476.250000
VERTEX 304.799988 165.100006 476.250000
VERTEX 241.299988 165.100006 476.250000
VERTEX 241.299988 228.600006 476.250000
VERTEX 304.799988 -165.100006 0.000000
VERTEX 241.299988 -165.100006 0.000000
VERTEX 241.299988 -228.600006 0.000000
VERTEX 304.799988 -228.600006 0.000000
VERTEX 304.799988 -165.100006 476.250000
VERTEX 304.799988 -228.600006 476.250000
VERTEX 241.299988 -228.600006 476.250000
VERTEX 241.299988 -165.100006 476.250000
VERTEX -241.299988 228.600006 0.000000
VERTEX -304.799988 228.600006 0.000000
VERTEX -304.799988 165.100006 0.000000
VERTEX -241.299988 165.100006 0.000000
VERTEX -241.299988 228.600006 476.250000
VERTEX -241.299988 165.100006 476.250000
VERTEX -304.799988 165.100006 476.250000
VERTEX -304.799988 228.600006 476.250000
VERTEX -241.299988 -165.100006 0.000000
VERTEX -304.799988 -165.100006 0.000000
VERTEX -304.799988 -228.600006 0.000000
VERTEX -241.299988 -228.600006 0.000000
VERTEX -241.299988 -165.100006 476.250000
VERTEX -241.299988 -228.600006 476.250000
VERTEX -304.799988 -228.600006 476.250000
VERTEX -304.799988 -165.100006 476.250000
VERTEX 457.200012 27.496246 488.950043
VERTEX 450.849945 33.846298 488.950043
VERTEX 457.200012 27.496246 476.250031
VERTEX 450.849945 33.846298 476.250031
VERTEX 457.200012 32.144806 488.950043
VERTEX 434.975006 38.099976 488.950043
VERTEX 457.200012 32.144806 476.250031
VERTEX 434.975037 38.099976 476.250031
VERTEX 457.200012 44.055145 488.950043
VERTEX 419.100006 33.846283 488.950043
VERTEX 457.200012 44.055145 476.250031
VERTEX 419.100006 33.846283 476.250031
VERTEX 457.200012 71.946289 488.950043
VERTEX 407.478668 22.224945 488.950043
VERTEX 457.200012 71.946289 476.250031
VERTEX 407.478607 22.224884 476.250031
VERTEX 423.642731 82.549988 488.950043
VERTEX 423.642731 82.549988 476.250031
VERTEX 407.478699 -9.525009 488.950043
VERTEX 403.225006 6.350037 488.950043
VERTEX 403.224976 6.350143 476.250031
VERTEX 407.478699 -9.524994 476.250031
VERTEX 419.100037 -21.146347 488.950043
VERTEX 403.225006 -5.271301 488.950043
VERTEX 403.224976 -5.271271 476.250031
VERTEX 419.100067 -21.146347 476.250031
VERTEX 434.975006 -25.400024 488.950043
VERTEX 403.225006 -16.892639 488.950043
VERTEX 403.224976 -16.892639 476.250031
VERTEX 434.975006 -25.400024 476.250031
VERTEX 450.850006 -21.146332 488.950043
VERTEX 403.225006 -33.907410 488.950043
VERTEX 403.224976 -33.907410 476.250031
VERTEX 450.850006 -21.146332 476.250031
VERTEX 457.200012 -14.796326 488.950043
VERTEX 403.225006 -68.771332 488.950043
VERTEX 457.199982 -14.796356 476.250031
VERTEX 403.224976 -68.771370 476.250031
VERTEX 457.200012 -69.849976 488.950043
VERTEX 457.199982 -69.849976 476.250031
VERTEX 403.224976 -69.849976 476.250031
VERTEX 403.225006 -69.849976 488.950043
VERTEX 457.200012 82.549988 488.950043
VERTEX 403.225006 82.549988 488.950043
VERTEX 403.225006 82.549988 476.250031
VERTEX 457.200012 82.549988 476.250031
VERTEX 457.200012 -69.850006 476.250031
VERTEX 403.225006 -69.850006 476.250031
VERTEX 403.225006 -69.850006 488.950043
VERTEX 457.200012 -69.850006 488.950043
VERTEX 403.225006 -222.249969 488.950043
VERTEX 403.224976 -222.249969 476.250031
VERTEX 457.199982 -222.249969 476.250031
VERTEX 457.200012 -222.249969 488.950043
VERTEX 403.224976 -221.171356 476.250031
VERTEX 457.199982 -167.196350 476.250031
VERTEX 403.225006 -221.171326 488.950043
VERTEX 457.200012 -167.196320 488.950043
VERTEX 450.850006 -173.546326 476.250031
VERTEX 403.224976 -186.307404 476.250031
VERTEX 403.225006 -186.307404 488.950043
VERTEX 450.850006 -173.546326 488.950043
VERTEX 434.975006 -177.800018 476.250031
VERTEX 403.224976 -169.292633 476.250031
VERTEX 403.225006 -169.292633 488.950043
VERTEX 434.975006 -177.800018 488.950043
VERTEX 419.100067 -173.546341 476.250031
VERTEX 403.224976 -157.671265 476.250031
VERTEX 403.225006 -157.671295 488.950043
VERTEX 419.100037 -173.546341 488.950043
VERTEX 407.478699 -161.924988 476.250031
VERTEX 403.224976 -146.049850 476.250031
VERTEX 403.225006 -146.049957 488.950043
VERTEX 407.478699 -161.925003 488.950043
VERTEX 423.642731 -69.850006 476.250031
VERTEX 423.642731 -69.850006 488.950043
VERTEX 407.478607 -130.175110 476.250031
VERTEX 457.200012 -80.453705 476.250031
VERTEX 407.478668 -130.175049 488.950043
VERTEX 457.200012 -80.453705 488.950043
VERTEX 419.100006 -118.553711 476.250031
VERTEX 457.200012 -108.344849 476.250031
VERTEX 419.100006 -118.553711 488.950043
VERTEX 457.200012 -108.344849 488.950043
VERTEX 434.975037 -114.300018 476.250031
VERTEX 457.200012 -120.255188 476.250031
VERTEX 434.975006 -114.300018 488.950043
VERTEX 457.200012 -120.255188 488.950043
VERTEX 450.849945 -118.553696 476.250031
VERTEX 457.200012 -124.903748 476.250031
VERTEX 450.849945 -118.553696 488.950043
VERTEX 457.200012 -124.903748 488.950043
VERTEX 457.200012 -277.303741 488.950043
VERTEX 450.849945 -270.953674 488.950043
VERTEX 457.200012 -277.303741 476.250031
VERTEX 450.849945 -270.953674 476.250031
VERTEX 457.200012 -272.655182 488.950043
VERTEX 434.975006 -266.700012 488.950043
VERTEX 457.200012 -272.655182 476.250031
VERTEX 434.975037 -266.700012 476.250031
VERTEX 457.200012 -260.744843 488.950043
VERTEX 419.100006 -270.953705 488.950043
VERTEX 457.200012 -260.744843 476.250031
VERTEX 419.100006 -270.953705 476.250031
VERTEX 457.200012 -232.853699 488.950043
VERTEX 407.478668 -282.575043 488.950043
VERTEX 457.200012 -232.853699 476.250031
VERTEX 407.478607 -282.575104 476.250031
VERTEX 423.642731 -222.250000 488.950043
VERTEX 423.642731 -222.250000 476.250031
VERTEX 407.478699 -314.325012 488.950043
VERTEX 403.225006 -298.449951 488.950043
VERTEX 403.224976 -298.449829 476.250031
VERTEX 407.478699 -314.324982 476.250031
VERTEX 419.100037 -325.946350 488.950043
VERTEX 403.225006 -310.071289 488.950043
VERTEX 403.224976 -310.071259 476.250031
VERTEX 419.100067 -325.946350 476.250031
VERTEX 434.975006 -330.200012 488.950043
VERTEX 403.225006 -321.692627 488.950043
VERTEX 403.224976 -321.692627 476.250031
VERTEX 434.975006 -330.200012 476.250031
VERTEX 450.850006 -325.946320 488.950043
VERTEX 403.225006 -338.707397 488.950043
VERTEX 403.224976 -338.707397 476.250031
VERTEX 450.850006 -325.946320 476.250031
VERTEX 457.200012 -319.596313 488.950043
VERTEX 403.225006 -373.571320 488.950043
VERTEX 457.199982 -319.596344 476.250031
VERTEX 403.224976 -373.571350 476.250031
VERTEX 457.200012 -374.649963 488.950043
VERTEX 457.199982 -374.649963 476.250031
VERTEX 403.224976 -374.649963 476.250031
VERTEX 403.225006 -374.649963 488.950043
VERTEX 457.200012 -222.250000 488.950043
VERTEX 403.225006 -222.250000 488.950043
VERTEX 403.225006 -222.250000 476.250031
VERTEX 457.200012 -222.250000 476.250031
VERTEX 457.200012 332.296234 488.950043
VERTEX 450.849945 338.646301 488.950043
VERTEX 457.200012 332.296234 476.250031
VERTEX 450.849945 338.646301 476.250031
VERTEX 457.200012 336.944794 488.950043
VERTEX 434.975006 342.899963 488.950043
VERTEX 457.200012 336.944794 476.250031
VERTEX 434.975037 342.899963 476.250031
VERTEX 457.200012 348.855133 488.950043
VERTEX 419.100006 338.646271 488.950043
VERTEX 457.200012 348.855133 476.250031
VERTEX 419.100006 338.646271 476.250031
VERTEX 457.200012 376.746277 488.950043
VERTEX 407.478668 327.024933 488.950043
VERTEX 457.200012 376.746277 476.250031
VERTEX 407.478607 327.024872 476.250031
VERTEX 423.642731 387.349976 488.950043
VERTEX 423.642731 387.349976 476.250031
VERTEX 407.478699 295.274963 488.950043
VERTEX 403.225006 311.150024 488.950043
VERTEX 403.224976 311.150146 476.250031
VERTEX 407.478699 295.274994 476.250031
VERTEX 419.100037 283.653625 488.950043
VERTEX 403.225006 299.528687 488.950043
VERTEX 403.224976 299.528717 476.250031
VERTEX 419.100067 283.653625 476.250031
VERTEX 434.975006 279.399963 488.950043
VERTEX 403.225006 287.907349 488.950043
VERTEX 403.224976 287.907349 476.250031
VERTEX 434.975006 279.399963 476.250031
VERTEX 450.850006 283.653656 488.950043
VERTEX 403.225006 270.892578 488.950043
VERTEX 403.224976 270.892578 476.250031
VERTEX 450.850006 283.653656 476.250031
VERTEX 457.200012 290.003662 488.950043
VERTEX 403.225006 236.028656 488.950043
VERTEX 457.199982 290.003632 476.250031
VERTEX 403.224976 236.028625 476.250031
VERTEX 457.200012 234.950012 488.950043
VERTEX 457.199982 234.950012 476.250031
VERTEX 403.224976 234.950012 476.250031
VERTEX 403.225006 234.950012 488.950043
VERTEX 457.200012 387.349976 488.950043
VERTEX 403.225006 387.349976 488.950043
VERTEX 403.225006 387.349976 476.250031
VERTEX 457.200012 387.349976 476.250031
VERTEX 457.200012 539.750000 476.250031
VERTEX 403.225006 539.750000 476.250031
VERTEX 403.225006 539.750000 488.950043
VERTEX 457.200012 539.750000 488.950043
VERTEX 403.225006 387.350006 488.950043
VERTEX 403.224976 387.350006 476.250031
VERTEX 457.199982 387.350006 476.250031
VERTEX 457.200012 387.350006 488.950043
VERTEX 403.224976 388.428619 476.250031
VERTEX 457.199982 442.403625 476.250031
VERTEX 403.225006 388.428650 488.950043
VERTEX 457.200012 442.403656 488.950043
VERTEX 450.850006 436.053650 476.250031
VERTEX 403.224976 423.292572 476.250031
VERTEX 403.225006 423.292572 488.950043
VERTEX 450.850006 436.053650 488.950043
VERTEX 434.975006 431.799957 476.250031
VERTEX 403.224976 440.307343 476.250031
VERTEX 403.225006 440.307343 488.950043
VERTEX 434.975006 431.799957 488.950043
VERTEX 419.100067 436.053650 476.250031
VERTEX 403.224976 451.928711 476.250031
VERTEX 403.225006 451.928680 488.950043
VERTEX 419.100037 436.053650 488.950043
VERTEX 407.478699 447.674988 476.250031
VERTEX 403.224976 463.550110 476.250031
VERTEX 403.225006 463.550018 488.950043
VERTEX 407.478699 447.674988 488.950043
VERTEX 423.642731 539.750000 476.250031
VERTEX 423.642731 539.750000 488.950043
VERTEX 407.478607 479.424866 476.250031
VERTEX 457.200012 529.146240 476.250031
VERTEX 407.478668 479.424927 488.950043
VERTEX 457.200012 529.146240 488.950043
VERTEX 419.100006 491.046265 476.250031
VERTEX 457.200012 501.255127 476.250031
VERTEX 419.100006 491.046265 488.950043
VERTEX 457.200012 501.255127 488.950043
VERTEX 434.975037 495.299957 476.250031
VERTEX 457.200012 489.344788 476.250031
VERTEX 434.975006 495.299957 488.950043
VERTEX 457.200012 489.344788 488.950043
VERTEX 450.849945 491.046265 476.250031
VERTEX 457.200012 484.696228 476.250031
VERTEX 450.849945 491.046265 488.950043
VERTEX 457.200012 484.696228 488.950043
VERTEX -457.200012 -374.650024 476.250000
VERTEX 403.224976 -374.650024 476.250000
VERTEX 403.224976 539.750000 476.250000
VERTEX -457.200012 539.750000 476.250000
VERTEX -457.200012 -374.650024 488.950012
VERTEX -457.200012 539.750000 488.950012
VERTEX 403.224976 539.750000 488.950012
VERTEX 403.224976 -374.650024 488.950012
POLYGON 3
54
51
55
POLYGON 3
52
53
49
POLYGON 3
50
47
51
POLYGON 3
48
49
45
POLYGON 3
34
31
35
POLYGON 3
32
28
33
POLYGON 3
30
27
31
POLYGON 3
28
24
29
POLYGON 3
26
22
27
POLYGON 3
24
20
25
POLYGON 4
50
54
52
48
POLYGON 4
46
50
48
44
POLYGON 4
42
46
44
41
POLYGON 4
38
42
41
37
POLYGON 4
34
38
37
33
POLYGON 4
30
34
33
29
POLYGON 4
26
30
29
25
POLYGON 4
23
26
25
21
POLYGON 4
54
55
53
52
POLYGON 4
18
23
21
17
POLYGON 4
11
53
55
8
POLYGON 4
17
7
6
18
POLYGON 4
46
43
8
47
POLYGON 4
40
44
45
11
POLYGON 4
42
39
9
43
POLYGON 4
40
10
36
41
POLYGON 4
18
6
5
19
POLYGON 4
16
4
7
17
POLYGON 4
15
13
12
14
POLYGON 4
14
10
9
15
POLYGON 4
3
12
13
0
POLYGON 4
8
9
10
11
POLYGON 4
5
6
7
4
POLYGON 4
4
2
1
5
POLYGON 4
0
1
2
3
POLYGON 5
38
35
13
15
39
POLYGON 5
36
14
12
32
37
POLYGON 5
0
22
23
19
1
POLYGON 5
20
3
2
16
21
POLYGON 3
57
60
56
POLYGON 3
59
58
62
POLYGON 3
61
64
60
POLYGON 3
63
62
66
POLYGON 3
77
80
76
POLYGON 3
79
83
78
POLYGON 3
81
84
80
POLYGON 3
83
87
82
POLYGON 3
85
89
84
POLYGON 3
87
91
86
POLYGON 4
61
57
59
63
POLYGON 4
65
61
63
67
POLYGON 4
69
65
67
70
POLYGON 4
73
69
70
74
POLYGON 4
77
73
74
78
POLYGON 4
81
77
78
82
POLYGON 4
85
81
82
86
POLYGON 4
88
85
86
90
POLYGON 4
57
56
58
59
POLYGON 4
93
88
90
94
POLYGON 4
100
58
56
103
POLYGON 4
94
104
105
93
POLYGON 4
65
68
103
64
POLYGON 4
71
67
66
100
POLYGON 4
69
72
102
68
POLYGON 4
71
101
75
70
POLYGON 4
93
105
106
92
POLYGON 4
95
107
104
94
POLYGON 4
96
98
99
97
POLYGON 4
97
101
102
96
POLYGON 4
108
99
98
111
POLYGON 4
103
102
101
100
POLYGON 4
106
105
104
107
POLYGON 4
107
109
110
106
POLYGON 4
111
110
109
108
POLYGON 5
73
76
98
96
72
POLYGON 5
75
97
99
79
74
POLYGON 5
111
89
88
92
110
POLYGON 5
91
108
109
95
90
POLYGON 3
166
163
167
POLYGON 3
164
165
161
POLYGON 3
162
159
163
POLYGON 3
160
161
157
POLYGON 3
146
143
147
POLYGON 3
144
140
145
POLYGON 3
142
139
143
POLYGON 3
140
136
141
POLYGON 3
138
134
139
POLYGON 3
136
132
137
POLYGON 4
162
166
164
160
POLYGON 4
158
162
160
156
POLYGON 4
154
158
156
153
POLYGON 4
150
154
153
149
POLYGON 4
146
150
149
145
POLYGON 4
142
146
145
141
POLYGON 4
138
142
141
137
POLYGON 4
135
138
137
133
POLYGON 4
166
167
165
164
POLYGON 4
130
135
133
129
POLYGON 4
123
165
167
120
POLYGON 4
129
119
118
130
POLYGON 4
158
155
120
159
POLYGON 4
152
156
157
123
POLYGON 4
154
151
121
155
POLYGON 4
152
122
148
153
POLYGON 4
130
118
117
131
POLYGON 4
128
116
119
129
POLYGON 4
127
125
124
126
POLYGON 4
126
122
121
127
POLYGON 4
115
124
125
112
POLYGON 4
120
121
122
123
POLYGON 4
117
118
119
116
POLYGON 4
116
114
113
117
POLYGON 4
112
113
114
115
POLYGON 5
150
147
125
127
151
POLYGON 5
148
126
124
144
149
POLYGON 5
112
134
135
131
113
POLYGON 5
132
115
114
128
133
POLYGON 3
169
172
168
POLYGON 3
171
170
174
POLYGON 3
173
176
172
POLYGON 3
175
174
178
POLYGON 3
189
192
188
POLYGON 3
191
195
190
POLYGON 3
193
196
192
POLYGON 3
195
199
194
POLYGON 3
197
201
196
POLYGON 3
199
203
198
POLYGON 4
173
169
171
175
POLYGON 4
177
173
175
179
POLYGON 4
181
177
179
182
POLYGON 4
185
181
182
186
POLYGON 4
189
185
186
190
POLYGON 4
193
189
190
194
POLYGON 4
197
193
194
198
POLYGON 4
200
197
198
202
POLYGON 4
169
168
170
171
POLYGON 4
205
200
202
206
POLYGON 4
212
170
168
215
POLYGON 4
206
216
217
205
POLYGON 4
177
180
215
176
POLYGON 4
183
179
178
212
POLYGON 4
181
184
214
180
POLYGON 4
183
213
187
182
POLYGON 4
205
217
218
204
POLYGON 4
207
219
216
206
POLYGON 4
208
210
211
209
POLYGON 4
209
213
214
208
POLYGON 4
220
211
210
223
POLYGON 4
215
214
213
212
POLYGON 4
218
217
216
219
POLYGON 4
219
221
222
218
POLYGON 4
223
222
221
220
POLYGON 5
185
188
210
208
184
POLYGON 5
187
209
211
191
186
POLYGON 5
223
201
200
204
222
POLYGON 5
203
220
221
207
202
POLYGON 3
278
275
279
POLYGON 3
276
277
273
POLYGON 3
274
271
275
POLYGON 3
272
273
269
POLYGON 3
258
255
259
POLYGON 3
256
252
257
POLYGON 3
254
251
255
POLYGON 3
252
248
253
POLYGON 3
250
246
251
POLYGON 3
248
244
249
POLYGON 4
274
278
276
272
POLYGON 4
270
274
272
268
POLYGON 4
266
270
268
265
POLYGON 4
262
266
265
261
POLYGON 4
258
262
261
257
POLYGON 4
254
258
257
253
POLYGON 4
250
254
253
249
POLYGON 4
247
250
249
245
POLYGON 4
278
279
277
276
POLYGON 4
242
247
245
241
POLYGON 4
235
277
279
232
POLYGON 4
241
231
230
242
POLYGON 4
270
267
232
271
POLYGON 4
264
268
269
235
POLYGON 4
266
263
233
267
POLYGON 4
264
234
260
265
POLYGON 4
242
230
229
243
POLYGON 4
240
228
231
241
POLYGON 4
239
237
236
238
POLYGON 4
238
234
233
239
POLYGON 4
227
236
237
224
POLYGON 4
232
233
234
235
POLYGON 4
229
230
231
228
POLYGON 4
228
226
225
229
POLYGON 4
224
225
226
227
POLYGON 5
262
259
237
239
263
POLYGON 5
260
238
236
256
261
POLYGON 5
224
246
247
243
225
POLYGON 5
244
227
226
240
245
POLYGON 3
281
284
280
POLYGON 3
283
282
286
POLYGON 3
285
288
284
POLYGON 3
287
286
290
POLYGON 3
301
304
300
POLYGON 3
303
307
302
POLYGON 3
305
308
304
POLYGON 3
307
311
306
POLYGON 3
309
313
308
POLYGON 3
311
315
310
POLYGON 4
285
281
283
287
POLYGON 4
289
285
287
291
POLYGON 4
293
289
291
294
POLYGON 4
297
293
294
298
POLYGON 4
301
297
298
302
POLYGON 4
305
301
302
306
POLYGON 4
309
305
306
310
POLYGON 4
312
309
310
314
POLYGON 4
281
280
282
283
POLYGON 4
317
312
314
318
POLYGON 4
324
282
280
327
POLYGON 4
318
328
329
317
POLYGON 4
289
292
327
288
POLYGON 4
295
291
290
324
POLYGON 4
293
296
326
292
POLYGON 4
295
325
299
294
POLYGON 4
317
329
330
316
POLYGON 4
319
331
328
318
POLYGON 4
320
322
323
321
POLYGON 4
321
325
326
320
POLYGON 4
332
323
322
335
POLYGON 4
327
326
325
324
POLYGON 4
330
329
328
331
POLYGON 4
331
333
334
330
POLYGON 4
335
334
333
332
POLYGON 5
297
300
322
320
296
POLYGON 5
299
321
323
303
298
POLYGON 5
335
313
312
316
334
POLYGON 5
315
332
333
319
314
POLYGON 3
348
344
349
POLYGON 3
350
346
351
POLYGON 3
352
349
353
POLYGON 3
354
350
355
POLYGON 3
356
353
357
POLYGON 3
358
354
359
POLYGON 3
360
357
361
POLYGON 3
362
358
363
POLYGON 3
361
337
364
POLYGON 3
362
365
338
POLYGON 3
370
367
371
POLYGON 3
372
373
369
POLYGON 3
374
371
375
POLYGON 3
376
377
373
POLYGON 3
378
375
379
POLYGON 3
380
381
377
POLYGON 4
336
337
338
339
POLYGON 4
340
341
342
343
POLYGON 4
341
344
345
342
POLYGON 4
346
340
343
347
POLYGON 4
366
364
336
367
POLYGON 4
368
369
339
365
POLYGON 4
342
345
347
343
POLYGON 4
361
341
340
362
POLYGON 4
379
336
339
381
POLYGON 4
362
363
360
361
POLYGON 4
368
362
361
366
POLYGON 4
351
347
345
348
POLYGON 4
381
380
378
379
POLYGON 4
355
351
348
352
POLYGON 4
359
355
352
356
POLYGON 4
363
359
356
360
POLYGON 4
372
368
366
370
POLYGON 4
376
372
370
374
POLYGON 4
380
376
374
378
POLYGON 4
361
362
338
337
POLYGON 4
389
388
382
385
POLYGON 4
388
387
383
382
POLYGON 4
387
386
384
383
POLYGON 4
386
389
385
384
POLYGON 4
385
382
383
384
POLYGON 4
389
386
387
388
POLYGON 4
390
393
392
391
POLYGON 4
394
397
396
395
POLYGON 4
393
390
394
395
POLYGON 4
392
393
395
396
POLYGON 4
391
392
396
397
POLYGON 4
390
391
397
394
POLYGON 4
398
401
400
399
POLYGON 4
402
405
404
403
POLYGON 4
401
398
402
403
POLYGON 4
400
401
403
404
POLYGON 4
399
400
404
405
POLYGON 4
398
399
405
402
POLYGON 4
406
409
408
407
POLYGON 4
410
413
412
411
POLYGON 4
409
406
410
411
POLYGON 4
408
409
411
412
POLYGON 4
407
408
412
413
POLYGON 4
406
407
413
410
POLYGON 4
414
417
416
415
POLYGON 4
418
421
420
419
POLYGON 4
417
414
418
419
POLYGON 4
416
417
419
420
POLYGON 4
415
416
420
421
POLYGON 4
414
415
421
418
POLYGON 3
455
459
454
POLYGON 3
453
457
452
POLYGON 3
451
454
450
POLYGON 3
449
453
448
POLYGON 3
447
450
446
POLYGON 3
445
449
444
POLYGON 3
443
446
442
POLYGON 3
441
445
440
POLYGON 3
442
466
439
POLYGON 3
441
438
465
POLYGON 3
433
436
432
POLYGON 3
431
430
434
POLYGON 3
429
432
428
POLYGON 3
427
426
430
POLYGON 3
425
428
424
POLYGON 3
423
422
426
POLYGON 4
467
466
465
464
POLYGON 4
463
462
461
460
POLYGON 4
462
459
458
461
POLYGON 4
457
463
460
456
POLYGON 4
437
439
467
436
POLYGON 4
435
434
464
438
POLYGON 4
461
458
456
460
POLYGON 4
442
462
463
441
POLYGON 4
424
467
464
422
POLYGON 4
441
440
443
442
POLYGON 4
435
441
442
437
POLYGON 4
452
456
458
455
POLYGON 4
422
423
425
424
POLYGON 4
448
452
455
451
POLYGON 4
444
448
451
447
POLYGON 4
440
444
447
443
POLYGON 4
431
435
437
433
POLYGON 4
427
431
433
429
POLYGON 4
423
427
429
425
POLYGON 4
442
441
465
466
POLYGON 3
480
476
481
POLYGON 3
482
478
483
POLYGON 3
484
481
485
POLYGON 3
486
482
487
POLYGON 3
488
485
489
POLYGON 3
490
486
491
POLYGON 3
492
489
493
POLYGON 3
494
490
495
POLYGON 3
493
469
496
POLYGON 3
494
497
470
POLYGON 3
502
499
503
POLYGON 3
504
505
501
POLYGON 3
506
503
507
POLYGON 3
508
509
505
POLYGON 3
510
507
511
POLYGON 3
512
513
509
POLYGON 4
468
469
470
471
POLYGON 4
472
473
474
475
POLYGON 4
473
476
477
474
POLYGON 4
478
472
475
479
POLYGON 4
498
496
468
499
POLYGON 4
500
501
471
497
POLYGON 4
474
477
479
475
POLYGON 4
493
473
472
494
POLYGON 4
511
468
471
513
POLYGON 4
494
495
492
493
POLYGON 4
500
494
493
498
POLYGON 4
483
479
477
480
POLYGON 4
513
512
510
511
POLYGON 4
487
483
480
484
POLYGON 4
491
487
484
488
POLYGON 4
495
491
488
492
POLYGON 4
504
500
498
502
POLYGON 4
508
504
502
506
POLYGON 4
512
508
506
510
POLYGON 4
493
494
470
469
POLYGON 3
547
551
546
POLYGON 3
545
549
544
POLYGON 3
543
546
542
POLYGON 3
541
545
540
POLYGON 3
539
542
538
POLYGON 3
537
541
536
POLYGON 3
535
538
534
POLYGON 3
533
537
532
POLYGON 3
534
558
531
POLYGON 3
533
530
557
POLYGON 3
525
528
524
POLYGON 3
523
522
526
POLYGON 3
521
524
520
POLYGON 3
519
518
522
POLYGON 3
517
520
516
POLYGON 3
515
514
518
POLYGON 4
559
558
557
556
POLYGON 4
555
554
553
552
POLYGON 4
554
551
550
553
POLYGON 4
549
555
552
548
POLYGON 4
529
531
559
528
POLYGON 4
527
526
556
530
POLYGON 4
553
550
548
552
POLYGON 4
534
554
555
533
POLYGON 4
516
559
556
514
POLYGON 4
533
532
535
534
POLYGON 4
527
533
534
529
POLYGON 4
544
548
550
547
POLYGON 4
514
515
517
516
POLYGON 4
540
544
547
543
POLYGON 4
536
540
543
539
POLYGON 4
532
536
539
535
POLYGON 4
523
527
529
525
POLYGON 4
519
523
525
521
POLYGON 4
515
519
521
517
POLYGON 4
534
533
557
558
POLYGON 3
593
597
592
POLYGON 3
591
595
590
POLYGON 3
589
592
588
POLYGON 3
587
591
586
POLYGON 3
585
588
584
POLYGON 3
583
587
582
POLYGON 3
581
584
580
POLYGON 3
579
583
578
POLYGON 3
580
604
577
POLYGON 3
579
576
603
POLYGON 3
571
574
570
POLYGON 3
569
568
572
POLYGON 3
567
570
566
POLYGON 3
565
564
568
POLYGON 3
563
566
562
POLYGON 3
561
560
564
POLYGON 4
605
604
603
602
POLYGON 4
601
600
599
598
POLYGON 4
600
597
596
599
POLYGON 4
595
601
598
594
POLYGON 4
575
577
605
574
POLYGON 4
573
572
602
576
POLYGON 4
599
596
594
598
POLYGON 4
580
600
601
579
POLYGON 4
562
605
602
560
POLYGON 4
579
578
581
580
POLYGON 4
573
579
580
575
POLYGON 4
590
594
596
593
POLYGON 4
560
561
563
562
POLYGON 4
586
590
593
589
POLYGON 4
582
586
589
585
POLYGON 4
578
582
585
581
POLYGON 4
569
573
575
571
POLYGON 4
565
569
571
567
POLYGON 4
561
565
567
563
POLYGON 4
580
579
603
604
POLYGON 3
618
614
619
POLYGON 3
620
616
621
POLYGON 3
622
619
623
POLYGON 3
624
620
625
POLYGON 3
626
623
627
POLYGON 3
628
624
629
POLYGON 3
630
627
631
POLYGON 3
632
628
633
POLYGON 3
631
607
634
POLYGON 3
632
635
608
POLYGON 3
640
637
641
POLYGON 3
642
643
639
POLYGON 3
644
641
645
POLYGON 3
646
647
643
POLYGON 3
648
645
649
POLYGON 3
650
651
647
POLYGON 4
606
607
608
609
POLYGON 4
610
611
612
613
POLYGON 4
611
614
615
612
POLYGON 4
616
610
613
617
POLYGON 4
636
634
606
637
POLYGON 4
638
639
609
635
POLYGON 4
612
615
617
613
POLYGON 4
631
611
610
632
POLYGON 4
649
606
609
651
POLYGON 4
632
633
630
631
POLYGON 4
638
632
631
636
POLYGON 4
621
617
615
618
POLYGON 4
651
650
648
649
POLYGON 4
625
621
618
622
POLYGON 4
629
625
622
626
POLYGON 4
633
629
626
630
POLYGON 4
642
638
636
640
POLYGON 4
646
642
640
644
POLYGON 4
650
646
644
648
POLYGON 4
631
632
608
607
POLYGON 4
652
653
659
656
POLYGON 4
653
654
658
659
POLYGON 4
654
655
657
658
POLYGON 4
655
652
656
657
POLYGON 4
656
659
658
657
POLYGON 4
652
655
654
653
NULL
