VERTEX 457.200012 169.353699 498.475006
VERTEX 450.850006 163.003693 498.475006
VERTEX 457.200012 169.353699 488.950012
VERTEX 450.850006 163.003693 488.950012
VERTEX 457.200012 164.705170 498.475006
VERTEX 434.975006 158.750000 498.475006
VERTEX 457.200012 164.705170 488.950012
VERTEX 434.975006 158.750000 488.950012
VERTEX 457.200012 152.794830 498.475006
VERTEX 419.100006 163.003693 498.475006
VERTEX 457.200012 152.794830 488.950012
VERTEX 419.100006 163.003693 488.950012
VERTEX 452.976929 129.126785 498.475006
VERTEX 407.478699 174.625000 498.475006
VERTEX 407.478699 174.625000 488.950012
VERTEX 452.976929 129.126785 488.950012
VERTEX 421.941254 120.650002 498.475006
VERTEX 403.225006 190.500000 498.475006
VERTEX 403.225006 190.500000 488.950012
VERTEX 421.941254 120.650002 488.950012
VERTEX 393.700012 154.952209 498.475006
VERTEX 407.478699 206.375000 498.475006
VERTEX 407.478699 206.375000 488.950012
VERTEX 393.700012 154.952209 488.950012
VERTEX 393.700012 192.596298 498.475006
VERTEX 419.100006 217.996307 498.475006
VERTEX 419.100006 217.996307 488.950012
VERTEX 393.700012 192.596298 488.950012
VERTEX 393.700012 211.190399 498.475006
VERTEX 434.975006 222.250000 498.475006
VERTEX 434.975006 222.250000 488.950012
VERTEX 393.700012 211.190399 488.950012
VERTEX 450.850006 217.996307 498.475006
VERTEX 393.700012 233.309601 498.475006
VERTEX 450.850006 217.996307 488.950012
VERTEX 393.700012 233.309601 488.950012
VERTEX 408.496307 260.350006 498.475006
VERTEX 457.200012 211.646301 498.475006
VERTEX 457.200012 211.646301 488.950012
VERTEX 408.496307 260.350006 488.950012
VERTEX 406.399902 120.650002 498.475006
VERTEX 406.399872 120.650002 488.950012
VERTEX 393.700012 133.349884 498.475006
VERTEX 393.700012 133.349884 488.950012
VERTEX 457.200012 133.349884 488.950012
VERTEX 444.500122 120.650002 488.950012
VERTEX 444.500122 120.650002 498.475006
VERTEX 457.200012 133.349884 498.475006
VERTEX 457.200012 247.650116 488.950012
VERTEX 457.200012 247.650116 498.475006
VERTEX 444.500122 260.350006 498.475006
VERTEX 444.500122 260.350006 488.950012
VERTEX 393.700012 247.650116 488.950012
VERTEX 406.399872 260.350006 488.950012
VERTEX 406.399872 260.350006 498.475006
VERTEX 393.700012 247.650116 498.475006
VERTEX 393.700012 95.250122 498.475006
VERTEX 406.399872 107.950005 498.475006
VERTEX 406.399872 107.950005 488.950012
VERTEX 393.700012 95.250122 488.950012
VERTEX 444.500122 107.950005 488.950012
VERTEX 444.500122 107.950005 498.475006
VERTEX 457.200012 95.250122 498.475006
VERTEX 457.200012 95.250122 488.950012
VERTEX 457.200012 -19.050114 498.475006
VERTEX 444.500122 -31.749992 498.475006
VERTEX 444.500122 -31.749992 488.950012
VERTEX 457.200012 -19.050114 488.950012
VERTEX 393.700012 -19.050106 488.950012
VERTEX 393.700012 -19.050110 498.475006
VERTEX 406.399872 -31.749992 488.950012
VERTEX 406.399902 -31.749992 498.475006
VERTEX 408.496307 107.950005 488.950012
VERTEX 457.200012 59.246315 488.950012
VERTEX 457.200012 59.246315 498.475006
VERTEX 408.496307 107.950005 498.475006
VERTEX 393.700012 80.909607 488.950012
VERTEX 450.850006 65.596313 488.950012
VERTEX 393.700012 80.909607 498.475006
VERTEX 450.850006 65.596313 498.475006
VERTEX 393.700012 58.790405 488.950012
VERTEX 434.975006 69.850006 488.950012
VERTEX 434.975006 69.850006 498.475006
VERTEX 393.700012 58.790401 498.475006
VERTEX 393.700012 40.196312 488.950012
VERTEX 419.100006 65.596313 488.950012
VERTEX 419.100006 65.596313 498.475006
VERTEX 393.700012 40.196308 498.475006
VERTEX 393.700012 2.552219 488.950012
VERTEX 407.478699 53.975006 488.950012
VERTEX 407.478699 53.975006 498.475006
VERTEX 393.700012 2.552219 498.475006
VERTEX 421.941254 -31.749992 488.950012
VERTEX 403.225006 38.100006 488.950012
VERTEX 403.225006 38.100006 498.475006
VERTEX 421.941254 -31.749992 498.475006
VERTEX 452.976929 -23.273205 488.950012
VERTEX 407.478699 22.225006 488.950012
VERTEX 407.478699 22.225006 498.475006
VERTEX 452.976929 -23.273205 498.475006
VERTEX 419.100006 10.603699 488.950012
VERTEX 457.200012 0.394840 488.950012
VERTEX 419.100006 10.603697 498.475006
VERTEX 457.200012 0.394840 498.475006
VERTEX 434.975006 6.350006 488.950012
VERTEX 457.200012 12.305178 488.950012
VERTEX 434.975006 6.350006 498.475006
VERTEX 457.200012 12.305178 498.475006
VERTEX 450.850006 10.603701 488.950012
VERTEX 457.200012 16.953697 488.950012
VERTEX 450.850006 10.603701 498.475006
VERTEX 457.200012 16.953697 498.475006
VERTEX 457.200012 -135.446289 498.475006
VERTEX 450.850006 -141.796295 498.475006
VERTEX 457.200012 -135.446289 488.950012
VERTEX 450.850006 -141.796295 488.950012
VERTEX 457.200012 -140.094818 498.475006
VERTEX 434.975006 -146.049988 498.475006
VERTEX 457.200012 -140.094818 488.950012
VERTEX 434.975006 -146.049988 488.950012
VERTEX 457.200012 -152.005157 498.475006
VERTEX 419.100006 -141.796295 498.475006
VERTEX 457.200012 -152.005157 488.950012
VERTEX 419.100006 -141.796295 488.950012
VERTEX 452.976929 -175.673203 498.475006
VERTEX 407.478699 -130.174988 498.475006
VERTEX 407.478699 -130.174988 488.950012
VERTEX 452.976929 -175.673203 488.950012
VERTEX 421.941254 -184.149994 498.475006
VERTEX 403.225006 -114.299988 498.475006
VERTEX 403.225006 -114.299988 488.950012
VERTEX 421.941254 -184.149994 488.950012
VERTEX 393.700012 -149.847778 498.475006
VERTEX 407.478699 -98.424988 498.475006
VERTEX 407.478699 -98.424988 488.950012
VERTEX 393.700012 -149.847778 488.950012
VERTEX 393.700012 -112.203682 498.475006
VERTEX 419.100006 -86.803680 498.475006
VERTEX 419.100006 -86.803680 488.950012
VERTEX 393.700012 -112.203682 488.950012
VERTEX 393.700012 -93.609589 498.475006
VERTEX 434.975006 -82.549988 498.475006
VERTEX 434.975006 -82.549988 488.950012
VERTEX 393.700012 -93.609589 488.950012
VERTEX 450.850006 -86.803680 498.475006
VERTEX 393.700012 -71.490387 498.475006
VERTEX 450.850006 -86.803680 488.950012
VERTEX 393.700012 -71.490387 488.950012
VERTEX 408.496307 -44.449989 498.475006
VERTEX 457.200012 -93.153679 498.475006
VERTEX 457.200012 -93.153679 488.950012
VERTEX 408.496307 -44.449989 488.950012
VERTEX 406.399902 -184.149994 498.475006
VERTEX 406.399872 -184.149994 488.950012
VERTEX 393.700012 -171.450104 498.475006
VERTEX 393.700012 -171.450104 488.950012
VERTEX 457.200012 -171.450104 488.950012
VERTEX 444.500122 -184.149994 488.950012
VERTEX 444.500122 -184.149994 498.475006
VERTEX 457.200012 -171.450104 498.475006
VERTEX 457.200012 -57.149868 488.950012
VERTEX 457.200012 -57.149868 498.475006
VERTEX 444.500122 -44.449989 498.475006
VERTEX 444.500122 -44.449989 488.950012
VERTEX 393.700012 -57.149868 488.950012
VERTEX 406.399872 -44.449989 488.950012
VERTEX 406.399872 -44.449989 498.475006
VERTEX 393.700012 -57.149868 498.475006
VERTEX 393.700012 -209.549866 498.475006
VERTEX 406.399872 -196.849976 498.475006
VERTEX 406.399872 -196.849976 488.950012
VERTEX 393.700012 -209.549866 488.950012
VERTEX 444.500122 -196.849976 488.950012
VERTEX 444.500122 -196.849976 498.475006
VERTEX 457.200012 -209.549866 498.475006
VERTEX 457.200012 -209.549866 488.950012
VERTEX 457.200012 -323.850098 498.475006
VERTEX 444.500122 -336.549988 498.475006
VERTEX 444.500122 -336.549988 488.950012
VERTEX 457.200012 -323.850098 488.950012
VERTEX 393.700012 -323.850098 488.950012
VERTEX 393.700012 -323.850098 498.475006
VERTEX 406.399872 -336.549988 488.950012
VERTEX 406.399902 -336.549988 498.475006
VERTEX 408.496307 -196.849976 488.950012
VERTEX 457.200012 -245.553680 488.950012
VERTEX 457.200012 -245.553680 498.475006
VERTEX 408.496307 -196.849976 498.475006
VERTEX 393.700012 -223.890381 488.950012
VERTEX 450.850006 -239.203674 488.950012
VERTEX 393.700012 -223.890381 498.475006
VERTEX 450.850006 -239.203674 498.475006
VERTEX 393.700012 -246.009583 488.950012
VERTEX 434.975006 -234.949982 488.950012
VERTEX 434.975006 -234.949982 498.475006
VERTEX 393.700012 -246.009583 498.475006
VERTEX 393.700012 -264.603668 488.950012
VERTEX 419.100006 -239.203674 488.950012
VERTEX 419.100006 -239.203674 498.475006
VERTEX 393.700012 -264.603668 498.475006
VERTEX 393.700012 -302.247772 488.950012
VERTEX 407.478699 -250.824982 488.950012
VERTEX 407.478699 -250.824982 498.475006
VERTEX 393.700012 -302.247772 498.475006
VERTEX 421.941254 -336.549988 488.950012
VERTEX 403.225006 -266.699982 488.950012
VERTEX 403.225006 -266.699982 498.475006
VERTEX 421.941254 -336.549988 498.475006
VERTEX 452.976929 -328.073181 488.950012
VERTEX 407.478699 -282.574982 488.950012
VERTEX 407.478699 -282.574982 498.475006
VERTEX 452.976929 -328.073181 498.475006
VERTEX 419.100006 -294.196289 488.950012
VERTEX 457.200012 -304.405151 488.950012
VERTEX 419.100006 -294.196289 498.475006
VERTEX 457.200012 -304.405151 498.475006
VERTEX 434.975006 -298.449982 488.950012
VERTEX 457.200012 -292.494812 488.950012
VERTEX 434.975006 -298.449982 498.475006
VERTEX 457.200012 -292.494812 498.475006
VERTEX 450.850006 -294.196289 488.950012
VERTEX 457.200012 -287.846283 488.950012
VERTEX 450.850006 -294.196289 498.475006
VERTEX 457.200012 -287.846283 498.475006
VERTEX -241.299988 63.500000 476.250000
VERTEX -241.299988 127.000000 476.250000
VERTEX -304.799988 127.000000 476.250000
VERTEX -304.799988 63.500000 476.250000
VERTEX -304.799988 127.000000 0.000000
VERTEX -241.299988 127.000000 0.000000
VERTEX -241.299988 63.500000 0.000000
VERTEX -304.799988 63.500000 0.000000
VERTEX -241.299988 -127.000000 476.250000
VERTEX -241.299988 -63.500000 476.250000
VERTEX -304.799988 -63.500000 476.250000
VERTEX -304.799988 -127.000000 476.250000
VERTEX -304.799988 -63.500000 0.000000
VERTEX -241.299988 -63.500000 0.000000
VERTEX -241.299988 -127.000000 0.000000
VERTEX -304.799988 -127.000000 0.000000
VERTEX 304.799988 63.500000 476.250000
VERTEX 304.799988 127.000000 476.250000
VERTEX 241.299988 127.000000 476.250000
VERTEX 241.299988 63.500000 476.250000
VERTEX 241.299988 127.000000 0.000000
VERTEX 304.799988 127.000000 0.000000
VERTEX 304.799988 63.500000 0.000000
VERTEX 241.299988 63.500000 0.000000
VERTEX 304.799988 -127.000000 476.250000
VERTEX 304.799988 -63.500000 476.250000
VERTEX 241.299988 -63.500000 476.250000
VERTEX 241.299988 -127.000000 476.250000
VERTEX 241.299988 -63.500000 0.000000
VERTEX 304.799988 -63.500000 0.000000
VERTEX 304.799988 -127.000000 0.000000
VERTEX 241.299988 -127.000000 0.000000
VERTEX 457.200012 266.699982 476.250031
VERTEX 403.225006 266.699982 476.250031
VERTEX 403.225006 266.699982 488.950043
VERTEX 457.200012 266.699982 488.950043
VERTEX 403.225006 114.300018 488.950043
VERTEX 403.224976 114.300018 476.250031
VERTEX 457.199982 114.300018 476.250031
VERTEX 457.200012 114.300018 488.950043
VERTEX 403.224976 115.378624 476.250031
VERTEX 457.199982 169.353638 476.250031
VERTEX 403.225006 115.378662 488.950043
VERTEX 457.200012 169.353668 488.950043
VERTEX 450.850006 163.003662 476.250031
VERTEX 403.224976 150.242584 476.250031
VERTEX 403.225006 150.242584 488.950043
VERTEX 450.850006 163.003662 488.950043
VERTEX 434.975006 158.749969 476.250031
VERTEX 403.224976 167.257355 476.250031
VERTEX 403.225006 167.257355 488.950043
VERTEX 434.975006 158.749969 488.950043
VERTEX 419.100067 163.003647 476.250031
VERTEX 403.224976 178.878723 476.250031
VERTEX 403.225006 178.878693 488.950043
VERTEX 419.100037 163.003647 488.950043
VERTEX 407.478699 174.625000 476.250031
VERTEX 403.224976 190.500137 476.250031
VERTEX 403.225006 190.500031 488.950043
VERTEX 407.478699 174.624985 488.950043
VERTEX 423.642731 266.699982 476.250031
VERTEX 423.642731 266.699982 488.950043
VERTEX 407.478607 206.374878 476.250031
VERTEX 457.200012 256.096283 476.250031
VERTEX 407.478668 206.374939 488.950043
VERTEX 457.200012 256.096283 488.950043
VERTEX 419.100006 217.996277 476.250031
VERTEX 457.200012 228.205139 476.250031
VERTEX 419.100006 217.996277 488.950043
VERTEX 457.200012 228.205139 488.950043
VERTEX 434.975037 222.249969 476.250031
VERTEX 457.200012 216.294800 476.250031
VERTEX 434.975006 222.249969 488.950043
VERTEX 457.200012 216.294800 488.950043
VERTEX 450.849945 217.996292 476.250031
VERTEX 457.200012 211.646240 476.250031
VERTEX 450.849945 217.996292 488.950043
VERTEX 457.200012 211.646240 488.950043
VERTEX -304.799988 -203.199997 -12.700000
VERTEX 304.799988 -203.199997 -12.700000
VERTEX 304.799988 203.199997 -12.700000
VERTEX -304.799988 203.199997 -12.700000
VERTEX -304.799988 -203.199997 0.000000
VERTEX -304.799988 203.199997 0.000000
VERTEX 304.799988 203.199997 0.000000
VERTEX 304.799988 -203.199997 0.000000
VERTEX 457.200012 59.246246 488.950043
VERTEX 450.849945 65.596298 488.950043
VERTEX 457.200012 59.246246 476.250031
VERTEX 450.849945 65.596298 476.250031
VERTEX 457.200012 63.894806 488.950043
VERTEX 434.975006 69.849976 488.950043
VERTEX 457.200012 63.894806 476.250031
VERTEX 434.975037 69.849976 476.250031
VERTEX 457.200012 75.805145 488.950043
VERTEX 419.100006 65.596283 488.950043
VERTEX 457.200012 75.805145 476.250031
VERTEX 419.100006 65.596283 476.250031
VERTEX 457.200012 103.696289 488.950043
VERTEX 407.478668 53.974945 488.950043
VERTEX 457.200012 103.696289 476.250031
VERTEX 407.478607 53.974884 476.250031
VERTEX 423.642731 114.299988 488.950043
VERTEX 423.642731 114.299988 476.250031
VERTEX 407.478699 22.224991 488.950043
VERTEX 403.225006 38.100037 488.950043
VERTEX 403.224976 38.100143 476.250031
VERTEX 407.478699 22.225006 476.250031
VERTEX 419.100037 10.603653 488.950043
VERTEX 403.225006 26.478699 488.950043
VERTEX 403.224976 26.478729 476.250031
VERTEX 419.100067 10.603653 476.250031
VERTEX 434.975006 6.349976 488.950043
VERTEX 403.225006 14.857361 488.950043
VERTEX 403.224976 14.857361 476.250031
VERTEX 434.975006 6.349976 476.250031
VERTEX 450.850006 10.603668 488.950043
VERTEX 403.225006 -2.157410 488.950043
VERTEX 403.224976 -2.157410 476.250031
VERTEX 450.850006 10.603668 476.250031
VERTEX 457.200012 16.953674 488.950043
VERTEX 403.225006 -37.021332 488.950043
VERTEX 457.199982 16.953644 476.250031
VERTEX 403.224976 -37.021370 476.250031
VERTEX 457.200012 -38.099976 488.950043
VERTEX 457.199982 -38.099976 476.250031
VERTEX 403.224976 -38.099976 476.250031
VERTEX 403.225006 -38.099976 488.950043
VERTEX 457.200012 114.299988 488.950043
VERTEX 403.225006 114.299988 488.950043
VERTEX 403.225006 114.299988 476.250031
VERTEX 457.200012 114.299988 476.250031
VERTEX 457.200012 -38.100006 476.250031
VERTEX 403.225006 -38.100006 476.250031
VERTEX 403.225006 -38.100006 488.950043
VERTEX 457.200012 -38.100006 488.950043
VERTEX 403.225006 -190.499969 488.950043
VERTEX 403.224976 -190.499969 476.250031
VERTEX 457.199982 -190.499969 476.250031
VERTEX 457.200012 -190.499969 488.950043
VERTEX 403.224976 -189.421356 476.250031
VERTEX 457.199982 -135.446350 476.250031
VERTEX 403.225006 -189.421326 488.950043
VERTEX 457.200012 -135.446320 488.950043
VERTEX 450.850006 -141.796326 476.250031
VERTEX 403.224976 -154.557404 476.250031
VERTEX 403.225006 -154.557404 488.950043
VERTEX 450.850006 -141.796326 488.950043
VERTEX 434.975006 -146.050018 476.250031
VERTEX 403.224976 -137.542633 476.250031
VERTEX 403.225006 -137.542633 488.950043
VERTEX 434.975006 -146.050018 488.950043
VERTEX 419.100067 -141.796341 476.250031
VERTEX 403.224976 -125.921265 476.250031
VERTEX 403.225006 -125.921295 488.950043
VERTEX 419.100037 -141.796341 488.950043
VERTEX 407.478699 -130.174988 476.250031
VERTEX 403.224976 -114.299850 476.250031
VERTEX 403.225006 -114.299957 488.950043
VERTEX 407.478699 -130.175003 488.950043
VERTEX 423.642731 -38.100006 476.250031
VERTEX 423.642731 -38.100006 488.950043
VERTEX 407.478607 -98.425110 476.250031
VERTEX 457.200012 -48.703705 476.250031
VERTEX 407.478668 -98.425049 488.950043
VERTEX 457.200012 -48.703705 488.950043
VERTEX 419.100006 -86.803711 476.250031
VERTEX 457.200012 -76.594849 476.250031
VERTEX 419.100006 -86.803711 488.950043
VERTEX 457.200012 -76.594849 488.950043
VERTEX 434.975037 -82.550018 476.250031
VERTEX 457.200012 -88.505188 476.250031
VERTEX 434.975006 -82.550018 488.950043
VERTEX 457.200012 -88.505188 488.950043
VERTEX 450.849945 -86.803696 476.250031
VERTEX 457.200012 -93.153748 476.250031
VERTEX 450.849945 -86.803696 488.950043
VERTEX 457.200012 -93.153748 488.950043
VERTEX 457.200012 -245.553741 488.950043
VERTEX 450.849945 -239.203690 488.950043
VERTEX 457.200012 -245.553741 476.250031
VERTEX 450.849945 -239.203690 476.250031
VERTEX 457.200012 -240.905182 488.950043
VERTEX 434.975006 -234.950012 488.950043
VERTEX 457.200012 -240.905182 476.250031
VERTEX 434.975037 -234.950012 476.250031
VERTEX 457.200012 -228.994843 488.950043
VERTEX 419.100006 -239.203705 488.950043
VERTEX 457.200012 -228.994843 476.250031
VERTEX 419.100006 -239.203705 476.250031
VERTEX 457.200012 -201.103699 488.950043
VERTEX 407.478668 -250.825043 488.950043
VERTEX 457.200012 -201.103699 476.250031
VERTEX 407.478607 -250.825104 476.250031
VERTEX 423.642731 -190.500000 488.950043
VERTEX 423.642731 -190.500000 476.250031
VERTEX 407.478699 -282.575012 488.950043
VERTEX 403.225006 -266.699951 488.950043
VERTEX 403.224976 -266.699829 476.250031
VERTEX 407.478699 -282.574982 476.250031
VERTEX 419.100037 -294.196350 488.950043
VERTEX 403.225006 -278.321289 488.950043
VERTEX 403.224976 -278.321259 476.250031
VERTEX 419.100067 -294.196350 476.250031
VERTEX 434.975006 -298.450012 488.950043
VERTEX 403.225006 -289.942627 488.950043
VERTEX 403.224976 -289.942627 476.250031
VERTEX 434.975006 -298.450012 476.250031
VERTEX 450.850006 -294.196320 488.950043
VERTEX 403.225006 -306.957397 488.950043
VERTEX 403.224976 -306.957397 476.250031
VERTEX 450.850006 -294.196320 476.250031
VERTEX 457.200012 -287.846313 488.950043
VERTEX 403.225006 -341.821320 488.950043
VERTEX 457.199982 -287.846344 476.250031
VERTEX 403.224976 -341.821350 476.250031
VERTEX 457.200012 -342.899963 488.950043
VERTEX 457.199982 -342.899963 476.250031
VERTEX 403.224976 -342.899963 476.250031
VERTEX 403.225006 -342.899963 488.950043
VERTEX 457.200012 -190.500000 488.950043
VERTEX 403.225006 -190.500000 488.950043
VERTEX 403.225006 -190.500000 476.250031
VERTEX 457.200012 -190.500000 476.250031
VERTEX -457.200012 -342.899994 476.250000
VERTEX 403.224976 -342.899994 476.250000
VERTEX 403.224976 266.699982 476.250000
VERTEX -457.200012 266.699982 476.250000
VERTEX -457.200012 -342.899994 488.950012
VERTEX -457.200012 266.699982 488.950012
VERTEX 403.224976 266.699982 488.950012
VERTEX 403.224976 -342.899994 488.950012
POLYGON 3
1
4
0
POLYGON 3
3
2
6
POLYGON 3
5
8
4
POLYGON 3
7
6
10
POLYGON 3
21
24
20
POLYGON 3
23
27
22
POLYGON 3
25
28
24
POLYGON 3
27
31
26
POLYGON 3
29
33
28
POLYGON 3
31
35
30
POLYGON 4
5
1
3
7
POLYGON 4
9
5
7
11
POLYGON 4
13
9
11
14
POLYGON 4
17
13
14
18
POLYGON 4
21
17
18
22
POLYGON 4
25
21
22
26
POLYGON 4
29
25
26
30
POLYGON 4
32
29
30
34
POLYGON 4
1
0
2
3
POLYGON 4
37
32
34
38
POLYGON 4
44
2
0
47
POLYGON 4
38
48
49
37
POLYGON 4
9
12
47
8
POLYGON 4
15
11
10
44
POLYGON 4
13
16
46
12
POLYGON 4
15
45
19
14
POLYGON 4
37
49
50
36
POLYGON 4
39
51
48
38
POLYGON 4
40
42
43
41
POLYGON 4
41
45
46
40
POLYGON 4
52
43
42
55
POLYGON 4
47
46
45
44
POLYGON 4
50
49
48
51
POLYGON 4
51
53
54
50
POLYGON 4
55
54
53
52
POLYGON 5
17
20
42
40
16
POLYGON 5
19
41
43
23
18
POLYGON 5
55
33
32
36
54
POLYGON 5
35
52
53
39
34
POLYGON 3
110
107
111
POLYGON 3
108
109
105
POLYGON 3
106
103
107
POLYGON 3
104
105
101
POLYGON 3
90
87
91
POLYGON 3
88
84
89
POLYGON 3
86
83
87
POLYGON 3
84
80
85
POLYGON 3
82
78
83
POLYGON 3
80
76
81
POLYGON 4
106
110
108
104
POLYGON 4
102
106
104
100
POLYGON 4
98
102
100
97
POLYGON 4
94
98
97
93
POLYGON 4
90
94
93
89
POLYGON 4
86
90
89
85
POLYGON 4
82
86
85
81
POLYGON 4
79
82
81
77
POLYGON 4
110
111
109
108
POLYGON 4
74
79
77
73
POLYGON 4
67
109
111
64
POLYGON 4
73
63
62
74
POLYGON 4
102
99
64
103
POLYGON 4
96
100
101
67
POLYGON 4
98
95
65
99
POLYGON 4
96
66
92
97
POLYGON 4
74
62
61
75
POLYGON 4
72
60
63
73
POLYGON 4
71
69
68
70
POLYGON 4
70
66
65
71
POLYGON 4
59
68
69
56
POLYGON 4
64
65
66
67
POLYGON 4
61
62
63
60
POLYGON 4
60
58
57
61
POLYGON 4
56
57
58
59
POLYGON 5
94
91
69
71
95
POLYGON 5
92
70
68
88
93
POLYGON 5
56
78
79
75
57
POLYGON 5
76
59
58
72
77
POLYGON 3
113
116
112
POLYGON 3
115
114
118
POLYGON 3
117
120
116
POLYGON 3
119
118
122
POLYGON 3
133
136
132
POLYGON 3
135
139
134
POLYGON 3
137
140
136
POLYGON 3
139
143
138
POLYGON 3
141
145
140
POLYGON 3
143
147
142
POLYGON 4
117
113
115
119
POLYGON 4
121
117
119
123
POLYGON 4
125
121
123
126
POLYGON 4
129
125
126
130
POLYGON 4
133
129
130
134
POLYGON 4
137
133
134
138
POLYGON 4
141
137
138
142
POLYGON 4
144
141
142
146
POLYGON 4
113
112
114
115
POLYGON 4
149
144
146
150
POLYGON 4
156
114
112
159
POLYGON 4
150
160
161
149
POLYGON 4
121
124
159
120
POLYGON 4
127
123
122
156
POLYGON 4
125
128
158
124
POLYGON 4
127
157
131
126
POLYGON 4
149
161
162
148
POLYGON 4
151
163
160
150
POLYGON 4
152
154
155
153
POLYGON 4
153
157
158
152
POLYGON 4
164
155
154
167
POLYGON 4
159
158
157
156
POLYGON 4
162
161
160
163
POLYGON 4
163
165
166
162
POLYGON 4
167
166
165
164
POLYGON 5
129
132
154
152
128
POLYGON 5
131
153
155
135
130
POLYGON 5
167
145
144
148
166
POLYGON 5
147
164
165
151
146
POLYGON 3
222
219
223
POLYGON 3
220
221
217
POLYGON 3
218
215
219
POLYGON 3
216
217
213
POLYGON 3
202
199
203
POLYGON 3
200
196
201
POLYGON 3
198
195
199
POLYGON 3
196
192
197
POLYGON 3
194
190
195
POLYGON 3
192
188
193
POLYGON 4
218
222
220
216
POLYGON 4
214
218
216
212
POLYGON 4
210
214
212
209
POLYGON 4
206
210
209
205
POLYGON 4
202
206
205
201
POLYGON 4
198
202
201
197
POLYGON 4
194
198
197
193
POLYGON 4
191
194
193
189
POLYGON 4
222
223
221
220
POLYGON 4
186
191
189
185
POLYGON 4
179
221
223
176
POLYGON 4
185
175
174
186
POLYGON 4
214
211
176
215
POLYGON 4
208
212
213
179
POLYGON 4
210
207
177
211
POLYGON 4
208
178
204
209
POLYGON 4
186
174
173
187
POLYGON 4
184
172
175
185
POLYGON 4
183
181
180
182
POLYGON 4
182
178
177
183
POLYGON 4
171
180
181
168
POLYGON 4
176
177
178
179
POLYGON 4
173
174
175
172
POLYGON 4
172
170
169
173
POLYGON 4
168
169
170
171
POLYGON 5
206
203
181
183
207
POLYGON 5
204
182
180
200
205
POLYGON 5
168
190
191
187
169
POLYGON 5
188
171
170
184
189
POLYGON 4
231
228
229
230
POLYGON 4
227
224
225
226
POLYGON 4
228
231
227
226
POLYGON 4
229
228
226
225
POLYGON 4
230
229
225
224
POLYGON 4
231
230
224
227
POLYGON 4
239
236
237
238
POLYGON 4
235
232
233
234
POLYGON 4
236
239
235
234
POLYGON 4
237
236
234
233
POLYGON 4
238
237
233
232
POLYGON 4
239
238
232
235
POLYGON 4
247
244
245
246
POLYGON 4
243
240
241
242
POLYGON 4
244
247
243
242
POLYGON 4
245
244
242
241
POLYGON 4
246
245
241
240
POLYGON 4
247
246
240
243
POLYGON 4
255
252
253
254
POLYGON 4
251
248
249
250
POLYGON 4
252
255
251
250
POLYGON 4
253
252
250
249
POLYGON 4
254
253
249
248
POLYGON 4
255
254
248
251
POLYGON 3
300
301
297
POLYGON 3
298
295
299
POLYGON 3
296
297
293
POLYGON 3
294
291
295
POLYGON 3
292
293
289
POLYGON 3
290
287
291
POLYGON 3
282
285
258
POLYGON 3
281
257
284
POLYGON 3
282
278
283
POLYGON 3
280
277
281
POLYGON 3
278
274
279
POLYGON 3
276
273
277
POLYGON 3
274
270
275
POLYGON 3
272
269
273
POLYGON 3
270
266
271
POLYGON 3
268
264
269
POLYGON 4
281
282
258
257
POLYGON 4
300
296
294
298
POLYGON 4
296
292
290
294
POLYGON 4
292
288
286
290
POLYGON 4
283
279
276
280
POLYGON 4
279
275
272
276
POLYGON 4
275
271
268
272
POLYGON 4
301
300
298
299
POLYGON 4
271
267
265
268
POLYGON 4
288
282
281
286
POLYGON 4
282
283
280
281
POLYGON 4
299
256
259
301
POLYGON 4
281
261
260
282
POLYGON 4
262
265
267
263
POLYGON 4
288
289
259
285
POLYGON 4
286
284
256
287
POLYGON 4
266
260
263
267
POLYGON 4
261
264
265
262
POLYGON 4
260
261
262
263
POLYGON 4
256
257
258
259
POLYGON 4
302
303
309
306
POLYGON 4
303
304
308
309
POLYGON 4
304
305
307
308
POLYGON 4
305
302
306
307
POLYGON 4
306
309
308
307
POLYGON 4
302
305
304
303
POLYGON 3
311
310
314
POLYGON 3
313
316
312
POLYGON 3
315
314
318
POLYGON 3
317
320
316
POLYGON 3
319
318
322
POLYGON 3
321
324
320
POLYGON 3
329
326
353
POLYGON 3
330
354
327
POLYGON 3
329
333
328
POLYGON 3
331
334
330
POLYGON 3
333
337
332
POLYGON 3
335
338
334
POLYGON 3
337
341
336
POLYGON 3
339
342
338
POLYGON 3
341
345
340
POLYGON 3
343
347
342
POLYGON 4
330
329
353
354
POLYGON 4
311
315
317
313
POLYGON 4
315
319
321
317
POLYGON 4
319
323
325
321
POLYGON 4
328
332
335
331
POLYGON 4
332
336
339
335
POLYGON 4
336
340
343
339
POLYGON 4
310
311
313
312
POLYGON 4
340
344
346
343
POLYGON 4
323
329
330
325
POLYGON 4
329
328
331
330
POLYGON 4
312
355
352
310
POLYGON 4
330
350
351
329
POLYGON 4
349
346
344
348
POLYGON 4
323
322
352
326
POLYGON 4
325
327
355
324
POLYGON 4
345
351
348
344
POLYGON 4
350
347
346
349
POLYGON 4
351
350
349
348
POLYGON 4
355
354
353
352
POLYGON 3
400
401
397
POLYGON 3
398
395
399
POLYGON 3
396
397
393
POLYGON 3
394
391
395
POLYGON 3
392
393
389
POLYGON 3
390
387
391
POLYGON 3
382
385
358
POLYGON 3
381
357
384
POLYGON 3
382
378
383
POLYGON 3
380
377
381
POLYGON 3
378
374
379
POLYGON 3
376
373
377
POLYGON 3
374
370
375
POLYGON 3
372
369
373
POLYGON 3
370
366
371
POLYGON 3
368
364
369
POLYGON 4
381
382
358
357
POLYGON 4
400
396
394
398
POLYGON 4
396
392
390
394
POLYGON 4
392
388
386
390
POLYGON 4
383
379
376
380
POLYGON 4
379
375
372
376
POLYGON 4
375
371
368
372
POLYGON 4
401
400
398
399
POLYGON 4
371
367
365
368
POLYGON 4
388
382
381
386
POLYGON 4
382
383
380
381
POLYGON 4
399
356
359
401
POLYGON 4
381
361
360
382
POLYGON 4
362
365
367
363
POLYGON 4
388
389
359
385
POLYGON 4
386
384
356
387
POLYGON 4
366
360
363
367
POLYGON 4
361
364
365
362
POLYGON 4
360
361
362
363
POLYGON 4
356
357
358
359
POLYGON 3
403
402
406
POLYGON 3
405
408
404
POLYGON 3
407
406
410
POLYGON 3
409
412
408
POLYGON 3
411
410
414
POLYGON 3
413
416
412
POLYGON 3
421
418
445
POLYGON 3
422
446
419
POLYGON 3
421
425
420
POLYGON 3
423
426
422
POLYGON 3
425
429
424
POLYGON 3
427
430
426
POLYGON 3
429
433
428
POLYGON 3
431
434
430
POLYGON 3
433
437
432
POLYGON 3
435
439
434
POLYGON 4
422
421
445
446
POLYGON 4
403
407
409
405
POLYGON 4
407
411
413
409
POLYGON 4
411
415
417
413
POLYGON 4
420
424
427
423
POLYGON 4
424
428
431
427
POLYGON 4
428
432
435
431
POLYGON 4
402
403
405
404
POLYGON 4
432
436
438
435
POLYGON 4
415
421
422
417
POLYGON 4
421
420
423
422
POLYGON 4
404
447
444
402
POLYGON 4
422
442
443
421
POLYGON 4
441
438
436
440
POLYGON 4
415
414
444
418
POLYGON 4
417
419
447
416
POLYGON 4
437
443
440
436
POLYGON 4
442
439
438
441
POLYGON 4
443
442
441
440
POLYGON 4
447
446
445
444
POLYGON 4
448
449
455
452
POLYGON 4
449
450
454
455
POLYGON 4
450
451
453
454
POLYGON 4
451
448
452
453
POLYGON 4
452
455
454
453
POLYGON 4
448
451
450
449
NULL
