VERTEX -207.482330 266.668579 625.475037
VERTEX -201.132339 260.318573 625.475037
VERTEX -207.482330 266.668579 615.950012
VERTEX -201.132339 260.318573 615.950012
VERTEX -202.833817 266.668579 625.475037
VERTEX -196.878647 244.443573 625.475037
VERTEX -202.833817 266.668579 615.950012
VERTEX -196.878647 244.443573 615.950012
VERTEX -190.923477 266.668579 625.475037
VERTEX -201.132339 228.568573 625.475037
VERTEX -190.923477 266.668579 615.950012
VERTEX -201.132339 228.568573 615.950012
VERTEX -167.255432 262.445465 625.475037
VERTEX -212.753647 216.947266 625.475037
VERTEX -212.753647 216.947266 615.950012
VERTEX -167.255432 262.445465 615.950012
VERTEX -158.778656 231.409821 625.475037
VERTEX -228.628647 212.693573 625.475037
VERTEX -228.628647 212.693573 615.950012
VERTEX -158.778656 231.409821 615.950012
VERTEX -193.080856 203.168564 625.475037
VERTEX -244.503647 216.947266 625.475037
VERTEX -244.503647 216.947266 615.950012
VERTEX -193.080856 203.168564 615.950012
VERTEX -230.724960 203.168579 625.475037
VERTEX -256.124939 228.568573 625.475037
VERTEX -256.124969 228.568573 615.950012
VERTEX -230.724960 203.168579 615.950012
VERTEX -249.319046 203.168579 625.475037
VERTEX -260.378662 244.443573 625.475037
VERTEX -260.378662 244.443573 615.950012
VERTEX -249.319046 203.168579 615.950012
VERTEX -256.124939 260.318573 625.475037
VERTEX -271.438263 203.168579 625.475037
VERTEX -256.124939 260.318573 615.950012
VERTEX -271.438263 203.168579 615.950012
VERTEX -298.478638 217.964890 625.475037
VERTEX -249.774948 266.668579 625.475037
VERTEX -249.774948 266.668579 615.950012
VERTEX -298.478638 217.964890 615.950012
VERTEX -158.778656 215.868454 625.475037
VERTEX -158.778656 215.868454 615.950012
VERTEX -171.478531 203.168564 625.475037
VERTEX -171.478531 203.168564 615.950012
VERTEX -171.478531 266.668579 615.950012
VERTEX -158.778641 253.968689 615.950012
VERTEX -158.778641 253.968689 625.475037
VERTEX -171.478531 266.668579 625.475037
VERTEX -285.778778 266.668579 615.950012
VERTEX -285.778778 266.668579 625.475037
VERTEX -298.478638 253.968704 625.475037
VERTEX -298.478638 253.968689 615.950012
VERTEX -285.778778 203.168579 615.950012
VERTEX -298.478638 215.868454 615.950012
VERTEX -298.478638 215.868454 625.475037
VERTEX -285.778778 203.168579 625.475037
VERTEX -133.378769 203.168564 625.475037
VERTEX -146.078659 215.868439 625.475037
VERTEX -146.078659 215.868439 615.950012
VERTEX -133.378769 203.168564 615.950012
VERTEX -146.078644 253.968674 615.950012
VERTEX -146.078644 253.968689 625.475037
VERTEX -133.378769 266.668549 625.475037
VERTEX -133.378769 266.668549 615.950012
VERTEX -19.078531 266.668549 625.475037
VERTEX -6.378654 253.968674 625.475037
VERTEX -6.378654 253.968674 615.950012
VERTEX -19.078531 266.668549 615.950012
VERTEX -19.078545 203.168549 615.950012
VERTEX -19.078541 203.168549 625.475037
VERTEX -6.378657 215.868439 615.950012
VERTEX -6.378657 215.868439 625.475037
VERTEX -146.078659 217.964874 615.950012
VERTEX -97.374962 266.668549 615.950012
VERTEX -97.374962 266.668549 625.475037
VERTEX -146.078659 217.964874 625.475037
VERTEX -119.038254 203.168564 615.950012
VERTEX -103.724960 260.318573 615.950012
VERTEX -119.038254 203.168564 625.475037
VERTEX -103.724960 260.318573 625.475037
VERTEX -96.919052 203.168564 615.950012
VERTEX -107.978653 244.443558 615.950012
VERTEX -107.978653 244.443558 625.475037
VERTEX -96.919052 203.168564 625.475037
VERTEX -78.324959 203.168564 615.950012
VERTEX -103.724960 228.568558 615.950012
VERTEX -103.724960 228.568558 625.475037
VERTEX -78.324959 203.168564 625.475037
VERTEX -40.680870 203.168549 615.950012
VERTEX -92.103653 216.947250 615.950012
VERTEX -92.103653 216.947250 625.475037
VERTEX -40.680870 203.168549 625.475037
VERTEX -6.378655 231.409805 615.950012
VERTEX -76.228653 212.693558 615.950012
VERTEX -76.228653 212.693558 625.475037
VERTEX -6.378655 231.409805 625.475037
VERTEX -14.855441 262.445465 615.950012
VERTEX -60.353653 216.947250 615.950012
VERTEX -60.353657 216.947250 625.475037
VERTEX -14.855441 262.445465 625.475037
VERTEX -48.732346 228.568558 615.950012
VERTEX -38.523487 266.668549 615.950012
VERTEX -48.732346 228.568558 625.475037
VERTEX -38.523487 266.668549 625.475037
VERTEX -44.478653 244.443558 615.950012
VERTEX -50.433823 266.668549 615.950012
VERTEX -44.478653 244.443558 625.475037
VERTEX -50.433823 266.668549 625.475037
VERTEX -48.732346 260.318542 615.950012
VERTEX -55.082344 266.668549 615.950012
VERTEX -48.732346 260.318542 625.475037
VERTEX -55.082344 266.668549 625.475037
VERTEX 97.317650 266.668549 625.475037
VERTEX 103.667648 260.318542 625.475037
VERTEX 97.317650 266.668549 615.950012
VERTEX 103.667648 260.318542 615.950012
VERTEX 101.966171 266.668549 625.475037
VERTEX 107.921341 244.443542 625.475037
VERTEX 101.966171 266.668549 615.950012
VERTEX 107.921341 244.443542 615.950012
VERTEX 113.876511 266.668549 625.475037
VERTEX 103.667648 228.568542 625.475037
VERTEX 113.876511 266.668549 615.950012
VERTEX 103.667648 228.568542 615.950012
VERTEX 137.544556 262.445435 625.475037
VERTEX 92.046341 216.947235 625.475037
VERTEX 92.046341 216.947235 615.950012
VERTEX 137.544556 262.445435 615.950012
VERTEX 146.021332 231.409790 625.475037
VERTEX 76.171341 212.693542 625.475037
VERTEX 76.171341 212.693542 615.950012
VERTEX 146.021332 231.409790 615.950012
VERTEX 111.719124 203.168533 625.475037
VERTEX 60.296337 216.947235 625.475037
VERTEX 60.296337 216.947235 615.950012
VERTEX 111.719124 203.168533 615.950012
VERTEX 74.075035 203.168549 625.475037
VERTEX 48.675034 228.568542 625.475037
VERTEX 48.675034 228.568542 615.950012
VERTEX 74.075035 203.168549 615.950012
VERTEX 55.480942 203.168549 625.475037
VERTEX 44.421341 244.443542 625.475037
VERTEX 44.421341 244.443542 615.950012
VERTEX 55.480938 203.168549 615.950012
VERTEX 48.675037 260.318542 625.475037
VERTEX 33.361736 203.168549 625.475037
VERTEX 48.675034 260.318542 615.950012
VERTEX 33.361736 203.168549 615.950012
VERTEX 6.321341 217.964859 625.475037
VERTEX 55.025036 266.668549 625.475037
VERTEX 55.025036 266.668549 615.950012
VERTEX 6.321341 217.964859 615.950012
VERTEX 146.021332 215.868423 625.475037
VERTEX 146.021332 215.868423 615.950012
VERTEX 133.321457 203.168533 625.475037
VERTEX 133.321457 203.168533 615.950012
VERTEX 133.321457 266.668549 615.950012
VERTEX 146.021347 253.968658 615.950012
VERTEX 146.021347 253.968658 625.475037
VERTEX 133.321457 266.668549 625.475037
VERTEX 19.021223 266.668549 615.950012
VERTEX 19.021223 266.668549 625.475037
VERTEX 6.321343 253.968674 625.475037
VERTEX 6.321343 253.968658 615.950012
VERTEX 19.021217 203.168549 615.950012
VERTEX 6.321340 215.868423 615.950012
VERTEX 6.321340 215.868423 625.475037
VERTEX 19.021217 203.168549 625.475037
VERTEX 171.421219 203.168533 625.475037
VERTEX 158.721329 215.868408 625.475037
VERTEX 158.721329 215.868408 615.950012
VERTEX 171.421219 203.168533 615.950012
VERTEX 158.721344 253.968643 615.950012
VERTEX 158.721344 253.968658 625.475037
VERTEX 171.421219 266.668518 625.475037
VERTEX 171.421219 266.668518 615.950012
VERTEX 285.721466 266.668518 625.475037
VERTEX 298.421326 253.968643 625.475037
VERTEX 298.421326 253.968643 615.950012
VERTEX 285.721466 266.668518 615.950012
VERTEX 285.721436 203.168518 615.950012
VERTEX 285.721436 203.168518 625.475037
VERTEX 298.421326 215.868408 615.950012
VERTEX 298.421326 215.868408 625.475037
VERTEX 158.721329 217.964844 615.950012
VERTEX 207.425034 266.668518 615.950012
VERTEX 207.425034 266.668518 625.475037
VERTEX 158.721329 217.964844 625.475037
VERTEX 185.761734 203.168533 615.950012
VERTEX 201.075027 260.318542 615.950012
VERTEX 185.761734 203.168533 625.475037
VERTEX 201.075027 260.318542 625.475037
VERTEX 207.880936 203.168533 615.950012
VERTEX 196.821335 244.443527 615.950012
VERTEX 196.821335 244.443527 625.475037
VERTEX 207.880936 203.168533 625.475037
VERTEX 226.475021 203.168533 615.950012
VERTEX 201.075027 228.568527 615.950012
VERTEX 201.075027 228.568527 625.475037
VERTEX 226.475021 203.168533 625.475037
VERTEX 264.119110 203.168518 615.950012
VERTEX 212.696335 216.947220 615.950012
VERTEX 212.696335 216.947220 625.475037
VERTEX 264.119110 203.168518 625.475037
VERTEX 298.421326 231.409775 615.950012
VERTEX 228.571335 212.693527 615.950012
VERTEX 228.571335 212.693527 625.475037
VERTEX 298.421326 231.409775 625.475037
VERTEX 289.944550 262.445435 615.950012
VERTEX 244.446335 216.947220 615.950012
VERTEX 244.446335 216.947220 625.475037
VERTEX 289.944550 262.445435 625.475037
VERTEX 256.067627 228.568527 615.950012
VERTEX 266.276489 266.668518 615.950012
VERTEX 256.067657 228.568527 625.475037
VERTEX 266.276489 266.668518 625.475037
VERTEX 260.321350 244.443527 615.950012
VERTEX 254.366165 266.668518 615.950012
VERTEX 260.321350 244.443527 625.475037
VERTEX 254.366165 266.668518 625.475037
VERTEX 256.067627 260.318512 615.950012
VERTEX 249.717651 266.668518 615.950012
VERTEX 256.067627 260.318512 625.475037
VERTEX 249.717651 266.668518 625.475037
VERTEX 152.400024 266.700012 603.250000
VERTEX 152.400024 212.724991 603.250000
VERTEX 152.400024 212.724991 615.950012
VERTEX 152.400024 266.700012 615.950012
VERTEX 304.799988 212.724991 615.950012
VERTEX 304.799988 212.724960 603.250000
VERTEX 304.799988 266.699951 603.250000
VERTEX 304.799988 266.699982 615.950012
VERTEX 303.721375 212.724960 603.250000
VERTEX 249.746368 266.699951 603.250000
VERTEX 303.721344 212.724991 615.950012
VERTEX 249.746338 266.699982 615.950012
VERTEX 256.096344 260.349976 603.250000
VERTEX 268.857422 212.724960 603.250000
VERTEX 268.857422 212.724991 615.950012
VERTEX 256.096344 260.349976 615.950012
VERTEX 260.350037 244.474991 603.250000
VERTEX 251.842651 212.724960 603.250000
VERTEX 251.842651 212.724991 615.950012
VERTEX 260.350037 244.474991 615.950012
VERTEX 256.096344 228.600052 603.250000
VERTEX 240.221283 212.724960 603.250000
VERTEX 240.221313 212.724991 615.950012
VERTEX 256.096344 228.600021 615.950012
VERTEX 244.475006 216.978683 603.250000
VERTEX 228.599869 212.724960 603.250000
VERTEX 228.599976 212.724991 615.950012
VERTEX 244.475021 216.978683 615.950012
VERTEX 152.400024 233.142715 603.250000
VERTEX 152.400024 233.142715 615.950012
VERTEX 212.725128 216.978592 603.250000
VERTEX 163.003723 266.700012 603.250000
VERTEX 212.725067 216.978653 615.950012
VERTEX 163.003723 266.700012 615.950012
VERTEX 201.103729 228.599991 603.250000
VERTEX 190.894867 266.700012 603.250000
VERTEX 201.103729 228.599991 615.950012
VERTEX 190.894867 266.700012 615.950012
VERTEX 196.850037 244.475021 603.250000
VERTEX 202.805206 266.700012 603.250000
VERTEX 196.850037 244.474991 615.950012
VERTEX 202.805206 266.700012 615.950012
VERTEX 201.103714 260.349945 603.250000
VERTEX 207.453766 266.700012 603.250000
VERTEX 201.103714 260.349945 615.950012
VERTEX 207.453766 266.700012 615.950012
VERTEX 0.000000 266.700012 603.250000
VERTEX 0.000000 212.724991 603.250000
VERTEX 0.000000 212.724991 615.950073
VERTEX 0.000000 266.700012 615.950073
VERTEX 152.399994 212.724991 615.950073
VERTEX 152.399994 212.724960 603.250000
VERTEX 152.399994 266.699951 603.250000
VERTEX 152.399994 266.699982 615.950073
VERTEX 151.321381 212.724960 603.250000
VERTEX 97.346382 266.699951 603.250000
VERTEX 151.321350 212.724991 615.950073
VERTEX 97.346352 266.699982 615.950073
VERTEX 103.696350 260.349976 603.250000
VERTEX 116.457428 212.724960 603.250000
VERTEX 116.457428 212.724991 615.950073
VERTEX 103.696350 260.349976 615.950073
VERTEX 107.950043 244.474991 603.250000
VERTEX 99.442657 212.724960 603.250000
VERTEX 99.442657 212.724991 615.950073
VERTEX 107.950043 244.474991 615.950073
VERTEX 103.696365 228.600052 603.250000
VERTEX 87.821289 212.724960 603.250000
VERTEX 87.821320 212.724991 615.950073
VERTEX 103.696365 228.600021 615.950073
VERTEX 92.075012 216.978683 603.250000
VERTEX 76.199875 212.724960 603.250000
VERTEX 76.199982 212.724991 615.950073
VERTEX 92.075027 216.978683 615.950073
VERTEX 0.000000 233.142715 603.250000
VERTEX 0.000000 233.142715 615.950073
VERTEX 60.325134 216.978592 603.250000
VERTEX 10.603733 266.700012 603.250000
VERTEX 60.325073 216.978653 615.950073
VERTEX 10.603733 266.700012 615.950073
VERTEX 48.703735 228.599991 603.250000
VERTEX 38.494877 266.700012 603.250000
VERTEX 48.703735 228.599991 615.950073
VERTEX 38.494877 266.700012 615.950073
VERTEX 44.450047 244.475021 603.250000
VERTEX 50.405216 266.700012 603.250000
VERTEX 44.450047 244.474991 615.950073
VERTEX 50.405216 266.700012 615.950073
VERTEX 48.703724 260.349945 603.250000
VERTEX 55.053776 266.700012 603.250000
VERTEX 48.703724 260.349945 615.950073
VERTEX 55.053776 266.700012 615.950073
VERTEX -97.346207 266.700012 615.950073
VERTEX -103.696266 260.349945 615.950073
VERTEX -97.346207 266.700012 603.250000
VERTEX -103.696266 260.349945 603.250000
VERTEX -101.994766 266.700012 615.950073
VERTEX -107.949944 244.475006 615.950073
VERTEX -101.994766 266.700012 603.250000
VERTEX -107.949944 244.475037 603.250000
VERTEX -113.905106 266.700012 615.950073
VERTEX -103.696251 228.600006 615.950073
VERTEX -113.905106 266.700012 603.250000
VERTEX -103.696251 228.600006 603.250000
VERTEX -141.796249 266.700012 615.950073
VERTEX -92.074913 216.978668 615.950073
VERTEX -141.796249 266.700012 603.250000
VERTEX -92.074852 216.978607 603.250000
VERTEX -152.399948 233.142731 615.950073
VERTEX -152.399948 233.142731 603.250000
VERTEX -60.324959 216.978699 615.950073
VERTEX -76.200005 212.725006 615.950073
VERTEX -76.200111 212.724976 603.250000
VERTEX -60.324974 216.978699 603.250000
VERTEX -48.703621 228.600037 615.950073
VERTEX -64.578667 212.725006 615.950073
VERTEX -64.578697 212.724976 603.250000
VERTEX -48.703621 228.600067 603.250000
VERTEX -44.449940 244.475006 615.950073
VERTEX -52.957329 212.725006 615.950073
VERTEX -52.957329 212.724976 603.250000
VERTEX -44.449940 244.475006 603.250000
VERTEX -48.703632 260.350006 615.950073
VERTEX -35.942558 212.725006 615.950073
VERTEX -35.942558 212.724976 603.250000
VERTEX -48.703632 260.350006 603.250000
VERTEX -55.053638 266.700012 615.950073
VERTEX -1.078636 212.725006 615.950073
VERTEX -55.053608 266.699982 603.250000
VERTEX -1.078598 212.724976 603.250000
VERTEX 0.000000 266.700012 615.950073
VERTEX 0.000000 266.699982 603.250000
VERTEX 0.000000 212.724976 603.250000
VERTEX 0.000000 212.725006 615.950073
VERTEX -152.399948 266.700012 615.950073
VERTEX -152.399963 212.725006 615.950073
VERTEX -152.399963 212.725006 603.250000
VERTEX -152.399948 266.700012 603.250000
VERTEX -304.799988 -44.450001 603.250000
VERTEX 304.799988 -44.450001 603.250000
VERTEX 304.799988 212.724991 603.250000
VERTEX -304.799988 212.724991 603.250000
VERTEX -304.799988 -44.450001 615.950012
VERTEX -304.799988 212.724991 615.950012
VERTEX 304.799988 212.724991 615.950012
VERTEX 304.799988 -44.450001 615.950012
VERTEX -304.799957 266.700043 603.250000
VERTEX -304.799957 212.725021 603.250000
VERTEX -304.799957 212.725021 615.950073
VERTEX -304.799957 266.700043 615.950073
VERTEX -152.399994 212.725021 615.950073
VERTEX -152.399994 212.724991 603.250000
VERTEX -152.399979 266.699982 603.250000
VERTEX -152.399979 266.700012 615.950073
VERTEX -153.478592 212.724991 603.250000
VERTEX -207.453598 266.699982 603.250000
VERTEX -153.478638 212.725021 615.950073
VERTEX -207.453629 266.700012 615.950073
VERTEX -201.103622 260.350006 603.250000
VERTEX -188.342560 212.724991 603.250000
VERTEX -188.342560 212.725021 615.950073
VERTEX -201.103622 260.350006 615.950073
VERTEX -196.849930 244.475021 603.250000
VERTEX -205.357330 212.724991 603.250000
VERTEX -205.357330 212.725021 615.950073
VERTEX -196.849930 244.475021 615.950073
VERTEX -201.103607 228.600082 603.250000
VERTEX -216.978699 212.724991 603.250000
VERTEX -216.978668 212.725021 615.950073
VERTEX -201.103607 228.600052 615.950073
VERTEX -212.724960 216.978714 603.250000
VERTEX -228.600113 212.724991 603.250000
VERTEX -228.600006 212.725021 615.950073
VERTEX -212.724945 216.978714 615.950073
VERTEX -304.799957 233.142746 603.250000
VERTEX -304.799957 233.142746 615.950073
VERTEX -244.474838 216.978622 603.250000
VERTEX -294.196259 266.700043 603.250000
VERTEX -244.474899 216.978683 615.950073
VERTEX -294.196259 266.700043 615.950073
VERTEX -256.096252 228.600021 603.250000
VERTEX -266.305115 266.700043 603.250000
VERTEX -256.096252 228.600021 615.950073
VERTEX -266.305115 266.700043 615.950073
VERTEX -260.349945 244.475052 603.250000
VERTEX -254.394760 266.700043 603.250000
VERTEX -260.349945 244.475021 615.950073
VERTEX -254.394760 266.700043 615.950073
VERTEX -256.096252 260.349976 603.250000
VERTEX -249.746201 266.700043 603.250000
VERTEX -256.096252 260.349976 615.950073
VERTEX -249.746201 266.700043 615.950073
VERTEX -76.199997 -44.450001 593.725037
VERTEX 76.199997 -44.450001 593.725037
VERTEX 76.199997 57.149998 593.725037
VERTEX -76.199997 57.149998 593.725037
VERTEX -76.199997 -44.450001 603.250061
VERTEX -76.199997 57.149998 603.250061
VERTEX 76.199997 57.149998 603.250061
VERTEX 76.199997 -44.450001 603.250061
VERTEX -19.049999 -19.049999 9.525000
VERTEX 19.049999 -19.049999 9.525000
VERTEX 19.049999 19.049999 9.525000
VERTEX -19.049999 19.049999 9.525000
VERTEX -19.049999 -19.049999 596.900024
VERTEX -19.049999 19.049999 596.900024
VERTEX 19.049999 19.049999 596.900024
VERTEX 19.049999 -19.049999 596.900024
VERTEX 152.399994 0.000000 0.000000
VERTEX 152.399994 0.000000 9.525000
VERTEX 147.207092 -39.443989 0.000000
VERTEX 147.207092 -39.443989 9.525000
VERTEX 131.982254 -76.200020 0.000000
VERTEX 131.982254 -76.200020 9.525000
VERTEX 107.763054 -107.763084 0.000000
VERTEX 107.763054 -107.763084 9.525000
VERTEX 76.199982 -131.982269 0.000000
VERTEX 76.199982 -131.982269 9.525000
VERTEX 39.444016 -147.207092 0.000000
VERTEX 39.444016 -147.207092 9.525000
VERTEX 0.000000 -152.399994 0.000000
VERTEX 0.000000 -152.399994 9.525000
VERTEX -39.444012 -147.207092 0.000000
VERTEX -39.444012 -147.207092 9.525000
VERTEX -76.199982 -131.982269 0.000000
VERTEX -76.199982 -131.982269 9.525000
VERTEX -107.763077 -107.763062 0.000000
VERTEX -107.763077 -107.763062 9.525000
VERTEX -131.982269 -76.199997 0.000000
VERTEX -131.982269 -76.199997 9.525000
VERTEX -147.207092 -39.444027 0.000000
VERTEX -147.207092 -39.444027 9.525000
VERTEX -152.399994 0.000000 0.000000
VERTEX -152.399994 0.000000 9.525000
VERTEX -147.207092 39.444035 0.000000
VERTEX -147.207092 39.444035 9.525000
VERTEX -131.982269 76.200005 0.000000
VERTEX -131.982269 76.200005 9.525000
VERTEX -107.763069 107.763069 0.000000
VERTEX -107.763069 107.763069 9.525000
VERTEX -76.200005 131.982269 0.000000
VERTEX -76.200005 131.982269 9.525000
VERTEX -39.444019 147.207092 0.000000
VERTEX -39.444019 147.207092 9.525000
VERTEX 0.000000 152.399994 0.000000
VERTEX 0.000000 152.399994 9.525000
VERTEX 39.444023 147.207092 0.000000
VERTEX 39.444023 147.207092 9.525000
VERTEX 76.199989 131.982269 0.000000
VERTEX 76.199989 131.982269 9.525000
VERTEX 107.763069 107.763069 0.000000
VERTEX 107.763069 107.763069 9.525000
VERTEX 131.982269 76.199997 0.000000
VERTEX 131.982269 76.199997 9.525000
VERTEX 147.207092 39.444023 0.000000
VERTEX 147.207092 39.444023 9.525000
POLYGON 3
1
4
0
POLYGON 3
3
2
6
POLYGON 3
5
8
4
POLYGON 3
7
6
10
POLYGON 3
21
24
20
POLYGON 3
23
27
22
POLYGON 3
25
28
24
POLYGON 3
27
31
26
POLYGON 3
29
33
28
POLYGON 3
31
35
30
POLYGON 4
5
1
3
7
POLYGON 4
9
5
7
11
POLYGON 4
13
9
11
14
POLYGON 4
17
13
14
18
POLYGON 4
21
17
18
22
POLYGON 4
25
21
22
26
POLYGON 4
29
25
26
30
POLYGON 4
32
29
30
34
POLYGON 4
1
0
2
3
POLYGON 4
37
32
34
38
POLYGON 4
44
2
0
47
POLYGON 4
38
48
49
37
POLYGON 4
9
12
47
8
POLYGON 4
15
11
10
44
POLYGON 4
13
16
46
12
POLYGON 4
15
45
19
14
POLYGON 4
37
49
50
36
POLYGON 4
39
51
48
38
POLYGON 4
40
42
43
41
POLYGON 4
41
45
46
40
POLYGON 4
52
43
42
55
POLYGON 4
47
46
45
44
POLYGON 4
50
49
48
51
POLYGON 4
51
53
54
50
POLYGON 4
55
54
53
52
POLYGON 5
17
20
42
40
16
POLYGON 5
19
41
43
23
18
POLYGON 5
55
33
32
36
54
POLYGON 5
35
52
53
39
34
POLYGON 3
110
107
111
POLYGON 3
108
109
105
POLYGON 3
106
103
107
POLYGON 3
104
105
101
POLYGON 3
90
87
91
POLYGON 3
88
84
89
POLYGON 3
86
83
87
POLYGON 3
84
80
85
POLYGON 3
82
78
83
POLYGON 3
80
76
81
POLYGON 4
106
110
108
104
POLYGON 4
102
106
104
100
POLYGON 4
98
102
100
97
POLYGON 4
94
98
97
93
POLYGON 4
90
94
93
89
POLYGON 4
86
90
89
85
POLYGON 4
82
86
85
81
POLYGON 4
79
82
81
77
POLYGON 4
110
111
109
108
POLYGON 4
74
79
77
73
POLYGON 4
67
109
111
64
POLYGON 4
73
63
62
74
POLYGON 4
102
99
64
103
POLYGON 4
96
100
101
67
POLYGON 4
98
95
65
99
POLYGON 4
96
66
92
97
POLYGON 4
74
62
61
75
POLYGON 4
72
60
63
73
POLYGON 4
71
69
68
70
POLYGON 4
70
66
65
71
POLYGON 4
59
68
69
56
POLYGON 4
64
65
66
67
POLYGON 4
61
62
63
60
POLYGON 4
60
58
57
61
POLYGON 4
56
57
58
59
POLYGON 5
94
91
69
71
95
POLYGON 5
92
70
68
88
93
POLYGON 5
56
78
79
75
57
POLYGON 5
76
59
58
72
77
POLYGON 3
113
116
112
POLYGON 3
115
114
118
POLYGON 3
117
120
116
POLYGON 3
119
118
122
POLYGON 3
133
136
132
POLYGON 3
135
139
134
POLYGON 3
137
140
136
POLYGON 3
139
143
138
POLYGON 3
141
145
140
POLYGON 3
143
147
142
POLYGON 4
117
113
115
119
POLYGON 4
121
117
119
123
POLYGON 4
125
121
123
126
POLYGON 4
129
125
126
130
POLYGON 4
133
129
130
134
POLYGON 4
137
133
134
138
POLYGON 4
141
137
138
142
POLYGON 4
144
141
142
146
POLYGON 4
113
112
114
115
POLYGON 4
149
144
146
150
POLYGON 4
156
114
112
159
POLYGON 4
150
160
161
149
POLYGON 4
121
124
159
120
POLYGON 4
127
123
122
156
POLYGON 4
125
128
158
124
POLYGON 4
127
157
131
126
POLYGON 4
149
161
162
148
POLYGON 4
151
163
160
150
POLYGON 4
152
154
155
153
POLYGON 4
153
157
158
152
POLYGON 4
164
155
154
167
POLYGON 4
159
158
157
156
POLYGON 4
162
161
160
163
POLYGON 4
163
165
166
162
POLYGON 4
167
166
165
164
POLYGON 5
129
132
154
152
128
POLYGON 5
131
153
155
135
130
POLYGON 5
167
145
144
148
166
POLYGON 5
147
164
165
151
146
POLYGON 3
222
219
223
POLYGON 3
220
221
217
POLYGON 3
218
215
219
POLYGON 3
216
217
213
POLYGON 3
202
199
203
POLYGON 3
200
196
201
POLYGON 3
198
195
199
POLYGON 3
196
192
197
POLYGON 3
194
190
195
POLYGON 3
192
188
193
POLYGON 4
218
222
220
216
POLYGON 4
214
218
216
212
POLYGON 4
210
214
212
209
POLYGON 4
206
210
209
205
POLYGON 4
202
206
205
201
POLYGON 4
198
202
201
197
POLYGON 4
194
198
197
193
POLYGON 4
191
194
193
189
POLYGON 4
222
223
221
220
POLYGON 4
186
191
189
185
POLYGON 4
179
221
223
176
POLYGON 4
185
175
174
186
POLYGON 4
214
211
176
215
POLYGON 4
208
212
213
179
POLYGON 4
210
207
177
211
POLYGON 4
208
178
204
209
POLYGON 4
186
174
173
187
POLYGON 4
184
172
175
185
POLYGON 4
183
181
180
182
POLYGON 4
182
178
177
183
POLYGON 4
171
180
181
168
POLYGON 4
176
177
178
179
POLYGON 4
173
174
175
172
POLYGON 4
172
170
169
173
POLYGON 4
168
169
170
171
POLYGON 5
206
203
181
183
207
POLYGON 5
204
182
180
200
205
POLYGON 5
168
190
191
187
169
POLYGON 5
188
171
170
184
189
POLYGON 3
268
269
265
POLYGON 3
266
263
267
POLYGON 3
264
265
261
POLYGON 3
262
259
263
POLYGON 3
260
261
257
POLYGON 3
258
255
259
POLYGON 3
250
253
226
POLYGON 3
249
225
252
POLYGON 3
250
246
251
POLYGON 3
248
245
249
POLYGON 3
246
242
247
POLYGON 3
244
241
245
POLYGON 3
242
238
243
POLYGON 3
240
237
241
POLYGON 3
238
234
239
POLYGON 3
236
232
237
POLYGON 4
249
250
226
225
POLYGON 4
268
264
262
266
POLYGON 4
264
260
258
262
POLYGON 4
260
256
254
258
POLYGON 4
251
247
244
248
POLYGON 4
247
243
240
244
POLYGON 4
243
239
236
240
POLYGON 4
269
268
266
267
POLYGON 4
239
235
233
236
POLYGON 4
256
250
249
254
POLYGON 4
250
251
248
249
POLYGON 4
267
224
227
269
POLYGON 4
249
229
228
250
POLYGON 4
230
233
235
231
POLYGON 4
256
257
227
253
POLYGON 4
254
252
224
255
POLYGON 4
234
228
231
235
POLYGON 4
229
232
233
230
POLYGON 4
228
229
230
231
POLYGON 4
224
225
226
227
POLYGON 3
314
315
311
POLYGON 3
312
309
313
POLYGON 3
310
311
307
POLYGON 3
308
305
309
POLYGON 3
306
307
303
POLYGON 3
304
301
305
POLYGON 3
296
299
272
POLYGON 3
295
271
298
POLYGON 3
296
292
297
POLYGON 3
294
291
295
POLYGON 3
292
288
293
POLYGON 3
290
287
291
POLYGON 3
288
284
289
POLYGON 3
286
283
287
POLYGON 3
284
280
285
POLYGON 3
282
278
283
POLYGON 4
295
296
272
271
POLYGON 4
314
310
308
312
POLYGON 4
310
306
304
308
POLYGON 4
306
302
300
304
POLYGON 4
297
293
290
294
POLYGON 4
293
289
286
290
POLYGON 4
289
285
282
286
POLYGON 4
315
314
312
313
POLYGON 4
285
281
279
282
POLYGON 4
302
296
295
300
POLYGON 4
296
297
294
295
POLYGON 4
313
270
273
315
POLYGON 4
295
275
274
296
POLYGON 4
276
279
281
277
POLYGON 4
302
303
273
299
POLYGON 4
300
298
270
301
POLYGON 4
280
274
277
281
POLYGON 4
275
278
279
276
POLYGON 4
274
275
276
277
POLYGON 4
270
271
272
273
POLYGON 3
317
316
320
POLYGON 3
319
322
318
POLYGON 3
321
320
324
POLYGON 3
323
326
322
POLYGON 3
325
324
328
POLYGON 3
327
330
326
POLYGON 3
335
332
359
POLYGON 3
336
360
333
POLYGON 3
335
339
334
POLYGON 3
337
340
336
POLYGON 3
339
343
338
POLYGON 3
341
344
340
POLYGON 3
343
347
342
POLYGON 3
345
348
344
POLYGON 3
347
351
346
POLYGON 3
349
353
348
POLYGON 4
336
335
359
360
POLYGON 4
317
321
323
319
POLYGON 4
321
325
327
323
POLYGON 4
325
329
331
327
POLYGON 4
334
338
341
337
POLYGON 4
338
342
345
341
POLYGON 4
342
346
349
345
POLYGON 4
316
317
319
318
POLYGON 4
346
350
352
349
POLYGON 4
329
335
336
331
POLYGON 4
335
334
337
336
POLYGON 4
318
361
358
316
POLYGON 4
336
356
357
335
POLYGON 4
355
352
350
354
POLYGON 4
329
328
358
332
POLYGON 4
331
333
361
330
POLYGON 4
351
357
354
350
POLYGON 4
356
353
352
355
POLYGON 4
357
356
355
354
POLYGON 4
361
360
359
358
POLYGON 4
362
365
364
363
POLYGON 4
366
369
368
367
POLYGON 4
365
362
366
367
POLYGON 4
364
365
367
368
POLYGON 4
363
364
368
369
POLYGON 4
362
363
369
366
POLYGON 3
414
415
411
POLYGON 3
412
409
413
POLYGON 3
410
411
407
POLYGON 3
408
405
409
POLYGON 3
406
407
403
POLYGON 3
404
401
405
POLYGON 3
396
399
372
POLYGON 3
395
371
398
POLYGON 3
396
392
397
POLYGON 3
394
391
395
POLYGON 3
392
388
393
POLYGON 3
390
387
391
POLYGON 3
388
384
389
POLYGON 3
386
383
387
POLYGON 3
384
380
385
POLYGON 3
382
378
383
POLYGON 4
395
396
372
371
POLYGON 4
414
410
408
412
POLYGON 4
410
406
404
408
POLYGON 4
406
402
400
404
POLYGON 4
397
393
390
394
POLYGON 4
393
389
386
390
POLYGON 4
389
385
382
386
POLYGON 4
415
414
412
413
POLYGON 4
385
381
379
382
POLYGON 4
402
396
395
400
POLYGON 4
396
397
394
395
POLYGON 4
413
370
373
415
POLYGON 4
395
375
374
396
POLYGON 4
376
379
381
377
POLYGON 4
402
403
373
399
POLYGON 4
400
398
370
401
POLYGON 4
380
374
377
381
POLYGON 4
375
378
379
376
POLYGON 4
374
375
376
377
POLYGON 4
370
371
372
373
POLYGON 4
416
419
418
417
POLYGON 4
420
423
422
421
POLYGON 4
419
416
420
421
POLYGON 4
418
419
421
422
POLYGON 4
417
418
422
423
POLYGON 4
416
417
423
420
POLYGON 4
424
427
426
425
POLYGON 4
428
431
430
429
POLYGON 4
427
424
428
429
POLYGON 4
426
427
429
430
POLYGON 4
425
426
430
431
POLYGON 4
424
425
431
428
POLYGON 4
432
478
479
433
POLYGON 4
478
476
477
479
POLYGON 4
476
474
475
477
POLYGON 4
474
472
473
475
POLYGON 4
472
470
471
473
POLYGON 4
470
468
469
471
POLYGON 4
468
466
467
469
POLYGON 4
466
464
465
467
POLYGON 4
464
462
463
465
POLYGON 4
462
460
461
463
POLYGON 4
460
458
459
461
POLYGON 4
458
456
457
459
POLYGON 4
456
454
455
457
POLYGON 4
454
452
453
455
POLYGON 4
452
450
451
453
POLYGON 4
450
448
449
451
POLYGON 4
448
446
447
449
POLYGON 4
446
444
445
447
POLYGON 4
444
442
443
445
POLYGON 4
442
440
441
443
POLYGON 4
440
438
439
441
POLYGON 4
438
436
437
439
POLYGON 4
436
434
435
437
POLYGON 4
434
432
433
435
POLYGON 24
432
434
436
438
440
442
444
446
448
450
452
454
456
458
460
462
464
466
468
470
472
474
476
478
POLYGON 24
433
479
477
475
473
471
469
467
465
463
461
459
457
455
453
451
449
447
445
443
441
439
437
435
NULL
