VERTEX -304.799988 -165.100006 476.250000
VERTEX -304.799988 -228.600006 476.250000
VERTEX -241.299988 -228.600006 476.250000
VERTEX -241.299988 -165.100006 476.250000
VERTEX -241.299988 -228.600006 0.000000
VERTEX -304.799988 -228.600006 0.000000
VERTEX -304.799988 -165.100006 0.000000
VERTEX -241.299988 -165.100006 0.000000
VERTEX -304.799988 228.600006 476.250000
VERTEX -304.799988 165.100006 476.250000
VERTEX -241.299988 165.100006 476.250000
VERTEX -241.299988 228.600006 476.250000
VERTEX -241.299988 165.100006 0.000000
VERTEX -304.799988 165.100006 0.000000
VERTEX -304.799988 228.600006 0.000000
VERTEX -241.299988 228.600006 0.000000
VERTEX 241.299988 -165.100006 476.250000
VERTEX 241.299988 -228.600006 476.250000
VERTEX 304.799988 -228.600006 476.250000
VERTEX 304.799988 -165.100006 476.250000
VERTEX 304.799988 -228.600006 0.000000
VERTEX 241.299988 -228.600006 0.000000
VERTEX 241.299988 -165.100006 0.000000
VERTEX 304.799988 -165.100006 0.000000
VERTEX 241.299988 228.600006 476.250000
VERTEX 241.299988 165.100006 476.250000
VERTEX 304.799988 165.100006 476.250000
VERTEX 304.799988 228.600006 476.250000
VERTEX 304.799988 165.100006 0.000000
VERTEX 241.299988 165.100006 0.000000
VERTEX 241.299988 228.600006 0.000000
VERTEX 304.799988 228.600006 0.000000
VERTEX 304.799988 304.799988 -12.700000
VERTEX -304.799988 304.799988 -12.700000
VERTEX -304.799988 -304.799988 -12.700000
VERTEX 304.799988 -304.799988 -12.700000
VERTEX 304.799988 304.799988 0.000000
VERTEX 304.799988 -304.799988 0.000000
VERTEX -304.799988 -304.799988 0.000000
VERTEX -304.799988 304.799988 0.000000
VERTEX 444.140472 497.755829 488.949982
VERTEX 457.200012 489.344757 476.249969
VERTEX 434.975037 506.921234 488.949982
VERTEX 402.146179 539.750000 488.949982
VERTEX 419.099976 522.796265 488.949982
VERTEX 382.807251 539.750000 488.949982
VERTEX 339.725006 515.428711 488.949982
VERTEX 339.725006 457.322113 488.949982
VERTEX 340.180847 406.399963 488.949982
VERTEX 421.196320 406.399963 488.949982
VERTEX 457.200012 501.255157 476.249969
VERTEX 457.200012 529.146179 476.249969
VERTEX 423.642731 539.750000 476.249969
VERTEX 382.807251 539.750000 476.249969
VERTEX 339.725006 515.428711 476.249969
VERTEX 339.725006 457.322113 476.249969
VERTEX 340.180847 406.399963 476.249969
VERTEX 421.196320 406.399963 476.249969
VERTEX 457.200012 406.399963 488.949982
VERTEX 428.747162 406.399963 488.949982
VERTEX 377.702820 406.399963 488.949982
VERTEX 457.200012 376.746277 488.949982
VERTEX 457.200012 406.399963 476.249969
VERTEX 428.747162 406.399963 476.249969
VERTEX 339.725006 539.750000 488.949982
VERTEX 339.725006 406.399963 488.949982
VERTEX 339.725006 539.750000 476.249969
VERTEX 457.200012 376.746277 476.249969
VERTEX 377.702850 406.399963 476.249969
VERTEX 339.725006 406.399963 476.249969
VERTEX 421.196320 -241.300018 488.949982
VERTEX 434.975037 -255.078705 488.949982
VERTEX 418.538300 -241.300018 488.949982
VERTEX 387.911713 -241.300018 488.949982
VERTEX 339.725006 -246.571320 488.949982
VERTEX 339.725006 -304.677856 488.949982
VERTEX 339.725006 -355.722137 488.949982
VERTEX 402.146271 -374.650024 488.949982
VERTEX 457.200012 -260.744843 476.249969
VERTEX 448.753723 -241.300018 476.249969
VERTEX 418.538300 -241.300018 476.249969
VERTEX 387.911713 -241.300018 476.249969
VERTEX 339.725006 -246.571320 476.249969
VERTEX 339.725006 -304.677856 476.249969
VERTEX 339.725006 -355.722137 476.249969
VERTEX 402.146271 -374.650024 476.249969
VERTEX 339.725006 -203.322174 476.249969
VERTEX 339.725006 -241.300018 476.249969
VERTEX 383.096283 -241.300018 476.249969
VERTEX 457.200012 -241.300018 476.249969
VERTEX 339.725006 -374.650024 476.249969
VERTEX 457.200012 -211.646301 488.949982
VERTEX 457.200012 -241.300018 488.949982
VERTEX 428.747162 -241.300018 488.949982
VERTEX 377.702850 -241.300018 488.949982
VERTEX 339.725006 -241.300018 488.949982
VERTEX 339.725006 -374.650024 488.949982
VERTEX 444.140442 -264.244141 488.949982
VERTEX 457.200012 -272.655182 476.249969
VERTEX 260.300964 539.750000 488.949982
VERTEX 260.300964 539.750000 476.249969
VERTEX 457.200012 348.855133 488.949982
VERTEX 457.200012 348.855133 476.249969
VERTEX 339.725006 363.028656 488.949982
VERTEX 339.725006 304.922150 488.949982
VERTEX 340.180939 253.999969 488.949982
VERTEX 421.196320 253.999969 488.949982
VERTEX 339.725006 363.028656 476.249969
VERTEX 339.725006 304.922150 476.249969
VERTEX 340.180939 253.999969 476.249969
VERTEX 421.196320 253.999969 476.249969
VERTEX 457.200012 253.999969 488.949982
VERTEX 428.747162 253.999969 488.949982
VERTEX 339.725006 243.335358 488.949982
VERTEX 339.725006 253.999969 488.949982
VERTEX 377.702850 253.999969 488.949982
VERTEX 457.200012 253.999969 476.249969
VERTEX 428.747162 253.999969 476.249969
VERTEX 377.702850 253.999969 476.249969
VERTEX 339.725006 253.999969 476.249969
VERTEX 339.725006 243.335327 476.249969
VERTEX 457.200012 224.346283 488.949982
VERTEX 457.200012 224.346283 476.249969
VERTEX 444.140472 345.355835 488.949982
VERTEX 444.140472 345.355835 476.249969
VERTEX 457.200012 -183.755188 488.949982
VERTEX 339.725006 -197.928711 488.949982
VERTEX 339.725006 -139.822159 488.949982
VERTEX 339.725006 -132.271240 488.949982
VERTEX 374.027191 -97.969093 488.949982
VERTEX 402.146301 -69.849998 488.949982
VERTEX 457.200012 -108.344833 476.249969
VERTEX 457.200012 -80.453697 476.249969
VERTEX 428.747162 -50.800011 476.249969
VERTEX 386.894104 -85.102188 476.249969
VERTEX 358.774994 -113.221275 476.249969
VERTEX 339.725006 -132.271240 476.249969
VERTEX 339.725006 -152.277863 476.249969
VERTEX 97.346077 -374.650024 488.949982
VERTEX -457.200012 -264.457550 488.949982
VERTEX -457.200012 -264.457550 476.249969
VERTEX 97.346046 -374.650024 476.249969
VERTEX 444.140442 -180.255890 488.949982
VERTEX 457.200012 -120.255180 476.249969
VERTEX 457.200012 -50.800011 476.249969
VERTEX 421.196289 -50.800011 476.249969
VERTEX 453.928650 195.578583 476.249969
VERTEX 453.928650 195.578583 488.949982
VERTEX 351.696503 198.657166 488.949982
VERTEX 365.940521 145.497711 488.949982
VERTEX 375.189392 110.980476 488.949982
VERTEX 435.597778 127.166847 488.949982
VERTEX 351.696472 198.657166 476.249969
VERTEX 365.940521 145.497711 476.249969
VERTEX 375.189392 110.980461 476.249969
VERTEX 435.597778 127.166847 476.249969
VERTEX 457.200012 71.946297 488.949982
VERTEX 457.200012 71.946297 476.249969
VERTEX 451.389343 186.101776 476.249969
VERTEX 451.389343 186.101776 488.949982
VERTEX 457.200012 132.955139 488.949982
VERTEX 457.200012 207.787476 476.249969
VERTEX 451.305908 185.790375 476.249969
VERTEX 457.200012 132.955139 476.249969
VERTEX 457.200012 207.787476 488.949982
VERTEX 451.305908 185.790375 488.949982
VERTEX 457.200012 44.055153 488.949982
VERTEX 457.200012 32.144814 488.949982
VERTEX 457.200012 32.144814 476.249969
VERTEX 457.200012 44.055153 476.249969
VERTEX -457.200012 213.657501 488.949982
VERTEX -141.796295 539.750000 488.949982
VERTEX -457.200012 213.657471 476.249969
VERTEX -141.796310 539.750000 476.249969
VERTEX 457.200012 484.696259 476.249969
VERTEX 457.200012 484.696259 488.949982
VERTEX 457.200012 442.403656 476.249969
VERTEX 457.200012 442.403656 488.950012
VERTEX 450.850006 491.046234 476.249969
VERTEX 450.850006 491.046234 488.949982
VERTEX 434.975006 495.299957 476.249969
VERTEX 434.975006 495.299957 488.949982
VERTEX 419.100006 491.046234 476.249969
VERTEX 419.100006 491.046234 488.949982
VERTEX 407.478699 479.424957 476.249969
VERTEX 407.478699 479.424957 488.950012
VERTEX 403.225006 463.549957 476.249969
VERTEX 403.225006 463.549957 488.950012
VERTEX 407.478699 447.674957 476.249969
VERTEX 407.478699 447.674957 488.949982
VERTEX 419.100006 436.053650 476.249969
VERTEX 419.100006 436.053650 488.950012
VERTEX 450.850006 436.053650 488.950012
VERTEX 450.850006 436.053650 476.249969
VERTEX 434.975006 431.799957 476.249969
VERTEX 434.975006 431.799957 488.950012
VERTEX 457.200012 -277.303711 476.249969
VERTEX 457.200012 -277.303711 488.949982
VERTEX 457.200012 -319.596313 476.249969
VERTEX 457.200012 -319.596313 488.950012
VERTEX 450.850006 -270.953705 476.249969
VERTEX 450.850006 -270.953705 488.949982
VERTEX 434.975006 -266.700012 476.249969
VERTEX 434.975006 -266.700012 488.949982
VERTEX 419.100006 -270.953705 476.249969
VERTEX 419.100006 -270.953705 488.949982
VERTEX 407.478699 -282.575012 476.249969
VERTEX 407.478699 -282.575012 488.949982
VERTEX 403.225006 -298.450012 476.249969
VERTEX 403.225006 -298.450012 488.949982
VERTEX 407.478699 -314.325012 476.249969
VERTEX 407.478699 -314.325012 488.949982
VERTEX 419.100006 -325.946320 476.249969
VERTEX 419.100006 -325.946320 488.949982
VERTEX 434.975006 -330.200012 476.249969
VERTEX 450.850006 -325.946320 476.249969
VERTEX 450.850006 -325.946320 488.950012
VERTEX 434.975006 -330.200012 488.949982
VERTEX 457.200012 332.296265 476.249939
VERTEX 457.200012 332.296265 488.950012
VERTEX 457.200012 290.003662 476.249969
VERTEX 457.200012 290.003662 488.949982
VERTEX 450.850006 338.646271 476.249969
VERTEX 450.850006 338.646271 488.949982
VERTEX 434.975006 342.899963 476.249969
VERTEX 434.975006 342.899963 488.949982
VERTEX 419.100006 338.646271 476.249969
VERTEX 407.478699 327.024963 476.249969
VERTEX 407.478699 327.024963 488.949982
VERTEX 419.100006 338.646271 488.949982
VERTEX 403.225006 311.149963 476.249969
VERTEX 403.225006 311.149963 488.949982
VERTEX 407.478699 295.274963 476.249969
VERTEX 407.478699 295.274963 488.949982
VERTEX 419.100006 283.653656 476.249969
VERTEX 419.100006 283.653656 488.949982
VERTEX 434.975006 279.399963 476.249969
VERTEX 450.850006 283.653656 476.249969
VERTEX 450.850006 283.653656 488.949982
VERTEX 434.975006 279.399963 488.949982
VERTEX 457.200012 -124.903709 476.249969
VERTEX 457.200012 -124.903709 488.950012
VERTEX 457.200012 -167.196320 476.249969
VERTEX 457.200012 -167.196320 488.950012
VERTEX 450.850006 -173.546326 476.249969
VERTEX 450.850006 -173.546326 488.949982
VERTEX 434.975006 -177.800018 476.249969
VERTEX 434.975006 -177.800018 488.949982
VERTEX 407.478699 -161.925018 476.249969
VERTEX 419.100006 -173.546326 476.249969
VERTEX 419.100006 -173.546326 488.949982
VERTEX 407.478699 -161.925018 488.949982
VERTEX 403.225006 -146.050018 476.249969
VERTEX 403.225006 -146.050018 488.949982
VERTEX 407.478699 -130.175018 476.249969
VERTEX 407.478699 -130.175018 488.949982
VERTEX 419.100006 -118.553703 476.249969
VERTEX 419.100006 -118.553703 488.949982
VERTEX 450.850006 -118.553703 476.249969
VERTEX 434.975006 -114.300011 476.249969
VERTEX 434.975006 -114.300011 488.949982
VERTEX 450.850006 -118.553703 488.950012
VERTEX 403.225006 6.350037 476.249969
VERTEX 403.225006 6.350037 488.949982
VERTEX 457.200012 179.896271 476.249969
VERTEX 457.200012 179.896271 488.949982
VERTEX 457.200012 137.603668 476.249969
VERTEX 457.200012 137.603668 488.950012
VERTEX 450.850006 186.246277 476.249969
VERTEX 450.850006 186.246277 488.949982
VERTEX 434.975006 190.499969 476.249969
VERTEX 434.975006 190.499969 488.949982
VERTEX 419.100006 186.246277 476.249969
VERTEX 407.478699 174.624969 476.249939
VERTEX 407.478699 174.624969 488.950012
VERTEX 419.100006 186.246277 488.949982
VERTEX 403.225006 158.749969 476.249969
VERTEX 403.225006 158.749969 488.949982
VERTEX 407.478699 142.874969 476.249969
VERTEX 407.478699 142.874969 488.949982
VERTEX 419.100006 131.253662 476.249969
VERTEX 419.100006 131.253662 488.949982
VERTEX 434.975006 126.999977 476.249969
VERTEX 450.850006 131.253662 476.249969
VERTEX 450.850006 131.253662 488.950012
VERTEX 434.975006 126.999977 488.949982
VERTEX 434.975006 38.099983 476.249969
VERTEX 434.975006 38.099983 488.949982
VERTEX 419.100006 33.846291 476.249969
VERTEX 407.478668 22.224953 476.249969
VERTEX 407.478668 22.224960 488.949982
VERTEX 419.100006 33.846291 488.949982
VERTEX 407.478729 -9.525043 476.249969
VERTEX 407.478729 -9.525043 488.949982
VERTEX 419.100006 -21.146324 476.249969
VERTEX 419.100037 -21.146351 488.949982
VERTEX 434.975006 -25.400021 476.249969
VERTEX 434.974976 -25.400028 488.949982
VERTEX 457.200012 27.496292 476.249969
VERTEX 450.850006 33.846291 476.249969
VERTEX 450.850006 33.846291 488.949982
VERTEX 457.200012 27.496292 488.949982
VERTEX 450.849976 -21.146332 476.249969
VERTEX 457.200012 -14.796310 476.249969
VERTEX 457.200012 -14.796310 488.949982
VERTEX 450.849976 -21.146336 488.949982
VERTEX 457.200012 539.750000 488.949982
VERTEX 457.200012 539.750000 476.249969
VERTEX -457.200012 539.750000 488.949982
VERTEX -457.200012 539.750000 476.249969
VERTEX -457.200012 -374.650024 488.949982
VERTEX 457.200012 -374.650024 488.949982
VERTEX 457.200012 -374.650024 476.249969
VERTEX -457.200012 -374.650024 476.249969
POLYGON 4
7
4
5
6
POLYGON 4
3
0
1
2
POLYGON 4
4
7
3
2
POLYGON 4
5
4
2
1
POLYGON 4
6
5
1
0
POLYGON 4
7
6
0
3
POLYGON 4
15
12
13
14
POLYGON 4
11
8
9
10
POLYGON 4
12
15
11
10
POLYGON 4
13
12
10
9
POLYGON 4
14
13
9
8
POLYGON 4
15
14
8
11
POLYGON 4
23
20
21
22
POLYGON 4
19
16
17
18
POLYGON 4
20
23
19
18
POLYGON 4
21
20
18
17
POLYGON 4
22
21
17
16
POLYGON 4
23
22
16
19
POLYGON 4
31
28
29
30
POLYGON 4
27
24
25
26
POLYGON 4
28
31
27
26
POLYGON 4
29
28
26
25
POLYGON 4
30
29
25
24
POLYGON 4
31
30
24
27
POLYGON 4
32
33
39
36
POLYGON 4
33
34
38
39
POLYGON 4
34
35
37
38
POLYGON 4
35
32
36
37
POLYGON 4
36
39
38
37
POLYGON 4
32
35
34
33
POLYGON 3
40
42
183
POLYGON 3
50
41
180
POLYGON 3
306
43
175
POLYGON 3
42
44
185
POLYGON 3
46
47
191
POLYGON 3
48
49
192
POLYGON 3
49
58
177
POLYGON 3
51
50
182
POLYGON 3
53
52
186
POLYGON 3
55
54
190
POLYGON 3
57
56
193
POLYGON 3
62
57
176
POLYGON 3
231
59
60
POLYGON 3
113
64
99
POLYGON 3
229
101
61
POLYGON 3
230
68
63
POLYGON 3
102
226
67
POLYGON 3
100
66
120
POLYGON 3
181
179
40
POLYGON 3
178
41
174
POLYGON 3
97
71
205
POLYGON 3
78
98
202
POLYGON 3
92
70
197
POLYGON 3
72
73
209
POLYGON 3
74
75
213
POLYGON 3
75
76
217
POLYGON 3
77
311
199
POLYGON 3
80
79
206
POLYGON 3
81
80
208
POLYGON 3
83
82
212
POLYGON 3
84
83
214
POLYGON 3
312
85
198
POLYGON 3
137
246
86
POLYGON 3
242
89
88
POLYGON 3
136
90
141
POLYGON 3
125
250
91
POLYGON 3
253
94
93
POLYGON 3
128
138
96
POLYGON 3
203
201
97
POLYGON 3
200
98
196
POLYGON 3
293
99
171
POLYGON 3
292
173
100
POLYGON 3
219
101
123
POLYGON 3
218
124
102
POLYGON 3
103
104
235
POLYGON 3
105
106
238
POLYGON 3
106
111
221
POLYGON 3
108
107
234
POLYGON 3
110
109
237
POLYGON 3
116
110
220
POLYGON 3
277
112
115
POLYGON 3
276
118
117
POLYGON 3
123
225
223
POLYGON 3
222
224
124
POLYGON 3
297
170
139
POLYGON 3
172
296
140
POLYGON 3
243
142
125
POLYGON 3
131
143
259
POLYGON 3
127
126
257
POLYGON 3
130
129
261
POLYGON 3
241
304
130
POLYGON 3
132
131
256
POLYGON 3
135
134
248
POLYGON 3
245
247
142
POLYGON 3
258
143
240
POLYGON 3
145
303
144
POLYGON 3
146
158
270
POLYGON 3
159
147
271
POLYGON 3
148
149
281
POLYGON 3
149
150
285
POLYGON 3
151
150
263
POLYGON 3
153
152
280
POLYGON 3
154
153
282
POLYGON 3
155
262
154
POLYGON 3
291
166
156
POLYGON 3
169
288
157
POLYGON 3
268
158
162
POLYGON 3
269
165
159
POLYGON 3
284
160
267
POLYGON 3
162
161
264
POLYGON 3
283
266
163
POLYGON 3
165
265
164
POLYGON 3
300
301
167
POLYGON 3
299
168
298
POLYGON 3
287
167
166
POLYGON 3
286
169
168
POLYGON 4
44
43
45
187
POLYGON 4
45
64
46
189
POLYGON 4
47
65
48
195
POLYGON 4
52
307
51
184
POLYGON 4
54
66
53
188
POLYGON 4
56
69
55
194
POLYGON 4
228
61
58
59
POLYGON 4
103
233
60
65
POLYGON 4
227
63
62
67
POLYGON 4
232
107
69
68
POLYGON 4
219
218
176
177
POLYGON 4
174
307
306
175
POLYGON 4
71
70
72
207
POLYGON 4
73
95
74
211
POLYGON 4
76
96
77
216
POLYGON 4
79
89
78
204
POLYGON 4
82
87
81
210
POLYGON 4
85
90
84
215
POLYGON 4
244
88
87
86
POLYGON 4
251
93
92
91
POLYGON 4
255
126
95
94
POLYGON 4
242
243
197
196
POLYGON 4
199
311
312
198
POLYGON 4
104
114
105
239
POLYGON 4
109
119
108
236
POLYGON 4
274
121
111
112
POLYGON 4
273
117
116
122
POLYGON 4
275
147
164
121
POLYGON 4
161
146
272
122
POLYGON 4
265
264
220
221
POLYGON 4
129
128
127
260
POLYGON 4
133
144
132
254
POLYGON 4
134
145
133
252
POLYGON 4
137
136
135
249
POLYGON 4
305
139
310
138
POLYGON 4
302
141
313
140
POLYGON 4
303
304
241
240
POLYGON 4
151
290
156
160
POLYGON 4
155
163
157
289
POLYGON 4
301
298
266
267
POLYGON 4
295
171
308
170
POLYGON 4
173
294
172
309
POLYGON 4
228
231
230
227
POLYGON 4
175
179
178
174
POLYGON 4
177
176
193
192
POLYGON 4
179
181
180
178
POLYGON 4
181
183
182
180
POLYGON 4
183
185
184
182
POLYGON 4
185
187
186
184
POLYGON 4
187
189
188
186
POLYGON 4
189
191
190
188
POLYGON 4
191
195
194
190
POLYGON 4
195
192
193
194
POLYGON 4
253
251
248
252
POLYGON 4
197
201
200
196
POLYGON 4
199
198
215
216
POLYGON 4
201
203
202
200
POLYGON 4
203
205
204
202
POLYGON 4
205
207
206
204
POLYGON 4
207
209
208
206
POLYGON 4
209
211
210
208
POLYGON 4
211
213
212
210
POLYGON 4
213
217
214
212
POLYGON 4
217
216
215
214
POLYGON 4
274
277
276
273
POLYGON 4
219
223
222
218
POLYGON 4
221
220
237
238
POLYGON 4
223
225
224
222
POLYGON 4
225
229
226
224
POLYGON 4
229
228
227
226
POLYGON 4
231
233
232
230
POLYGON 4
233
235
234
232
POLYGON 4
235
239
236
234
POLYGON 4
239
238
237
236
POLYGON 4
263
293
292
262
POLYGON 4
241
261
258
240
POLYGON 4
245
243
242
244
POLYGON 4
247
245
244
246
POLYGON 4
250
247
246
249
POLYGON 4
251
250
249
248
POLYGON 4
255
253
252
254
POLYGON 4
257
255
254
256
POLYGON 4
260
257
256
259
POLYGON 4
261
260
259
258
POLYGON 4
290
263
262
289
POLYGON 4
265
269
268
264
POLYGON 4
267
266
283
284
POLYGON 4
269
271
270
268
POLYGON 4
271
275
272
270
POLYGON 4
275
274
273
272
POLYGON 4
277
279
278
276
POLYGON 4
279
281
280
278
POLYGON 4
281
285
282
280
POLYGON 4
285
284
283
282
POLYGON 4
300
287
286
299
POLYGON 4
287
291
288
286
POLYGON 4
291
290
289
288
POLYGON 4
293
295
294
292
POLYGON 4
295
297
296
294
POLYGON 4
297
305
302
296
POLYGON 4
301
300
299
298
POLYGON 4
305
304
303
302
POLYGON 4
307
309
308
306
POLYGON 4
309
313
310
308
POLYGON 4
313
312
311
310
POLYGON 5
148
279
115
114
113
POLYGON 5
278
152
120
119
118
NULL
