VERTEX 30.956249 0.000000 55.562500
VERTEX 30.956249 0.000000 65.087502
VERTEX 28.599846 -11.846443 55.562500
VERTEX 28.599846 -11.846443 65.087502
VERTEX 21.889370 -21.889378 55.562500
VERTEX 21.889370 -21.889378 65.087502
VERTEX 11.846449 -28.599844 55.562500
VERTEX 11.846449 -28.599844 65.087502
VERTEX 0.000000 -30.956249 55.562500
VERTEX 0.000000 -30.956249 65.087502
VERTEX -11.846448 -28.599844 55.562500
VERTEX -11.846448 -28.599844 65.087502
VERTEX -21.889376 -21.889372 55.562500
VERTEX -21.889376 -21.889372 65.087502
VERTEX -28.599846 -11.846444 55.562500
VERTEX -28.599846 -11.846444 65.087502
VERTEX -30.956249 0.000000 55.562500
VERTEX -30.956249 0.000000 65.087502
VERTEX -28.599844 11.846446 55.562500
VERTEX -28.599844 11.846446 65.087502
VERTEX -21.889374 21.889374 55.562500
VERTEX -21.889374 21.889374 65.087502
VERTEX -11.846443 28.599846 55.562500
VERTEX -11.846443 28.599846 65.087502
VERTEX 0.000000 30.956249 55.562500
VERTEX 0.000000 30.956249 65.087502
VERTEX 11.846443 28.599846 55.562500
VERTEX 11.846443 28.599846 65.087502
VERTEX 21.889374 21.889374 55.562500
VERTEX 21.889374 21.889374 65.087502
VERTEX 28.599846 11.846444 55.562500
VERTEX 28.599846 11.846444 65.087502
VERTEX 19.049999 0.000000 26.987499
VERTEX 19.049999 0.000000 55.562500
VERTEX 17.599905 -7.290119 26.987499
VERTEX 17.599905 -7.290119 55.562500
VERTEX 13.470382 -13.470386 26.987499
VERTEX 13.470382 -13.470386 55.562500
VERTEX 7.290122 -17.599903 26.987499
VERTEX 7.290122 -17.599903 55.562500
VERTEX 0.000000 -19.049999 26.987499
VERTEX 0.000000 -19.049999 55.562500
VERTEX -7.290122 -17.599903 26.987499
VERTEX -7.290122 -17.599903 55.562500
VERTEX -13.470385 -13.470383 26.987499
VERTEX -13.470385 -13.470383 55.562500
VERTEX -17.599905 -7.290119 26.987499
VERTEX -17.599905 -7.290119 55.562500
VERTEX -19.049999 0.000000 26.987499
VERTEX -19.049999 0.000000 55.562500
VERTEX -17.599903 7.290121 26.987499
VERTEX -17.599903 7.290121 55.562500
VERTEX -13.470384 13.470384 26.987499
VERTEX -13.470384 13.470384 55.562500
VERTEX -7.290119 17.599905 26.987499
VERTEX -7.290119 17.599905 55.562500
VERTEX 0.000000 19.049999 26.987499
VERTEX 0.000000 19.049999 55.562500
VERTEX 7.290119 17.599905 26.987499
VERTEX 7.290119 17.599905 55.562500
VERTEX 13.470384 13.470384 26.987499
VERTEX 13.470384 13.470384 55.562500
VERTEX 17.599905 7.290119 26.987499
VERTEX 17.599905 7.290119 55.562500
VERTEX 28.599846 11.846444 26.987499
VERTEX 28.599846 11.846444 0.000000
VERTEX 21.889374 21.889374 26.987499
VERTEX 21.889374 21.889374 0.000000
VERTEX 11.846443 28.599846 26.987499
VERTEX 11.846443 28.599846 0.000000
VERTEX 0.000000 30.956249 26.987499
VERTEX 0.000000 30.956249 0.000000
VERTEX -11.846443 28.599846 26.987499
VERTEX -11.846443 28.599846 0.000000
VERTEX -21.889374 21.889374 26.987499
VERTEX -21.889374 21.889374 0.000000
VERTEX -28.599844 11.846446 26.987499
VERTEX -28.599844 11.846446 0.000000
VERTEX -30.956249 0.000000 26.987499
VERTEX -30.956249 0.000000 0.000000
VERTEX -28.599846 -11.846444 26.987499
VERTEX -28.599846 -11.846444 0.000000
VERTEX -21.889376 -21.889372 26.987499
VERTEX -21.889376 -21.889372 0.000000
VERTEX -11.846448 -28.599844 26.987499
VERTEX -11.846448 -28.599844 0.000000
VERTEX 0.000000 -30.956249 26.987499
VERTEX 0.000000 -30.956249 0.000000
VERTEX 11.846449 -28.599844 26.987499
VERTEX 11.846449 -28.599844 0.000000
VERTEX 21.889370 -21.889378 26.987499
VERTEX 21.889370 -21.889378 0.000000
VERTEX 28.599846 -11.846443 26.987499
VERTEX 28.599846 -11.846443 0.000000
VERTEX 30.956249 0.000000 26.987499
VERTEX 30.956249 0.000000 0.000000
POLYGON 4
0
30
31
1
POLYGON 4
30
28
29
31
POLYGON 4
28
26
27
29
POLYGON 4
26
24
25
27
POLYGON 4
24
22
23
25
POLYGON 4
22
20
21
23
POLYGON 4
20
18
19
21
POLYGON 4
18
16
17
19
POLYGON 4
16
14
15
17
POLYGON 4
14
12
13
15
POLYGON 4
12
10
11
13
POLYGON 4
10
8
9
11
POLYGON 4
8
6
7
9
POLYGON 4
6
4
5
7
POLYGON 4
4
2
3
5
POLYGON 4
2
0
1
3
POLYGON 16
0
2
4
6
8
10
12
14
16
18
20
22
24
26
28
30
POLYGON 16
1
31
29
27
25
23
21
19
17
15
13
11
9
7
5
3
POLYGON 4
32
62
63
33
POLYGON 4
62
60
61
63
POLYGON 4
60
58
59
61
POLYGON 4
58
56
57
59
POLYGON 4
56
54
55
57
POLYGON 4
54
52
53
55
POLYGON 4
52
50
51
53
POLYGON 4
50
48
49
51
POLYGON 4
48
46
47
49
POLYGON 4
46
44
45
47
POLYGON 4
44
42
43
45
POLYGON 4
42
40
41
43
POLYGON 4
40
38
39
41
POLYGON 4
38
36
37
39
POLYGON 4
36
34
35
37
POLYGON 4
34
32
33
35
POLYGON 16
32
34
36
38
40
42
44
46
48
50
52
54
56
58
60
62
POLYGON 16
33
63
61
59
57
55
53
51
49
47
45
43
41
39
37
35
POLYGON 4
93
95
94
92
POLYGON 4
91
93
92
90
POLYGON 4
89
91
90
88
POLYGON 4
87
89
88
86
POLYGON 4
85
87
86
84
POLYGON 4
83
85
84
82
POLYGON 4
81
83
82
80
POLYGON 4
79
81
80
78
POLYGON 4
77
79
78
76
POLYGON 4
75
77
76
74
POLYGON 4
73
75
74
72
POLYGON 4
71
73
72
70
POLYGON 4
69
71
70
68
POLYGON 4
67
69
68
66
POLYGON 4
65
67
66
64
POLYGON 4
95
65
64
94
POLYGON 16
94
64
66
68
70
72
74
76
78
80
82
84
86
88
90
92
POLYGON 16
95
93
91
89
87
85
83
81
79
77
75
73
71
69
67
65
NULL
