VERTEX -298.450012 -228.600006 139.699997
VERTEX 330.200012 -228.600006 203.199997
VERTEX 298.450012 -228.600006 1371.599976
VERTEX -330.200012 -228.600006 1257.300049
VERTEX 330.200012 -228.600006 139.699997
VERTEX -330.200012 -228.599991 139.699997
VERTEX -330.200012 228.600006 139.699997
VERTEX 330.200012 228.600006 139.699997
VERTEX -298.450012 -196.849991 203.199997
VERTEX 298.450012 -196.849991 203.199997
VERTEX 298.450012 -228.600006 203.199997
VERTEX -298.450012 -228.600006 203.199997
VERTEX 298.450012 -228.600006 812.799988
VERTEX 298.450012 -196.849991 812.799988
VERTEX -298.450012 -196.849991 812.799988
VERTEX -298.450012 -228.600006 812.799988
VERTEX 298.450012 -228.600006 1257.300049
VERTEX 298.450012 -196.849991 1257.300049
VERTEX -298.450012 -196.849991 1257.300049
VERTEX -298.450012 -228.600006 1257.300049
VERTEX -298.450012 -196.849991 895.349976
VERTEX 298.450012 -196.849991 895.349976
VERTEX 298.450012 -228.600006 895.349976
VERTEX -298.450012 -228.600006 895.349976
VERTEX -330.200012 228.600006 1371.599976
VERTEX 330.200012 228.600006 1371.599976
VERTEX 330.200012 -228.600006 1371.599976
VERTEX -330.200012 -228.600006 1371.599976
POLYGON 4
27
26
25
24
POLYGON 4
23
22
21
20
POLYGON 4
19
18
17
16
POLYGON 4
15
14
13
12
POLYGON 4
11
10
9
8
POLYGON 4
7
4
5
6
POLYGON 4
3
16
2
27
POLYGON 4
21
17
18
20
POLYGON 4
22
16
17
21
POLYGON 4
20
18
19
23
POLYGON 4
23
15
12
22
POLYGON 4
11
0
4
1
POLYGON 4
27
24
6
5
POLYGON 4
24
25
7
6
POLYGON 4
25
26
4
7
POLYGON 4
19
3
5
0
POLYGON 4
26
2
10
1
POLYGON 4
13
14
8
9
POLYGON 4
14
15
11
8
POLYGON 4
12
13
9
10
NULL
