VERTEX 22.224998 -21.146309 9.525000
VERTEX 15.874999 -27.496305 9.525000
VERTEX 22.224998 -21.146309 0.000000
VERTEX 15.874999 -27.496305 0.000000
VERTEX 22.224998 -25.794828 9.525000
VERTEX 0.000000 -31.750000 9.525000
VERTEX 22.224998 -25.794828 0.000000
VERTEX 0.000000 -31.750000 0.000000
VERTEX 22.224998 -37.705166 9.525000
VERTEX -15.874997 -27.496309 9.525000
VERTEX 22.224998 -37.705166 0.000000
VERTEX -15.875000 -27.496307 0.000000
VERTEX 18.001907 -61.373211 9.525000
VERTEX -27.496307 -15.875000 9.525000
VERTEX -27.496307 -15.875001 0.000000
VERTEX 18.001907 -61.373211 0.000000
VERTEX -13.033752 -69.849998 9.525000
VERTEX -31.750000 0.000000 9.525000
VERTEX -31.750000 0.000000 0.000000
VERTEX -13.033753 -69.849998 0.000000
VERTEX -41.275002 -35.547787 9.525000
VERTEX -27.496305 15.875001 9.525000
VERTEX -27.496305 15.875001 0.000000
VERTEX -41.275002 -35.547787 0.000000
VERTEX -41.275002 2.096303 9.525000
VERTEX -15.875002 27.496305 9.525000
VERTEX -15.875000 27.496307 0.000000
VERTEX -41.275002 2.096305 0.000000
VERTEX -41.275002 20.690395 9.525000
VERTEX 0.000000 31.750000 9.525000
VERTEX 0.000000 31.750000 0.000000
VERTEX -41.275002 20.690399 0.000000
VERTEX 15.875000 27.496305 9.525000
VERTEX -41.275002 42.809601 9.525000
VERTEX 15.874999 27.496307 0.000000
VERTEX -41.275002 42.809601 0.000000
VERTEX -26.478687 69.849998 9.525000
VERTEX 22.224998 21.146307 9.525000
VERTEX 22.224998 21.146307 0.000000
VERTEX -26.478687 69.849998 0.000000
VERTEX -28.575119 -69.849998 9.525000
VERTEX -28.575121 -69.849998 0.000000
VERTEX -41.275002 -57.150116 9.525000
VERTEX -41.275002 -57.150112 0.000000
VERTEX 22.224998 -57.150120 0.000000
VERTEX 9.525117 -69.849998 0.000000
VERTEX 9.525119 -69.849998 9.525000
VERTEX 22.224998 -57.150120 9.525000
VERTEX 22.224998 57.150120 0.000000
VERTEX 22.224998 57.150120 9.525000
VERTEX 9.525119 69.849998 9.525000
VERTEX 9.525117 69.849998 0.000000
VERTEX -41.275002 57.150120 0.000000
VERTEX -28.575121 69.849998 0.000000
VERTEX -28.575121 69.849998 9.525000
VERTEX -41.275002 57.150120 9.525000
POLYGON 4
55
54
53
52
POLYGON 4
51
53
54
50
POLYGON 4
50
49
48
51
POLYGON 4
47
46
45
44
POLYGON 4
52
43
42
55
POLYGON 4
41
45
46
40
POLYGON 4
40
42
43
41
POLYGON 4
39
51
48
38
POLYGON 4
37
49
50
36
POLYGON 5
35
52
53
39
34
POLYGON 5
55
33
32
36
54
POLYGON 3
31
35
30
POLYGON 3
29
33
28
POLYGON 3
27
31
26
POLYGON 3
25
28
24
POLYGON 3
23
27
22
POLYGON 3
21
24
20
POLYGON 5
19
41
43
23
18
POLYGON 5
17
20
42
40
16
POLYGON 4
15
45
19
14
POLYGON 4
13
16
46
12
POLYGON 4
15
11
10
44
POLYGON 4
9
12
47
8
POLYGON 3
7
6
10
POLYGON 3
5
8
4
POLYGON 3
3
2
6
POLYGON 3
1
4
0
POLYGON 4
38
48
49
37
POLYGON 4
44
2
0
47
POLYGON 4
37
32
34
38
POLYGON 4
1
0
2
3
POLYGON 4
32
29
30
34
POLYGON 4
29
25
26
30
POLYGON 4
25
21
22
26
POLYGON 4
21
17
18
22
POLYGON 4
17
13
14
18
POLYGON 4
13
9
11
14
POLYGON 4
9
5
7
11
POLYGON 4
5
1
3
7
NULL
