VERTEX 30.162500 -6.350000 26.987499
VERTEX 17.462502 -6.350000 26.987499
VERTEX 17.462502 6.350000 26.987499
VERTEX 30.162500 6.350000 26.987499
VERTEX 23.807402 -6.350000 90.487503
VERTEX 30.162500 -6.350000 90.487503
VERTEX 30.162500 6.350000 90.487503
VERTEX 23.807400 6.350000 90.487503
VERTEX 17.462502 6.350000 86.044762
VERTEX 17.462502 -6.350000 86.044754
VERTEX -17.462500 -6.350000 15.875000
VERTEX 30.162500 -6.350000 15.875000
VERTEX 30.162500 6.350000 15.875000
VERTEX -17.462500 6.350000 15.875000
VERTEX -17.462500 -6.350000 26.987499
VERTEX -17.462500 6.350000 26.987499
VERTEX 30.162500 6.350000 26.987499
VERTEX 30.162500 -6.350000 26.987499
POLYGON 4
0
1
2
3
POLYGON 4
4
5
6
7
POLYGON 5
3
2
8
7
6
POLYGON 5
9
1
0
5
4
POLYGON 4
8
2
1
9
POLYGON 4
8
9
4
7
POLYGON 4
0
3
6
5
POLYGON 4
10
13
12
11
POLYGON 4
14
17
16
15
POLYGON 4
13
10
14
15
POLYGON 4
12
13
15
16
POLYGON 4
11
12
16
17
POLYGON 4
10
11
17
14
NULL
