VERTEX -298.450012 -215.899994 895.349976
VERTEX 298.450012 -215.899994 895.349976
VERTEX 298.450012 -215.899994 1257.300049
VERTEX -298.450012 -215.899994 1257.300049
VERTEX -298.450012 -215.899994 203.199997
VERTEX 298.450012 -215.899994 203.199997
VERTEX 298.450012 -215.899994 812.799988
VERTEX -298.450012 -215.899994 812.799988
VERTEX -279.399994 -177.800003 0.000000
VERTEX 279.399994 -177.800003 0.000000
VERTEX 279.399994 177.800003 0.000000
VERTEX -279.399994 177.800003 0.000000
VERTEX -279.399994 -177.800003 139.699997
VERTEX -279.399994 177.800003 139.699997
VERTEX 279.399994 177.800003 139.699997
VERTEX 279.399994 -177.800003 139.699997
POLYGON 4
4
5
6
7
POLYGON 4
0
1
2
3
POLYGON 4
8
11
10
9
POLYGON 4
12
15
14
13
POLYGON 4
11
8
12
13
POLYGON 4
10
11
13
14
POLYGON 4
9
10
14
15
POLYGON 4
8
9
15
12
NULL
