VERTEX -304.799988 -2133.600098 0.000000
VERTEX -203.199982 -2133.600098 0.000000
VERTEX -203.199982 2133.600098 0.000000
VERTEX -304.799988 2133.600098 0.000000
VERTEX -304.799988 -2133.600098 101.599998
VERTEX -304.799988 2133.600098 101.599998
VERTEX -203.199982 2133.600098 101.599998
VERTEX -203.199982 -2133.600098 101.599998
VERTEX 203.199997 -2133.600098 0.000000
VERTEX 304.799988 -2133.600098 0.000000
VERTEX 304.799988 2133.600098 0.000000
VERTEX 203.199997 2133.600098 0.000000
VERTEX 203.199997 -2133.600098 101.599998
VERTEX 203.199997 2133.600098 101.599998
VERTEX 304.799988 2133.600098 101.599998
VERTEX 304.799988 -2133.600098 101.599998
POLYGON 4
0
3
2
1
POLYGON 4
4
7
6
5
POLYGON 4
3
0
4
5
POLYGON 4
2
3
5
6
POLYGON 4
1
2
6
7
POLYGON 4
0
1
7
4
POLYGON 4
8
11
10
9
POLYGON 4
12
15
14
13
POLYGON 4
11
8
12
13
POLYGON 4
10
11
13
14
POLYGON 4
9
10
14
15
POLYGON 4
8
9
15
12
NULL
