VERTEX -250.0 300.0 0.0
VERTEX 250.0 300.0 0.0
VERTEX 400.0 300.0 150.0
VERTEX -400.0 300.0 150.0
VERTEX -400.0 325.0 150.0
VERTEX 400.0 325.0 150.0
VERTEX 400.0 325.0 700.0
VERTEX -400.0 325.0 700.0
VERTEX -450.0 375.0 700.0
VERTEX 450.0 375.0 700.0
VERTEX 450.0 375.0 750.0
VERTEX -450.0 375.0 750.0
VERTEX -250.0 -300.0 0.0
VERTEX 250.0 -300.0 0.0
VERTEX 400.0 -300.0 150.0
VERTEX -400.0 -300.0 150.0
VERTEX -400.0 -325.0 150.0
VERTEX 400.0 -325.0 150.0
VERTEX 400.0 -325.0 700.0
VERTEX -400.0 -325.0 700.0
VERTEX -450.0 -375.0 700.0
VERTEX 450.0 -375.0 700.0
VERTEX 450.0 -375.0 750.0
VERTEX -450.0 -375.0 750.0
VERTEX -250.0 225.0 0.0
VERTEX 250.0 225.0 0.0
VERTEX 400.0 225.0 150.0
VERTEX -400.0 225.0 150.0
VERTEX -250.0 -225.0 0.0
VERTEX 250.0 -225.0 0.0
VERTEX 400.0 -225.0 150.0
VERTEX -400.0 -225.0 150.0
POLYGON 4
0
1
2
3
POLYGON 4
27
26
25
24
POLYGON 4
1
0
24
25
POLYGON 4
0
3
27
24
POLYGON 4
1
25
26
2
POLYGON 4
13
12
15
14
POLYGON 4
28
29
30
31
POLYGON 4
12
13
29
28
POLYGON 4
12
28
31
15
POLYGON 4
13
14
30
29
POLYGON 4
4
5
6
7
POLYGON 4
17
16
19
18
POLYGON 4
5
17
18
6
POLYGON 4
4
7
19
16
POLYGON 4
5
4
16
17
POLYGON 4
8
9
10
11
POLYGON 4
21
20
23
22
POLYGON 4
9
21
22
10
POLYGON 4
8
11
23
20
POLYGON 4
9
8 
20
21
POLYGON 4
11
10
22
23
NULL
