VERTEX 0.000000 0.000000 8432.799805
VERTEX 609.599976 0.000000 8432.799805
VERTEX 609.599976 17576.800781 8432.799805
VERTEX 0.000000 17576.800781 8432.799805
VERTEX 0.000000 0.000000 7518.399902
VERTEX 609.599976 0.000000 7518.399902
VERTEX 609.599976 17576.800781 7518.399902
VERTEX 0.000000 17576.800781 7518.399902
VERTEX 0.000000 0.000000 3860.800049
VERTEX 254.000000 0.000000 3860.800049
VERTEX 254.000000 17576.800781 3860.800049
VERTEX 0.000000 17576.800781 3860.800049
VERTEX 0.000000 0.000000 4470.399902
VERTEX 0.000000 17576.800781 4470.399902
VERTEX 254.000000 17576.800781 4470.399902
VERTEX 254.000000 0.000000 4470.399902
VERTEX 0.000000 8356.599609 0.000000
VERTEX 292.100006 8356.599609 0.000000
VERTEX 292.100006 8661.399414 0.000000
VERTEX 0.000000 8661.399414 0.000000
VERTEX 0.000000 8356.599609 8432.799805
VERTEX 0.000000 8661.399414 8432.799805
VERTEX 292.100006 8661.399414 8432.799805
VERTEX 292.100006 8356.599609 8432.799805
VERTEX -609.599976 -609.599976 0.000000
VERTEX 0.000000 -609.599976 0.000000
VERTEX 0.000000 18186.400391 0.000000
VERTEX -609.599976 18186.400391 0.000000
VERTEX -609.599976 -609.599976 8432.799805
VERTEX -609.599976 18186.400391 8432.799805
VERTEX 0.000000 18186.400391 8432.799805
VERTEX 0.000000 -609.599976 8432.799805
POLYGON 4
0
1
2
3
POLYGON 4
4
7
6
5
POLYGON 4
1
0
4
5
POLYGON 4
2
1
5
6
POLYGON 4
3
2
6
7
POLYGON 4
0
3
7
4
POLYGON 4
8
11
10
9
POLYGON 4
12
15
14
13
POLYGON 4
11
8
12
13
POLYGON 4
10
11
13
14
POLYGON 4
9
10
14
15
POLYGON 4
8
9
15
12
POLYGON 4
16
19
18
17
POLYGON 4
20
23
22
21
POLYGON 4
19
16
20
21
POLYGON 4
18
19
21
22
POLYGON 4
17
18
22
23
POLYGON 4
16
17
23
20
POLYGON 4
24
27
26
25
POLYGON 4
28
31
30
29
POLYGON 4
27
24
28
29
POLYGON 4
26
27
29
30
POLYGON 4
25
26
30
31
POLYGON 4
24
25
31
28
NULL
