VERTEX 7162.800293 5943.600098 -304.799988
VERTEX 6248.399902 5943.600098 -304.799988
VERTEX 7162.800293 5943.600098 0.000000
VERTEX 6248.399902 5943.600098 0.000000
VERTEX 6248.399902 7924.799805 -304.799988
VERTEX 6248.399902 -304.799988 -304.799988
VERTEX 6248.399902 7924.799805 0.000000
VERTEX 6248.399902 -304.799988 0.000000
VERTEX -304.799988 -304.799988 -304.799988
VERTEX -304.799988 -304.799988 0.000000
VERTEX -304.799988 7924.799805 -304.799988
VERTEX 7162.800293 7924.799805 -304.799988
VERTEX 7162.800293 7924.799805 0.000000
VERTEX -304.799988 7924.799805 0.000000
POLYGON 4
13
12
11
10
POLYGON 4
9
13
10
8
POLYGON 4
9
7
6
13
POLYGON 4
5
8
10
4
POLYGON 4
3
2
12
6
POLYGON 4
1
4
11
0
POLYGON 4
7
9
8
5
POLYGON 4
12
2
0
11
POLYGON 4
5
1
3
7
POLYGON 4
2
3
1
0
NULL
