VERTEX 203.199997 254.000000 101.599998
VERTEX -203.199997 254.000000 101.599998
VERTEX -203.199997 203.199997 101.599998
VERTEX 203.199997 203.199997 101.599998
VERTEX -203.199997 203.199997 50.799999
VERTEX -203.199997 254.000000 50.799999
VERTEX 203.199997 254.000000 50.799999
VERTEX 203.199997 203.199997 50.799999
VERTEX 203.199997 -203.199982 101.599998
VERTEX -203.199997 -203.199982 101.599998
VERTEX -203.199997 -253.999985 101.599998
VERTEX 203.199997 -253.999985 101.599998
VERTEX -203.199997 -253.999985 50.799999
VERTEX -203.199997 -203.199982 50.799999
VERTEX 203.199997 -203.199982 50.799999
VERTEX 203.199997 -253.999985 50.799999
VERTEX -203.199982 -203.199997 101.599998
VERTEX -203.199982 203.199997 101.599998
VERTEX -253.999985 203.199997 101.599998
VERTEX -253.999985 -203.199997 101.599998
VERTEX -253.999985 203.199997 50.799999
VERTEX -203.199982 203.199997 50.799999
VERTEX -203.199982 -203.199997 50.799999
VERTEX -253.999985 -203.199997 50.799999
VERTEX 254.000000 -203.199997 101.599998
VERTEX 254.000000 203.199997 101.599998
VERTEX 203.199997 203.199997 101.599998
VERTEX 203.199997 -203.199997 101.599998
VERTEX 203.199997 203.199997 50.799999
VERTEX 254.000000 203.199997 50.799999
VERTEX 254.000000 -203.199997 50.799999
VERTEX 203.199997 -203.199997 50.799999
VERTEX -203.199997 203.199982 285.750000
VERTEX -203.199997 253.999985 285.750000
VERTEX -254.000000 253.999985 285.750000
VERTEX -254.000000 203.199982 285.750000
VERTEX -254.000000 253.999985 0.000000
VERTEX -203.199997 253.999985 0.000000
VERTEX -203.199997 203.199982 0.000000
VERTEX -254.000000 203.199982 0.000000
VERTEX 253.999985 203.199982 285.750000
VERTEX 253.999985 253.999985 285.750000
VERTEX 203.199982 253.999985 285.750000
VERTEX 203.199982 203.199982 285.750000
VERTEX 203.199982 253.999985 0.000000
VERTEX 253.999985 253.999985 0.000000
VERTEX 253.999985 203.199982 0.000000
VERTEX 203.199982 203.199982 0.000000
VERTEX 253.999985 -254.000000 285.750000
VERTEX 253.999985 -203.199997 285.750000
VERTEX 203.199982 -203.199997 285.750000
VERTEX 203.199982 -254.000000 285.750000
VERTEX 203.199982 -203.199997 0.000000
VERTEX 253.999985 -203.199997 0.000000
VERTEX 253.999985 -254.000000 0.000000
VERTEX 203.199982 -254.000000 0.000000
VERTEX -203.199997 -254.000000 285.750000
VERTEX -203.199997 -203.199997 285.750000
VERTEX -254.000000 -203.199997 285.750000
VERTEX -254.000000 -254.000000 285.750000
VERTEX -254.000000 -203.199997 0.000000
VERTEX -203.199997 -203.199997 0.000000
VERTEX -203.199997 -254.000000 0.000000
VERTEX -254.000000 -254.000000 0.000000
VERTEX -254.000000 254.000000 285.750000
VERTEX 254.000000 254.000000 285.750000
VERTEX 254.000000 -254.000000 285.750000
VERTEX -254.000000 -254.000000 285.750000
VERTEX -254.000000 254.000000 304.799988
VERTEX 254.000000 254.000000 304.799988
VERTEX 254.000000 -254.000000 304.799988
VERTEX -254.000000 -254.000000 304.799988
POLYGON 4
6
5
1
0
POLYGON 4
4
7
3
2
POLYGON 4
3
0
1
2
POLYGON 4
7
4
5
6
POLYGON 4
14
13
9
8
POLYGON 4
12
15
11
10
POLYGON 4
11
8
9
10
POLYGON 4
15
12
13
14
POLYGON 4
22
21
17
16
POLYGON 4
20
23
19
18
POLYGON 4
19
16
17
18
POLYGON 4
23
20
21
22
POLYGON 4
30
29
25
24
POLYGON 4
28
31
27
26
POLYGON 4
27
24
25
26
POLYGON 4
31
28
29
30
POLYGON 4
39
38
32
35
POLYGON 4
38
37
33
32
POLYGON 4
37
36
34
33
POLYGON 4
36
39
35
34
POLYGON 4
47
46
40
43
POLYGON 4
46
45
41
40
POLYGON 4
45
44
42
41
POLYGON 4
44
47
43
42
POLYGON 4
55
54
48
51
POLYGON 4
54
53
49
48
POLYGON 4
53
52
50
49
POLYGON 4
52
55
51
50
POLYGON 4
63
62
56
59
POLYGON 4
62
61
57
56
POLYGON 4
61
60
58
57
POLYGON 4
60
63
59
58
POLYGON 4
71
68
64
67
POLYGON 4
68
69
65
64
POLYGON 4
69
70
66
65
POLYGON 4
70
71
67
66
POLYGON 4
67
64
65
66
POLYGON 4
71
70
69
68
NULL
