VERTEX 984.250000 222.249985 88.900002
VERTEX 539.750000 222.250015 88.900002
VERTEX 539.750000 254.000015 88.900002
VERTEX 984.250000 253.999985 88.900002
VERTEX 984.250000 222.249985 120.650002
VERTEX 539.750000 222.250015 120.650002
VERTEX 539.750000 254.000015 120.650002
VERTEX 984.250000 253.999985 120.650002
VERTEX 984.250000 -254.000015 88.900002
VERTEX 539.750000 -253.999985 88.900002
VERTEX 539.750000 -222.249985 88.900002
VERTEX 984.250000 -222.250015 88.900002
VERTEX 984.250000 -254.000015 120.650002
VERTEX 539.750000 -253.999985 120.650002
VERTEX 539.750000 -222.249985 120.650002
VERTEX 984.250000 -222.250015 120.650002
VERTEX 508.000000 -222.250000 88.900002
VERTEX 508.000000 222.250000 88.900002
VERTEX 539.750000 222.250000 88.900002
VERTEX 539.750000 -222.250000 88.900002
VERTEX 508.000000 -222.250000 120.650002
VERTEX 508.000000 222.250000 120.650002
VERTEX 539.750000 222.250000 120.650002
VERTEX 539.750000 -222.250000 120.650002
VERTEX 984.250000 -222.250000 88.900002
VERTEX 984.250000 222.250000 88.900002
VERTEX 1016.000000 222.250000 88.900002
VERTEX 1016.000000 -222.250000 88.900002
VERTEX 984.250000 -222.250000 120.650002
VERTEX 984.250000 222.250000 120.650002
VERTEX 1016.000000 222.250000 120.650002
VERTEX 1016.000000 -222.250000 120.650002
VERTEX 1016.000000 -254.000000 292.100006
VERTEX 1016.000000 254.000000 292.100006
VERTEX 984.250000 254.000000 292.100006
VERTEX 984.250000 -254.000000 292.100006
VERTEX 1016.000000 -254.000000 260.350006
VERTEX 1016.000000 254.000000 260.350006
VERTEX 984.250000 254.000000 260.350006
VERTEX 984.250000 -254.000000 260.350006
VERTEX 539.750000 -254.000000 292.100006
VERTEX 539.750000 254.000000 292.100006
VERTEX 508.000000 254.000000 292.100006
VERTEX 508.000000 -254.000000 292.100006
VERTEX 539.750000 -254.000000 260.350006
VERTEX 539.750000 254.000000 260.350006
VERTEX 508.000000 254.000000 260.350006
VERTEX 508.000000 -254.000000 260.350006
VERTEX 1016.000000 -254.000000 292.100006
VERTEX 1016.000000 -222.250000 292.100006
VERTEX 254.000000 -222.250000 292.100006
VERTEX 254.000000 -254.000000 292.100006
VERTEX 1016.000000 -254.000000 260.350006
VERTEX 1016.000000 -222.250000 260.350006
VERTEX 254.000000 -222.250000 260.350006
VERTEX 254.000000 -254.000000 260.350006
VERTEX 1016.000000 222.250000 292.100006
VERTEX 1016.000000 254.000000 292.100006
VERTEX 254.000000 254.000000 292.100006
VERTEX 254.000000 222.250000 292.100006
VERTEX 1016.000000 222.250000 260.350006
VERTEX 1016.000000 254.000000 260.350006
VERTEX 254.000000 254.000000 260.350006
VERTEX 254.000000 222.250000 260.350006
VERTEX 1016.000000 -254.000000 0.000000
VERTEX 1016.000000 -222.250000 0.000000
VERTEX 984.250000 -222.250000 0.000000
VERTEX 984.250000 -254.000000 0.000000
VERTEX 1016.000000 -254.000000 260.350006
VERTEX 984.250000 -254.000000 260.350006
VERTEX 984.250000 -222.250000 260.350006
VERTEX 1016.000000 -222.250000 260.350006
VERTEX 1016.000000 222.250000 0.000000
VERTEX 1016.000000 254.000000 0.000000
VERTEX 984.250000 254.000000 0.000000
VERTEX 984.250000 222.250000 0.000000
VERTEX 1016.000000 222.250000 260.350006
VERTEX 984.250000 222.250000 260.350006
VERTEX 984.250000 254.000000 260.350006
VERTEX 1016.000000 254.000000 260.350006
VERTEX 539.750000 254.000000 260.350006
VERTEX 508.000000 254.000000 260.350006
VERTEX 508.000000 222.250000 260.350006
VERTEX 539.750000 222.250000 260.350006
VERTEX 508.000000 222.250000 0.000000
VERTEX 508.000000 254.000000 0.000000
VERTEX 539.750000 254.000000 0.000000
VERTEX 539.750000 222.250000 0.000000
VERTEX 539.750000 -254.000000 0.000000
VERTEX 539.750000 -222.250000 0.000000
VERTEX 508.000000 -222.250000 0.000000
VERTEX 508.000000 -254.000000 0.000000
VERTEX 539.750000 -254.000000 260.350006
VERTEX 508.000000 -254.000000 260.350006
VERTEX 508.000000 -222.250000 260.350006
VERTEX 539.750000 -222.250000 260.350006
VERTEX 222.249985 -984.250000 88.900002
VERTEX 222.250015 -539.750000 88.900002
VERTEX 254.000015 -539.750000 88.900002
VERTEX 253.999985 -984.250000 88.900002
VERTEX 222.249985 -984.250000 120.650002
VERTEX 222.250015 -539.750000 120.650002
VERTEX 254.000015 -539.750000 120.650002
VERTEX 253.999985 -984.250000 120.650002
VERTEX -254.000015 -984.250000 88.900002
VERTEX -253.999985 -539.750000 88.900002
VERTEX -222.249985 -539.750000 88.900002
VERTEX -222.250015 -984.250000 88.900002
VERTEX -254.000015 -984.250000 120.650002
VERTEX -253.999985 -539.750000 120.650002
VERTEX -222.249985 -539.750000 120.650002
VERTEX -222.250015 -984.250000 120.650002
VERTEX -222.250000 -508.000000 88.900002
VERTEX 222.250000 -508.000000 88.900002
VERTEX 222.250000 -539.750000 88.900002
VERTEX -222.250000 -539.750000 88.900002
VERTEX -222.250000 -508.000000 120.650002
VERTEX 222.250000 -508.000000 120.650002
VERTEX 222.250000 -539.750000 120.650002
VERTEX -222.250000 -539.750000 120.650002
VERTEX -222.250000 -984.250000 88.900002
VERTEX 222.250000 -984.250000 88.900002
VERTEX 222.250000 -1016.000000 88.900002
VERTEX -222.250000 -1016.000000 88.900002
VERTEX -222.250000 -984.250000 120.650002
VERTEX 222.250000 -984.250000 120.650002
VERTEX 222.250000 -1016.000000 120.650002
VERTEX -222.250000 -1016.000000 120.650002
VERTEX -254.000000 -1016.000000 292.100006
VERTEX 254.000000 -1016.000000 292.100006
VERTEX 254.000000 -984.250000 292.100006
VERTEX -254.000000 -984.250000 292.100006
VERTEX -254.000000 -1016.000000 260.350006
VERTEX 254.000000 -1016.000000 260.350006
VERTEX 254.000000 -984.250000 260.350006
VERTEX -254.000000 -984.250000 260.350006
VERTEX -254.000000 -539.750000 292.100006
VERTEX 254.000000 -539.750000 292.100006
VERTEX 254.000000 -508.000000 292.100006
VERTEX -254.000000 -508.000000 292.100006
VERTEX -254.000000 -539.750000 260.350006
VERTEX 254.000000 -539.750000 260.350006
VERTEX 254.000000 -508.000000 260.350006
VERTEX -254.000000 -508.000000 260.350006
VERTEX -254.000000 -1016.000000 292.100006
VERTEX -222.250000 -1016.000000 292.100006
VERTEX -222.250000 -254.000000 292.100006
VERTEX -254.000000 -254.000000 292.100006
VERTEX -254.000000 -1016.000000 260.350006
VERTEX -222.250000 -1016.000000 260.350006
VERTEX -222.250000 -254.000000 260.350006
VERTEX -254.000000 -254.000000 260.350006
VERTEX 222.250000 -1016.000000 292.100006
VERTEX 254.000000 -1016.000000 292.100006
VERTEX 254.000000 -254.000000 292.100006
VERTEX 222.250000 -254.000000 292.100006
VERTEX 222.250000 -1016.000000 260.350006
VERTEX 254.000000 -1016.000000 260.350006
VERTEX 254.000000 -254.000000 260.350006
VERTEX 222.250000 -254.000000 260.350006
VERTEX -254.000000 -1016.000000 0.000000
VERTEX -222.250000 -1016.000000 0.000000
VERTEX -222.250000 -984.250000 0.000000
VERTEX -254.000000 -984.250000 0.000000
VERTEX -254.000000 -1016.000000 260.350006
VERTEX -254.000000 -984.250000 260.350006
VERTEX -222.250000 -984.250000 260.350006
VERTEX -222.250000 -1016.000000 260.350006
VERTEX 222.250000 -1016.000000 0.000000
VERTEX 254.000000 -1016.000000 0.000000
VERTEX 254.000000 -984.250000 0.000000
VERTEX 222.250000 -984.250000 0.000000
VERTEX 222.250000 -1016.000000 260.350006
VERTEX 222.250000 -984.250000 260.350006
VERTEX 254.000000 -984.250000 260.350006
VERTEX 254.000000 -1016.000000 260.350006
VERTEX 254.000000 -539.750000 260.350006
VERTEX 254.000000 -508.000000 260.350006
VERTEX 222.250000 -508.000000 260.350006
VERTEX 222.250000 -539.750000 260.350006
VERTEX 222.250000 -508.000000 0.000000
VERTEX 254.000000 -508.000000 0.000000
VERTEX 254.000000 -539.750000 0.000000
VERTEX 222.250000 -539.750000 0.000000
VERTEX -254.000000 -539.750000 0.000000
VERTEX -222.250000 -539.750000 0.000000
VERTEX -222.250000 -508.000000 0.000000
VERTEX -254.000000 -508.000000 0.000000
VERTEX -254.000000 -539.750000 260.350006
VERTEX -254.000000 -508.000000 260.350006
VERTEX -222.250000 -508.000000 260.350006
VERTEX -222.250000 -539.750000 260.350006
POLYGON 4
4
5
1
0
POLYGON 4
6
7
3
2
POLYGON 4
3
0
1
2
POLYGON 4
7
6
5
4
POLYGON 4
12
13
9
8
POLYGON 4
14
15
11
10
POLYGON 4
11
8
9
10
POLYGON 4
15
14
13
12
POLYGON 4
20
21
17
16
POLYGON 4
22
23
19
18
POLYGON 4
19
16
17
18
POLYGON 4
23
22
21
20
POLYGON 4
28
29
25
24
POLYGON 4
30
31
27
26
POLYGON 4
27
24
25
26
POLYGON 4
31
30
29
28
POLYGON 4
35
34
38
39
POLYGON 4
33
32
36
37
POLYGON 4
36
39
38
37
POLYGON 4
32
33
34
35
POLYGON 4
43
42
46
47
POLYGON 4
41
40
44
45
POLYGON 4
44
47
46
45
POLYGON 4
40
41
42
43
POLYGON 4
48
51
55
52
POLYGON 4
50
49
53
54
POLYGON 4
52
55
54
53
POLYGON 4
48
49
50
51
POLYGON 4
56
59
63
60
POLYGON 4
58
57
61
62
POLYGON 4
60
63
62
61
POLYGON 4
56
57
58
59
POLYGON 4
64
65
71
68
POLYGON 4
65
66
70
71
POLYGON 4
66
67
69
70
POLYGON 4
67
64
68
69
POLYGON 4
72
73
79
76
POLYGON 4
73
74
78
79
POLYGON 4
74
75
77
78
POLYGON 4
75
72
76
77
POLYGON 4
87
86
80
83
POLYGON 4
86
85
81
80
POLYGON 4
85
84
82
81
POLYGON 4
84
87
83
82
POLYGON 4
88
89
95
92
POLYGON 4
89
90
94
95
POLYGON 4
90
91
93
94
POLYGON 4
91
88
92
93
POLYGON 4
100
101
97
96
POLYGON 4
102
103
99
98
POLYGON 4
99
96
97
98
POLYGON 4
103
102
101
100
POLYGON 4
108
109
105
104
POLYGON 4
110
111
107
106
POLYGON 4
107
104
105
106
POLYGON 4
111
110
109
108
POLYGON 4
116
117
113
112
POLYGON 4
118
119
115
114
POLYGON 4
115
112
113
114
POLYGON 4
119
118
117
116
POLYGON 4
124
125
121
120
POLYGON 4
126
127
123
122
POLYGON 4
123
120
121
122
POLYGON 4
127
126
125
124
POLYGON 4
131
130
134
135
POLYGON 4
129
128
132
133
POLYGON 4
132
135
134
133
POLYGON 4
128
129
130
131
POLYGON 4
139
138
142
143
POLYGON 4
137
136
140
141
POLYGON 4
140
143
142
141
POLYGON 4
136
137
138
139
POLYGON 4
144
147
151
148
POLYGON 4
146
145
149
150
POLYGON 4
148
151
150
149
POLYGON 4
144
145
146
147
POLYGON 4
152
155
159
156
POLYGON 4
154
153
157
158
POLYGON 4
156
159
158
157
POLYGON 4
152
153
154
155
POLYGON 4
160
161
167
164
POLYGON 4
161
162
166
167
POLYGON 4
162
163
165
166
POLYGON 4
163
160
164
165
POLYGON 4
168
169
175
172
POLYGON 4
169
170
174
175
POLYGON 4
170
171
173
174
POLYGON 4
171
168
172
173
POLYGON 4
183
182
176
179
POLYGON 4
182
181
177
176
POLYGON 4
181
180
178
177
POLYGON 4
180
183
179
178
POLYGON 4
184
185
191
188
POLYGON 4
185
186
190
191
POLYGON 4
186
187
189
190
POLYGON 4
187
184
188
189
NULL
