VERTEX 330.199951 304.799805 292.100006
VERTEX 330.199951 -330.200195 292.100006
VERTEX 1063.625000 -330.200195 292.100006
VERTEX 1063.625000 304.799805 292.100006
VERTEX 330.199951 304.799805 311.149994
VERTEX 1063.625000 304.799805 311.149994
VERTEX 1063.625000 -330.200195 311.149994
VERTEX 330.199951 -330.200195 311.149994
VERTEX 330.199951 -1063.625244 311.149994
VERTEX 330.199951 -1063.625244 292.100006
VERTEX -304.800049 -330.200195 311.149994
VERTEX -304.800049 -1063.625244 311.149994
VERTEX 330.199951 -1063.625244 311.149994
VERTEX 330.199951 -330.200195 311.149994
VERTEX 330.199951 -1063.625244 292.100006
VERTEX -304.800049 -1063.625244 292.100006
VERTEX -304.800049 -330.200195 292.100006
VERTEX 330.199951 -330.200195 292.100006
POLYGON 3
2
9
1
POLYGON 3
6
7
8
POLYGON 4
6
8
9
2
POLYGON 4
0
1
7
4
POLYGON 4
2
3
5
6
POLYGON 4
3
0
4
5
POLYGON 4
4
7
6
5
POLYGON 4
0
3
2
1
POLYGON 4
17
16
10
13
POLYGON 4
16
15
11
10
POLYGON 4
15
14
12
11
POLYGON 4
13
10
11
12
POLYGON 4
17
14
15
16
NULL
