VERTEX 7162.799805 6248.399902 0.000000
VERTEX 6858.000000 6248.399902 0.000000
VERTEX 6858.000000 7924.799805 0.000000
VERTEX 7162.799805 7924.799805 0.000000
VERTEX 7162.799805 6248.399902 3048.000000
VERTEX 6858.000000 6248.399902 3048.000000
VERTEX 6858.000000 7924.799805 3048.000000
VERTEX 7162.799805 7924.799805 3048.000000
VERTEX 6248.399902 6248.399902 0.000000
VERTEX 7162.799805 6248.399902 0.000000
VERTEX 7162.799805 5943.600098 0.000000
VERTEX 6248.399902 5943.600098 0.000000
VERTEX 6248.399902 6248.399902 3048.000000
VERTEX 7162.799805 6248.399902 3048.000000
VERTEX 7162.799805 5943.600098 3048.000000
VERTEX 6248.399902 5943.600098 3048.000000
VERTEX 6248.399902 -304.799988 3048.000000
VERTEX 6248.399902 6248.400391 3048.000000
VERTEX 5943.600098 6248.400391 3048.000000
VERTEX 5943.600098 -304.799988 3048.000000
VERTEX 5943.600098 6248.400391 0.000000
VERTEX 6248.399902 6248.400391 0.000000
VERTEX 6248.399902 -304.799988 0.000000
VERTEX 5943.600098 -304.799988 0.000000
POLYGON 4
0
1
2
3
POLYGON 4
4
7
6
5
POLYGON 4
1
0
4
5
POLYGON 4
2
1
5
6
POLYGON 4
3
2
6
7
POLYGON 4
0
3
7
4
POLYGON 4
8
9
10
11
POLYGON 4
12
15
14
13
POLYGON 4
9
8
12
13
POLYGON 4
10
9
13
14
POLYGON 4
11
10
14
15
POLYGON 4
8
11
15
12
POLYGON 4
23
20
21
22
POLYGON 4
19
16
17
18
POLYGON 4
20
23
19
18
POLYGON 4
21
20
18
17
POLYGON 4
22
21
17
16
POLYGON 4
23
22
16
19
NULL
