VERTEX 25.799999 34.919830 79.375000
VERTEX 22.224998 38.494831 79.375000
VERTEX 22.224998 38.494831 89.104996
VERTEX 25.799999 34.919830 89.104996
VERTEX 22.224997 -38.494831 79.375000
VERTEX 25.799999 -34.919830 79.375000
VERTEX 25.799999 -34.919830 89.104996
VERTEX 22.224997 -38.494831 89.104996
VERTEX 0.000000 44.450001 79.375000
VERTEX 0.000000 44.450001 89.104996
VERTEX 0.000000 -44.450001 79.375000
VERTEX 0.000000 -44.450001 89.104996
VERTEX -22.225002 38.494827 79.375000
VERTEX -25.799999 34.919830 79.375000
VERTEX -25.799999 34.919830 89.104996
VERTEX -22.225002 38.494827 89.104996
VERTEX -22.224997 -38.494831 79.375000
VERTEX -25.799999 -34.919830 79.375000
VERTEX -25.799999 -34.919830 89.104996
VERTEX -22.224997 -38.494831 89.104996
VERTEX 44.450001 0.000000 0.000000
VERTEX 44.450001 0.000000 53.974998
VERTEX 38.494827 -22.225008 0.000000
VERTEX 38.494827 -22.225008 53.974998
VERTEX 22.224997 -38.494831 0.000000
VERTEX 22.224997 -38.494831 53.974998
VERTEX 0.000000 -44.450001 0.000000
VERTEX 0.000000 -44.450001 53.974998
VERTEX -22.224997 -38.494831 0.000000
VERTEX -22.224997 -38.494831 53.974998
VERTEX -38.494831 -22.225000 0.000000
VERTEX -38.494831 -22.225000 53.974998
VERTEX -44.450001 0.000000 0.000000
VERTEX -44.450001 0.000000 53.974998
VERTEX -38.494827 22.225002 0.000000
VERTEX -38.494827 22.225002 53.974998
VERTEX -22.225002 38.494827 0.000000
VERTEX -22.225002 38.494827 53.974998
VERTEX 0.000000 44.450001 0.000000
VERTEX 0.000000 44.450001 53.974998
VERTEX 22.224998 38.494831 0.000000
VERTEX 22.224998 38.494831 53.974998
VERTEX 38.494831 22.225000 0.000000
VERTEX 38.494831 22.225000 53.974998
POLYGON 4
16
10
11
19
POLYGON 4
8
12
15
9
POLYGON 4
17
18
14
13
POLYGON 4
17
16
19
18
POLYGON 4
12
13
14
15
POLYGON 4
10
4
7
11
POLYGON 4
1
8
9
2
POLYGON 4
6
5
0
3
POLYGON 4
4
5
6
7
POLYGON 4
0
1
2
3
POLYGON 10
3
2
9
15
14
18
19
11
7
6
POLYGON 10
5
4
10
16
17
13
12
8
1
0
POLYGON 4
20
42
43
21
POLYGON 4
42
40
41
43
POLYGON 4
40
38
39
41
POLYGON 4
38
36
37
39
POLYGON 4
36
34
35
37
POLYGON 4
34
32
33
35
POLYGON 4
32
30
31
33
POLYGON 4
30
28
29
31
POLYGON 4
28
26
27
29
POLYGON 4
26
24
25
27
POLYGON 4
24
22
23
25
POLYGON 4
22
20
21
23
POLYGON 12
20
22
24
26
28
30
32
34
36
38
40
42
POLYGON 12
21
43
41
39
37
35
33
31
29
27
25
23
NULL
