VERTEX 25.434084 14.684375 20.637501
VERTEX 25.434084 14.684375 0.000000
VERTEX 14.684374 25.434084 20.637501
VERTEX 14.684374 25.434084 0.000000
VERTEX 0.000000 29.368750 20.637501
VERTEX 0.000000 29.368750 0.000000
VERTEX -14.684377 25.434082 20.637501
VERTEX -14.684377 25.434082 0.000000
VERTEX -25.434082 14.684376 20.637501
VERTEX -25.434082 14.684376 0.000000
VERTEX -29.368750 0.000000 20.637501
VERTEX -29.368750 0.000000 0.000000
VERTEX -25.434084 -14.684375 20.637501
VERTEX -25.434084 -14.684375 0.000000
VERTEX -14.684372 -25.434086 20.637501
VERTEX -14.684372 -25.434086 0.000000
VERTEX 0.000000 -29.368750 20.637501
VERTEX 0.000000 -29.368750 0.000000
VERTEX 14.684373 -25.434084 20.637501
VERTEX 14.684373 -25.434084 0.000000
VERTEX 25.434080 -14.684380 20.637501
VERTEX 25.434080 -14.684380 0.000000
VERTEX 29.368750 0.000000 20.637501
VERTEX 29.368750 0.000000 0.000000
POLYGON 4
23
1
0
22
POLYGON 4
1
3
2
0
POLYGON 4
3
5
4
2
POLYGON 4
5
7
6
4
POLYGON 4
7
9
8
6
POLYGON 4
9
11
10
8
POLYGON 4
11
13
12
10
POLYGON 4
13
15
14
12
POLYGON 4
15
17
16
14
POLYGON 4
17
19
18
16
POLYGON 4
19
21
20
18
POLYGON 4
21
23
22
20
POLYGON 12
23
21
19
17
15
13
11
9
7
5
3
1
NULL
