VERTEX 76.612808 1.783711 8.262074
VERTEX 77.959282 -0.311440 8.262074
VERTEX 78.660934 -2.701065 8.262074
VERTEX 78.660934 -5.191574 8.262074
VERTEX 77.959282 -7.581202 8.262074
VERTEX 76.612808 -9.676351 8.262074
VERTEX 74.730606 3.414649 8.262074
VERTEX 74.730606 -11.307289 8.262074
VERTEX 72.465157 4.449243 8.262074
VERTEX 72.465157 -12.341884 8.262074
VERTEX 70.000000 -12.696321 8.262074
VERTEX 70.000000 4.803679 8.262074
VERTEX 77.959282 -0.311440 -5.050887
VERTEX 76.612808 1.783711 -5.050887
VERTEX 74.730606 3.414649 -5.050887
VERTEX 72.465157 4.449243 -5.050888
VERTEX 70.000000 4.803679 -5.050888
VERTEX 70.000000 -12.696321 -5.050887
VERTEX 72.465157 -12.341884 -5.050887
VERTEX 74.730606 -11.307289 -5.050887
VERTEX 76.612808 -9.676351 -5.050887
VERTEX 77.959282 -7.581202 -5.050887
VERTEX 78.660934 -5.191574 -5.050887
VERTEX 78.660934 -2.701065 -5.050887
VERTEX 12.754025 11.260617 -0.027215
VERTEX 12.754025 -12.700000 -0.027215
VERTEX 12.754025 11.260617 -5.050887
VERTEX 12.754025 -12.700000 -5.050888
VERTEX 38.354027 8.371474 3.262074
VERTEX 38.354027 8.371474 -0.027215
VERTEX 38.354027 -12.700000 3.184898
VERTEX 38.354027 -12.700000 -0.027215
VERTEX 0.000000 -12.700000 -0.027215
VERTEX 0.000000 12.700000 -0.027215
VERTEX 38.354027 -12.700000 -5.050887
VERTEX 38.354027 8.371474 -5.050888
VERTEX 42.678413 -12.700000 3.184898
VERTEX 12.754025 -12.700000 3.184896
VERTEX 0.000000 -12.700000 3.184896
VERTEX 0.000000 12.700000 3.262074
VERTEX 12.754025 11.260617 3.262074
VERTEX 42.678413 -12.700000 -5.050887
VERTEX 42.678413 -12.700000 13.100000
VERTEX 42.678413 -12.700000 8.262074
VERTEX 60.678417 5.852008 3.262074
VERTEX 70.000000 4.800000 3.262074
VERTEX 12.754025 11.260617 -9.920000
VERTEX 12.754025 -12.700000 -9.920000
VERTEX 12.754025 11.260615 -5.027215
VERTEX 12.754025 -12.700000 -5.027215
VERTEX 0.000000 -12.700000 -5.027215
VERTEX 0.000000 12.700000 -5.027215
VERTEX 12.754025 -12.700000 13.100000
VERTEX 12.754025 11.260617 13.100000
VERTEX 0.000000 12.700000 8.184898
VERTEX 12.754025 11.260617 8.184898
VERTEX 12.754025 -12.700000 8.184898
VERTEX 0.000000 -12.700000 8.184898
VERTEX 70.000000 -12.700000 8.262074
VERTEX 70.000000 4.800000 8.262074
VERTEX 70.000000 4.800000 -5.050888
VERTEX 70.000000 -12.700000 -5.050887
VERTEX 60.678417 5.852008 13.100000
VERTEX 60.678417 5.852008 8.262074
VERTEX 60.678417 -12.700000 8.262074
VERTEX 60.678417 -12.700000 13.100000
VERTEX 60.678417 -12.700000 -9.920000
VERTEX 60.678417 -12.700000 -5.050887
VERTEX 60.678417 5.852008 -5.050888
VERTEX 60.678417 5.852008 -9.920000
VERTEX -9.598019 -8.296551 -5.027215
VERTEX -11.552326 -5.255589 -5.027215
VERTEX -12.570732 -1.787218 -5.027215
VERTEX -12.570732 1.827578 -5.027215
VERTEX -11.552326 5.295951 -5.027215
VERTEX -9.598021 8.336911 -5.027215
VERTEX -6.866136 -10.663740 -5.027214
VERTEX -6.866138 10.704101 -5.027215
VERTEX -3.578004 12.205741 -5.027215
VERTEX -3.578002 -12.165380 -5.027214
VERTEX 0.000000 12.720181 -5.027215
VERTEX 0.000000 -12.679819 -5.027214
VERTEX -9.598019 -8.296551 8.184898
VERTEX -11.552326 -5.255589 8.184898
VERTEX -12.570732 -1.787218 8.184898
VERTEX -12.570732 1.827578 8.184898
VERTEX -11.552326 5.295951 8.184898
VERTEX -9.598021 8.336911 8.184898
VERTEX -6.866138 10.704101 8.184898
VERTEX -3.578004 12.205741 8.184898
VERTEX 0.000000 12.720181 8.184898
VERTEX 0.000000 -12.679819 8.184898
VERTEX -3.578002 -12.165380 8.184898
VERTEX -6.866136 -10.663740 8.184898
POLYGON 12
23
22
21
20
19
18
17
16
15
14
13
12
POLYGON 4
11
16
17
10
POLYGON 4
10
17
18
9
POLYGON 4
8
15
16
11
POLYGON 4
9
18
19
7
POLYGON 4
6
14
15
8
POLYGON 4
7
19
20
5
POLYGON 4
5
20
21
4
POLYGON 4
4
21
22
3
POLYGON 4
3
22
23
2
POLYGON 4
2
23
12
1
POLYGON 4
1
12
13
0
POLYGON 4
0
13
14
6
POLYGON 12
0
6
8
11
10
9
7
5
4
3
2
1
POLYGON 4
69
68
67
66
POLYGON 4
65
64
63
62
POLYGON 4
61
60
59
58
POLYGON 4
57
56
55
54
POLYGON 4
59
63
64
58
POLYGON 4
65
62
53
52
POLYGON 4
51
48
49
50
POLYGON 4
47
49
48
46
POLYGON 4
61
67
68
60
POLYGON 4
53
55
56
52
POLYGON 4
63
59
45
44
POLYGON 4
43
64
65
42
POLYGON 4
41
61
58
43
POLYGON 4
55
40
39
54
POLYGON 4
56
57
38
37
POLYGON 4
36
42
52
37
POLYGON 4
62
44
40
53
POLYGON 4
31
30
38
32
POLYGON 4
29
33
39
28
POLYGON 4
49
25
32
50
POLYGON 4
24
48
51
33
POLYGON 4
69
66
47
46
POLYGON 4
68
69
46
26
POLYGON 4
66
67
27
47
POLYGON 4
57
54
51
50
POLYGON 4
36
30
34
41
POLYGON 4
28
45
60
35
POLYGON 4
31
25
27
34
POLYGON 4
24
29
35
26
POLYGON 12
93
92
91
90
89
88
87
86
85
84
83
82
POLYGON 4
91
81
80
90
POLYGON 4
92
79
81
91
POLYGON 4
90
80
78
89
POLYGON 4
89
78
77
88
POLYGON 4
93
76
79
92
POLYGON 4
88
77
75
87
POLYGON 4
87
75
74
86
POLYGON 4
86
74
73
85
POLYGON 4
85
73
72
84
POLYGON 4
84
72
71
83
POLYGON 4
83
71
70
82
POLYGON 4
82
70
76
93
POLYGON 12
78
80
81
79
76
70
71
72
73
74
75
77
NULL
