VERTEX 0.000000 -8.750000 -11.510000
VERTEX -2.465159 -8.395564 -11.510000
VERTEX -4.730606 -7.360970 -11.510000
VERTEX -6.612808 -5.730032 -11.510000
VERTEX -7.959280 -3.634881 -11.510000
VERTEX -8.660937 -1.245255 -11.510000
VERTEX -8.660938 1.245254 -11.510000
VERTEX -7.959280 3.634881 -11.510000
VERTEX -6.612809 5.730031 -11.510000
VERTEX -4.730607 7.360969 -11.510000
VERTEX -2.465160 8.395563 -11.510000
VERTEX 0.000000 8.750000 -11.510000
VERTEX 0.000000 -8.750000 11.510000
VERTEX 0.000000 8.750000 11.510000
VERTEX -2.465160 8.395563 11.510000
VERTEX -4.730607 7.360969 11.510000
VERTEX -6.612809 5.730031 11.510000
VERTEX -7.959280 3.634881 11.510000
VERTEX -8.660938 1.245254 11.510000
VERTEX -8.660937 -1.245255 11.510000
VERTEX -7.959280 -3.634881 11.510000
VERTEX -6.612808 -5.730032 11.510000
VERTEX -4.730606 -7.360970 11.510000
VERTEX -2.465159 -8.395564 11.510000
VERTEX 0.000000 -8.750000 -5.000000
VERTEX 0.000000 8.750000 -5.000000
VERTEX -2.465160 8.395563 -5.000000
VERTEX -2.465159 -8.395564 -5.000000
VERTEX -4.730607 7.360969 -5.000000
VERTEX -6.612809 5.730031 -5.000000
VERTEX -7.959280 3.634881 -5.000000
VERTEX -8.660938 1.245254 -5.000000
VERTEX -8.660937 -1.245255 -5.000000
VERTEX -7.959280 -3.634881 -5.000000
VERTEX -6.612808 -5.730032 -5.000000
VERTEX -4.730606 -7.360970 -5.000000
VERTEX 0.000000 -8.750000 5.000000
VERTEX 0.000000 8.750000 5.000000
VERTEX -2.465160 8.395563 5.000000
VERTEX -2.465159 -8.395564 5.000000
VERTEX -4.730607 7.360969 5.000000
VERTEX -4.730606 -7.360970 5.000000
VERTEX -6.612809 5.730031 5.000000
VERTEX -7.959280 3.634881 5.000000
VERTEX -8.660938 1.245254 5.000000
VERTEX -8.660937 -1.245255 5.000000
VERTEX -7.959280 -3.634881 5.000000
VERTEX -6.612808 -5.730032 5.000000
VERTEX 47.855000 7.127059 -11.492537
VERTEX 47.855000 7.127059 11.527464
VERTEX 49.867981 6.837636 -11.492537
VERTEX 49.867977 6.837636 11.527464
VERTEX 51.717880 5.992815 -11.492537
VERTEX 51.717876 5.992815 11.527464
VERTEX 53.254829 4.661038 -11.492537
VERTEX 53.254829 4.661038 11.527464
VERTEX 54.354321 2.950199 -11.492537
VERTEX 54.354321 2.950199 11.527464
VERTEX 54.927273 0.998898 -11.492537
VERTEX 54.927273 0.998898 11.527464
VERTEX 54.927273 -1.034780 -11.492537
VERTEX 54.927273 -1.034780 11.527464
VERTEX 54.354321 -2.986081 -11.492537
VERTEX 54.354321 -2.986081 11.527464
VERTEX 53.254829 -4.696920 -11.492537
VERTEX 53.254829 -4.696920 11.527464
VERTEX 51.717876 -6.028697 -11.492537
VERTEX 51.717876 -6.028697 11.527464
VERTEX 49.867981 -6.873518 -11.492537
VERTEX 49.867981 -6.873518 11.527464
VERTEX 47.855000 -7.162941 -11.492537
VERTEX 47.855000 -7.162941 11.527464
VERTEX 0.000000 -8.750000 -11.510000
VERTEX 0.000000 8.750000 -11.510000
VERTEX 47.855000 7.145000 -11.510000
VERTEX 47.855000 -7.145000 -11.510000
VERTEX 0.000000 -8.750000 11.510000
VERTEX 47.855000 -7.145000 11.510000
VERTEX 47.855000 7.145000 11.510000
VERTEX 0.000000 8.750000 11.510000
VERTEX 47.855000 -7.145000 -7.510000
VERTEX 47.855000 7.145000 -7.510000
VERTEX 47.855000 -2.692687 -7.510000
VERTEX 47.855000 -2.692687 11.510000
VERTEX 47.855000 -7.145000 7.510000
VERTEX 47.855000 -2.692687 7.510000
VERTEX 0.109357 -3.998505 -7.510000
VERTEX 0.239088 -8.741982 -7.510000
VERTEX 0.239089 -8.741982 7.510000
VERTEX 0.109357 -3.998505 7.510000
VERTEX 8.750000 -3.762189 -5.000000
VERTEX 8.750000 8.456535 -5.000000
VERTEX 8.750000 8.456535 5.000000
VERTEX 8.750000 -3.762188 5.000000
VERTEX 0.239088 -8.741982 -5.000000
VERTEX 0.000000 -8.750000 -5.000000
VERTEX 0.109357 -3.998505 -5.000000
VERTEX 0.000000 0.000000 -5.000000
VERTEX 0.000000 8.750000 -5.000000
VERTEX 0.109357 -3.998506 5.000000
VERTEX 0.000000 -4.001497 5.000000
VERTEX 0.000000 -8.750000 5.000000
VERTEX 0.239089 -8.741982 5.000000
VERTEX 0.000000 8.750000 5.000000
VERTEX 0.000000 -8.750000 -7.510000
VERTEX 0.239089 -8.741982 11.510000
VERTEX 8.750000 8.456535 11.510000
VERTEX 8.750000 -3.762188 -7.510000
VERTEX 47.855000 7.145000 -5.000000
VERTEX 8.750000 -3.762188 7.510000
POLYGON 12
0
1
2
3
4
5
6
7
8
9
10
11
POLYGON 12
12
13
14
15
16
17
18
19
20
21
22
23
POLYGON 4
24
0
11
25
POLYGON 4
25
11
10
26
POLYGON 4
27
1
0
24
POLYGON 4
26
10
9
28
POLYGON 4
28
9
8
29
POLYGON 4
29
8
7
30
POLYGON 4
30
7
6
31
POLYGON 4
31
6
5
32
POLYGON 4
32
5
4
33
POLYGON 4
33
4
3
34
POLYGON 4
34
3
2
35
POLYGON 4
35
2
1
27
POLYGON 4
36
37
13
12
POLYGON 4
37
38
14
13
POLYGON 4
39
36
12
23
POLYGON 4
38
40
15
14
POLYGON 4
41
39
23
22
POLYGON 4
40
42
16
15
POLYGON 4
42
43
17
16
POLYGON 4
43
44
18
17
POLYGON 4
44
45
19
18
POLYGON 4
45
46
20
19
POLYGON 4
46
47
21
20
POLYGON 4
47
41
22
21
POLYGON 12
35
27
24
25
26
28
29
30
31
32
33
34
POLYGON 12
38
37
36
39
41
47
46
45
44
43
42
40
POLYGON 4
71
49
48
70
POLYGON 4
49
51
50
48
POLYGON 4
51
53
52
50
POLYGON 4
53
55
54
52
POLYGON 4
55
57
56
54
POLYGON 4
57
59
58
56
POLYGON 4
59
61
60
58
POLYGON 4
61
63
62
60
POLYGON 4
63
65
64
62
POLYGON 4
65
67
66
64
POLYGON 4
67
69
68
66
POLYGON 4
69
71
70
68
POLYGON 12
71
69
67
65
63
61
59
57
55
53
51
49
POLYGON 12
70
48
50
52
54
56
58
60
62
64
66
68
POLYGON 4
72
73
74
75
POLYGON 4
76
77
78
79
POLYGON 4
80
75
74
81
POLYGON 4
82
81
78
83
POLYGON 4
84
85
83
77
POLYGON 4
80
82
86
87
POLYGON 4
88
89
85
84
POLYGON 4
90
93
92
91
POLYGON 5
96
90
91
98
97
POLYGON 4
99
102
101
100
POLYGON 4
104
72
75
80
POLYGON 4
88
84
77
105
POLYGON 4
98
73
72
95
POLYGON 4
92
103
79
106
POLYGON 4
95
104
87
94
POLYGON 4
86
96
94
87
POLYGON 4
103
101
76
79
POLYGON 4
101
102
105
76
POLYGON 4
107
90
96
86
POLYGON 4
99
89
88
102
POLYGON 4
93
109
89
99
POLYGON 3
95
94
97
POLYGON 4
103
92
93
100
POLYGON 4
106
78
108
91
POLYGON 4
73
98
108
74
POLYGON 4
85
109
107
82
NULL
