VERTEX 32.727825 -4.305000 33.340000
VERTEX 25.753433 -4.305000 24.610001
VERTEX 32.727825 4.305000 33.340000
VERTEX 25.753433 4.305000 24.610001
VERTEX 63.453434 -4.305000 33.340000
VERTEX 63.453434 -4.305000 24.610001
VERTEX 63.453434 4.305000 33.340000
VERTEX 63.453434 4.305000 24.610001
VERTEX 32.727825 -12.305000 33.340000
VERTEX 63.453434 -12.305000 33.340000
VERTEX 63.453434 -12.305000 24.610001
VERTEX 25.753433 -12.305000 24.610001
VERTEX 63.453434 12.305000 33.340000
VERTEX 32.727825 12.305000 33.340000
VERTEX 25.753433 12.305000 24.610001
VERTEX 63.453434 12.305000 24.610001
VERTEX 47.978764 -4.305000 46.702591
VERTEX 50.863091 -4.305000 46.805603
VERTEX 53.703403 -4.305000 46.293156
VERTEX 56.369873 -4.305000 45.188667
VERTEX 58.740631 -4.305000 43.542622
VERTEX 60.707317 -4.305000 41.430248
VERTEX 62.180046 -4.305000 38.948105
VERTEX 45.182247 -4.305000 45.988823
VERTEX 63.091496 -4.305000 36.209633
VERTEX 42.601360 -4.305000 44.696922
VERTEX 63.400013 -4.305000 33.340000
VERTEX 49.900013 -4.305000 33.340000
VERTEX 40.354073 -4.305000 42.885941
VERTEX 45.182247 4.305000 45.988823
VERTEX 47.978764 4.305000 46.702591
VERTEX 50.863091 4.305000 46.805603
VERTEX 53.703403 4.305000 46.293156
VERTEX 56.369873 4.305000 45.188667
VERTEX 58.740631 4.305000 43.542622
VERTEX 60.707317 4.305000 41.430248
VERTEX 62.180046 4.305000 38.948105
VERTEX 63.091496 4.305000 36.209633
VERTEX 42.601360 4.305000 44.696922
VERTEX 63.400013 4.305000 33.340000
VERTEX 49.900013 4.305000 33.340000
VERTEX 40.354073 4.305000 42.885941
VERTEX 42.601360 -12.316818 44.696922
VERTEX 45.182247 -12.316818 45.988823
VERTEX 47.978764 -12.316818 46.702591
VERTEX 50.863091 -12.316818 46.805603
VERTEX 53.703403 -12.316818 46.293156
VERTEX 56.369873 -12.316818 45.188667
VERTEX 58.740631 -12.316818 43.542622
VERTEX 60.707317 -12.316818 41.430248
VERTEX 62.180046 -12.316818 38.948105
VERTEX 63.091496 -12.316818 36.209633
VERTEX 63.400013 -12.316818 33.340000
VERTEX 49.900013 -12.316818 33.340000
VERTEX 40.354073 -12.316818 42.885941
VERTEX 49.900013 12.293182 33.340000
VERTEX 63.400013 12.293182 33.340000
VERTEX 63.091496 12.293182 36.209633
VERTEX 62.180046 12.293182 38.948105
VERTEX 60.707317 12.293182 41.430248
VERTEX 58.740631 12.293182 43.542622
VERTEX 56.369873 12.293182 45.188667
VERTEX 53.703403 12.293182 46.293156
VERTEX 50.863091 12.293182 46.805603
VERTEX 47.978764 12.293182 46.702591
VERTEX 45.182247 12.293182 45.988819
VERTEX 42.601360 12.293182 44.696922
VERTEX 40.354073 12.293182 42.885941
VERTEX 0.000000 -12.265781 0.000000
VERTEX 0.000000 -12.265781 24.610001
VERTEX -3.466718 -11.767343 0.000000
VERTEX -3.466718 -11.767343 24.610001
VERTEX -6.652583 -10.312407 0.000000
VERTEX -6.652583 -10.312407 24.610001
VERTEX -9.299499 -8.018843 0.000000
VERTEX -9.299499 -8.018843 24.610001
VERTEX -11.193023 -5.072462 0.000000
VERTEX -11.193023 -5.072462 24.610001
VERTEX -12.179753 -1.711966 0.000000
VERTEX -12.179753 -1.711966 24.610001
VERTEX -12.179753 1.790401 0.000000
VERTEX -12.179753 1.790401 24.610001
VERTEX -11.193022 5.150902 0.000000
VERTEX -11.193022 5.150902 24.610001
VERTEX -9.299500 8.097279 0.000000
VERTEX -9.299500 8.097279 24.610001
VERTEX -6.652585 10.390844 0.000000
VERTEX -6.652585 10.390844 24.610001
VERTEX -3.466720 11.845779 0.000000
VERTEX -3.466720 11.845779 24.610001
VERTEX 0.000000 12.344219 0.000000
VERTEX 0.000000 12.344219 24.610001
VERTEX 63.400013 -4.305000 33.340000
VERTEX 32.727825 -4.305000 33.340000
VERTEX 49.900013 -4.305000 33.340000
VERTEX 49.900013 4.305000 33.340000
VERTEX 32.727825 4.305000 33.340000
VERTEX 63.400013 4.305000 33.340000
VERTEX 0.000000 -4.305000 24.610001
VERTEX 25.753433 -12.305000 24.610001
VERTEX 40.354073 -4.305000 42.885941
VERTEX 19.723133 12.305000 24.610001
VERTEX 25.753433 12.305000 24.610001
VERTEX 40.354073 4.305000 42.885941
VERTEX 63.500000 4.305000 24.610001
VERTEX 63.500000 -4.305000 24.610001
VERTEX 25.753435 4.305000 24.610001
VERTEX 19.723133 4.305000 24.610001
VERTEX 19.723133 -4.305000 24.610001
VERTEX 25.753431 -4.305000 24.610001
VERTEX 49.900013 12.293182 33.340000
VERTEX 32.727825 12.305000 33.340000
VERTEX 40.354073 12.293182 42.885941
VERTEX 32.727825 -12.305000 33.340000
VERTEX 49.900013 -12.316818 33.340000
VERTEX 40.354073 -12.316818 42.885941
VERTEX 33.214821 -12.305000 0.220878
VERTEX 33.214821 12.305000 0.220879
VERTEX 63.500000 -12.305000 24.610001
VERTEX 63.500000 -12.305000 3.756168
VERTEX 31.322659 -12.305000 0.000000
VERTEX 63.500000 12.305000 24.610001
VERTEX 31.322659 12.305000 0.000000
VERTEX 63.500000 12.305000 3.756168
VERTEX 33.240604 12.305000 0.000000
VERTEX 33.240604 -12.305000 0.000000
VERTEX 0.000000 12.305000 24.610001
VERTEX 0.000000 -12.305000 24.610001
VERTEX 0.000000 -12.305000 0.000000
VERTEX 0.000000 12.305000 0.000000
POLYGON 4
15
14
13
12
POLYGON 4
11
10
9
8
POLYGON 4
7
15
12
6
POLYGON 4
10
5
4
9
POLYGON 4
3
14
15
7
POLYGON 4
2
6
12
13
POLYGON 4
11
1
5
10
POLYGON 4
0
8
9
4
POLYGON 13
67
66
65
64
63
62
61
60
59
58
57
56
55
POLYGON 13
54
53
52
51
50
49
48
47
46
45
44
43
42
POLYGON 4
41
67
55
40
POLYGON 4
40
55
56
39
POLYGON 4
38
66
67
41
POLYGON 4
39
56
57
37
POLYGON 4
37
57
58
36
POLYGON 4
36
58
59
35
POLYGON 4
35
59
60
34
POLYGON 4
34
60
61
33
POLYGON 4
33
61
62
32
POLYGON 4
32
62
63
31
POLYGON 4
31
63
64
30
POLYGON 4
30
64
65
29
POLYGON 4
29
65
66
38
POLYGON 4
28
27
53
54
POLYGON 4
27
26
52
53
POLYGON 4
25
28
54
42
POLYGON 4
26
24
51
52
POLYGON 4
23
25
42
43
POLYGON 4
24
22
50
51
POLYGON 4
22
21
49
50
POLYGON 4
21
20
48
49
POLYGON 4
20
19
47
48
POLYGON 4
19
18
46
47
POLYGON 4
18
17
45
46
POLYGON 4
17
16
44
45
POLYGON 4
16
23
43
44
POLYGON 13
38
41
40
39
37
36
35
34
33
32
31
30
29
POLYGON 13
24
26
27
28
25
23
16
17
18
19
20
21
22
POLYGON 4
68
90
91
69
POLYGON 4
90
88
89
91
POLYGON 4
88
86
87
89
POLYGON 4
86
84
85
87
POLYGON 4
84
82
83
85
POLYGON 4
82
80
81
83
POLYGON 4
80
78
79
81
POLYGON 4
78
76
77
79
POLYGON 4
76
74
75
77
POLYGON 4
74
72
73
75
POLYGON 4
72
70
71
73
POLYGON 4
70
68
69
71
POLYGON 12
68
70
72
74
76
78
80
82
84
86
88
90
POLYGON 12
69
91
89
87
85
83
81
79
77
75
73
71
POLYGON 4
129
128
127
126
POLYGON 4
125
128
129
124
POLYGON 5
123
122
129
126
121
POLYGON 5
128
120
119
118
127
POLYGON 3
117
124
122
POLYGON 3
116
120
125
POLYGON 4
116
117
123
119
POLYGON 3
115
114
113
POLYGON 3
115
113
114
POLYGON 3
112
111
110
POLYGON 3
110
111
112
POLYGON 4
124
117
116
125
POLYGON 4
103
112
102
106
POLYGON 4
107
104
121
101
POLYGON 4
100
109
99
115
POLYGON 6
106
107
108
105
104
109
POLYGON 4
101
126
98
108
POLYGON 4
118
119
123
121
POLYGON 4
118
105
98
127
POLYGON 4
97
104
106
96
POLYGON 4
106
104
97
96
POLYGON 3
95
96
103
POLYGON 3
95
103
96
POLYGON 4
104
106
109
105
POLYGON 3
100
94
93
POLYGON 4
92
105
109
93
NULL
