VERTEX -22.224997 -38.494831 9.730000
VERTEX -25.799999 -34.919830 9.730000
VERTEX -25.799999 -34.919830 0.000000
VERTEX -22.224997 -38.494831 0.000000
VERTEX -22.225002 38.494827 9.730000
VERTEX -25.799999 34.919830 9.730000
VERTEX -25.799999 34.919830 0.000000
VERTEX -22.225002 38.494827 0.000000
VERTEX 0.000000 -44.450001 9.730000
VERTEX 0.000000 -44.450001 0.000000
VERTEX 0.000000 44.450001 9.730000
VERTEX 0.000000 44.450001 0.000000
VERTEX 22.224997 -38.494831 9.730000
VERTEX 25.799999 -34.919830 9.730000
VERTEX 25.799999 -34.919830 0.000000
VERTEX 22.224997 -38.494831 0.000000
VERTEX 25.799999 34.919830 9.730000
VERTEX 22.224998 38.494831 9.730000
VERTEX 22.224998 38.494831 0.000000
VERTEX 25.799999 34.919830 0.000000
POLYGON 4
19
18
17
16
POLYGON 4
15
14
13
12
POLYGON 4
13
14
19
16
POLYGON 4
18
11
10
17
POLYGON 4
9
15
12
8
POLYGON 4
7
6
5
4
POLYGON 10
14
15
9
3
2
6
7
11
18
19
POLYGON 10
16
17
10
4
5
1
0
8
12
13
POLYGON 4
2
3
0
1
POLYGON 4
2
1
5
6
POLYGON 4
11
7
4
10
POLYGON 4
3
9
8
0
NULL
