VERTEX 38.494831 22.225000 42.070000
VERTEX 38.494831 22.225000 0.000000
VERTEX 22.224998 38.494831 42.070000
VERTEX 22.224998 38.494831 0.000000
VERTEX 0.000000 44.450001 42.070000
VERTEX 0.000000 44.450001 0.000000
VERTEX -22.225002 38.494827 42.070000
VERTEX -22.225002 38.494827 0.000000
VERTEX -38.494827 22.225002 42.070000
VERTEX -38.494827 22.225002 0.000000
VERTEX -44.450001 0.000000 42.070000
VERTEX -44.450001 0.000000 0.000000
VERTEX -38.494831 -22.225000 42.070000
VERTEX -38.494831 -22.225000 0.000000
VERTEX -22.224997 -38.494831 42.070000
VERTEX -22.224997 -38.494831 0.000000
VERTEX 0.000000 -44.450001 42.070000
VERTEX 0.000000 -44.450001 0.000000
VERTEX 22.224997 -38.494831 42.070000
VERTEX 22.224997 -38.494831 0.000000
VERTEX 38.494827 -22.225008 42.070000
VERTEX 38.494827 -22.225008 0.000000
VERTEX 44.450001 0.000000 42.070000
VERTEX 44.450001 0.000000 0.000000
POLYGON 4
23
1
0
22
POLYGON 4
1
3
2
0
POLYGON 4
3
5
4
2
POLYGON 4
5
7
6
4
POLYGON 4
7
9
8
6
POLYGON 4
9
11
10
8
POLYGON 4
11
13
12
10
POLYGON 4
13
15
14
12
POLYGON 4
15
17
16
14
POLYGON 4
17
19
18
16
POLYGON 4
19
21
20
18
POLYGON 4
21
23
22
20
POLYGON 12
23
21
19
17
15
13
11
9
7
5
3
1
POLYGON 12
22
0
2
4
6
8
10
12
14
16
18
20
NULL
