POLYGON
4
-3.000000  -1.500000  8.000000
5.000000  -1.500000  8.000000
5.000000  1.500000  8.000000
-3.000000  1.500000  8.000000
POLYGON
4
-3.000000  -1.500000  9.000000
5.000000  -1.500000  9.000000
5.000000  1.500000  9.000000
-3.000000  1.500000  9.000000
POLYGON
4
-3.000000  1.500000  8.000000
-3.000000  -1.500000  8.000000
-3.000000  -1.500000  9.000000
-3.000000  1.500000  9.000000
POLYGON
4
5.000000  1.500000  8.000000
-3.000000  1.500000  8.000000
-3.000000  1.500000  9.000000
5.000000  1.500000  9.000000
POLYGON
4
5.000000  -1.500000  8.000000
5.000000  1.500000  8.000000
5.000000  1.500000  9.000000
5.000000  -1.500000  9.000000
POLYGON
4
-3.000000  -1.500000  8.000000
5.000000  -1.500000  8.000000
5.000000  -1.500000  9.000000
-3.000000  -1.500000  9.000000
POLYGON
4
-3.000000  -1.500000  8.000000
-1.000000  -1.500000  5.000000
1.000000  -1.500000  5.000000
5.000000  -1.500000  8.000000
POLYGON
4
5.000000  -1.500000  8.000000
1.000000  -1.500000  5.000000
1.000000  1.500000  5.000000
5.000000  1.500000  8.000000
POLYGON
4
5.000000  1.500000  8.000000
1.000000  1.500000  5.000000
-1.000000  1.500000  5.000000
-3.000000  1.500000  8.000000
POLYGON
4
-3.000000  1.500000  8.000000
-1.000000  1.500000  5.000000
-1.000000  -1.500000  5.000000
-3.000000  -1.500000  8.000000
POLYGON
4
-1.000000  -1.500000  0.000000
-1.000000  1.500000  0.000000
1.000000  1.500000  0.000000
1.000000  -1.500000  0.000000
POLYGON
4
-1.000000  -1.500000  5.000000
-1.000000  1.500000  5.000000
1.000000  1.500000  5.000000
1.000000  -1.500000  5.000000
POLYGON
4
-1.000000  1.500000  0.000000
-1.000000  -1.500000  0.000000
-1.000000  -1.500000  5.000000
-1.000000  1.500000  5.000000
POLYGON
4
1.000000  1.500000  0.000000
-1.000000  1.500000  0.000000
-1.000000  1.500000  5.000000
1.000000  1.500000  5.000000
POLYGON
4
1.000000  -1.500000  0.000000
1.000000  1.500000  0.000000
1.000000  1.500000  5.000000
1.000000  -1.500000  5.000000
POLYGON
4
-1.000000  -1.500000  0.000000
1.000000  -1.500000  0.000000
1.000000  -1.500000  5.000000
-1.000000  -1.500000  5.000000
NULL
