VERTEX 12.074073 3.235238 0.000000
VERTEX 10.825317 6.250000 0.000000
VERTEX 8.838835 8.838835 0.000000
VERTEX 6.250000 10.825317 0.000000
VERTEX 3.235238 12.074073 0.000000
VERTEX 0.000000 12.500000 0.000000
VERTEX -3.235238 12.074073 0.000000
VERTEX -6.250000 10.825317 0.000000
VERTEX -8.838835 8.838835 0.000000
VERTEX -10.825317 6.250000 0.000000
VERTEX -12.074073 3.235239 0.000000
VERTEX -12.500000 0.000000 0.000000
VERTEX -12.074073 -3.235239 0.000000
VERTEX -10.825317 -6.250000 0.000000
VERTEX -8.838836 -8.838834 0.000000
VERTEX -6.249999 -10.825318 0.000000
VERTEX -3.235237 -12.074073 0.000000
VERTEX 0.000000 -12.500000 0.000000
VERTEX 3.235238 -12.074073 0.000000
VERTEX 6.249999 -10.825318 0.000000
VERTEX 8.838834 -8.838836 0.000000
VERTEX 10.825316 -6.250002 0.000000
VERTEX 12.074074 -3.235235 0.000000
VERTEX 0.000000 0.000000 40.000000
VERTEX 12.500000 0.000000 0.000000
POLYGON 3
24
0
23
POLYGON 3
0
1
23
POLYGON 3
1
2
23
POLYGON 3
2
3
23
POLYGON 3
3
4
23
POLYGON 3
4
5
23
POLYGON 3
5
6
23
POLYGON 3
6
7
23
POLYGON 3
7
8
23
POLYGON 3
8
9
23
POLYGON 3
9
10
23
POLYGON 3
10
11
23
POLYGON 3
11
12
23
POLYGON 3
12
13
23
POLYGON 3
13
14
23
POLYGON 3
14
15
23
POLYGON 3
15
16
23
POLYGON 3
16
17
23
POLYGON 3
17
18
23
POLYGON 3
18
19
23
POLYGON 3
19
20
23
POLYGON 3
20
21
23
POLYGON 3
21
22
23
POLYGON 3
22
24
23
POLYGON 24
24
22
21
20
19
18
17
16
15
14
13
12
11
10
9
8
7
6
5
4
3
2
1
0
NULL
