VERTEX 20.000000 25.000000 50.000000
VERTEX 20.000000 25.000000 0.000000
VERTEX 20.000000 25.000000 45.000000
VERTEX -20.000000 25.000000 45.000000
VERTEX 20.000000 25.000000 5.000000
VERTEX -20.000000 25.000000 5.000000
VERTEX -20.000000 20.000000 45.000000
VERTEX 20.000000 20.000000 45.000000
VERTEX 20.000000 20.000000 5.000000
VERTEX -20.000000 20.000000 5.000000
VERTEX -25.000000 20.000000 0.000000
VERTEX -25.000000 20.000000 5.000000
VERTEX -25.000000 -25.000000 5.000000
VERTEX -25.000000 19.999998 50.000000
VERTEX -25.000000 -20.000000 50.000000
VERTEX -25.000000 20.000000 45.000000
VERTEX 20.000000 -20.000000 45.000000
VERTEX 20.000000 -20.000000 5.000000
VERTEX -20.000000 -20.000000 5.000000
VERTEX -20.000000 -20.000000 45.000000
VERTEX -25.000000 -20.000000 45.000000
VERTEX -25.000000 -20.000000 5.000000
VERTEX 20.000000 -25.000000 5.000000
VERTEX -20.000000 -25.000000 0.000000
VERTEX -20.000000 -25.000000 5.000000
VERTEX 25.000000 -25.000000 5.000000
VERTEX 20.000000 -25.000000 50.000000
VERTEX 20.000000 -25.000000 45.000000
VERTEX -20.000000 -25.000000 45.000000
VERTEX 25.000000 -20.000000 5.000000
VERTEX 25.000000 20.000000 5.000000
VERTEX 25.000000 20.000000 45.000000
VERTEX 25.000000 -20.000000 45.000000
VERTEX -20.000000 20.000000 0.000000
VERTEX 25.000000 25.000000 0.000000
VERTEX 25.000000 -25.000000 0.000000
VERTEX -25.000000 -25.000000 0.000000
VERTEX -25.000000 -20.000000 0.000000
VERTEX -20.000000 -20.000000 0.000000
VERTEX -20.000000 25.000000 0.000000
VERTEX -25.000000 25.000000 0.000000
VERTEX 25.000000 -19.999998 0.000000
VERTEX 25.000000 20.000000 0.000000
VERTEX 20.000000 20.000000 0.000000
VERTEX 20.000000 -20.000000 0.000000
VERTEX 20.000000 -20.000000 50.000000
VERTEX 20.000000 20.000000 50.000000
VERTEX 25.000000 25.000000 50.000000
VERTEX 25.000000 20.000000 50.000000
VERTEX -19.999998 20.000000 50.000000
VERTEX 25.000000 -20.000000 50.000000
VERTEX 25.000000 -25.000000 50.000000
VERTEX -20.000000 -19.999998 50.000000
VERTEX -25.000000 25.000000 50.000000
VERTEX -19.999998 25.000000 50.000000
VERTEX -20.000000 -25.000000 50.000000
VERTEX -25.000000 -25.000000 50.000000
POLYGON 4
56
55
54
53
POLYGON 4
52
55
51
50
POLYGON 4
49
48
47
54
POLYGON 4
46
45
50
48
POLYGON 4
44
43
42
41
POLYGON 4
40
39
38
37
POLYGON 4
36
37
41
35
POLYGON 4
34
42
33
39
POLYGON 4
32
31
48
50
POLYGON 4
30
29
41
42
POLYGON 4
42
34
47
48
POLYGON 4
50
51
35
41
POLYGON 4
28
27
26
55
POLYGON 4
35
25
24
23
POLYGON 4
36
23
55
56
POLYGON 4
51
26
22
25
POLYGON 4
21
20
19
18
POLYGON 4
17
16
19
18
POLYGON 4
17
16
32
29
POLYGON 4
52
45
16
19
POLYGON 4
38
18
17
44
POLYGON 4
15
20
14
13
POLYGON 4
36
12
11
10
POLYGON 4
40
10
13
53
POLYGON 4
56
14
21
12
POLYGON 4
9
6
7
8
POLYGON 4
9
8
4
5
POLYGON 4
5
3
6
9
POLYGON 4
8
7
2
4
POLYGON 4
3
2
7
6
POLYGON 4
22
27
16
17
POLYGON 4
8
7
16
17
POLYGON 4
44
17
8
43
POLYGON 4
45
46
7
16
POLYGON 4
18
19
6
9
POLYGON 4
21
18
9
11
POLYGON 4
9
6
15
11
POLYGON 4
20
15
6
19
POLYGON 4
30
31
7
8
POLYGON 4
43
8
9
33
POLYGON 4
46
49
6
7
POLYGON 4
24
22
17
18
POLYGON 4
18
19
28
24
POLYGON 4
28
19
16
27
POLYGON 4
49
52
19
6
POLYGON 4
33
9
18
38
POLYGON 4
29
30
8
17
POLYGON 4
16
7
31
32
POLYGON 4
19
16
7
6
POLYGON 4
18
9
8
17
POLYGON 4
2
3
54
0
POLYGON 4
5
4
1
39
POLYGON 4
39
40
53
54
POLYGON 4
0
47
34
1
NULL
