POLYGON
4
2.032000  0.000000  -6.197599
1.759764  1.016000  -6.197599
1.759764  1.016000  -0.101600
2.032000  0.000000  -0.101600
POLYGON
4
1.759764  1.016000  -6.197599
1.016000  1.759764  -6.197599
1.016000  1.759764  -0.101600
1.759764  1.016000  -0.101600
POLYGON
4
1.016000  1.759764  -6.197599
0.000000  2.032000  -6.197599
0.000000  2.032000  -0.101600
1.016000  1.759764  -0.101600
POLYGON
4
0.000000  2.032000  -6.197599
-1.016000  1.759763  -6.197599
-1.016000  1.759763  -0.101600
0.000000  2.032000  -0.101600
POLYGON
4
-1.016000  1.759763  -6.197599
-1.759763  1.016000  -6.197599
-1.759763  1.016000  -0.101600
-1.016000  1.759763  -0.101600
POLYGON
4
-1.759763  1.016000  -6.197599
-2.032000  0.000000  -6.197599
-2.032000  0.000000  -0.101600
-1.759763  1.016000  -0.101600
POLYGON
4
-2.032000  0.000000  -6.197599
-1.759764  -1.016000  -6.197599
-1.759764  -1.016000  -0.101600
-2.032000  0.000000  -0.101600
POLYGON
4
-1.759764  -1.016000  -6.197599
-1.016000  -1.759764  -6.197599
-1.016000  -1.759764  -0.101600
-1.759764  -1.016000  -0.101600
POLYGON
4
-1.016000  -1.759764  -6.197599
0.000000  -2.032000  -6.197599
0.000000  -2.032000  -0.101600
-1.016000  -1.759764  -0.101600
POLYGON
4
0.000000  -2.032000  -6.197599
1.016000  -1.759764  -6.197599
1.016000  -1.759764  -0.101600
0.000000  -2.032000  -0.101600
POLYGON
4
1.016000  -1.759764  -6.197599
1.759763  -1.016000  -6.197599
1.759763  -1.016000  -0.101600
1.016000  -1.759764  -0.101600
POLYGON
4
1.759763  -1.016000  -6.197599
2.032000  0.000000  -6.197599
2.032000  0.000000  -0.101600
1.759763  -1.016000  -0.101600
POLYGON
12
2.032000  0.000000  -6.197599
1.759763  -1.016000  -6.197599
1.016000  -1.759764  -6.197599
0.000000  -2.032000  -6.197599
-1.016000  -1.759764  -6.197599
-1.759764  -1.016000  -6.197599
-2.032000  0.000000  -6.197599
-1.759763  1.016000  -6.197599
-1.016000  1.759763  -6.197599
0.000000  2.032000  -6.197599
1.016000  1.759764  -6.197599
1.759764  1.016000  -6.197599
POLYGON
12
2.032000  0.000000  -0.101600
1.759764  1.016000  -0.101600
1.016000  1.759764  -0.101600
0.000000  2.032000  -0.101600
-1.016000  1.759763  -0.101600
-1.759763  1.016000  -0.101600
-2.032000  0.000000  -0.101600
-1.759764  -1.016000  -0.101600
-1.016000  -1.759764  -0.101600
0.000000  -2.032000  -0.101600
1.016000  -1.759764  -0.101600
1.759763  -1.016000  -0.101600
NULL
