VERTEX 2.032000  0.000000  -6.197599
VERTEX 1.759763  -1.016000  -6.197599
VERTEX 1.016000  -1.759764  -6.197599
VERTEX 0.000000  -2.032000  -6.197599
VERTEX -1.016000  -1.759764  -6.197599
VERTEX -1.759764  -1.016000  -6.197599
VERTEX -2.032000  0.000000  -6.197599
VERTEX -1.759763  1.016000  -6.197599
VERTEX -1.016000  1.759763  -6.197599
VERTEX 0.000000  2.032000  -6.197599
VERTEX 1.016000  1.759764  -6.197599
VERTEX 1.759764  1.016000  -6.197599
VERTEX 2.032000  0.000000  -0.101600
VERTEX 1.759764  1.016000  -0.101600
VERTEX 1.016000  1.759764  -0.101600
VERTEX 0.000000  2.032000  -0.101600
VERTEX -1.016000  1.759763  -0.101600
VERTEX -1.759763  1.016000  -0.101600
VERTEX -2.032000  0.000000  -0.101600
VERTEX -1.759764  -1.016000  -0.101600
VERTEX -1.016000  -1.759764  -0.101600
VERTEX 0.000000  -2.032000  -0.101600
VERTEX 1.016000  -1.759764  -0.101600
VERTEX 1.759763  -1.016000  -0.101600
POLYGON 12
0
1
2
3
4
5
6
7
8
9
10
11
POLYGON 12
12
13
14
15
16
17
18
19
20
21
22
23
POLYGON 4
12
23
1
0
POLYGON 4
23
22
2
1
POLYGON 4
22
21
3
2
POLYGON 4
21
20
4
3
POLYGON 4
20
19
5
4
POLYGON 4
19
18
6
5
POLYGON 4
18
17
7
6
POLYGON 4
17
16
8
7
POLYGON 4
16
15
9
8
POLYGON  4
15
14
10
9
POLYGON 4
14
13
11
10
POLYGON 4
13
12
0
11
NULL
