POLYGON
4
1.500000  0.000000  0.000000
1.299038  0.750000  0.000000
1.299038  0.750000  5.000000
1.500000  0.000000  5.000000
POLYGON
4
1.299038  0.750000  0.000000
0.750000  1.299038  0.000000
0.750000  1.299038  5.000000
1.299038  0.750000  5.000000
POLYGON
4
0.750000  1.299038  0.000000
0.000000  1.500000  0.000000
0.000000  1.500000  5.000000
0.750000  1.299038  5.000000
POLYGON
4
0.000000  1.500000  0.000000
-0.750000  1.299038  0.000000
-0.750000  1.299038  5.000000
0.000000  1.500000  5.000000
POLYGON
4
-0.750000  1.299038  0.000000
-1.299038  0.750000  0.000000
-1.299038  0.750000  5.000000
-0.750000  1.299038  5.000000
POLYGON
4
-1.299038  0.750000  0.000000
-1.500000  0.000000  0.000000
-1.500000  0.000000  5.000000
-1.299038  0.750000  5.000000
POLYGON
4
-1.500000  0.000000  0.000000
-1.299038  -0.750000  0.000000
-1.299038  -0.750000  5.000000
-1.500000  0.000000  5.000000
POLYGON
4
-1.299038  -0.750000  0.000000
-0.750000  -1.299038  0.000000
-0.750000  -1.299038  5.000000
-1.299038  -0.750000  5.000000
POLYGON
4
-0.750000  -1.299038  0.000000
0.000000  -1.500000  0.000000
0.000000  -1.500000  5.000000
-0.750000  -1.299038  5.000000
POLYGON
4
0.000000  -1.500000  0.000000
0.750000  -1.299038  0.000000
0.750000  -1.299038  5.000000
0.000000  -1.500000  5.000000
POLYGON
4
0.750000  -1.299038  0.000000
1.299038  -0.750000  0.000000
1.299038  -0.750000  5.000000
0.750000  -1.299038  5.000000
POLYGON
4
1.299038  -0.750000  0.000000
1.500000  0.000000  0.000000
1.500000  0.000000  5.000000
1.299038  -0.750000  5.000000
POLYGON
12
1.500000  0.000000  0.000000
1.299038  -0.750000  0.000000
0.750000  -1.299038  0.000000
0.000000  -1.500000  0.000000
-0.750000  -1.299038  0.000000
-1.299038  -0.750000  0.000000
-1.500000  0.000000  0.000000
-1.299038  0.750000  0.000000
-0.750000  1.299038  0.000000
0.000000  1.500000  0.000000
0.750000  1.299038  0.000000
1.299038  0.750000  0.000000
POLYGON
12
1.500000  0.000000  5.000000
1.299038  0.750000  5.000000
0.750000  1.299038  5.000000
0.000000  1.500000  5.000000
-0.750000  1.299038  5.000000
-1.299038  0.750000  5.000000
-1.500000  0.000000  5.000000
-1.299038  -0.750000  5.000000
-0.750000  -1.299038  5.000000
0.000000  -1.500000  5.000000
0.750000  -1.299038  5.000000
1.299038  -0.750000  5.000000
NULL
