VERTEX -22.225000 -53.975000 26.035001
VERTEX -22.225000 -50.800000 26.035001
VERTEX -25.400000 -50.800000 26.035001
VERTEX -25.400000 -53.975000 26.035001
VERTEX -25.400000 -50.800000 0.000000
VERTEX -22.225000 -50.800000 0.000000
VERTEX -22.225000 -53.975000 0.000000
VERTEX -25.400000 -53.975000 0.000000
VERTEX 22.225000 -53.975000 0.000000
VERTEX 25.400000 -53.975000 0.000000
VERTEX 25.400000 -50.800000 0.000000
VERTEX 22.225000 -50.800000 0.000000
VERTEX 22.225000 -53.975000 26.035001
VERTEX 22.225000 -50.800000 26.035001
VERTEX 25.400000 -50.800000 26.035001
VERTEX 25.400000 -53.975000 26.035001
VERTEX 25.400000 -101.600000 26.035001
VERTEX 25.400000 -98.425000 26.035001
VERTEX 22.225000 -98.425000 26.035001
VERTEX 22.225000 -101.600000 26.035001
VERTEX 22.225000 -98.425000 0.000000
VERTEX 25.400000 -98.425000 0.000000
VERTEX 25.400000 -101.600000 0.000000
VERTEX 22.225000 -101.600000 0.000000
VERTEX -22.225000 -101.600000 26.035001
VERTEX -22.225000 -98.425000 26.035001
VERTEX -25.400000 -98.425000 26.035001
VERTEX -25.400000 -101.600000 26.035001
VERTEX -25.400000 -98.425000 0.000000
VERTEX -22.225000 -98.425000 0.000000
VERTEX -22.225000 -101.600000 0.000000
VERTEX -25.400000 -101.600000 0.000000
VERTEX 22.225000 -25.400000 26.035001
VERTEX 25.400000 -25.400000 26.035001
VERTEX 25.400000 -101.600000 26.035001
VERTEX 22.225000 -101.600000 26.035001
VERTEX 22.225000 -25.400000 29.210001
VERTEX 25.400000 -25.400000 29.210001
VERTEX 25.400000 -101.600000 29.210001
VERTEX 22.225000 -101.600000 29.210001
VERTEX -25.400000 -25.400000 26.035001
VERTEX -22.225000 -25.400000 26.035001
VERTEX -22.225000 -101.600000 26.035001
VERTEX -25.400000 -101.600000 26.035001
VERTEX -25.400000 -25.400000 29.210001
VERTEX -22.225000 -25.400000 29.210001
VERTEX -22.225000 -101.600000 29.210001
VERTEX -25.400000 -101.600000 29.210001
VERTEX -25.400000 -50.800000 26.035001
VERTEX 25.400000 -50.800000 26.035001
VERTEX 25.400000 -53.975000 26.035001
VERTEX -25.400000 -53.975000 26.035001
VERTEX -25.400000 -50.800000 29.210001
VERTEX 25.400000 -50.800000 29.210001
VERTEX 25.400000 -53.975000 29.210001
VERTEX -25.400000 -53.975000 29.210001
VERTEX -25.400000 -98.425000 26.035001
VERTEX 25.400000 -98.425000 26.035001
VERTEX 25.400000 -101.600000 26.035001
VERTEX -25.400000 -101.600000 26.035001
VERTEX -25.400000 -98.425000 29.210001
VERTEX 25.400000 -98.425000 29.210001
VERTEX 25.400000 -101.600000 29.210001
VERTEX -25.400000 -101.600000 29.210001
VERTEX -22.225000 -101.600000 12.065000
VERTEX 22.225000 -101.600000 12.065000
VERTEX 22.225000 -98.425000 12.065000
VERTEX -22.225000 -98.425000 12.065000
VERTEX -22.225000 -101.600000 8.890000
VERTEX 22.225000 -101.600000 8.890000
VERTEX 22.225000 -98.425000 8.890000
VERTEX -22.225000 -98.425000 8.890000
VERTEX -22.225000 -53.975000 12.065000
VERTEX 22.225000 -53.975000 12.065000
VERTEX 22.225000 -50.800000 12.065000
VERTEX -22.225000 -50.800000 12.065000
VERTEX -22.225000 -53.975000 8.890000
VERTEX 22.225000 -53.975000 8.890000
VERTEX 22.225000 -50.800000 8.890000
VERTEX -22.225000 -50.800000 8.890000
VERTEX -22.225001 -98.425000 12.065000
VERTEX -22.224999 -53.975000 12.065000
VERTEX -25.399999 -53.975000 12.065000
VERTEX -25.400001 -98.425000 12.065000
VERTEX -22.225001 -98.425000 8.890000
VERTEX -22.224999 -53.975000 8.890000
VERTEX -25.399999 -53.975000 8.890000
VERTEX -25.400001 -98.425000 8.890000
VERTEX 25.399999 -98.425000 12.065000
VERTEX 25.400001 -53.975000 12.065000
VERTEX 22.225001 -53.975000 12.065000
VERTEX 22.224999 -98.425000 12.065000
VERTEX 25.399999 -98.425000 8.890000
VERTEX 25.400001 -53.975000 8.890000
VERTEX 22.225001 -53.975000 8.890000
VERTEX 22.224999 -98.425000 8.890000
VERTEX 53.975000 -22.225000 26.035001
VERTEX 50.800000 -22.225000 26.035001
VERTEX 50.800000 -25.400000 26.035001
VERTEX 53.975000 -25.400000 26.035001
VERTEX 50.800000 -25.400000 0.000000
VERTEX 50.800000 -22.225000 0.000000
VERTEX 53.975000 -22.225000 0.000000
VERTEX 53.975000 -25.400000 0.000000
VERTEX 53.975000 22.225000 0.000000
VERTEX 53.975000 25.400000 0.000000
VERTEX 50.800000 25.400000 0.000000
VERTEX 50.800000 22.225000 0.000000
VERTEX 53.975000 22.225000 26.035001
VERTEX 50.800000 22.225000 26.035001
VERTEX 50.800000 25.400000 26.035001
VERTEX 53.975000 25.400000 26.035001
VERTEX 101.600000 25.400000 26.035001
VERTEX 98.425000 25.400000 26.035001
VERTEX 98.425000 22.225000 26.035001
VERTEX 101.600000 22.225000 26.035001
VERTEX 98.425000 22.225000 0.000000
VERTEX 98.425000 25.400000 0.000000
VERTEX 101.600000 25.400000 0.000000
VERTEX 101.600000 22.225000 0.000000
VERTEX 101.600000 -22.225000 26.035001
VERTEX 98.425000 -22.225000 26.035001
VERTEX 98.425000 -25.400000 26.035001
VERTEX 101.600000 -25.400000 26.035001
VERTEX 98.425000 -25.400000 0.000000
VERTEX 98.425000 -22.225000 0.000000
VERTEX 101.600000 -22.225000 0.000000
VERTEX 101.600000 -25.400000 0.000000
VERTEX 25.400000 22.225000 26.035001
VERTEX 25.400000 25.400000 26.035001
VERTEX 101.600000 25.400000 26.035001
VERTEX 101.600000 22.225000 26.035001
VERTEX 25.400000 22.225000 29.210001
VERTEX 25.400000 25.400000 29.210001
VERTEX 101.600000 25.400000 29.210001
VERTEX 101.600000 22.225000 29.210001
VERTEX 25.400000 -25.400000 26.035001
VERTEX 25.400000 -22.225000 26.035001
VERTEX 101.600000 -22.225000 26.035001
VERTEX 101.600000 -25.400000 26.035001
VERTEX 25.400000 -25.400000 29.210001
VERTEX 25.400000 -22.225000 29.210001
VERTEX 101.600000 -22.225000 29.210001
VERTEX 101.600000 -25.400000 29.210001
VERTEX 50.800000 -25.400000 26.035001
VERTEX 50.800000 25.400000 26.035001
VERTEX 53.975000 25.400000 26.035001
VERTEX 53.975000 -25.400000 26.035001
VERTEX 50.800000 -25.400000 29.210001
VERTEX 50.800000 25.400000 29.210001
VERTEX 53.975000 25.400000 29.210001
VERTEX 53.975000 -25.400000 29.210001
VERTEX 98.425000 -25.400000 26.035001
VERTEX 98.425000 25.400000 26.035001
VERTEX 101.600000 25.400000 26.035001
VERTEX 101.600000 -25.400000 26.035001
VERTEX 98.425000 -25.400000 29.210001
VERTEX 98.425000 25.400000 29.210001
VERTEX 101.600000 25.400000 29.210001
VERTEX 101.600000 -25.400000 29.210001
VERTEX 101.600000 -22.225000 12.065000
VERTEX 101.600000 22.225000 12.065000
VERTEX 98.425000 22.225000 12.065000
VERTEX 98.425000 -22.225000 12.065000
VERTEX 101.600000 -22.225000 8.890000
VERTEX 101.600000 22.225000 8.890000
VERTEX 98.425000 22.225000 8.890000
VERTEX 98.425000 -22.225000 8.890000
VERTEX 53.975000 -22.225000 12.065000
VERTEX 53.975000 22.225000 12.065000
VERTEX 50.800000 22.225000 12.065000
VERTEX 50.800000 -22.225000 12.065000
VERTEX 53.975000 -22.225000 8.890000
VERTEX 53.975000 22.225000 8.890000
VERTEX 50.800000 22.225000 8.890000
VERTEX 50.800000 -22.225000 8.890000
VERTEX 98.425000 -22.225001 12.065000
VERTEX 53.975000 -22.224999 12.065000
VERTEX 53.975000 -25.399999 12.065000
VERTEX 98.425000 -25.400001 12.065000
VERTEX 98.425000 -22.225001 8.890000
VERTEX 53.975000 -22.224999 8.890000
VERTEX 53.975000 -25.399999 8.890000
VERTEX 98.425000 -25.400001 8.890000
VERTEX 98.425000 25.399999 12.065000
VERTEX 53.975000 25.400001 12.065000
VERTEX 53.975000 22.225001 12.065000
VERTEX 98.425000 22.224999 12.065000
VERTEX 98.425000 25.399999 8.890000
VERTEX 53.975000 25.400001 8.890000
VERTEX 53.975000 22.225001 8.890000
VERTEX 98.425000 22.224999 8.890000
VERTEX -25.400000 -25.400000 30.479999
VERTEX 25.400000 -25.400000 30.479999
VERTEX 25.400000 25.400000 30.479999
VERTEX -25.400000 25.400000 30.479999
VERTEX -25.400000 -25.400000 28.575000
VERTEX 25.400000 -25.400000 28.575000
VERTEX 25.400000 25.400000 28.575000
VERTEX -25.400000 25.400000 28.575000
VERTEX -25.400000 -25.400000 0.000000
VERTEX -20.320000 -25.400000 0.000000
VERTEX -20.320000 -20.320000 0.000000
VERTEX -25.400000 -20.320000 0.000000
VERTEX -25.400000 -25.400000 28.575000
VERTEX -25.400000 -20.320000 28.575000
VERTEX -20.320000 -20.320000 28.575000
VERTEX -20.320000 -25.400000 28.575000
VERTEX 20.319998 -25.400000 0.000000
VERTEX 25.399999 -25.400000 0.000000
VERTEX 25.399999 -20.320000 0.000000
VERTEX 20.319998 -20.320000 0.000000
VERTEX 20.319998 -25.400000 28.575000
VERTEX 20.319998 -20.320000 28.575000
VERTEX 25.399999 -20.320000 28.575000
VERTEX 25.399999 -25.400000 28.575000
VERTEX 20.319998 20.319998 0.000000
VERTEX 25.399999 20.319998 0.000000
VERTEX 25.399999 25.399999 0.000000
VERTEX 20.319998 25.399999 0.000000
VERTEX 20.319998 20.319998 28.575000
VERTEX 20.319998 25.399999 28.575000
VERTEX 25.399999 25.399999 28.575000
VERTEX 25.399999 20.319998 28.575000
VERTEX -25.400000 20.319998 0.000000
VERTEX -20.320000 20.319998 0.000000
VERTEX -20.320000 25.399999 0.000000
VERTEX -25.400000 25.399999 0.000000
VERTEX -25.400000 20.319998 28.575000
VERTEX -25.400000 25.399999 28.575000
VERTEX -20.320000 25.399999 28.575000
VERTEX -20.320000 20.319998 28.575000
VERTEX 20.320000 -20.320000 5.080000
VERTEX 25.400000 -20.320000 5.080000
VERTEX 25.400000 20.320000 5.080000
VERTEX 20.320000 20.320000 5.080000
VERTEX 20.320000 -20.320000 10.160000
VERTEX 20.320000 20.320000 10.160000
VERTEX 25.400000 20.320000 10.160000
VERTEX 25.400000 -20.320000 10.160000
VERTEX -25.399999 -20.320000 5.080000
VERTEX -20.319998 -20.320000 5.080000
VERTEX -20.319998 20.320000 5.080000
VERTEX -25.399999 20.320000 5.080000
VERTEX -25.399999 -20.320000 10.160000
VERTEX -25.399999 20.320000 10.160000
VERTEX -20.319998 20.320000 10.160000
VERTEX -20.319998 -20.320000 10.160000
VERTEX 20.320000 -25.399999 5.080000
VERTEX 20.320000 -20.319998 5.080000
VERTEX -20.320000 -20.319998 5.080000
VERTEX -20.320000 -25.399999 5.080000
VERTEX 20.320000 -25.399999 10.160000
VERTEX -20.320000 -25.399999 10.160000
VERTEX -20.320000 -20.319998 10.160000
VERTEX 20.320000 -20.319998 10.160000
VERTEX 20.320000 20.320000 5.080000
VERTEX 20.320000 25.400000 5.080000
VERTEX -20.320000 25.400000 5.080000
VERTEX -20.320000 20.320000 5.080000
VERTEX 20.320000 20.320000 10.160000
VERTEX -20.320000 20.320000 10.160000
VERTEX -20.320000 25.400000 10.160000
VERTEX 20.320000 25.400000 10.160000
POLYGON 4
15
14
8
11
POLYGON 4
14
13
9
8
POLYGON 4
13
12
10
9
POLYGON 4
12
15
11
10
POLYGON 4
16
17
23
20
POLYGON 4
17
18
22
23
POLYGON 4
18
19
21
22
POLYGON 4
19
16
20
21
POLYGON 4
31
30
24
27
POLYGON 4
30
29
25
24
POLYGON 4
29
28
26
25
POLYGON 4
28
31
27
26
POLYGON 4
39
38
32
35
POLYGON 4
38
37
33
32
POLYGON 4
37
36
34
33
POLYGON 4
36
39
35
34
POLYGON 4
47
44
40
43
POLYGON 4
45
46
42
41
POLYGON 4
43
40
41
42
POLYGON 4
47
46
45
44
POLYGON 4
55
52
48
51
POLYGON 4
53
54
50
49
POLYGON 4
51
48
49
50
POLYGON 4
55
54
53
52
POLYGON 4
60
61
57
56
POLYGON 4
62
63
59
58
POLYGON 4
59
56
57
58
POLYGON 4
63
62
61
60
POLYGON 4
68
69
65
64
POLYGON 4
70
71
67
66
POLYGON 4
67
64
65
66
POLYGON 4
71
70
69
68
POLYGON 4
75
74
78
79
POLYGON 4
73
72
76
77
POLYGON 4
76
79
78
77
POLYGON 4
72
73
74
75
POLYGON 4
83
82
86
87
POLYGON 4
81
80
84
85
POLYGON 4
84
87
86
85
POLYGON 4
80
81
82
83
POLYGON 4
91
90
94
95
POLYGON 4
89
88
92
93
POLYGON 4
92
95
94
93
POLYGON 4
88
89
90
91
POLYGON 4
99
98
102
103
POLYGON 4
97
96
100
101
POLYGON 4
100
103
102
101
POLYGON 4
96
97
98
99
POLYGON 4
111
110
104
107
POLYGON 4
110
109
105
104
POLYGON 4
109
108
106
105
POLYGON 4
108
111
107
106
POLYGON 4
112
113
119
116
POLYGON 4
113
114
118
119
POLYGON 4
114
115
117
118
POLYGON 4
115
112
116
117
POLYGON 4
127
126
120
123
POLYGON 4
126
125
121
120
POLYGON 4
125
124
122
121
POLYGON 4
124
127
123
122
POLYGON 4
135
134
128
131
POLYGON 4
134
133
129
128
POLYGON 4
133
132
130
129
POLYGON 4
132
135
131
130
POLYGON 4
143
140
136
139
POLYGON 4
141
142
138
137
POLYGON 4
139
136
137
138
POLYGON 4
143
142
141
140
POLYGON 4
151
148
144
147
POLYGON 4
149
150
146
145
POLYGON 4
147
144
145
146
POLYGON 4
151
150
149
148
POLYGON 4
156
157
153
152
POLYGON 4
158
159
155
154
POLYGON 4
155
152
153
154
POLYGON 4
159
158
157
156
POLYGON 4
164
165
161
160
POLYGON 4
166
167
163
162
POLYGON 4
163
160
161
162
POLYGON 4
167
166
165
164
POLYGON 4
171
170
174
175
POLYGON 4
169
168
172
173
POLYGON 4
172
175
174
173
POLYGON 4
168
169
170
171
POLYGON 4
179
178
182
183
POLYGON 4
177
176
180
181
POLYGON 4
180
183
182
181
POLYGON 4
176
177
178
179
POLYGON 4
187
186
190
191
POLYGON 4
185
184
188
189
POLYGON 4
188
191
190
189
POLYGON 4
184
185
186
187
POLYGON 4
195
194
198
199
POLYGON 4
193
192
196
197
POLYGON 4
196
199
198
197
POLYGON 4
192
193
194
195
POLYGON 4
200
203
207
204
POLYGON 4
203
202
206
207
POLYGON 4
202
201
205
206
POLYGON 4
201
200
204
205
POLYGON 4
204
207
206
205
POLYGON 4
200
201
202
203
POLYGON 4
208
209
215
212
POLYGON 4
209
210
214
215
POLYGON 4
210
211
213
214
POLYGON 4
211
208
212
213
POLYGON 4
216
217
223
220
POLYGON 4
217
218
222
223
POLYGON 4
218
219
221
222
POLYGON 4
219
216
220
221
POLYGON 4
224
225
231
228
POLYGON 4
225
226
230
231
POLYGON 4
226
227
229
230
POLYGON 4
227
224
228
229
POLYGON 4
232
233
239
236
POLYGON 4
233
234
238
239
POLYGON 4
234
235
237
238
POLYGON 4
235
232
236
237
POLYGON 4
241
242
246
247
POLYGON 4
243
240
244
245
POLYGON 4
244
247
246
245
POLYGON 4
240
243
242
241
POLYGON 4
249
250
254
255
POLYGON 4
251
248
252
253
POLYGON 4
252
255
254
253
POLYGON 4
248
251
250
249
POLYGON 4
257
258
262
263
POLYGON 4
259
256
260
261
POLYGON 4
260
263
262
261
POLYGON 4
256
259
258
257
POLYGON 4
265
266
270
271
POLYGON 4
267
264
268
269
POLYGON 4
268
271
270
269
POLYGON 4
264
267
266
265
NULL
