VERTEX 4.081992 -1.093769 -14.392395
VERTEX 7.833282 -2.098927 -12.618804
VERTEX 10.949967 -2.934043 -9.822913
VERTEX 13.179553 -3.531461 -6.231227
VERTEX 14.341409 -3.842780 -2.134724
VERTEX 14.341409 -3.842780 2.134721
VERTEX 13.179554 -3.531461 6.231225
VERTEX 10.949968 -2.934044 9.822910
VERTEX 7.833283 -2.098928 12.618803
VERTEX 4.081991 -1.093769 14.392395
VERTEX 3.659813 -2.112997 -14.392395
VERTEX 7.023127 -4.054811 -12.618804
VERTEX 9.817470 -5.668128 -9.822913
VERTEX 11.816462 -6.822248 -6.231227
VERTEX 12.858153 -7.423669 -2.134724
VERTEX 12.858153 -7.423669 2.134721
VERTEX 11.816463 -6.822248 6.231225
VERTEX 9.817472 -5.668128 9.822910
VERTEX 7.023128 -4.054811 12.618803
VERTEX 3.659812 -2.112997 14.392395
VERTEX 2.988224 -2.988228 -14.392395
VERTEX 5.734358 -5.734365 -12.618804
VERTEX 8.015928 -8.015939 -9.822913
VERTEX 9.648098 -9.648110 -6.231227
VERTEX 10.498635 -10.498649 -2.134724
VERTEX 10.498635 -10.498649 2.134721
VERTEX 9.648099 -9.648110 6.231225
VERTEX 8.015930 -8.015940 9.822910
VERTEX 5.734358 -5.734365 12.618803
VERTEX 2.988224 -2.988227 14.392395
VERTEX 2.112993 -3.659815 -14.392395
VERTEX 4.054801 -7.023132 -12.618804
VERTEX 5.668115 -9.817476 -9.822913
VERTEX 6.822233 -11.816469 -6.231227
VERTEX 7.423653 -12.858162 -2.134724
VERTEX 7.423653 -12.858162 2.134721
VERTEX 6.822233 -11.816470 6.231225
VERTEX 5.668116 -9.817478 9.822910
VERTEX 4.054802 -7.023133 12.618803
VERTEX 2.112992 -3.659815 14.392395
VERTEX 1.093764 -4.081993 -14.392395
VERTEX 2.098918 -7.833284 -12.618804
VERTEX 2.934030 -10.949970 -9.822913
VERTEX 3.531444 -13.179557 -6.231227
VERTEX 3.842762 -14.341413 -2.134724
VERTEX 3.842762 -14.341413 2.134721
VERTEX 3.531445 -13.179558 6.231225
VERTEX 2.934030 -10.949972 9.822910
VERTEX 2.098918 -7.833285 12.618803
VERTEX 1.093764 -4.081993 14.392395
VERTEX 0.000000 -4.225989 -14.392395
VERTEX 0.000000 -8.109612 -12.618804
VERTEX 0.000000 -11.336242 -9.822913
VERTEX 0.000000 -13.644480 -6.231227
VERTEX 0.000000 -14.847322 -2.134724
VERTEX 0.000000 -14.847322 2.134721
VERTEX 0.000000 -13.644481 6.231225
VERTEX 0.000000 -11.336244 9.822910
VERTEX 0.000000 -8.109612 12.618803
VERTEX 0.000000 -4.225989 14.392395
VERTEX -1.093768 -4.081992 -14.392395
VERTEX -2.098925 -7.833282 -12.618804
VERTEX -2.934040 -10.949967 -9.822913
VERTEX -3.531456 -13.179554 -6.231227
VERTEX -3.842775 -14.341410 -2.134724
VERTEX -3.842775 -14.341410 2.134721
VERTEX -3.531457 -13.179555 6.231225
VERTEX -2.934040 -10.949969 9.822910
VERTEX -2.098925 -7.833283 12.618803
VERTEX -1.093768 -4.081991 14.392395
VERTEX -2.112996 -3.659813 -14.392395
VERTEX -4.054808 -7.023128 -12.618804
VERTEX -5.668125 -9.817472 -9.822913
VERTEX -6.822244 -11.816463 -6.231227
VERTEX -7.423666 -12.858155 -2.134724
VERTEX -7.423666 -12.858155 2.134721
VERTEX -6.822245 -11.816464 6.231225
VERTEX -5.668126 -9.817473 9.822910
VERTEX -4.054809 -7.023129 12.618803
VERTEX -2.112996 -3.659813 14.392395
VERTEX -2.988227 -2.988224 -14.392395
VERTEX -5.734365 -5.734358 -12.618804
VERTEX -8.015938 -8.015929 -9.822913
VERTEX -9.648109 -9.648099 -6.231227
VERTEX -10.498648 -10.498636 -2.134724
VERTEX -10.498648 -10.498636 2.134721
VERTEX -9.648109 -9.648099 6.231225
VERTEX -8.015939 -8.015930 9.822910
VERTEX -5.734365 -5.734359 12.618803
VERTEX -2.988227 -2.988224 14.392395
VERTEX -3.659815 -2.112993 -14.392395
VERTEX -7.023132 -4.054802 -12.618804
VERTEX -9.817476 -5.668116 -9.822913
VERTEX -11.816469 -6.822234 -6.231227
VERTEX -12.858162 -7.423655 -2.134724
VERTEX -12.858162 -7.423655 2.134721
VERTEX -11.816470 -6.822235 6.231225
VERTEX -9.817478 -5.668117 9.822910
VERTEX -7.023133 -4.054803 12.618803
VERTEX -3.659815 -2.112993 14.392395
VERTEX -4.081993 -1.093765 -14.392395
VERTEX -7.833284 -2.098918 -12.618804
VERTEX -10.949970 -2.934030 -9.822913
VERTEX -13.179557 -3.531445 -6.231227
VERTEX -14.341413 -3.842763 -2.134724
VERTEX -14.341413 -3.842763 2.134721
VERTEX -13.179557 -3.531446 6.231225
VERTEX -10.949971 -2.934031 9.822910
VERTEX -7.833285 -2.098919 12.618803
VERTEX -4.081992 -1.093765 14.392395
VERTEX -4.225989 0.000000 -14.392395
VERTEX -8.109612 0.000000 -12.618804
VERTEX -11.336242 0.000000 -9.822913
VERTEX -13.644480 0.000000 -6.231227
VERTEX -14.847322 0.000000 -2.134724
VERTEX -14.847322 0.000000 2.134721
VERTEX -13.644481 0.000000 6.231225
VERTEX -11.336244 0.000000 9.822910
VERTEX -8.109612 0.000000 12.618803
VERTEX -4.225989 0.000000 14.392395
VERTEX -4.081992 1.093768 -14.392395
VERTEX -7.833282 2.098925 -12.618804
VERTEX -10.949967 2.934039 -9.822913
VERTEX -13.179554 3.531456 -6.231227
VERTEX -14.341410 3.842774 -2.134724
VERTEX -14.341410 3.842774 2.134721
VERTEX -13.179555 3.531456 6.231225
VERTEX -10.949969 2.934040 9.822910
VERTEX -7.833283 2.098925 12.618803
VERTEX -4.081991 1.093768 14.392395
VERTEX -3.659814 2.112996 -14.392395
VERTEX -7.023129 4.054808 -12.618804
VERTEX -9.817472 5.668124 -9.822913
VERTEX -11.816464 6.822243 -6.231227
VERTEX -12.858156 7.423665 -2.134724
VERTEX -12.858156 7.423665 2.134721
VERTEX -11.816465 6.822244 6.231225
VERTEX -9.817473 5.668125 9.822910
VERTEX -7.023129 4.054808 12.618803
VERTEX -3.659813 2.112995 14.392395
VERTEX -2.988225 2.988226 -14.392395
VERTEX -5.734360 5.734363 -12.618804
VERTEX -8.015931 8.015936 -9.822913
VERTEX -9.648102 9.648107 -6.231227
VERTEX -10.498639 10.498645 -2.134724
VERTEX -10.498639 10.498645 2.134721
VERTEX -9.648102 9.648108 6.231225
VERTEX -8.015933 8.015937 9.822910
VERTEX -5.734360 5.734364 12.618803
VERTEX -2.988225 2.988226 14.392395
VERTEX -2.112994 3.659814 -14.392395
VERTEX -4.054804 7.023130 -12.618804
VERTEX -5.668119 9.817474 -9.822913
VERTEX -6.822237 11.816467 -6.231227
VERTEX -7.423658 12.858159 -2.134724
VERTEX -7.423658 12.858159 2.134721
VERTEX -6.822238 11.816467 6.231225
VERTEX -5.668120 9.817476 9.822910
VERTEX -4.054805 7.023131 12.618803
VERTEX -2.112994 3.659814 14.392395
VERTEX -1.093766 4.081992 -14.392395
VERTEX -2.098921 7.833283 -12.618804
VERTEX -2.934034 10.949969 -9.822913
VERTEX -3.531450 13.179556 -6.231227
VERTEX -3.842768 14.341412 -2.134724
VERTEX -3.842768 14.341412 2.134721
VERTEX -3.531450 13.179556 6.231225
VERTEX -2.934034 10.949971 9.822910
VERTEX -2.098921 7.833284 12.618803
VERTEX -1.093766 4.081992 14.392395
VERTEX 0.000000 4.225989 -14.392395
VERTEX 0.000000 8.109612 -12.618804
VERTEX 0.000000 11.336242 -9.822913
VERTEX 0.000000 13.644480 -6.231227
VERTEX 0.000000 14.847322 -2.134724
VERTEX 0.000000 14.847322 2.134721
VERTEX 0.000000 13.644481 6.231225
VERTEX 0.000000 11.336244 9.822910
VERTEX 0.000000 8.109612 12.618803
VERTEX 0.000000 4.225989 14.392395
VERTEX 1.093767 4.081992 -14.392395
VERTEX 2.098922 7.833283 -12.618804
VERTEX 2.934036 10.949968 -9.822913
VERTEX 3.531451 13.179555 -6.231227
VERTEX 3.842770 14.341411 -2.134724
VERTEX 3.842770 14.341411 2.134721
VERTEX 3.531452 13.179556 6.231225
VERTEX 2.934036 10.949970 9.822910
VERTEX 2.098922 7.833284 12.618803
VERTEX 1.093766 4.081992 14.392395
VERTEX 2.112994 3.659814 -14.392395
VERTEX 4.054806 7.023130 -12.618804
VERTEX 5.668120 9.817473 -9.822913
VERTEX 6.822239 11.816466 -6.231227
VERTEX 7.423660 12.858158 -2.134724
VERTEX 7.423660 12.858158 2.134721
VERTEX 6.822240 11.816467 6.231225
VERTEX 5.668121 9.817475 9.822910
VERTEX 4.054806 7.023130 12.618803
VERTEX 2.112994 3.659814 14.392395
VERTEX 2.988226 2.988226 -14.392395
VERTEX 5.734361 5.734361 -12.618804
VERTEX 8.015934 8.015934 -9.822913
VERTEX 9.648104 9.648104 -6.231227
VERTEX 10.498642 10.498642 -2.134724
VERTEX 10.498642 10.498642 2.134721
VERTEX 9.648105 9.648105 6.231225
VERTEX 8.015935 8.015935 9.822910
VERTEX 5.734362 5.734362 12.618803
VERTEX 2.988225 2.988225 14.392395
VERTEX 3.659814 2.112995 -14.392395
VERTEX 7.023130 4.054806 -12.618804
VERTEX 9.817473 5.668121 -9.822913
VERTEX 11.816466 6.822240 -6.231227
VERTEX 12.858158 7.423661 -2.134724
VERTEX 12.858158 7.423661 2.134721
VERTEX 11.816467 6.822240 6.231225
VERTEX 9.817475 5.668122 9.822910
VERTEX 7.023130 4.054806 12.618803
VERTEX 3.659814 2.112994 14.392395
VERTEX 4.081992 1.093767 -14.392395
VERTEX 7.833283 2.098922 -12.618804
VERTEX 10.949969 2.934036 -9.822913
VERTEX 13.179556 3.531451 -6.231227
VERTEX 14.341412 3.842770 -2.134724
VERTEX 14.341412 3.842770 2.134721
VERTEX 13.179556 3.531451 6.231225
VERTEX 10.949971 2.934036 9.822910
VERTEX 7.833284 2.098922 12.618803
VERTEX 4.081992 1.093766 14.392395
VERTEX 0.000000 0.000000 -15.000000
VERTEX 4.225989 0.000000 -14.392395
VERTEX 8.109612 0.000000 -12.618804
VERTEX 11.336242 0.000000 -9.822913
VERTEX 13.644480 0.000000 -6.231227
VERTEX 14.847322 0.000000 -2.134724
VERTEX 14.847322 0.000000 2.134721
VERTEX 13.644481 0.000000 6.231225
VERTEX 11.336244 0.000000 9.822910
VERTEX 8.109612 0.000000 12.618803
VERTEX 4.225989 0.000000 14.392395
VERTEX 0.000000 0.000000 15.000000
POLYGON 3
229
241
240
POLYGON 4
228
229
240
239
POLYGON 4
227
228
239
238
POLYGON 4
226
227
238
237
POLYGON 4
225
226
237
236
POLYGON 4
224
225
236
235
POLYGON 4
223
224
235
234
POLYGON 4
222
223
234
233
POLYGON 4
221
222
233
232
POLYGON 4
220
221
232
231
POLYGON 3
230
220
231
POLYGON 3
219
241
229
POLYGON 4
218
219
229
228
POLYGON 4
217
218
228
227
POLYGON 4
216
217
227
226
POLYGON 4
215
216
226
225
POLYGON 4
214
215
225
224
POLYGON 4
213
214
224
223
POLYGON 4
212
213
223
222
POLYGON 4
211
212
222
221
POLYGON 4
210
211
221
220
POLYGON 3
230
210
220
POLYGON 3
209
241
219
POLYGON 4
208
209
219
218
POLYGON 4
207
208
218
217
POLYGON 4
206
207
217
216
POLYGON 4
205
206
216
215
POLYGON 4
204
205
215
214
POLYGON 4
203
204
214
213
POLYGON 4
202
203
213
212
POLYGON 4
201
202
212
211
POLYGON 4
200
201
211
210
POLYGON 3
230
200
210
POLYGON 3
199
241
209
POLYGON 4
198
199
209
208
POLYGON 4
197
198
208
207
POLYGON 4
196
197
207
206
POLYGON 4
195
196
206
205
POLYGON 4
194
195
205
204
POLYGON 4
193
194
204
203
POLYGON 4
192
193
203
202
POLYGON 4
191
192
202
201
POLYGON 4
190
191
201
200
POLYGON 3
230
190
200
POLYGON 3
189
241
199
POLYGON 4
188
189
199
198
POLYGON 4
187
188
198
197
POLYGON 4
186
187
197
196
POLYGON 4
185
186
196
195
POLYGON 4
184
185
195
194
POLYGON 4
183
184
194
193
POLYGON 4
182
183
193
192
POLYGON 4
181
182
192
191
POLYGON 4
180
181
191
190
POLYGON 3
230
180
190
POLYGON 3
179
241
189
POLYGON 4
178
179
189
188
POLYGON 4
177
178
188
187
POLYGON 4
176
177
187
186
POLYGON 4
175
176
186
185
POLYGON 4
174
175
185
184
POLYGON 4
173
174
184
183
POLYGON 4
172
173
183
182
POLYGON 4
171
172
182
181
POLYGON 4
170
171
181
180
POLYGON 3
230
170
180
POLYGON 3
169
241
179
POLYGON 4
168
169
179
178
POLYGON 4
167
168
178
177
POLYGON 4
166
167
177
176
POLYGON 4
165
166
176
175
POLYGON 4
164
165
175
174
POLYGON 4
163
164
174
173
POLYGON 4
162
163
173
172
POLYGON 4
161
162
172
171
POLYGON 4
160
161
171
170
POLYGON 3
230
160
170
POLYGON 3
159
241
169
POLYGON 4
158
159
169
168
POLYGON 4
157
158
168
167
POLYGON 4
156
157
167
166
POLYGON 4
155
156
166
165
POLYGON 4
154
155
165
164
POLYGON 4
153
154
164
163
POLYGON 4
152
153
163
162
POLYGON 4
151
152
162
161
POLYGON 4
150
151
161
160
POLYGON 3
230
150
160
POLYGON 3
149
241
159
POLYGON 4
148
149
159
158
POLYGON 4
147
148
158
157
POLYGON 4
146
147
157
156
POLYGON 4
145
146
156
155
POLYGON 4
144
145
155
154
POLYGON 4
143
144
154
153
POLYGON 4
142
143
153
152
POLYGON 4
141
142
152
151
POLYGON 4
140
141
151
150
POLYGON 3
230
140
150
POLYGON 3
139
241
149
POLYGON 4
138
139
149
148
POLYGON 4
137
138
148
147
POLYGON 4
136
137
147
146
POLYGON 4
135
136
146
145
POLYGON 4
134
135
145
144
POLYGON 4
133
134
144
143
POLYGON 4
132
133
143
142
POLYGON 4
131
132
142
141
POLYGON 4
130
131
141
140
POLYGON 3
230
130
140
POLYGON 3
129
241
139
POLYGON 4
128
129
139
138
POLYGON 4
127
128
138
137
POLYGON 4
126
127
137
136
POLYGON 4
125
126
136
135
POLYGON 4
124
125
135
134
POLYGON 4
123
124
134
133
POLYGON 4
122
123
133
132
POLYGON 4
121
122
132
131
POLYGON 4
120
121
131
130
POLYGON 3
230
120
130
POLYGON 3
119
241
129
POLYGON 4
118
119
129
128
POLYGON 4
117
118
128
127
POLYGON 4
116
117
127
126
POLYGON 4
115
116
126
125
POLYGON 4
114
115
125
124
POLYGON 4
113
114
124
123
POLYGON 4
112
113
123
122
POLYGON 4
111
112
122
121
POLYGON 4
110
111
121
120
POLYGON 3
230
110
120
POLYGON 3
109
241
119
POLYGON 4
108
109
119
118
POLYGON 4
107
108
118
117
POLYGON 4
106
107
117
116
POLYGON 4
105
106
116
115
POLYGON 4
104
105
115
114
POLYGON 4
103
104
114
113
POLYGON 4
102
103
113
112
POLYGON 4
101
102
112
111
POLYGON 4
100
101
111
110
POLYGON 3
230
100
110
POLYGON 3
99
241
109
POLYGON 4
98
99
109
108
POLYGON 4
97
98
108
107
POLYGON 4
96
97
107
106
POLYGON 4
95
96
106
105
POLYGON 4
94
95
105
104
POLYGON 4
93
94
104
103
POLYGON 4
92
93
103
102
POLYGON 4
91
92
102
101
POLYGON 4
90
91
101
100
POLYGON 3
230
90
100
POLYGON 3
89
241
99
POLYGON 4
88
89
99
98
POLYGON 4
87
88
98
97
POLYGON 4
86
87
97
96
POLYGON 4
85
86
96
95
POLYGON 4
84
85
95
94
POLYGON 4
83
84
94
93
POLYGON 4
82
83
93
92
POLYGON 4
81
82
92
91
POLYGON 4
80
81
91
90
POLYGON 3
230
80
90
POLYGON 3
79
241
89
POLYGON 4
78
79
89
88
POLYGON 4
77
78
88
87
POLYGON 4
76
77
87
86
POLYGON 4
75
76
86
85
POLYGON 4
74
75
85
84
POLYGON 4
73
74
84
83
POLYGON 4
72
73
83
82
POLYGON 4
71
72
82
81
POLYGON 4
70
71
81
80
POLYGON 3
230
70
80
POLYGON 3
69
241
79
POLYGON 4
68
69
79
78
POLYGON 4
67
68
78
77
POLYGON 4
66
67
77
76
POLYGON 4
65
66
76
75
POLYGON 4
64
65
75
74
POLYGON 4
63
64
74
73
POLYGON 4
62
63
73
72
POLYGON 4
61
62
72
71
POLYGON 4
60
61
71
70
POLYGON 3
230
60
70
POLYGON 3
59
241
69
POLYGON 4
58
59
69
68
POLYGON 4
57
58
68
67
POLYGON 4
56
57
67
66
POLYGON 4
55
56
66
65
POLYGON 4
54
55
65
64
POLYGON 4
53
54
64
63
POLYGON 4
52
53
63
62
POLYGON 4
51
52
62
61
POLYGON 4
50
51
61
60
POLYGON 3
230
50
60
POLYGON 3
49
241
59
POLYGON 4
48
49
59
58
POLYGON 4
47
48
58
57
POLYGON 4
46
47
57
56
POLYGON 4
45
46
56
55
POLYGON 4
44
45
55
54
POLYGON 4
43
44
54
53
POLYGON 4
42
43
53
52
POLYGON 4
41
42
52
51
POLYGON 4
40
41
51
50
POLYGON 3
230
40
50
POLYGON 3
39
241
49
POLYGON 4
38
39
49
48
POLYGON 4
37
38
48
47
POLYGON 4
36
37
47
46
POLYGON 4
35
36
46
45
POLYGON 4
34
35
45
44
POLYGON 4
33
34
44
43
POLYGON 4
32
33
43
42
POLYGON 4
31
32
42
41
POLYGON 4
30
31
41
40
POLYGON 3
230
30
40
POLYGON 3
29
241
39
POLYGON 4
28
29
39
38
POLYGON 4
27
28
38
37
POLYGON 4
26
27
37
36
POLYGON 4
25
26
36
35
POLYGON 4
24
25
35
34
POLYGON 4
23
24
34
33
POLYGON 4
22
23
33
32
POLYGON 4
21
22
32
31
POLYGON 4
20
21
31
30
POLYGON 3
230
20
30
POLYGON 3
19
241
29
POLYGON 4
18
19
29
28
POLYGON 4
17
18
28
27
POLYGON 4
16
17
27
26
POLYGON 4
15
16
26
25
POLYGON 4
14
15
25
24
POLYGON 4
13
14
24
23
POLYGON 4
12
13
23
22
POLYGON 4
11
12
22
21
POLYGON 4
10
11
21
20
POLYGON 3
230
10
20
POLYGON 3
9
241
19
POLYGON 4
8
9
19
18
POLYGON 4
7
8
18
17
POLYGON 4
6
7
17
16
POLYGON 4
5
6
16
15
POLYGON 4
4
5
15
14
POLYGON 4
3
4
14
13
POLYGON 4
2
3
13
12
POLYGON 4
1
2
12
11
POLYGON 4
0
1
11
10
POLYGON 3
230
0
10
POLYGON 3
240
241
9
POLYGON 4
239
240
9
8
POLYGON 4
238
239
8
7
POLYGON 4
237
238
7
6
POLYGON 4
236
237
6
5
POLYGON 4
235
236
5
4
POLYGON 4
234
235
4
3
POLYGON 4
233
234
3
2
POLYGON 4
232
233
2
1
POLYGON 4
231
232
1
0
POLYGON 3
230
231
0
NULL
