POLYGON
4
0.000000  0.000000  0.000000
-0.418546  -0.108056  -0.251283
-0.264037  0.177580  -0.631466
0.154509  0.285636  -0.380183
POLYGON
4
-2.257130  3.958990  2.057124
-2.102622  4.244626  1.676941
-2.521168  4.136570  1.425658
-2.675676  3.850934  1.805841
POLYGON
4
-0.418546  -0.108056  -0.251283
0.000000  0.000000  0.000000
-2.257130  3.958990  2.057124
-2.675676  3.850934  1.805841
POLYGON
4
-0.264037  0.177580  -0.631466
-0.418546  -0.108056  -0.251283
-2.675676  3.850934  1.805841
-2.521168  4.136570  1.425658
POLYGON
4
0.154509  0.285636  -0.380183
-0.264037  0.177580  -0.631466
-2.521168  4.136570  1.425658
-2.102622  4.244626  1.676941
POLYGON
4
0.000000  0.000000  0.000000
0.154509  0.285636  -0.380183
-2.102622  4.244626  1.676941
-2.257130  3.958990  2.057124
POLYGON
4
0.000000  0.000000  0.000000
-0.287916  0.157831  -0.377086
0.116592  0.334364  -0.612052
0.404509  0.176533  -0.234966
POLYGON
4
-0.589661  4.403699  2.293412
-0.185153  4.580232  2.058446
-0.473069  4.738062  1.681360
-0.877577  4.561530  1.916326
POLYGON
4
-0.287916  0.157831  -0.377086
0.000000  0.000000  0.000000
-0.589661  4.403699  2.293412
-0.877577  4.561530  1.916326
POLYGON
4
0.116592  0.334364  -0.612052
-0.287916  0.157831  -0.377086
-0.877577  4.561530  1.916326
-0.473069  4.738062  1.681360
POLYGON
4
0.404509  0.176533  -0.234966
0.116592  0.334364  -0.612052
-0.473069  4.738062  1.681360
-0.185153  4.580232  2.058446
POLYGON
4
0.000000  0.000000  0.000000
0.404509  0.176533  -0.234966
-0.185153  4.580232  2.058446
-0.589661  4.403699  2.293412
POLYGON
4
0.000000  0.000000  0.000000
0.274822  0.085557  -0.408843
0.679331  -0.090975  -0.173877
0.404508  -0.176533  0.234966
POLYGON
4
1.041422  4.599089  1.662476
1.445930  4.422556  1.897442
1.720753  4.508113  1.488599
1.316244  4.684646  1.253633
POLYGON
4
0.274822  0.085557  -0.408843
0.000000  0.000000  0.000000
1.041422  4.599089  1.662476
1.316244  4.684646  1.253633
POLYGON
4
0.679331  -0.090975  -0.173877
0.274822  0.085557  -0.408843
1.316244  4.684646  1.253633
1.720753  4.508113  1.488599
POLYGON
4
0.404508  -0.176533  0.234966
0.679331  -0.090975  -0.173877
1.720753  4.508113  1.488599
1.445930  4.422556  1.897442
POLYGON
4
0.000000  0.000000  0.000000
0.404508  -0.176533  0.234966
1.445930  4.422556  1.897442
1.041422  4.599089  1.662476
POLYGON
4
0.000000  0.000000  0.000000
0.458966  -0.015007  -0.197801
0.613474  -0.300643  0.182382
0.154508  -0.285636  0.380183
POLYGON
4
1.244086  4.101060  2.575570
1.398594  3.815424  2.955753
1.857560  3.800417  2.757952
1.703052  4.086053  2.377769
POLYGON
4
0.458966  -0.015007  -0.197801
0.000000  0.000000  0.000000
1.244086  4.101060  2.575570
1.703052  4.086053  2.377769
POLYGON
4
0.613474  -0.300643  0.182382
0.458966  -0.015007  -0.197801
1.703052  4.086053  2.377769
1.857560  3.800417  2.757952
POLYGON
4
0.154508  -0.285636  0.380183
0.613474  -0.300643  0.182382
1.857560  3.800417  2.757952
1.398594  3.815424  2.955753
POLYGON
4
0.000000  0.000000  0.000000
0.154508  -0.285636  0.380183
1.398594  3.815424  2.955753
1.244086  4.101060  2.575570
POLYGON
4
0.000000  0.000000  0.000000
0.457188  -0.199177  0.036160
0.302680  -0.484813  0.416343
-0.154509  -0.285636  0.380183
POLYGON
4
1.307903  3.588045  3.227278
1.153395  3.302409  3.607461
1.610583  3.103232  3.643621
1.765092  3.388868  3.263438
POLYGON
4
0.457188  -0.199177  0.036160
0.000000  0.000000  0.000000
1.307903  3.588045  3.227278
1.765092  3.388868  3.263438
POLYGON
4
0.302680  -0.484813  0.416343
0.457188  -0.199177  0.036160
1.765092  3.388868  3.263438
1.610583  3.103232  3.643621
POLYGON
4
-0.154509  -0.285636  0.380183
0.302680  -0.484813  0.416343
1.610583  3.103232  3.643621
1.153395  3.302409  3.607461
POLYGON
4
0.000000  0.000000  0.000000
-0.154509  -0.285636  0.380183
1.153395  3.302409  3.607461
1.307903  3.588045  3.227278
POLYGON
4
0.000000  0.000000  0.000000
0.276938  -0.362770  0.204213
-0.127570  -0.539303  0.439179
-0.404509  -0.176533  0.234966
POLYGON
4
0.983768  2.953541  3.912646
0.579259  2.777009  4.147612
0.856197  2.414238  4.351825
1.260706  2.590771  4.116858
POLYGON
4
0.276938  -0.362770  0.204213
0.000000  0.000000  0.000000
0.983768  2.953541  3.912646
1.260706  2.590771  4.116858
POLYGON
4
-0.127570  -0.539303  0.439179
0.276938  -0.362770  0.204213
1.260706  2.590771  4.116858
0.856197  2.414238  4.351825
POLYGON
4
-0.404509  -0.176533  0.234966
-0.127570  -0.539303  0.439179
0.856197  2.414238  4.351825
0.579259  2.777009  4.147612
POLYGON
4
0.000000  0.000000  0.000000
-0.404509  -0.176533  0.234966
0.579259  2.777009  4.147612
0.983768  2.953541  3.912646
POLYGON
4
0.000000  0.000000  0.000000
0.000000  -0.485213  0.120698
-0.500000  -0.485213  0.120698
-0.500000  0.000000  0.000000
POLYGON
4
0.000000  1.206979  4.852134
-0.500000  1.206979  4.852134
-0.500000  0.721766  4.972832
0.000000  0.721766  4.972832
POLYGON
4
0.000000  -0.485213  0.120698
0.000000  0.000000  0.000000
0.000000  1.206979  4.852134
0.000000  0.721766  4.972832
POLYGON
4
-0.500000  -0.485213  0.120698
0.000000  -0.485213  0.120698
0.000000  0.721766  4.972832
-0.500000  0.721766  4.972832
POLYGON
4
-0.500000  0.000000  0.000000
-0.500000  -0.485213  0.120698
-0.500000  0.721766  4.972832
-0.500000  1.206979  4.852134
POLYGON
4
0.000000  0.000000  0.000000
-0.500000  0.000000  0.000000
-0.500000  1.206979  4.852134
0.000000  1.206979  4.852134
POLYGON
4
0.000000  0.000000  0.000000
-0.257698  -0.405242  0.139179
-0.662206  -0.228709  -0.095787
-0.404508  0.176533  -0.234966
POLYGON
4
-1.412968  2.336989  4.188317
-1.817476  2.513522  3.953351
-2.075174  2.108280  4.092530
-1.670666  1.931747  4.327497
POLYGON
4
-0.257698  -0.405242  0.139179
0.000000  0.000000  0.000000
-1.412968  2.336989  4.188317
-1.670666  1.931747  4.327497
POLYGON
4
-0.662206  -0.228709  -0.095787
-0.257698  -0.405242  0.139179
-1.670666  1.931747  4.327497
-2.075174  2.108280  4.092530
POLYGON
4
-0.404508  0.176533  -0.234966
-0.662206  -0.228709  -0.095787
-2.075174  2.108280  4.092530
-1.817476  2.513522  3.953351
POLYGON
4
0.000000  0.000000  0.000000
-0.404508  0.176533  -0.234966
-1.817476  2.513522  3.953351
-1.412968  2.336989  4.188317
POLYGON
4
0.000000  0.000000  0.000000
-0.454355  -0.206631  0.029408
-0.608864  0.079005  -0.350775
-0.154508  0.285636  -0.380183
POLYGON
4
-1.403152  3.545641  3.234129
-1.557660  3.831277  2.853946
-2.012016  3.624646  2.883354
-1.857507  3.339010  3.263537
POLYGON
4
-0.454355  -0.206631  0.029408
0.000000  0.000000  0.000000
-1.403152  3.545641  3.234129
-1.857507  3.339010  3.263537
POLYGON
4
-0.608864  0.079005  -0.350775
-0.454355  -0.206631  0.029408
-1.857507  3.339010  3.263537
-2.012016  3.624646  2.883354
POLYGON
4
-0.154508  0.285636  -0.380183
-0.608864  0.079005  -0.350775
-2.012016  3.624646  2.883354
-1.557660  3.831277  2.853946
POLYGON
4
0.000000  0.000000  0.000000
-0.154508  0.285636  -0.380183
-1.557660  3.831277  2.853946
-1.403152  3.545641  3.234129
POLYGON
4
0.000000  0.000000  0.000000
-0.462254  -0.003575  -0.190549
-0.307745  0.282061  -0.570732
0.154508  0.285636  -0.380183
POLYGON
4
-1.115735  4.103649  2.629677
-0.961226  4.389285  2.249494
-1.423480  4.385709  2.058946
-1.577989  4.100073  2.439129
POLYGON
4
-0.462254  -0.003575  -0.190549
0.000000  0.000000  0.000000
-1.115735  4.103649  2.629677
-1.577989  4.100073  2.439129
POLYGON
4
-0.307745  0.282061  -0.570732
-0.462254  -0.003575  -0.190549
-1.577989  4.100073  2.439129
-1.423480  4.385709  2.058946
POLYGON
4
0.154508  0.285636  -0.380183
-0.307745  0.282061  -0.570732
-1.423480  4.385709  2.058946
-0.961226  4.389285  2.249494
POLYGON
4
0.000000  0.000000  0.000000
0.154508  0.285636  -0.380183
-0.961226  4.389285  2.249494
-1.115735  4.103649  2.629677
POLYGON
4
0.000000  0.000000  0.000000
-0.198572  -0.130530  -0.439922
0.205937  0.046003  -0.674888
0.404509  0.176533  -0.234966
POLYGON
4
-2.166613  4.492196  -0.354919
-1.762105  4.668728  -0.589885
-1.960676  4.538199  -1.029807
-2.365185  4.361666  -0.794841
POLYGON
4
-0.198572  -0.130530  -0.439922
0.000000  0.000000  0.000000
-2.166613  4.492196  -0.354919
-2.365185  4.361666  -0.794841
POLYGON
4
0.205937  0.046003  -0.674888
-0.198572  -0.130530  -0.439922
-2.365185  4.361666  -0.794841
-1.960676  4.538199  -1.029807
POLYGON
4
0.404509  0.176533  -0.234966
0.205937  0.046003  -0.674888
-1.960676  4.538199  -1.029807
-1.762105  4.668728  -0.589885
POLYGON
4
0.000000  0.000000  0.000000
0.404509  0.176533  -0.234966
-1.762105  4.668728  -0.589885
-2.166613  4.492196  -0.354919
POLYGON
4
0.000000  0.000000  0.000000
0.000000  0.015670  -0.499754
0.500000  0.015670  -0.499754
0.500000  0.000000  0.000000
POLYGON
4
0.000000  4.997544  0.156703
0.500000  4.997544  0.156703
0.500000  5.013214  -0.343051
0.000000  5.013214  -0.343051
POLYGON
4
0.000000  0.015670  -0.499754
0.000000  0.000000  0.000000
0.000000  4.997544  0.156703
0.000000  5.013214  -0.343051
POLYGON
4
0.500000  0.015670  -0.499754
0.000000  0.015670  -0.499754
0.000000  5.013214  -0.343051
0.500000  5.013214  -0.343051
POLYGON
4
0.500000  0.000000  0.000000
0.500000  0.015670  -0.499754
0.500000  5.013214  -0.343051
0.500000  4.997544  0.156703
POLYGON
4
0.000000  0.000000  0.000000
0.500000  0.000000  0.000000
0.500000  4.997544  0.156703
0.000000  4.997544  0.156703
NULL
