VERTEX 33.337502 0.000000 0.000000
VERTEX 33.337502 0.000000 12.699951
VERTEX 16.668747 -28.871094 0.000000
VERTEX 16.668747 -28.871094 12.699951
VERTEX -16.668747 -28.871094 0.000000
VERTEX -16.668747 -28.871094 12.699951
VERTEX -33.337502 0.000000 0.000000
VERTEX -33.337502 0.000000 12.699951
VERTEX -16.668755 28.871094 0.000000
VERTEX -16.668755 28.871094 12.699951
VERTEX 16.668755 28.871094 0.000000
VERTEX 16.668755 28.871094 12.699951
VERTEX 33.337502 0.000000 85.724976
VERTEX 33.337502 0.000000 123.824951
VERTEX 16.668747 -28.871094 85.724976
VERTEX 16.668747 -28.871094 123.824951
VERTEX -16.668747 -28.871094 85.724976
VERTEX -16.668747 -28.871094 123.824951
VERTEX -33.337502 0.000000 85.724976
VERTEX -33.337502 0.000000 123.824951
VERTEX -16.668755 28.871094 85.724976
VERTEX -16.668755 28.871094 123.824951
VERTEX 16.668755 28.871094 85.724976
VERTEX 16.668755 28.871094 123.824951
VERTEX 33.337502 0.000000 174.625000
VERTEX 33.337502 0.000000 187.324951
VERTEX 16.668747 -28.871094 174.625000
VERTEX 16.668747 -28.871094 187.324951
VERTEX -16.668747 -28.871094 174.625000
VERTEX -16.668747 -28.871094 187.324951
VERTEX -33.337502 0.000000 174.625000
VERTEX -33.337502 0.000000 187.324951
VERTEX -16.668755 28.871094 174.625000
VERTEX -16.668755 28.871094 187.324951
VERTEX 16.668755 28.871094 174.625000
VERTEX 16.668755 28.871094 187.324951
POLYGON 4
2
0
1
3
POLYGON 4
4
2
3
5
POLYGON 4
6
4
5
7
POLYGON 4
8
6
7
9
POLYGON 4
10
8
9
11
POLYGON 4
0
10
11
1
POLYGON 6
1
11
9
7
5
3
POLYGON 4
14
12
13
15
POLYGON 4
16
14
15
17
POLYGON 4
18
16
17
19
POLYGON 4
20
18
19
21
POLYGON 4
22
20
21
23
POLYGON 4
12
22
23
13
POLYGON 6
12
14
16
18
20
22
POLYGON 4
26
24
25
27
POLYGON 4
28
26
27
29
POLYGON 4
30
28
29
31
POLYGON 4
32
30
31
33
POLYGON 4
34
32
33
35
POLYGON 4
24
34
35
25
POLYGON 6
25
35
33
31
29
27
NULL
