VERTEX -165.0 -165.0 0.0
VERTEX 165.0 -165.0 0.0
VERTEX 165.0 165.0 0.0
VERTEX -165.0 165.0 0.0
VERTEX -140.0 -140.0 50.0
VERTEX 140.0 -140.0 50.0
VERTEX 140.0 140.0 50.0
VERTEX -140.0 140.0 50.0
VERTEX -165.0 -165.0 250.0
VERTEX 165.0 -165.0 250.0
VERTEX 165.0 165.0 250.0
VERTEX -165.0 165.0 250.0
VERTEX -140.0 -140.0 250.0
VERTEX 140.0 -140.0 250.0
VERTEX 140.0 140.0 250.0
VERTEX -140.0 140.0 250.0
POLYGON 4
0
3
2
1
POLYGON 4
4
5
6
7
POLYGON 4
8
9
13
12
POLYGON 4
9
10
14
13
POLYGON 4
10
11
15
14
POLYGON 4
11
8
12
15
POLYGON 4
0
1
9
8
POLYGON 4
1
2
10
9
POLYGON 4
2
3
11
10
POLYGON 4
3
0
8
11
POLYGON 4
5
4
12
13
POLYGON 4
6
5
13
14
POLYGON 4
7
6
14
15
POLYGON 4
4
7
15
12
NULL
