VERTEX 0.000000 0.000000 4165.600098
VERTEX 6121.399902 0.000000 4165.600098
VERTEX 889.000000 -152.399994 0.000000
VERTEX 889.000061 -152.399994 2184.400146
VERTEX 889.000061 0.000000 0.000000
VERTEX 889.000000 0.000000 2184.400146
VERTEX 2819.399658 -152.399994 0.000000
VERTEX 2819.399902 -152.399994 2184.400146
VERTEX 2819.399902 0.000000 0.000000
VERTEX 2819.399658 0.000000 2184.400146
VERTEX 6273.800293 -152.399994 2184.400146
VERTEX -152.399994 -152.399994 2184.400146
VERTEX -152.399994 0.000000 2184.400146
VERTEX 6273.800293 0.000000 2184.400146
VERTEX 6273.800293 0.000000 0.000000
VERTEX 6273.800293 -152.399994 0.000000
VERTEX -152.399994 -152.399994 0.000000
VERTEX -152.399994 0.000000 0.000000
VERTEX -152.399994 0.000000 4165.600098
VERTEX 6273.800293 0.000000 4165.600098
VERTEX 6273.800293 -152.399994 4165.600098
VERTEX -152.399994 -152.399994 4165.600098
POLYGON 4
13
12
18
19
POLYGON 4
11
10
20
21
POLYGON 4
9
13
14
8
POLYGON 4
7
6
15
10
POLYGON 4
5
4
17
12
POLYGON 4
3
11
16
2
POLYGON 4
4
5
3
2
POLYGON 4
6
7
9
8
POLYGON 4
5
9
7
3
POLYGON 4
20
19
18
21
POLYGON 4
19
20
15
14
POLYGON 4
21
18
17
16
NULL
