VERTEX 30.956249 0.000000 0.000000
VERTEX 30.956249 0.000000 26.987499
VERTEX 26.808895 -15.478130 0.000000
VERTEX 26.808895 -15.478130 26.987499
VERTEX 15.478122 -26.808899 0.000000
VERTEX 15.478122 -26.808899 26.987499
VERTEX 0.000000 -30.956249 0.000000
VERTEX 0.000000 -30.956249 26.987499
VERTEX -15.478122 -26.808901 0.000000
VERTEX -15.478122 -26.808901 26.987499
VERTEX -26.808899 -15.478125 0.000000
VERTEX -26.808899 -15.478125 26.987499
VERTEX -30.956249 0.000000 0.000000
VERTEX -30.956249 0.000000 26.987499
VERTEX -26.808897 15.478126 0.000000
VERTEX -26.808897 15.478126 26.987499
VERTEX -15.478127 26.808897 0.000000
VERTEX -15.478127 26.808897 26.987499
VERTEX 0.000000 30.956249 0.000000
VERTEX 0.000000 30.956249 26.987499
VERTEX 15.478124 26.808899 0.000000
VERTEX 15.478124 26.808899 26.987499
VERTEX 26.808899 15.478125 0.000000
VERTEX 26.808899 15.478125 26.987499
POLYGON 4
2
0
1
3
POLYGON 4
4
2
3
5
POLYGON 4
6
4
5
7
POLYGON 4
8
6
7
9
POLYGON 4
10
8
9
11
POLYGON 4
12
10
11
13
POLYGON 4
14
12
13
15
POLYGON 4
16
14
15
17
POLYGON 4
18
16
17
19
POLYGON 4
20
18
19
21
POLYGON 4
22
20
21
23
POLYGON 4
0
22
23
1
POLYGON 12
1
23
21
19
17
15
13
11
9
7
5
3
POLYGON 12
0
2
4
6
8
10
12
14
16
18
20
22
NULL
