VERTEX 457.200012 442.403656 498.474976
VERTEX 450.850006 436.053650 498.474976
VERTEX 457.200012 442.403656 488.949982
VERTEX 450.850006 436.053650 488.949982
VERTEX 457.200012 437.755127 498.474976
VERTEX 434.975006 431.799957 498.474976
VERTEX 457.200012 437.755127 488.949982
VERTEX 434.975006 431.799957 488.949982
VERTEX 457.200012 425.844788 498.474976
VERTEX 419.100006 436.053650 498.474976
VERTEX 457.200012 425.844788 488.949982
VERTEX 419.100006 436.053650 488.949982
VERTEX 452.976929 402.176758 498.474976
VERTEX 407.478699 447.674957 498.474976
VERTEX 407.478699 447.674957 488.949982
VERTEX 452.976929 402.176758 488.949982
VERTEX 421.941254 393.699951 498.474976
VERTEX 403.225006 463.549957 498.474976
VERTEX 403.225006 463.549957 488.949982
VERTEX 421.941254 393.699951 488.949982
VERTEX 393.700012 428.002167 498.474976
VERTEX 407.478699 479.424957 498.474976
VERTEX 407.478699 479.424957 488.949982
VERTEX 393.700012 428.002167 488.949982
VERTEX 393.700012 465.646271 498.474976
VERTEX 419.100006 491.046265 498.474976
VERTEX 419.100006 491.046265 488.949982
VERTEX 393.700012 465.646271 488.949982
VERTEX 393.700012 484.240356 498.474976
VERTEX 434.975006 495.299957 498.474976
VERTEX 434.975006 495.299957 488.949982
VERTEX 393.700012 484.240356 488.949982
VERTEX 450.850006 491.046265 498.474976
VERTEX 393.700012 506.359558 498.474976
VERTEX 450.850006 491.046265 488.949982
VERTEX 393.700012 506.359558 488.949982
VERTEX 408.496307 533.399963 498.474976
VERTEX 457.200012 484.696259 498.474976
VERTEX 457.200012 484.696259 488.949982
VERTEX 408.496307 533.399963 488.949982
VERTEX 406.399902 393.699951 498.474976
VERTEX 406.399872 393.699951 488.949982
VERTEX 393.700012 406.399841 498.474976
VERTEX 393.700012 406.399841 488.949982
VERTEX 457.200012 406.399841 488.949982
VERTEX 444.500122 393.699951 488.949982
VERTEX 444.500122 393.699951 498.474976
VERTEX 457.200012 406.399841 498.474976
VERTEX 457.200012 520.700073 488.949982
VERTEX 457.200012 520.700073 498.474976
VERTEX 444.500122 533.399963 498.474976
VERTEX 444.500122 533.399963 488.949982
VERTEX 393.700012 520.700073 488.949982
VERTEX 406.399872 533.399963 488.949982
VERTEX 406.399872 533.399963 498.474976
VERTEX 393.700012 520.700073 498.474976
VERTEX 393.700012 368.300079 498.474976
VERTEX 406.399872 380.999969 498.474976
VERTEX 406.399872 380.999969 488.949982
VERTEX 393.700012 368.300079 488.949982
VERTEX 444.500122 380.999969 488.949982
VERTEX 444.500122 380.999969 498.474976
VERTEX 457.200012 368.300079 498.474976
VERTEX 457.200012 368.300079 488.949982
VERTEX 457.200012 253.999847 498.474976
VERTEX 444.500122 241.299957 498.474976
VERTEX 444.500122 241.299957 488.949982
VERTEX 457.200012 253.999847 488.949982
VERTEX 393.700012 253.999847 488.949982
VERTEX 393.700012 253.999847 498.474976
VERTEX 406.399872 241.299957 488.949982
VERTEX 406.399902 241.299957 498.474976
VERTEX 408.496307 380.999969 488.949982
VERTEX 457.200012 332.296265 488.949982
VERTEX 457.200012 332.296265 498.474976
VERTEX 408.496307 380.999969 498.474976
VERTEX 393.700012 353.959564 488.949982
VERTEX 450.850006 338.646271 488.949982
VERTEX 393.700012 353.959564 498.474976
VERTEX 450.850006 338.646271 498.474976
VERTEX 393.700012 331.840363 488.949982
VERTEX 434.975006 342.899963 488.949982
VERTEX 434.975006 342.899963 498.474976
VERTEX 393.700012 331.840363 498.474976
VERTEX 393.700012 313.246277 488.949982
VERTEX 419.100006 338.646271 488.949982
VERTEX 419.100006 338.646271 498.474976
VERTEX 393.700012 313.246277 498.474976
VERTEX 393.700012 275.602173 488.949982
VERTEX 407.478699 327.024963 488.949982
VERTEX 407.478699 327.024963 498.474976
VERTEX 393.700012 275.602173 498.474976
VERTEX 421.941254 241.299957 488.949982
VERTEX 403.225006 311.149963 488.949982
VERTEX 403.225006 311.149963 498.474976
VERTEX 421.941254 241.299957 498.474976
VERTEX 452.976929 249.776749 488.949982
VERTEX 407.478699 295.274963 488.949982
VERTEX 407.478699 295.274963 498.474976
VERTEX 452.976929 249.776749 498.474976
VERTEX 419.100006 283.653656 488.949982
VERTEX 457.200012 273.444794 488.949982
VERTEX 419.100006 283.653656 498.474976
VERTEX 457.200012 273.444794 498.474976
VERTEX 434.975006 279.399963 488.949982
VERTEX 457.200012 285.355133 488.949982
VERTEX 434.975006 279.399963 498.474976
VERTEX 457.200012 285.355133 498.474976
VERTEX 450.850006 283.653656 488.949982
VERTEX 457.200012 290.003662 488.949982
VERTEX 450.850006 283.653656 498.474976
VERTEX 457.200012 290.003662 498.474976
VERTEX 457.200012 137.603668 498.474976
VERTEX 450.850006 131.253662 498.474976
VERTEX 457.200012 137.603668 488.949982
VERTEX 450.850006 131.253662 488.949982
VERTEX 457.200012 132.955139 498.474976
VERTEX 434.975006 126.999969 498.474976
VERTEX 457.200012 132.955139 488.949982
VERTEX 434.975006 126.999969 488.949982
VERTEX 457.200012 121.044800 498.474976
VERTEX 419.100006 131.253662 498.474976
VERTEX 457.200012 121.044800 488.949982
VERTEX 419.100006 131.253662 488.949982
VERTEX 452.976929 97.376755 498.474976
VERTEX 407.478699 142.874969 498.474976
VERTEX 407.478699 142.874969 488.949982
VERTEX 452.976929 97.376755 488.949982
VERTEX 421.941254 88.899971 498.474976
VERTEX 403.225006 158.749969 498.474976
VERTEX 403.225006 158.749969 488.949982
VERTEX 421.941254 88.899971 488.949982
VERTEX 393.700012 123.202179 498.474976
VERTEX 407.478699 174.624969 498.474976
VERTEX 407.478699 174.624969 488.949982
VERTEX 393.700012 123.202179 488.949982
VERTEX 393.700012 160.846268 498.474976
VERTEX 419.100006 186.246277 498.474976
VERTEX 419.100006 186.246277 488.949982
VERTEX 393.700012 160.846268 488.949982
VERTEX 393.700012 179.440369 498.474976
VERTEX 434.975006 190.499969 498.474976
VERTEX 434.975006 190.499969 488.949982
VERTEX 393.700012 179.440369 488.949982
VERTEX 450.850006 186.246277 498.474976
VERTEX 393.700012 201.559570 498.474976
VERTEX 450.850006 186.246277 488.949982
VERTEX 393.700012 201.559570 488.949982
VERTEX 408.496307 228.599976 498.474976
VERTEX 457.200012 179.896271 498.474976
VERTEX 457.200012 179.896271 488.949982
VERTEX 408.496307 228.599976 488.949982
VERTEX 406.399902 88.899971 498.474976
VERTEX 406.399872 88.899971 488.949982
VERTEX 393.700012 101.599854 498.474976
VERTEX 393.700012 101.599854 488.949982
VERTEX 457.200012 101.599854 488.949982
VERTEX 444.500122 88.899971 488.949982
VERTEX 444.500122 88.899971 498.474976
VERTEX 457.200012 101.599854 498.474976
VERTEX 457.200012 215.900085 488.949982
VERTEX 457.200012 215.900085 498.474976
VERTEX 444.500122 228.599976 498.474976
VERTEX 444.500122 228.599976 488.949982
VERTEX 393.700012 215.900085 488.949982
VERTEX 406.399872 228.599976 488.949982
VERTEX 406.399872 228.599976 498.474976
VERTEX 393.700012 215.900085 498.474976
VERTEX 393.700012 63.500095 498.474976
VERTEX 406.399872 76.199974 498.474976
VERTEX 406.399872 76.199974 488.949982
VERTEX 393.700012 63.500095 488.949982
VERTEX 444.500122 76.199974 488.949982
VERTEX 444.500122 76.199974 498.474976
VERTEX 457.200012 63.500095 498.474976
VERTEX 457.200012 63.500095 488.949982
VERTEX 457.200012 -50.800144 498.474976
VERTEX 444.500122 -63.500023 498.474976
VERTEX 444.500122 -63.500023 488.949982
VERTEX 457.200012 -50.800144 488.949982
VERTEX 393.700012 -50.800137 488.949982
VERTEX 393.700012 -50.800140 498.474976
VERTEX 406.399872 -63.500023 488.949982
VERTEX 406.399902 -63.500023 498.474976
VERTEX 408.496307 76.199974 488.949982
VERTEX 457.200012 27.496283 488.949982
VERTEX 457.200012 27.496283 498.474976
VERTEX 408.496307 76.199974 498.474976
VERTEX 393.700012 49.159576 488.949982
VERTEX 450.850006 33.846283 488.949982
VERTEX 393.700012 49.159576 498.474976
VERTEX 450.850006 33.846283 498.474976
VERTEX 393.700012 27.040375 488.949982
VERTEX 434.975006 38.099976 488.949982
VERTEX 434.975006 38.099976 498.474976
VERTEX 393.700012 27.040371 498.474976
VERTEX 393.700012 8.446280 488.949982
VERTEX 419.100006 33.846283 488.949982
VERTEX 419.100006 33.846283 498.474976
VERTEX 393.700012 8.446279 498.474976
VERTEX 393.700012 -29.197811 488.949982
VERTEX 407.478699 22.224976 488.949982
VERTEX 407.478699 22.224976 498.474976
VERTEX 393.700012 -29.197811 498.474976
VERTEX 421.941254 -63.500023 488.949982
VERTEX 403.225006 6.349976 488.949982
VERTEX 403.225006 6.349976 498.474976
VERTEX 421.941254 -63.500023 498.474976
VERTEX 452.976929 -55.023235 488.949982
VERTEX 407.478699 -9.525025 488.949982
VERTEX 407.478699 -9.525024 498.474976
VERTEX 452.976929 -55.023235 498.474976
VERTEX 419.100006 -21.146332 488.949982
VERTEX 457.200012 -31.355190 488.949982
VERTEX 419.100006 -21.146334 498.474976
VERTEX 457.200012 -31.355190 498.474976
VERTEX 434.975006 -25.400024 488.949982
VERTEX 457.200012 -19.444853 488.949982
VERTEX 434.975006 -25.400024 498.474976
VERTEX 457.200012 -19.444853 498.474976
VERTEX 450.850006 -21.146330 488.949982
VERTEX 457.200012 -14.796333 488.949982
VERTEX 450.850006 -21.146330 498.474976
VERTEX 457.200012 -14.796333 498.474976
VERTEX 457.200012 -167.196320 498.474976
VERTEX 450.850006 -173.546326 498.474976
VERTEX 457.200012 -167.196320 488.949982
VERTEX 450.850006 -173.546326 488.949982
VERTEX 457.200012 -171.844849 498.474976
VERTEX 434.975006 -177.800018 498.474976
VERTEX 457.200012 -171.844849 488.949982
VERTEX 434.975006 -177.800018 488.949982
VERTEX 457.200012 -183.755188 498.474976
VERTEX 419.100006 -173.546326 498.474976
VERTEX 457.200012 -183.755188 488.949982
VERTEX 419.100006 -173.546326 488.949982
VERTEX 452.976929 -207.423233 498.474976
VERTEX 407.478699 -161.925018 498.474976
VERTEX 407.478699 -161.925018 488.949982
VERTEX 452.976929 -207.423233 488.949982
VERTEX 421.941254 -215.900024 498.474976
VERTEX 403.225006 -146.050018 498.474976
VERTEX 403.225006 -146.050018 488.949982
VERTEX 421.941254 -215.900024 488.949982
VERTEX 393.700012 -181.597809 498.474976
VERTEX 407.478699 -130.175018 498.474976
VERTEX 407.478699 -130.175018 488.949982
VERTEX 393.700012 -181.597809 488.949982
VERTEX 393.700012 -143.953720 498.474976
VERTEX 419.100006 -118.553711 498.474976
VERTEX 419.100006 -118.553711 488.949982
VERTEX 393.700012 -143.953720 488.949982
VERTEX 393.700012 -125.359619 498.474976
VERTEX 434.975006 -114.300018 498.474976
VERTEX 434.975006 -114.300018 488.949982
VERTEX 393.700012 -125.359619 488.949982
VERTEX 450.850006 -118.553711 498.474976
VERTEX 393.700012 -103.240417 498.474976
VERTEX 450.850006 -118.553711 488.949982
VERTEX 393.700012 -103.240417 488.949982
VERTEX 408.496307 -76.200020 498.474976
VERTEX 457.200012 -124.903709 498.474976
VERTEX 457.200012 -124.903709 488.949982
VERTEX 408.496307 -76.200020 488.949982
VERTEX 406.399902 -215.900024 498.474976
VERTEX 406.399872 -215.900024 488.949982
VERTEX 393.700012 -203.200134 498.474976
VERTEX 393.700012 -203.200134 488.949982
VERTEX 457.200012 -203.200134 488.949982
VERTEX 444.500122 -215.900024 488.949982
VERTEX 444.500122 -215.900024 498.474976
VERTEX 457.200012 -203.200134 498.474976
VERTEX 457.200012 -88.899902 488.949982
VERTEX 457.200012 -88.899902 498.474976
VERTEX 444.500122 -76.200020 498.474976
VERTEX 444.500122 -76.200020 488.949982
VERTEX 393.700012 -88.899902 488.949982
VERTEX 406.399872 -76.200020 488.949982
VERTEX 406.399872 -76.200020 498.474976
VERTEX 393.700012 -88.899902 498.474976
VERTEX 393.700012 -241.299896 498.474976
VERTEX 406.399872 -228.600006 498.474976
VERTEX 406.399872 -228.600006 488.949982
VERTEX 393.700012 -241.299896 488.949982
VERTEX 444.500122 -228.600006 488.949982
VERTEX 444.500122 -228.600006 498.474976
VERTEX 457.200012 -241.299896 498.474976
VERTEX 457.200012 -241.299896 488.949982
VERTEX 457.200012 -355.600128 498.474976
VERTEX 444.500122 -368.300018 498.474976
VERTEX 444.500122 -368.300018 488.949982
VERTEX 457.200012 -355.600128 488.949982
VERTEX 393.700012 -355.600128 488.949982
VERTEX 393.700012 -355.600128 498.474976
VERTEX 406.399872 -368.300018 488.949982
VERTEX 406.399902 -368.300018 498.474976
VERTEX 408.496307 -228.600006 488.949982
VERTEX 457.200012 -277.303711 488.949982
VERTEX 457.200012 -277.303711 498.474976
VERTEX 408.496307 -228.600006 498.474976
VERTEX 393.700012 -255.640411 488.949982
VERTEX 450.850006 -270.953705 488.949982
VERTEX 393.700012 -255.640411 498.474976
VERTEX 450.850006 -270.953705 498.474976
VERTEX 393.700012 -277.759613 488.949982
VERTEX 434.975006 -266.700012 488.949982
VERTEX 434.975006 -266.700012 498.474976
VERTEX 393.700012 -277.759613 498.474976
VERTEX 393.700012 -296.353699 488.949982
VERTEX 419.100006 -270.953705 488.949982
VERTEX 419.100006 -270.953705 498.474976
VERTEX 393.700012 -296.353699 498.474976
VERTEX 393.700012 -333.997803 488.949982
VERTEX 407.478699 -282.575012 488.949982
VERTEX 407.478699 -282.575012 498.474976
VERTEX 393.700012 -333.997803 498.474976
VERTEX 421.941254 -368.300018 488.949982
VERTEX 403.225006 -298.450012 488.949982
VERTEX 403.225006 -298.450012 498.474976
VERTEX 421.941254 -368.300018 498.474976
VERTEX 452.976929 -359.823212 488.949982
VERTEX 407.478699 -314.325012 488.949982
VERTEX 407.478699 -314.325012 498.474976
VERTEX 452.976929 -359.823212 498.474976
VERTEX 419.100006 -325.946320 488.949982
VERTEX 457.200012 -336.155182 488.949982
VERTEX 419.100006 -325.946320 498.474976
VERTEX 457.200012 -336.155182 498.474976
VERTEX 434.975006 -330.200012 488.949982
VERTEX 457.200012 -324.244843 488.949982
VERTEX 434.975006 -330.200012 498.474976
VERTEX 457.200012 -324.244843 498.474976
VERTEX 450.850006 -325.946320 488.949982
VERTEX 457.200012 -319.596313 488.949982
VERTEX 450.850006 -325.946320 498.474976
VERTEX 457.200012 -319.596313 498.474976
VERTEX -241.299988 -165.100006 0.000000
VERTEX -304.799988 -165.100006 0.000000
VERTEX -304.799988 -228.600006 0.000000
VERTEX -241.299988 -228.600006 0.000000
VERTEX -241.299988 -165.100006 476.250000
VERTEX -241.299988 -228.600006 476.250000
VERTEX -304.799988 -228.600006 476.250000
VERTEX -304.799988 -165.100006 476.250000
VERTEX -241.299988 228.600006 0.000000
VERTEX -304.799988 228.600006 0.000000
VERTEX -304.799988 165.100006 0.000000
VERTEX -241.299988 165.100006 0.000000
VERTEX -241.299988 228.600006 476.250000
VERTEX -241.299988 165.100006 476.250000
VERTEX -304.799988 165.100006 476.250000
VERTEX -304.799988 228.600006 476.250000
VERTEX 304.799988 -165.100006 0.000000
VERTEX 241.299988 -165.100006 0.000000
VERTEX 241.299988 -228.600006 0.000000
VERTEX 304.799988 -228.600006 0.000000
VERTEX 304.799988 -165.100006 476.250000
VERTEX 304.799988 -228.600006 476.250000
VERTEX 241.299988 -228.600006 476.250000
VERTEX 241.299988 -165.100006 476.250000
VERTEX 304.799988 228.600006 0.000000
VERTEX 241.299988 228.600006 0.000000
VERTEX 241.299988 165.100006 0.000000
VERTEX 304.799988 165.100006 0.000000
VERTEX 304.799988 228.600006 476.250000
VERTEX 304.799988 165.100006 476.250000
VERTEX 241.299988 165.100006 476.250000
VERTEX 241.299988 228.600006 476.250000
VERTEX -304.799988 304.799988 0.000000
VERTEX -304.799988 -304.799988 0.000000
VERTEX 304.799988 -304.799988 0.000000
VERTEX 304.799988 304.799988 0.000000
VERTEX 304.799988 -304.799988 -12.700000
VERTEX -304.799988 -304.799988 -12.700000
VERTEX -304.799988 304.799988 -12.700000
VERTEX 304.799988 304.799988 -12.700000
VERTEX -457.200012 -374.650024 476.249969
VERTEX 457.200012 -374.650024 476.249969
VERTEX 457.200012 -374.650024 488.949982
VERTEX -457.200012 -374.650024 488.949982
VERTEX -457.200012 539.750000 476.249969
VERTEX -457.200012 539.750000 488.949982
VERTEX 457.200012 539.750000 476.249969
VERTEX 457.200012 539.750000 488.949982
VERTEX 450.849976 -21.146336 488.949982
VERTEX 457.200012 -14.796310 488.949982
VERTEX 457.200012 -14.796310 476.249969
VERTEX 450.849976 -21.146332 476.249969
VERTEX 457.200012 27.496292 488.949982
VERTEX 450.850006 33.846291 488.949982
VERTEX 450.850006 33.846291 476.249969
VERTEX 457.200012 27.496292 476.249969
VERTEX 434.974976 -25.400028 488.949982
VERTEX 434.975006 -25.400021 476.249969
VERTEX 419.100037 -21.146351 488.949982
VERTEX 419.100006 -21.146324 476.249969
VERTEX 407.478729 -9.525043 488.949982
VERTEX 407.478729 -9.525043 476.249969
VERTEX 419.100006 33.846291 488.949982
VERTEX 407.478668 22.224960 488.949982
VERTEX 407.478668 22.224953 476.249969
VERTEX 419.100006 33.846291 476.249969
VERTEX 434.975006 38.099983 488.949982
VERTEX 434.975006 38.099983 476.249969
VERTEX 434.975006 126.999977 488.949982
VERTEX 450.850006 131.253662 488.950012
VERTEX 450.850006 131.253662 476.249969
VERTEX 434.975006 126.999977 476.249969
VERTEX 419.100006 131.253662 488.949982
VERTEX 419.100006 131.253662 476.249969
VERTEX 407.478699 142.874969 488.949982
VERTEX 407.478699 142.874969 476.249969
VERTEX 403.225006 158.749969 488.949982
VERTEX 403.225006 158.749969 476.249969
VERTEX 419.100006 186.246277 488.949982
VERTEX 407.478699 174.624969 488.950012
VERTEX 407.478699 174.624969 476.249939
VERTEX 419.100006 186.246277 476.249969
VERTEX 434.975006 190.499969 488.949982
VERTEX 434.975006 190.499969 476.249969
VERTEX 450.850006 186.246277 488.949982
VERTEX 450.850006 186.246277 476.249969
VERTEX 457.200012 137.603668 488.950012
VERTEX 457.200012 137.603668 476.249969
VERTEX 457.200012 179.896271 488.949982
VERTEX 457.200012 179.896271 476.249969
VERTEX 403.225006 6.350037 488.949982
VERTEX 403.225006 6.350037 476.249969
VERTEX 450.850006 -118.553703 488.950012
VERTEX 434.975006 -114.300011 488.949982
VERTEX 434.975006 -114.300011 476.249969
VERTEX 450.850006 -118.553703 476.249969
VERTEX 419.100006 -118.553703 488.949982
VERTEX 419.100006 -118.553703 476.249969
VERTEX 407.478699 -130.175018 488.949982
VERTEX 407.478699 -130.175018 476.249969
VERTEX 403.225006 -146.050018 488.949982
VERTEX 403.225006 -146.050018 476.249969
VERTEX 407.478699 -161.925018 488.949982
VERTEX 419.100006 -173.546326 488.949982
VERTEX 419.100006 -173.546326 476.249969
VERTEX 407.478699 -161.925018 476.249969
VERTEX 434.975006 -177.800018 488.949982
VERTEX 434.975006 -177.800018 476.249969
VERTEX 450.850006 -173.546326 488.949982
VERTEX 450.850006 -173.546326 476.249969
VERTEX 457.200012 -167.196320 488.950012
VERTEX 457.200012 -167.196320 476.249969
VERTEX 457.200012 -124.903709 488.950012
VERTEX 457.200012 -124.903709 476.249969
VERTEX 434.975006 279.399963 488.949982
VERTEX 450.850006 283.653656 488.949982
VERTEX 450.850006 283.653656 476.249969
VERTEX 434.975006 279.399963 476.249969
VERTEX 419.100006 283.653656 488.949982
VERTEX 419.100006 283.653656 476.249969
VERTEX 407.478699 295.274963 488.949982
VERTEX 407.478699 295.274963 476.249969
VERTEX 403.225006 311.149963 488.949982
VERTEX 403.225006 311.149963 476.249969
VERTEX 419.100006 338.646271 488.949982
VERTEX 407.478699 327.024963 488.949982
VERTEX 407.478699 327.024963 476.249969
VERTEX 419.100006 338.646271 476.249969
VERTEX 434.975006 342.899963 488.949982
VERTEX 434.975006 342.899963 476.249969
VERTEX 450.850006 338.646271 488.949982
VERTEX 450.850006 338.646271 476.249969
VERTEX 457.200012 290.003662 488.949982
VERTEX 457.200012 290.003662 476.249969
VERTEX 457.200012 332.296265 488.950012
VERTEX 457.200012 332.296265 476.249939
VERTEX 434.975006 -330.200012 488.949982
VERTEX 450.850006 -325.946320 488.950012
VERTEX 450.850006 -325.946320 476.249969
VERTEX 434.975006 -330.200012 476.249969
VERTEX 419.100006 -325.946320 488.949982
VERTEX 419.100006 -325.946320 476.249969
VERTEX 407.478699 -314.325012 488.949982
VERTEX 407.478699 -314.325012 476.249969
VERTEX 403.225006 -298.450012 488.949982
VERTEX 403.225006 -298.450012 476.249969
VERTEX 407.478699 -282.575012 488.949982
VERTEX 407.478699 -282.575012 476.249969
VERTEX 419.100006 -270.953705 488.949982
VERTEX 419.100006 -270.953705 476.249969
VERTEX 434.975006 -266.700012 488.949982
VERTEX 434.975006 -266.700012 476.249969
VERTEX 450.850006 -270.953705 488.949982
VERTEX 450.850006 -270.953705 476.249969
VERTEX 457.200012 -319.596313 488.950012
VERTEX 457.200012 -319.596313 476.249969
VERTEX 457.200012 -277.303711 488.949982
VERTEX 457.200012 -277.303711 476.249969
VERTEX 434.975006 431.799957 488.950012
VERTEX 434.975006 431.799957 476.249969
VERTEX 450.850006 436.053650 476.249969
VERTEX 450.850006 436.053650 488.950012
VERTEX 419.100006 436.053650 488.950012
VERTEX 419.100006 436.053650 476.249969
VERTEX 407.478699 447.674957 488.949982
VERTEX 407.478699 447.674957 476.249969
VERTEX 403.225006 463.549957 488.950012
VERTEX 403.225006 463.549957 476.249969
VERTEX 407.478699 479.424957 488.950012
VERTEX 407.478699 479.424957 476.249969
VERTEX 419.100006 491.046234 488.949982
VERTEX 419.100006 491.046234 476.249969
VERTEX 434.975006 495.299957 488.949982
VERTEX 434.975006 495.299957 476.249969
VERTEX 450.850006 491.046234 488.949982
VERTEX 450.850006 491.046234 476.249969
VERTEX 457.200012 442.403656 488.950012
VERTEX 457.200012 442.403656 476.249969
VERTEX 457.200012 484.696259 488.949982
VERTEX 457.200012 484.696259 476.249969
VERTEX -141.796310 539.750000 476.249969
VERTEX -457.200012 213.657471 476.249969
VERTEX -141.796295 539.750000 488.949982
VERTEX -457.200012 213.657501 488.949982
VERTEX 457.200012 44.055153 476.249969
VERTEX 457.200012 32.144814 476.249969
VERTEX 457.200012 32.144814 488.949982
VERTEX 457.200012 44.055153 488.949982
VERTEX 451.305908 185.790375 488.949982
VERTEX 457.200012 207.787476 488.949982
VERTEX 457.200012 132.955139 476.249969
VERTEX 451.305908 185.790375 476.249969
VERTEX 457.200012 207.787476 476.249969
VERTEX 457.200012 132.955139 488.949982
VERTEX 451.389343 186.101776 488.949982
VERTEX 451.389343 186.101776 476.249969
VERTEX 457.200012 71.946297 476.249969
VERTEX 457.200012 71.946297 488.949982
VERTEX 435.597778 127.166847 476.249969
VERTEX 375.189392 110.980461 476.249969
VERTEX 365.940521 145.497711 476.249969
VERTEX 351.696472 198.657166 476.249969
VERTEX 435.597778 127.166847 488.949982
VERTEX 375.189392 110.980476 488.949982
VERTEX 365.940521 145.497711 488.949982
VERTEX 351.696503 198.657166 488.949982
VERTEX 453.928650 195.578583 488.949982
VERTEX 453.928650 195.578583 476.249969
VERTEX 421.196289 -50.800011 476.249969
VERTEX 457.200012 -50.800011 476.249969
VERTEX 457.200012 -120.255180 476.249969
VERTEX 444.140442 -180.255890 488.949982
VERTEX 97.346046 -374.650024 476.249969
VERTEX -457.200012 -264.457550 476.249969
VERTEX -457.200012 -264.457550 488.949982
VERTEX 97.346077 -374.650024 488.949982
VERTEX 339.725006 -152.277863 476.249969
VERTEX 339.725006 -132.271240 476.249969
VERTEX 358.774994 -113.221275 476.249969
VERTEX 386.894104 -85.102188 476.249969
VERTEX 428.747162 -50.800011 476.249969
VERTEX 457.200012 -80.453697 476.249969
VERTEX 457.200012 -108.344833 476.249969
VERTEX 402.146301 -69.849998 488.949982
VERTEX 374.027191 -97.969093 488.949982
VERTEX 339.725006 -132.271240 488.949982
VERTEX 339.725006 -139.822159 488.949982
VERTEX 339.725006 -197.928711 488.949982
VERTEX 457.200012 -183.755188 488.949982
VERTEX 444.140472 345.355835 476.249969
VERTEX 444.140472 345.355835 488.949982
VERTEX 457.200012 224.346283 476.249969
VERTEX 457.200012 224.346283 488.949982
VERTEX 339.725006 243.335327 476.249969
VERTEX 339.725006 253.999969 476.249969
VERTEX 377.702850 253.999969 476.249969
VERTEX 428.747162 253.999969 476.249969
VERTEX 457.200012 253.999969 476.249969
VERTEX 377.702850 253.999969 488.949982
VERTEX 339.725006 253.999969 488.949982
VERTEX 339.725006 243.335358 488.949982
VERTEX 428.747162 253.999969 488.949982
VERTEX 457.200012 253.999969 488.949982
VERTEX 421.196320 253.999969 476.249969
VERTEX 340.180939 253.999969 476.249969
VERTEX 339.725006 304.922150 476.249969
VERTEX 339.725006 363.028656 476.249969
VERTEX 421.196320 253.999969 488.949982
VERTEX 340.180939 253.999969 488.949982
VERTEX 339.725006 304.922150 488.949982
VERTEX 339.725006 363.028656 488.949982
VERTEX 457.200012 348.855133 476.249969
VERTEX 457.200012 348.855133 488.949982
VERTEX 260.300964 539.750000 476.249969
VERTEX 260.300964 539.750000 488.949982
VERTEX 457.200012 -272.655182 476.249969
VERTEX 444.140442 -264.244141 488.949982
VERTEX 339.725006 -374.650024 488.949982
VERTEX 339.725006 -241.300018 488.949982
VERTEX 377.702850 -241.300018 488.949982
VERTEX 428.747162 -241.300018 488.949982
VERTEX 457.200012 -241.300018 488.949982
VERTEX 457.200012 -211.646301 488.949982
VERTEX 339.725006 -374.650024 476.249969
VERTEX 457.200012 -241.300018 476.249969
VERTEX 383.096283 -241.300018 476.249969
VERTEX 339.725006 -241.300018 476.249969
VERTEX 339.725006 -203.322174 476.249969
VERTEX 402.146271 -374.650024 476.249969
VERTEX 339.725006 -355.722137 476.249969
VERTEX 339.725006 -304.677856 476.249969
VERTEX 339.725006 -246.571320 476.249969
VERTEX 387.911713 -241.300018 476.249969
VERTEX 418.538300 -241.300018 476.249969
VERTEX 448.753723 -241.300018 476.249969
VERTEX 457.200012 -260.744843 476.249969
VERTEX 402.146271 -374.650024 488.949982
VERTEX 339.725006 -355.722137 488.949982
VERTEX 339.725006 -304.677856 488.949982
VERTEX 339.725006 -246.571320 488.949982
VERTEX 387.911713 -241.300018 488.949982
VERTEX 418.538300 -241.300018 488.949982
VERTEX 434.975037 -255.078705 488.949982
VERTEX 421.196320 -241.300018 488.949982
VERTEX 339.725006 406.399963 476.249969
VERTEX 377.702850 406.399963 476.249969
VERTEX 457.200012 376.746277 476.249969
VERTEX 339.725006 539.750000 476.249969
VERTEX 339.725006 406.399963 488.949982
VERTEX 339.725006 539.750000 488.949982
VERTEX 428.747162 406.399963 476.249969
VERTEX 457.200012 406.399963 476.249969
VERTEX 457.200012 376.746277 488.949982
VERTEX 377.702820 406.399963 488.949982
VERTEX 428.747162 406.399963 488.949982
VERTEX 457.200012 406.399963 488.949982
VERTEX 421.196320 406.399963 476.249969
VERTEX 340.180847 406.399963 476.249969
VERTEX 339.725006 457.322113 476.249969
VERTEX 339.725006 515.428711 476.249969
VERTEX 382.807251 539.750000 476.249969
VERTEX 423.642731 539.750000 476.249969
VERTEX 457.200012 529.146179 476.249969
VERTEX 457.200012 501.255157 476.249969
VERTEX 421.196320 406.399963 488.949982
VERTEX 340.180847 406.399963 488.949982
VERTEX 339.725006 457.322113 488.949982
VERTEX 339.725006 515.428711 488.949982
VERTEX 382.807251 539.750000 488.949982
VERTEX 419.099976 522.796265 488.949982
VERTEX 402.146179 539.750000 488.949982
VERTEX 434.975037 506.921234 488.949982
VERTEX 457.200012 489.344757 476.249969
VERTEX 444.140472 497.755829 488.949982
POLYGON 3
1
4
0
POLYGON 3
3
2
6
POLYGON 3
5
8
4
POLYGON 3
7
6
10
POLYGON 3
21
24
20
POLYGON 3
23
27
22
POLYGON 3
25
28
24
POLYGON 3
27
31
26
POLYGON 3
29
33
28
POLYGON 3
31
35
30
POLYGON 4
5
1
3
7
POLYGON 4
9
5
7
11
POLYGON 4
13
9
11
14
POLYGON 4
17
13
14
18
POLYGON 4
21
17
18
22
POLYGON 4
25
21
22
26
POLYGON 4
29
25
26
30
POLYGON 4
32
29
30
34
POLYGON 4
1
0
2
3
POLYGON 4
37
32
34
38
POLYGON 4
44
2
0
47
POLYGON 4
38
48
49
37
POLYGON 4
9
12
47
8
POLYGON 4
15
11
10
44
POLYGON 4
13
16
46
12
POLYGON 4
15
45
19
14
POLYGON 4
37
49
50
36
POLYGON 4
39
51
48
38
POLYGON 4
40
42
43
41
POLYGON 4
41
45
46
40
POLYGON 4
52
43
42
55
POLYGON 4
47
46
45
44
POLYGON 4
50
49
48
51
POLYGON 4
51
53
54
50
POLYGON 4
55
54
53
52
POLYGON 5
17
20
42
40
16
POLYGON 5
19
41
43
23
18
POLYGON 5
55
33
32
36
54
POLYGON 5
35
52
53
39
34
POLYGON 3
110
107
111
POLYGON 3
108
109
105
POLYGON 3
106
103
107
POLYGON 3
104
105
101
POLYGON 3
90
87
91
POLYGON 3
88
84
89
POLYGON 3
86
83
87
POLYGON 3
84
80
85
POLYGON 3
82
78
83
POLYGON 3
80
76
81
POLYGON 4
106
110
108
104
POLYGON 4
102
106
104
100
POLYGON 4
98
102
100
97
POLYGON 4
94
98
97
93
POLYGON 4
90
94
93
89
POLYGON 4
86
90
89
85
POLYGON 4
82
86
85
81
POLYGON 4
79
82
81
77
POLYGON 4
110
111
109
108
POLYGON 4
74
79
77
73
POLYGON 4
67
109
111
64
POLYGON 4
73
63
62
74
POLYGON 4
102
99
64
103
POLYGON 4
96
100
101
67
POLYGON 4
98
95
65
99
POLYGON 4
96
66
92
97
POLYGON 4
74
62
61
75
POLYGON 4
72
60
63
73
POLYGON 4
71
69
68
70
POLYGON 4
70
66
65
71
POLYGON 4
59
68
69
56
POLYGON 4
64
65
66
67
POLYGON 4
61
62
63
60
POLYGON 4
60
58
57
61
POLYGON 4
56
57
58
59
POLYGON 5
94
91
69
71
95
POLYGON 5
92
70
68
88
93
POLYGON 5
56
78
79
75
57
POLYGON 5
76
59
58
72
77
POLYGON 3
113
116
112
POLYGON 3
115
114
118
POLYGON 3
117
120
116
POLYGON 3
119
118
122
POLYGON 3
133
136
132
POLYGON 3
135
139
134
POLYGON 3
137
140
136
POLYGON 3
139
143
138
POLYGON 3
141
145
140
POLYGON 3
143
147
142
POLYGON 4
117
113
115
119
POLYGON 4
121
117
119
123
POLYGON 4
125
121
123
126
POLYGON 4
129
125
126
130
POLYGON 4
133
129
130
134
POLYGON 4
137
133
134
138
POLYGON 4
141
137
138
142
POLYGON 4
144
141
142
146
POLYGON 4
113
112
114
115
POLYGON 4
149
144
146
150
POLYGON 4
156
114
112
159
POLYGON 4
150
160
161
149
POLYGON 4
121
124
159
120
POLYGON 4
127
123
122
156
POLYGON 4
125
128
158
124
POLYGON 4
127
157
131
126
POLYGON 4
149
161
162
148
POLYGON 4
151
163
160
150
POLYGON 4
152
154
155
153
POLYGON 4
153
157
158
152
POLYGON 4
164
155
154
167
POLYGON 4
159
158
157
156
POLYGON 4
162
161
160
163
POLYGON 4
163
165
166
162
POLYGON 4
167
166
165
164
POLYGON 5
129
132
154
152
128
POLYGON 5
131
153
155
135
130
POLYGON 5
167
145
144
148
166
POLYGON 5
147
164
165
151
146
POLYGON 3
222
219
223
POLYGON 3
220
221
217
POLYGON 3
218
215
219
POLYGON 3
216
217
213
POLYGON 3
202
199
203
POLYGON 3
200
196
201
POLYGON 3
198
195
199
POLYGON 3
196
192
197
POLYGON 3
194
190
195
POLYGON 3
192
188
193
POLYGON 4
218
222
220
216
POLYGON 4
214
218
216
212
POLYGON 4
210
214
212
209
POLYGON 4
206
210
209
205
POLYGON 4
202
206
205
201
POLYGON 4
198
202
201
197
POLYGON 4
194
198
197
193
POLYGON 4
191
194
193
189
POLYGON 4
222
223
221
220
POLYGON 4
186
191
189
185
POLYGON 4
179
221
223
176
POLYGON 4
185
175
174
186
POLYGON 4
214
211
176
215
POLYGON 4
208
212
213
179
POLYGON 4
210
207
177
211
POLYGON 4
208
178
204
209
POLYGON 4
186
174
173
187
POLYGON 4
184
172
175
185
POLYGON 4
183
181
180
182
POLYGON 4
182
178
177
183
POLYGON 4
171
180
181
168
POLYGON 4
176
177
178
179
POLYGON 4
173
174
175
172
POLYGON 4
172
170
169
173
POLYGON 4
168
169
170
171
POLYGON 5
206
203
181
183
207
POLYGON 5
204
182
180
200
205
POLYGON 5
168
190
191
187
169
POLYGON 5
188
171
170
184
189
POLYGON 3
225
228
224
POLYGON 3
227
226
230
POLYGON 3
229
232
228
POLYGON 3
231
230
234
POLYGON 3
245
248
244
POLYGON 3
247
251
246
POLYGON 3
249
252
248
POLYGON 3
251
255
250
POLYGON 3
253
257
252
POLYGON 3
255
259
254
POLYGON 4
229
225
227
231
POLYGON 4
233
229
231
235
POLYGON 4
237
233
235
238
POLYGON 4
241
237
238
242
POLYGON 4
245
241
242
246
POLYGON 4
249
245
246
250
POLYGON 4
253
249
250
254
POLYGON 4
256
253
254
258
POLYGON 4
225
224
226
227
POLYGON 4
261
256
258
262
POLYGON 4
268
226
224
271
POLYGON 4
262
272
273
261
POLYGON 4
233
236
271
232
POLYGON 4
239
235
234
268
POLYGON 4
237
240
270
236
POLYGON 4
239
269
243
238
POLYGON 4
261
273
274
260
POLYGON 4
263
275
272
262
POLYGON 4
264
266
267
265
POLYGON 4
265
269
270
264
POLYGON 4
276
267
266
279
POLYGON 4
271
270
269
268
POLYGON 4
274
273
272
275
POLYGON 4
275
277
278
274
POLYGON 4
279
278
277
276
POLYGON 5
241
244
266
264
240
POLYGON 5
243
265
267
247
242
POLYGON 5
279
257
256
260
278
POLYGON 5
259
276
277
263
258
POLYGON 3
334
331
335
POLYGON 3
332
333
329
POLYGON 3
330
327
331
POLYGON 3
328
329
325
POLYGON 3
314
311
315
POLYGON 3
312
308
313
POLYGON 3
310
307
311
POLYGON 3
308
304
309
POLYGON 3
306
302
307
POLYGON 3
304
300
305
POLYGON 4
330
334
332
328
POLYGON 4
326
330
328
324
POLYGON 4
322
326
324
321
POLYGON 4
318
322
321
317
POLYGON 4
314
318
317
313
POLYGON 4
310
314
313
309
POLYGON 4
306
310
309
305
POLYGON 4
303
306
305
301
POLYGON 4
334
335
333
332
POLYGON 4
298
303
301
297
POLYGON 4
291
333
335
288
POLYGON 4
297
287
286
298
POLYGON 4
326
323
288
327
POLYGON 4
320
324
325
291
POLYGON 4
322
319
289
323
POLYGON 4
320
290
316
321
POLYGON 4
298
286
285
299
POLYGON 4
296
284
287
297
POLYGON 4
295
293
292
294
POLYGON 4
294
290
289
295
POLYGON 4
283
292
293
280
POLYGON 4
288
289
290
291
POLYGON 4
285
286
287
284
POLYGON 4
284
282
281
285
POLYGON 4
280
281
282
283
POLYGON 5
318
315
293
295
319
POLYGON 5
316
294
292
312
317
POLYGON 5
280
302
303
299
281
POLYGON 5
300
283
282
296
301
POLYGON 4
336
337
343
340
POLYGON 4
337
338
342
343
POLYGON 4
338
339
341
342
POLYGON 4
339
336
340
341
POLYGON 4
340
343
342
341
POLYGON 4
336
339
338
337
POLYGON 4
344
345
351
348
POLYGON 4
345
346
350
351
POLYGON 4
346
347
349
350
POLYGON 4
347
344
348
349
POLYGON 4
348
351
350
349
POLYGON 4
344
347
346
345
POLYGON 4
352
353
359
356
POLYGON 4
353
354
358
359
POLYGON 4
354
355
357
358
POLYGON 4
355
352
356
357
POLYGON 4
356
359
358
357
POLYGON 4
352
355
354
353
POLYGON 4
360
361
367
364
POLYGON 4
361
362
366
367
POLYGON 4
362
363
365
366
POLYGON 4
363
360
364
365
POLYGON 4
364
367
366
365
POLYGON 4
360
363
362
361
POLYGON 4
375
372
373
374
POLYGON 4
371
368
369
370
POLYGON 4
372
375
371
370
POLYGON 4
373
372
370
369
POLYGON 4
374
373
369
368
POLYGON 4
375
374
368
371
POLYGON 3
403
520
521
POLYGON 3
402
522
523
POLYGON 3
390
521
391
POLYGON 3
389
388
522
POLYGON 3
524
424
525
POLYGON 3
406
423
526
POLYGON 3
527
528
425
POLYGON 3
405
529
422
POLYGON 3
420
524
530
POLYGON 3
421
531
527
POLYGON 3
520
401
532
POLYGON 3
398
523
533
POLYGON 3
534
427
535
POLYGON 3
535
536
407
POLYGON 3
536
537
409
POLYGON 3
538
539
426
POLYGON 3
540
539
404
POLYGON 3
541
540
408
POLYGON 3
530
542
418
POLYGON 3
543
531
419
POLYGON 3
544
386
545
POLYGON 3
431
546
449
POLYGON 3
444
442
547
POLYGON 3
554
555
441
POLYGON 3
557
558
433
POLYGON 3
448
385
559
POLYGON 3
559
560
428
POLYGON 3
562
563
432
POLYGON 3
558
546
430
POLYGON 3
446
547
564
POLYGON 3
517
393
549
POLYGON 3
392
519
550
POLYGON 3
467
465
565
POLYGON 3
566
464
466
POLYGON 3
413
571
572
POLYGON 3
412
577
574
POLYGON 3
573
579
469
POLYGON 3
579
580
452
POLYGON 3
581
582
455
POLYGON 3
583
578
468
POLYGON 3
584
583
451
POLYGON 3
586
585
454
POLYGON 3
471
565
587
POLYGON 3
470
588
566
POLYGON 3
397
516
589
POLYGON 3
396
590
518
POLYGON 3
489
591
493
POLYGON 3
486
488
592
POLYGON 3
561
551
593
POLYGON 3
436
595
596
POLYGON 3
564
439
598
POLYGON 3
553
599
548
POLYGON 3
447
600
601
POLYGON 3
552
443
603
POLYGON 3
377
604
491
POLYGON 3
605
606
475
POLYGON 3
606
607
477
POLYGON 3
608
609
481
POLYGON 3
609
610
483
POLYGON 3
612
378
490
POLYGON 3
614
613
472
POLYGON 3
615
614
476
POLYGON 3
617
616
480
POLYGON 3
597
619
492
POLYGON 3
611
591
487
POLYGON 3
592
618
484
POLYGON 3
511
648
515
POLYGON 3
508
510
649
POLYGON 3
589
623
569
POLYGON 3
587
463
622
POLYGON 3
459
621
626
POLYGON 3
460
588
628
POLYGON 3
576
625
590
POLYGON 3
458
630
629
POLYGON 3
627
632
513
POLYGON 3
632
633
496
POLYGON 3
634
635
499
POLYGON 3
636
637
503
POLYGON 3
638
639
507
POLYGON 3
640
631
512
POLYGON 3
641
640
497
POLYGON 3
643
642
498
POLYGON 3
647
645
504
POLYGON 3
383
646
514
POLYGON 3
639
648
509
POLYGON 3
649
647
506
POLYGON 4
376
377
378
379
POLYGON 4
380
376
379
381
POLYGON 4
382
380
381
383
POLYGON 4
384
385
386
387
POLYGON 4
388
389
390
391
POLYGON 4
392
384
387
393
POLYGON 4
394
392
393
395
POLYGON 4
396
394
395
397
POLYGON 4
398
399
400
401
POLYGON 4
402
398
401
403
POLYGON 4
389
402
403
390
POLYGON 4
404
405
406
407
POLYGON 4
408
404
407
409
POLYGON 4
410
408
409
411
POLYGON 4
412
410
411
413
POLYGON 4
414
415
416
417
POLYGON 4
418
414
417
419
POLYGON 4
420
418
419
421
POLYGON 4
422
423
406
405
POLYGON 4
424
420
421
425
POLYGON 4
399
426
427
400
POLYGON 4
428
429
430
431
POLYGON 4
429
432
433
430
POLYGON 4
432
434
435
433
POLYGON 4
434
436
437
435
POLYGON 4
438
439
440
441
POLYGON 4
439
442
443
440
POLYGON 4
442
444
445
443
POLYGON 4
444
446
447
445
POLYGON 4
448
428
431
449
POLYGON 4
426
396
397
427
POLYGON 4
450
451
452
453
POLYGON 4
454
450
453
455
POLYGON 4
456
454
455
457
POLYGON 4
458
456
457
459
POLYGON 4
460
461
462
463
POLYGON 4
464
460
463
465
POLYGON 4
466
464
465
467
POLYGON 4
468
469
452
451
POLYGON 4
470
466
467
471
POLYGON 4
415
412
413
416
POLYGON 4
472
473
474
475
POLYGON 4
476
472
475
477
POLYGON 4
478
476
477
479
POLYGON 4
480
478
479
481
POLYGON 4
482
480
481
483
POLYGON 4
484
482
483
485
POLYGON 4
486
484
485
487
POLYGON 4
488
486
487
489
POLYGON 4
490
491
474
473
POLYGON 4
492
488
489
493
POLYGON 4
436
438
441
437
POLYGON 4
494
497
496
495
POLYGON 4
498
494
495
499
POLYGON 4
500
498
499
501
POLYGON 4
502
500
501
503
POLYGON 4
504
502
503
505
POLYGON 4
506
504
505
507
POLYGON 4
508
506
507
509
POLYGON 4
510
508
509
511
POLYGON 4
512
513
496
497
POLYGON 4
514
510
511
515
POLYGON 4
461
458
459
462
POLYGON 4
516
395
517
380
POLYGON 4
394
518
381
519
POLYGON 4
388
391
423
422
POLYGON 4
534
526
532
400
POLYGON 4
538
399
533
529
POLYGON 4
386
385
448
449
POLYGON 4
387
548
376
549
POLYGON 4
384
550
379
551
POLYGON 4
552
553
554
440
POLYGON 4
555
544
556
437
POLYGON 4
556
545
557
435
POLYGON 4
560
561
562
429
POLYGON 4
424
425
469
468
POLYGON 4
528
543
417
567
POLYGON 4
414
542
525
568
POLYGON 4
416
572
573
567
POLYGON 4
415
568
578
577
POLYGON 4
580
570
581
453
POLYGON 4
585
575
584
450
POLYGON 4
490
378
377
491
POLYGON 4
447
446
492
493
POLYGON 4
434
563
594
595
POLYGON 4
438
596
597
598
POLYGON 4
445
601
602
603
POLYGON 4
604
599
605
474
POLYGON 4
607
602
608
479
POLYGON 4
610
600
611
485
POLYGON 4
613
593
612
473
POLYGON 4
616
594
615
478
POLYGON 4
618
619
617
482
POLYGON 4
515
382
383
514
POLYGON 4
470
471
513
512
POLYGON 4
457
582
620
621
POLYGON 4
462
626
627
622
POLYGON 4
586
456
629
624
POLYGON 4
461
628
631
630
POLYGON 4
633
620
634
495
POLYGON 4
635
623
636
501
POLYGON 4
637
382
638
505
POLYGON 4
642
624
641
494
POLYGON 4
644
625
643
500
POLYGON 4
645
646
644
502
POLYGON 5
411
537
569
570
571
POLYGON 5
541
410
574
575
576
NULL
